e:\cyaserver\cyapub\extra\lua-5.3.3\debug\vc120.pdb
e:\cyaserver\cyapub\extra\lua-5.3.3\debug\vc120.idb
e:\cyaserver\cyapub\extra\lua-5.3.3\debug\llex.obj
e:\cyaserver\cyapub\extra\lua-5.3.3\debug\lmathlib.obj
e:\cyaserver\cyapub\extra\lua-5.3.3\debug\lmem.obj
e:\cyaserver\cyapub\extra\lua-5.3.3\debug\loadlib.obj
e:\cyaserver\cyapub\extra\lua-5.3.3\debug\lobject.obj
e:\cyaserver\cyapub\extra\lua-5.3.3\debug\lopcodes.obj
e:\cyaserver\cyapub\extra\lua-5.3.3\debug\loslib.obj
e:\cyaserver\cyapub\extra\lua-5.3.3\debug\lparser.obj
e:\cyaserver\cyapub\extra\lua-5.3.3\debug\lstate.obj
e:\cyaserver\cyapub\extra\lua-5.3.3\debug\lstring.obj
e:\cyaserver\cyapub\extra\lua-5.3.3\debug\lstrlib.obj
e:\cyaserver\cyapub\extra\lua-5.3.3\debug\ltable.obj
e:\cyaserver\cyapub\extra\lua-5.3.3\debug\ltablib.obj
e:\cyaserver\cyapub\extra\lua-5.3.3\debug\ltm.obj
e:\cyaserver\cyapub\extra\lua-5.3.3\debug\lua.obj
e:\cyaserver\cyapub\extra\lua-5.3.3\debug\luac.obj
e:\cyaserver\cyapub\extra\lua-5.3.3\debug\lundump.obj
e:\cyaserver\cyapub\extra\lua-5.3.3\debug\lutf8lib.obj
e:\cyaserver\cyapub\extra\lua-5.3.3\debug\lvm.obj
e:\cyaserver\cyapub\extra\lua-5.3.3\debug\lzio.obj
e:\cyaserver\cyapub\extra\lua-5.3.3\debug\lapi.obj
e:\cyaserver\cyapub\extra\lua-5.3.3\debug\lauxlib.obj
e:\cyaserver\cyapub\extra\lua-5.3.3\debug\lbaselib.obj
e:\cyaserver\cyapub\extra\lua-5.3.3\debug\lbitlib.obj
e:\cyaserver\cyapub\extra\lua-5.3.3\debug\lcode.obj
e:\cyaserver\cyapub\extra\lua-5.3.3\debug\lcorolib.obj
e:\cyaserver\cyapub\extra\lua-5.3.3\debug\lctype.obj
e:\cyaserver\cyapub\extra\lua-5.3.3\debug\ldblib.obj
e:\cyaserver\cyapub\extra\lua-5.3.3\debug\ldebug.obj
e:\cyaserver\cyapub\extra\lua-5.3.3\debug\ldo.obj
e:\cyaserver\cyapub\extra\lua-5.3.3\debug\ldump.obj
e:\cyaserver\cyapub\extra\lua-5.3.3\debug\lfunc.obj
e:\cyaserver\cyapub\extra\lua-5.3.3\debug\lgc.obj
e:\cyaserver\cyapub\extra\lua-5.3.3\debug\linit.obj
e:\cyaserver\cyapub\extra\lua-5.3.3\debug\liolib.obj
e:\cyaserver\debug\lua-5.3.3.ilk
e:\cyaserver\debug\lua-5.3.3.dll
e:\cyaserver\debug\lua-5.3.3.pdb
e:\cyaserver\debug\lua-5.3.3.lib
e:\cyaserver\debug\lua-5.3.3.exp
e:\cyaserver\cyapub\extra\lua-5.3.3\debug\lua-5.3.3.tlog\cl.command.1.tlog
e:\cyaserver\cyapub\extra\lua-5.3.3\debug\lua-5.3.3.tlog\cl.read.1.tlog
e:\cyaserver\cyapub\extra\lua-5.3.3\debug\lua-5.3.3.tlog\cl.write.1.tlog
e:\cyaserver\cyapub\extra\lua-5.3.3\debug\lua-5.3.3.tlog\link.command.1.tlog
e:\cyaserver\cyapub\extra\lua-5.3.3\debug\lua-5.3.3.tlog\link.read.1.tlog
e:\cyaserver\cyapub\extra\lua-5.3.3\debug\lua-5.3.3.tlog\link.write.1.tlog
e:\cyaserver\cyapub\extra\lua-5.3.3\debug\lua-5.3.3.tlog\lua-5.3.3.write.1u.tlog
