生成启动时间为 2017/5/11 10:18:22。
     1>项目“E:\cyaServer\cyaPub\extra\lua-5.3.3\lua-5.3.3.vcxproj”在节点 2 上(Rebuild 个目标)。
     1>ClCompile:
         D:\VS2013\VC\bin\CL.exe /c /I./src /ZI /nologo /W3 /WX- /sdl /Od /Oy- /D WIN32 /D _DEBUG /D _WINDOWS /D _USRDLL /D LUA533_EXPORTS /D LUA_BUILD_AS_DLL /D LUA_THREAD_SAFE /D _WINDLL /D _MBCS /Gm /EHsc /RTC1 /MDd /GS /fp:precise /Zc:wchar_t /Zc:forScope /Fo"Debug\\" /Fd"Debug\vc120.pdb" /Gd /TC /analyze- /errorReport:prompt src\lapi.c src\lauxlib.c src\lbaselib.c src\lbitlib.c src\lcode.c src\lcorolib.c src\lctype.c src\ldblib.c src\ldebug.c src\ldo.c src\ldump.c src\lfunc.c src\lgc.c src\linit.c src\liolib.c src\llex.c src\lmathlib.c src\lmem.c src\loadlib.c src\lobject.c src\lopcodes.c src\loslib.c src\lparser.c src\lstate.c src\lstring.c src\lstrlib.c src\ltable.c src\ltablib.c src\ltm.c src\lua.c src\luac.c src\lundump.c src\lutf8lib.c src\lvm.c src\lzio.c
         lzio.c
         lvm.c
         lutf8lib.c
         lundump.c
         luac.c
         lua.c
         ltm.c
         ltablib.c
         ltable.c
         lstrlib.c
         lstring.c
         lstate.c
         lparser.c
         loslib.c
         lopcodes.c
         lobject.c
         loadlib.c
         lmem.c
         lmathlib.c
         llex.c
         正在生成代码...
         正在编译...
         liolib.c
         linit.c
         lgc.c
         lfunc.c
         ldump.c
         ldo.c
         ldebug.c
         ldblib.c
         lctype.c
         lcorolib.c
         lcode.c
         lbitlib.c
         lbaselib.c
         lauxlib.c
         lapi.c
         正在生成代码...
       Link:
         D:\VS2013\VC\bin\link.exe /ERRORREPORT:PROMPT /OUT:"E:\cyaServer\Debug\lua-5.3.3.dll" /INCREMENTAL /NOLOGO kernel32.lib user32.lib gdi32.lib winspool.lib comdlg32.lib advapi32.lib shell32.lib ole32.lib oleaut32.lib uuid.lib odbc32.lib odbccp32.lib /MANIFEST /MANIFESTUAC:"level='asInvoker' uiAccess='false'" /manifest:embed /DEBUG /PDB:"E:\cyaServer\Debug\lua-5.3.3.pdb" /SUBSYSTEM:WINDOWS /TLBID:1 /DYNAMICBASE /NXCOMPAT /IMPLIB:"E:\cyaServer\Debug\lua-5.3.3.lib" /MACHINE:X86 /DLL Debug\lapi.obj
         Debug\lauxlib.obj
         Debug\lbaselib.obj
         Debug\lbitlib.obj
         Debug\lcode.obj
         Debug\lcorolib.obj
         Debug\lctype.obj
         Debug\ldblib.obj
         Debug\ldebug.obj
         Debug\ldo.obj
         Debug\ldump.obj
         Debug\lfunc.obj
         Debug\lgc.obj
         Debug\linit.obj
         Debug\liolib.obj
         Debug\llex.obj
         Debug\lmathlib.obj
         Debug\lmem.obj
         Debug\loadlib.obj
         Debug\lobject.obj
         Debug\lopcodes.obj
         Debug\loslib.obj
         Debug\lparser.obj
         Debug\lstate.obj
         Debug\lstring.obj
         Debug\lstrlib.obj
         Debug\ltable.obj
         Debug\ltablib.obj
         Debug\ltm.obj
         Debug\lua.obj
         Debug\luac.obj
         Debug\lundump.obj
         Debug\lutf8lib.obj
         Debug\lvm.obj
         Debug\lzio.obj
            正在创建库 E:\cyaServer\Debug\lua-5.3.3.lib 和对象 E:\cyaServer\Debug\lua-5.3.3.exp
         lua-5.3.3.vcxproj -> E:\cyaServer\Debug\lua-5.3.3.dll
     1>已完成生成项目“E:\cyaServer\cyaPub\extra\lua-5.3.3\lua-5.3.3.vcxproj”(Rebuild 个目标)的操作。

生成成功。

已用时间 00:00:04.41
