2017-10-24 09:11:40|调试:SqlSession wait_timeout 28800
2017-10-24 09:11:40|信息:连接到(DB：sgsverify)192.168.50.2:3306
2017-10-24 09:11:40|调试:SqlSession wait_timeout 28800
2017-10-24 09:11:40|信息:连接到(DB：sgs)192.168.50.2:3306
2017-10-24 09:11:40|调试:SqlSession wait_timeout 28800
2017-10-24 09:11:40|信息:连接到(DB：sgs_action)192.168.50.2:3306
2017-10-24 09:11:40|调试:SqlSession wait_timeout 28800
2017-10-24 09:11:40|信息:连接到(DB：sgsrecharge)192.168.50.2:3306
2017-10-24 09:11:40|调试:SqlSession wait_timeout 28800
2017-10-24 09:11:40|信息:连接到(DB：sgsinfo)192.168.50.2:3306
2017-10-24 09:11:40|调试:SqlSession wait_timeout 28800
2017-10-24 09:11:40|信息:连接到(DB：sgscash)192.168.50.2:3306
2017-10-24 09:11:40|信息:============数据服务器服务器启动成功===========!
2017-10-24 09:11:43|调试:New A Client Connect; Session Count 1
2017-10-24 09:11:43|调试:New A Client Connect; Session Count 2
2017-10-24 09:11:43|调试:New A Client Connect; Session Count 3
2017-10-24 09:11:43|调试:New A Client Connect; Session Count 4
2017-10-24 09:11:43|调试:New A Client Connect; Session Count 5
2017-10-24 09:11:43|调试:New A Client Connect; Session Count 6
2017-10-24 09:11:48|调试:New A Client Connect; Session Count 7
2017-10-24 09:11:48|调试:New A Client Connect; Session Count 8
2017-10-24 09:11:48|调试:New A Client Connect; Session Count 9
2017-10-24 09:11:48|调试:New A Client Connect; Session Count 10
2017-10-24 09:11:50|调试:New A Client Connect; Session Count 11
2017-10-24 19:12:12|调试:Client Closed
2017-10-24 19:12:12|调试:Client Closed
2017-10-24 19:12:12|调试:Client Closed
2017-10-24 19:12:12|调试:Client Closed
2017-10-24 19:12:12|调试:Client Closed
2017-10-24 19:12:12|调试:Client Closed
2017-10-24 19:12:12|调试:Client Closed
2017-10-24 19:12:12|调试:Client Closed
2017-10-24 19:12:12|调试:Client Closed
2017-10-24 19:12:12|调试:Client Closed
2017-10-24 19:12:12|调试:Client Closed
2017-10-24 19:12:37|调试:Ping Error
2017-10-24 19:12:37|调试:Ping Error
2017-10-24 19:12:37|调试:Ping Error
2017-10-24 19:12:37|调试:Ping Error
2017-10-24 19:12:38|调试:Ping Error
2017-10-24 19:12:38|调试:Ping Error
2017-10-24 19:12:58|调试:Ping Error
2017-10-24 19:12:58|调试:Ping Error
2017-10-24 19:12:58|调试:Ping Error
2017-10-24 19:12:58|调试:Ping Error
2017-10-24 19:12:59|调试:Ping Error
2017-10-24 19:12:59|调试:Ping Error
2017-10-24 19:13:19|调试:Ping Error
2017-10-24 19:13:19|调试:Ping Error
2017-10-24 19:13:19|调试:Ping Error
2017-10-24 19:13:19|调试:Ping Error
2017-10-24 19:13:20|调试:Ping Error
2017-10-24 19:13:20|调试:Ping Error
2017-10-24 19:13:40|调试:Ping Error
2017-10-24 19:13:40|调试:Ping Error
2017-10-24 19:13:40|调试:Ping Error
2017-10-24 19:13:40|调试:Ping Error
2017-10-24 19:13:41|调试:Ping Error
2017-10-24 19:13:41|调试:Ping Error
2017-10-24 19:14:01|调试:Ping Error
2017-10-24 19:14:01|调试:Ping Error
2017-10-24 19:14:01|调试:Ping Error
2017-10-24 19:14:01|调试:Ping Error
2017-10-24 19:14:02|调试:Ping Error
2017-10-24 19:14:02|调试:Ping Error
2017-10-24 19:14:22|调试:Ping Error
2017-10-24 19:14:22|调试:Ping Error
2017-10-24 19:14:22|调试:Ping Error
2017-10-24 19:14:22|调试:Ping Error
2017-10-24 19:14:23|调试:Ping Error
2017-10-24 19:14:23|调试:Ping Error
2017-10-24 19:14:43|调试:Ping Error
2017-10-24 19:14:43|调试:Ping Error
2017-10-24 19:14:43|调试:Ping Error
2017-10-24 19:14:43|调试:Ping Error
2017-10-24 19:14:44|调试:Ping Error
2017-10-24 19:14:44|调试:Ping Error
2017-10-24 19:15:04|调试:Ping Error
2017-10-24 19:15:04|调试:Ping Error
2017-10-24 19:15:04|调试:Ping Error
2017-10-24 19:15:04|调试:Ping Error
2017-10-24 19:15:05|调试:Ping Error
2017-10-24 19:15:05|调试:Ping Error
2017-10-24 19:15:25|调试:Ping Error
2017-10-24 19:15:25|调试:Ping Error
2017-10-24 19:15:25|调试:Ping Error
2017-10-24 19:15:25|调试:Ping Error
2017-10-24 19:15:26|调试:Ping Error
2017-10-24 19:15:26|调试:Ping Error
2017-10-24 19:15:46|调试:Ping Error
2017-10-24 19:15:46|调试:Ping Error
2017-10-24 19:15:46|调试:Ping Error
2017-10-24 19:15:46|调试:Ping Error
2017-10-24 19:15:47|调试:Ping Error
2017-10-24 19:15:47|调试:Ping Error
2017-10-24 19:16:07|调试:Ping Error
2017-10-24 19:16:07|调试:Ping Error
2017-10-24 19:16:07|调试:Ping Error
2017-10-24 19:16:07|调试:Ping Error
2017-10-24 19:16:08|调试:Ping Error
2017-10-24 19:16:08|调试:Ping Error
2017-10-24 19:16:28|调试:Ping Error
2017-10-24 19:16:28|调试:Ping Error
2017-10-24 19:16:28|调试:Ping Error
2017-10-24 19:16:28|调试:Ping Error
2017-10-24 19:16:29|调试:Ping Error
2017-10-24 19:16:29|调试:Ping Error
2017-10-24 19:16:49|调试:Ping Error
2017-10-24 19:16:49|调试:Ping Error
2017-10-24 19:16:49|调试:Ping Error
2017-10-24 19:16:49|调试:Ping Error
2017-10-24 19:16:50|调试:Ping Error
2017-10-24 19:16:50|调试:Ping Error
2017-10-24 19:17:10|调试:Ping Error
2017-10-24 19:17:10|调试:Ping Error
2017-10-24 19:17:10|调试:Ping Error
2017-10-24 19:17:10|调试:Ping Error
2017-10-24 19:17:11|调试:Ping Error
2017-10-24 19:17:11|调试:Ping Error
2017-10-24 19:17:31|调试:Ping Error
2017-10-24 19:17:31|调试:Ping Error
2017-10-24 19:17:31|调试:Ping Error
2017-10-24 19:17:31|调试:Ping Error
2017-10-24 19:17:32|调试:Ping Error
2017-10-24 19:17:32|调试:Ping Error
2017-10-24 19:17:52|调试:Ping Error
2017-10-24 19:17:52|调试:Ping Error
2017-10-24 19:17:52|调试:Ping Error
2017-10-24 19:17:52|调试:Ping Error
2017-10-24 19:17:53|调试:Ping Error
2017-10-24 19:17:53|调试:Ping Error
2017-10-24 19:18:13|调试:Ping Error
2017-10-24 19:18:13|调试:Ping Error
2017-10-24 19:18:13|调试:Ping Error
2017-10-24 19:18:13|调试:Ping Error
2017-10-24 19:18:14|调试:Ping Error
2017-10-24 19:18:14|调试:Ping Error
2017-10-24 19:18:34|调试:Ping Error
2017-10-24 19:18:34|调试:Ping Error
2017-10-24 19:18:34|调试:Ping Error
2017-10-24 19:18:34|调试:Ping Error
2017-10-24 19:18:35|调试:Ping Error
2017-10-24 19:18:35|调试:Ping Error
2017-10-24 19:18:55|调试:Ping Error
2017-10-24 19:18:55|调试:Ping Error
2017-10-24 19:18:55|调试:Ping Error
2017-10-24 19:18:55|调试:Ping Error
2017-10-24 19:18:56|调试:Ping Error
2017-10-24 19:18:56|调试:Ping Error
2017-10-24 19:19:16|调试:Ping Error
2017-10-24 19:19:16|调试:Ping Error
2017-10-24 19:19:16|调试:Ping Error
2017-10-24 19:19:16|调试:Ping Error
2017-10-24 19:19:17|调试:Ping Error
2017-10-24 19:19:17|调试:Ping Error
2017-10-24 19:19:37|调试:Ping Error
2017-10-24 19:19:37|调试:Ping Error
2017-10-24 19:19:37|调试:Ping Error
2017-10-24 19:19:37|调试:Ping Error
2017-10-24 19:19:38|调试:Ping Error
2017-10-24 19:19:38|调试:Ping Error
2017-10-24 19:19:58|调试:Ping Error
2017-10-24 19:19:58|调试:Ping Error
2017-10-24 19:19:58|调试:Ping Error
2017-10-24 19:19:58|调试:Ping Error
2017-10-24 19:19:59|调试:Ping Error
2017-10-24 19:19:59|调试:Ping Error
2017-10-24 19:20:19|调试:Ping Error
2017-10-24 19:20:19|调试:Ping Error
2017-10-24 19:20:19|调试:Ping Error
2017-10-24 19:20:19|调试:Ping Error
2017-10-24 19:20:20|调试:Ping Error
2017-10-24 19:20:20|调试:Ping Error
2017-10-24 19:20:40|调试:Ping Error
2017-10-24 19:20:40|调试:Ping Error
2017-10-24 19:20:40|调试:Ping Error
2017-10-24 19:20:40|调试:Ping Error
2017-10-24 19:20:41|调试:Ping Error
2017-10-24 19:20:41|调试:Ping Error
2017-10-24 19:21:01|调试:Ping Error
2017-10-24 19:21:01|调试:Ping Error
2017-10-24 19:21:01|调试:Ping Error
2017-10-24 19:21:01|调试:Ping Error
2017-10-24 19:21:02|调试:Ping Error
2017-10-24 19:21:02|调试:Ping Error
2017-10-24 19:21:22|调试:Ping Error
2017-10-24 19:21:22|调试:Ping Error
2017-10-24 19:21:22|调试:Ping Error
2017-10-24 19:21:22|调试:Ping Error
2017-10-24 19:21:23|调试:Ping Error
2017-10-24 19:21:23|调试:Ping Error
2017-10-24 19:21:43|调试:Ping Error
2017-10-24 19:21:43|调试:Ping Error
2017-10-24 19:21:43|调试:Ping Error
2017-10-24 19:21:43|调试:Ping Error
2017-10-24 19:21:44|调试:Ping Error
2017-10-24 19:21:44|调试:Ping Error
2017-10-24 19:22:04|调试:Ping Error
2017-10-24 19:22:04|调试:Ping Error
2017-10-24 19:22:04|调试:Ping Error
2017-10-24 19:22:04|调试:Ping Error
2017-10-24 19:22:05|调试:Ping Error
2017-10-24 19:22:05|调试:Ping Error
2017-10-24 19:22:25|调试:Ping Error
2017-10-24 19:22:25|调试:Ping Error
2017-10-24 19:22:25|调试:Ping Error
2017-10-24 19:22:25|调试:Ping Error
2017-10-24 19:22:26|调试:Ping Error
2017-10-24 19:22:26|调试:Ping Error
2017-10-24 19:22:46|调试:Ping Error
2017-10-24 19:22:46|调试:Ping Error
2017-10-24 19:22:46|调试:Ping Error
2017-10-24 19:22:46|调试:Ping Error
2017-10-24 19:22:47|调试:Ping Error
2017-10-24 19:22:47|调试:Ping Error
2017-10-24 19:23:07|调试:Ping Error
2017-10-24 19:23:07|调试:Ping Error
2017-10-24 19:23:07|调试:Ping Error
2017-10-24 19:23:07|调试:Ping Error
2017-10-24 19:23:08|调试:Ping Error
2017-10-24 19:23:08|调试:Ping Error
2017-10-24 19:23:28|调试:Ping Error
2017-10-24 19:23:28|调试:Ping Error
2017-10-24 19:23:28|调试:Ping Error
2017-10-24 19:23:28|调试:Ping Error
2017-10-24 19:23:29|调试:Ping Error
2017-10-24 19:23:29|调试:Ping Error
2017-10-24 19:23:49|调试:Ping Error
2017-10-24 19:23:49|调试:Ping Error
2017-10-24 19:23:49|调试:Ping Error
2017-10-24 19:23:49|调试:Ping Error
2017-10-24 19:23:50|调试:Ping Error
2017-10-24 19:23:50|调试:Ping Error
2017-10-24 19:24:10|调试:Ping Error
2017-10-24 19:24:10|调试:Ping Error
2017-10-24 19:24:10|调试:Ping Error
2017-10-24 19:24:10|调试:Ping Error
2017-10-24 19:24:11|调试:Ping Error
2017-10-24 19:24:11|调试:Ping Error
2017-10-24 19:24:31|调试:Ping Error
2017-10-24 19:24:31|调试:Ping Error
2017-10-24 19:24:31|调试:Ping Error
2017-10-24 19:24:31|调试:Ping Error
2017-10-24 19:24:32|调试:Ping Error
2017-10-24 19:24:32|调试:Ping Error
2017-10-24 19:24:52|调试:Ping Error
2017-10-24 19:24:52|调试:Ping Error
2017-10-24 19:24:52|调试:Ping Error
2017-10-24 19:24:52|调试:Ping Error
2017-10-24 19:24:53|调试:Ping Error
2017-10-24 19:24:53|调试:Ping Error
2017-10-24 19:25:13|调试:Ping Error
2017-10-24 19:25:13|调试:Ping Error
2017-10-24 19:25:13|调试:Ping Error
2017-10-24 19:25:13|调试:Ping Error
2017-10-24 19:25:14|调试:Ping Error
2017-10-24 19:25:14|调试:Ping Error
2017-10-24 19:25:34|调试:Ping Error
2017-10-24 19:25:34|调试:Ping Error
2017-10-24 19:25:34|调试:Ping Error
2017-10-24 19:25:34|调试:Ping Error
2017-10-24 19:25:35|调试:Ping Error
2017-10-24 19:25:35|调试:Ping Error
2017-10-24 19:25:55|调试:Ping Error
2017-10-24 19:25:55|调试:Ping Error
2017-10-24 19:25:55|调试:Ping Error
2017-10-24 19:25:55|调试:Ping Error
2017-10-24 19:25:56|调试:Ping Error
2017-10-24 19:25:56|调试:Ping Error
2017-10-24 19:26:16|调试:Ping Error
2017-10-24 19:26:16|调试:Ping Error
2017-10-24 19:26:16|调试:Ping Error
2017-10-24 19:26:16|调试:Ping Error
2017-10-24 19:26:17|调试:Ping Error
2017-10-24 19:26:17|调试:Ping Error
2017-10-24 19:26:37|调试:Ping Error
2017-10-24 19:26:37|调试:Ping Error
2017-10-24 19:26:37|调试:Ping Error
2017-10-24 19:26:37|调试:Ping Error
2017-10-24 19:26:38|调试:Ping Error
2017-10-24 19:26:38|调试:Ping Error
2017-10-24 19:26:58|调试:Ping Error
2017-10-24 19:26:58|调试:Ping Error
2017-10-24 19:26:58|调试:Ping Error
2017-10-24 19:26:58|调试:Ping Error
2017-10-24 19:26:59|调试:Ping Error
2017-10-24 19:26:59|调试:Ping Error
2017-10-24 19:27:19|调试:Ping Error
2017-10-24 19:27:19|调试:Ping Error
2017-10-24 19:27:19|调试:Ping Error
2017-10-24 19:27:19|调试:Ping Error
2017-10-24 19:27:20|调试:Ping Error
2017-10-24 19:27:20|调试:Ping Error
2017-10-24 19:27:40|调试:Ping Error
2017-10-24 19:27:40|调试:Ping Error
2017-10-24 19:27:40|调试:Ping Error
2017-10-24 19:27:40|调试:Ping Error
2017-10-24 19:27:41|调试:Ping Error
2017-10-24 19:27:41|调试:Ping Error
2017-10-24 19:28:01|调试:Ping Error
2017-10-24 19:28:01|调试:Ping Error
2017-10-24 19:28:01|调试:Ping Error
2017-10-24 19:28:01|调试:Ping Error
2017-10-24 19:28:02|调试:Ping Error
2017-10-24 19:28:02|调试:Ping Error
2017-10-24 19:28:22|调试:Ping Error
2017-10-24 19:28:22|调试:Ping Error
2017-10-24 19:28:22|调试:Ping Error
2017-10-24 19:28:22|调试:Ping Error
2017-10-24 19:28:23|调试:Ping Error
2017-10-24 19:28:23|调试:Ping Error
2017-10-24 19:28:43|调试:Ping Error
2017-10-24 19:28:43|调试:Ping Error
2017-10-24 19:28:43|调试:Ping Error
2017-10-24 19:28:43|调试:Ping Error
2017-10-24 19:28:44|调试:Ping Error
2017-10-24 19:28:44|调试:Ping Error
2017-10-24 19:29:04|调试:Ping Error
2017-10-24 19:29:04|调试:Ping Error
2017-10-24 19:29:04|调试:Ping Error
2017-10-24 19:29:04|调试:Ping Error
2017-10-24 19:29:05|调试:Ping Error
2017-10-24 19:29:05|调试:Ping Error
2017-10-24 19:29:25|调试:Ping Error
2017-10-24 19:29:25|调试:Ping Error
2017-10-24 19:29:25|调试:Ping Error
2017-10-24 19:29:25|调试:Ping Error
2017-10-24 19:29:26|调试:Ping Error
2017-10-24 19:29:26|调试:Ping Error
2017-10-24 19:29:46|调试:Ping Error
2017-10-24 19:29:46|调试:Ping Error
2017-10-24 19:29:46|调试:Ping Error
2017-10-24 19:29:46|调试:Ping Error
2017-10-24 19:29:47|调试:Ping Error
2017-10-24 19:29:47|调试:Ping Error
2017-10-24 19:30:07|调试:Ping Error
2017-10-24 19:30:07|调试:Ping Error
2017-10-24 19:30:07|调试:Ping Error
2017-10-24 19:30:07|调试:Ping Error
2017-10-24 19:30:08|调试:Ping Error
2017-10-24 19:30:08|调试:Ping Error
2017-10-24 19:30:28|调试:Ping Error
2017-10-24 19:30:28|调试:Ping Error
2017-10-24 19:30:28|调试:Ping Error
2017-10-24 19:30:28|调试:Ping Error
2017-10-24 19:30:29|调试:Ping Error
2017-10-24 19:30:29|调试:Ping Error
2017-10-24 19:30:49|调试:Ping Error
2017-10-24 19:30:49|调试:Ping Error
2017-10-24 19:30:49|调试:Ping Error
2017-10-24 19:30:49|调试:Ping Error
2017-10-24 19:30:50|调试:Ping Error
2017-10-24 19:30:50|调试:Ping Error
2017-10-24 19:31:10|调试:Ping Error
2017-10-24 19:31:10|调试:Ping Error
2017-10-24 19:31:10|调试:Ping Error
2017-10-24 19:31:10|调试:Ping Error
2017-10-24 19:31:11|调试:Ping Error
2017-10-24 19:31:11|调试:Ping Error
2017-10-24 19:31:31|调试:Ping Error
2017-10-24 19:31:31|调试:Ping Error
2017-10-24 19:31:31|调试:Ping Error
2017-10-24 19:31:31|调试:Ping Error
2017-10-24 19:31:32|调试:Ping Error
2017-10-24 19:31:32|调试:Ping Error
2017-10-24 19:31:52|调试:Ping Error
2017-10-24 19:31:52|调试:Ping Error
2017-10-24 19:31:52|调试:Ping Error
2017-10-24 19:31:52|调试:Ping Error
2017-10-24 19:31:53|调试:Ping Error
2017-10-24 19:31:53|调试:Ping Error
2017-10-24 19:32:13|调试:Ping Error
2017-10-24 19:32:13|调试:Ping Error
2017-10-24 19:32:13|调试:Ping Error
2017-10-24 19:32:13|调试:Ping Error
2017-10-24 19:32:14|调试:Ping Error
2017-10-24 19:32:14|调试:Ping Error
2017-10-24 19:32:34|调试:Ping Error
2017-10-24 19:32:34|调试:Ping Error
2017-10-24 19:32:34|调试:Ping Error
2017-10-24 19:32:34|调试:Ping Error
2017-10-24 19:32:35|调试:Ping Error
2017-10-24 19:32:35|调试:Ping Error
2017-10-24 19:32:55|调试:Ping Error
2017-10-24 19:32:55|调试:Ping Error
2017-10-24 19:32:55|调试:Ping Error
2017-10-24 19:32:55|调试:Ping Error
2017-10-24 19:32:56|调试:Ping Error
2017-10-24 19:32:56|调试:Ping Error
2017-10-24 19:33:16|调试:Ping Error
2017-10-24 19:33:16|调试:Ping Error
2017-10-24 19:33:16|调试:Ping Error
2017-10-24 19:33:16|调试:Ping Error
2017-10-24 19:33:17|调试:Ping Error
2017-10-24 19:33:17|调试:Ping Error
2017-10-24 19:33:37|调试:Ping Error
2017-10-24 19:33:37|调试:Ping Error
2017-10-24 19:33:37|调试:Ping Error
2017-10-24 19:33:37|调试:Ping Error
2017-10-24 19:33:38|调试:Ping Error
2017-10-24 19:33:38|调试:Ping Error
2017-10-24 19:33:58|调试:Ping Error
2017-10-24 19:33:58|调试:Ping Error
2017-10-24 19:33:58|调试:Ping Error
2017-10-24 19:33:58|调试:Ping Error
2017-10-24 19:33:59|调试:Ping Error
2017-10-24 19:33:59|调试:Ping Error
2017-10-24 19:34:19|调试:Ping Error
2017-10-24 19:34:19|调试:Ping Error
2017-10-24 19:34:19|调试:Ping Error
2017-10-24 19:34:19|调试:Ping Error
2017-10-24 19:34:20|调试:Ping Error
2017-10-24 19:34:20|调试:Ping Error
2017-10-24 19:34:40|调试:Ping Error
2017-10-24 19:34:40|调试:Ping Error
2017-10-24 19:34:40|调试:Ping Error
2017-10-24 19:34:40|调试:Ping Error
2017-10-24 19:34:41|调试:Ping Error
2017-10-24 19:34:41|调试:Ping Error
2017-10-24 19:35:01|调试:Ping Error
2017-10-24 19:35:01|调试:Ping Error
2017-10-24 19:35:01|调试:Ping Error
2017-10-24 19:35:01|调试:Ping Error
2017-10-24 19:35:02|调试:Ping Error
2017-10-24 19:35:02|调试:Ping Error
2017-10-24 19:35:22|调试:Ping Error
2017-10-24 19:35:22|调试:Ping Error
2017-10-24 19:35:22|调试:Ping Error
2017-10-24 19:35:22|调试:Ping Error
2017-10-24 19:35:23|调试:Ping Error
2017-10-24 19:35:23|调试:Ping Error
2017-10-24 19:35:43|调试:Ping Error
2017-10-24 19:35:43|调试:Ping Error
2017-10-24 19:35:43|调试:Ping Error
2017-10-24 19:35:43|调试:Ping Error
2017-10-24 19:35:44|调试:Ping Error
2017-10-24 19:35:44|调试:Ping Error
2017-10-24 19:36:04|调试:Ping Error
2017-10-24 19:36:04|调试:Ping Error
2017-10-24 19:36:04|调试:Ping Error
2017-10-24 19:36:04|调试:Ping Error
2017-10-24 19:36:05|调试:Ping Error
2017-10-24 19:36:05|调试:Ping Error
2017-10-24 19:36:25|调试:Ping Error
2017-10-24 19:36:25|调试:Ping Error
2017-10-24 19:36:25|调试:Ping Error
2017-10-24 19:36:25|调试:Ping Error
2017-10-24 19:36:26|调试:Ping Error
2017-10-24 19:36:26|调试:Ping Error
2017-10-24 19:36:46|调试:Ping Error
2017-10-24 19:36:46|调试:Ping Error
2017-10-24 19:36:46|调试:Ping Error
2017-10-24 19:36:46|调试:Ping Error
2017-10-24 19:36:47|调试:Ping Error
2017-10-24 19:36:47|调试:Ping Error
2017-10-24 19:37:07|调试:Ping Error
2017-10-24 19:37:07|调试:Ping Error
2017-10-24 19:37:07|调试:Ping Error
2017-10-24 19:37:07|调试:Ping Error
2017-10-24 19:37:08|调试:Ping Error
2017-10-24 19:37:08|调试:Ping Error
2017-10-24 19:37:28|调试:Ping Error
2017-10-24 19:37:28|调试:Ping Error
2017-10-24 19:37:28|调试:Ping Error
2017-10-24 19:37:28|调试:Ping Error
2017-10-24 19:37:29|调试:Ping Error
2017-10-24 19:37:29|调试:Ping Error
2017-10-24 19:37:49|调试:Ping Error
2017-10-24 19:37:49|调试:Ping Error
2017-10-24 19:37:49|调试:Ping Error
2017-10-24 19:37:49|调试:Ping Error
2017-10-24 19:37:50|调试:Ping Error
2017-10-24 19:37:50|调试:Ping Error
2017-10-24 19:38:10|调试:Ping Error
2017-10-24 19:38:10|调试:Ping Error
2017-10-24 19:38:10|调试:Ping Error
2017-10-24 19:38:10|调试:Ping Error
2017-10-24 19:38:11|调试:Ping Error
2017-10-24 19:38:11|调试:Ping Error
2017-10-24 19:38:31|调试:Ping Error
2017-10-24 19:38:31|调试:Ping Error
2017-10-24 19:38:31|调试:Ping Error
2017-10-24 19:38:31|调试:Ping Error
2017-10-24 19:38:32|调试:Ping Error
2017-10-24 19:38:32|调试:Ping Error
2017-10-24 19:38:52|调试:Ping Error
2017-10-24 19:38:52|调试:Ping Error
2017-10-24 19:38:52|调试:Ping Error
2017-10-24 19:38:52|调试:Ping Error
2017-10-24 19:38:53|调试:Ping Error
2017-10-24 19:38:53|调试:Ping Error
2017-10-24 19:39:13|调试:Ping Error
2017-10-24 19:39:13|调试:Ping Error
2017-10-24 19:39:13|调试:Ping Error
2017-10-24 19:39:13|调试:Ping Error
2017-10-24 19:39:14|调试:Ping Error
2017-10-24 19:39:14|调试:Ping Error
2017-10-24 19:39:34|调试:Ping Error
2017-10-24 19:39:34|调试:Ping Error
2017-10-24 19:39:34|调试:Ping Error
2017-10-24 19:39:34|调试:Ping Error
2017-10-24 19:39:35|调试:Ping Error
2017-10-24 19:39:35|调试:Ping Error
2017-10-24 19:39:55|调试:Ping Error
2017-10-24 19:39:55|调试:Ping Error
2017-10-24 19:39:55|调试:Ping Error
2017-10-24 19:39:55|调试:Ping Error
2017-10-24 19:39:56|调试:Ping Error
2017-10-24 19:39:56|调试:Ping Error
2017-10-24 19:40:16|调试:Ping Error
2017-10-24 19:40:16|调试:Ping Error
2017-10-24 19:40:16|调试:Ping Error
2017-10-24 19:40:16|调试:Ping Error
2017-10-24 19:40:17|调试:Ping Error
2017-10-24 19:40:17|调试:Ping Error
2017-10-24 19:40:37|调试:Ping Error
2017-10-24 19:40:37|调试:Ping Error
2017-10-24 19:40:37|调试:Ping Error
2017-10-24 19:40:37|调试:Ping Error
2017-10-24 19:40:38|调试:Ping Error
2017-10-24 19:40:38|调试:Ping Error
2017-10-24 19:40:58|调试:Ping Error
2017-10-24 19:40:58|调试:Ping Error
2017-10-24 19:40:58|调试:Ping Error
2017-10-24 19:40:58|调试:Ping Error
2017-10-24 19:40:59|调试:Ping Error
2017-10-24 19:40:59|调试:Ping Error
2017-10-24 19:41:19|调试:Ping Error
2017-10-24 19:41:19|调试:Ping Error
2017-10-24 19:41:19|调试:Ping Error
2017-10-24 19:41:19|调试:Ping Error
2017-10-24 19:41:20|调试:Ping Error
2017-10-24 19:41:20|调试:Ping Error
2017-10-24 19:41:40|调试:Ping Error
2017-10-24 19:41:40|调试:Ping Error
2017-10-24 19:41:40|调试:Ping Error
2017-10-24 19:41:40|调试:Ping Error
2017-10-24 19:41:41|调试:Ping Error
2017-10-24 19:41:41|调试:Ping Error
2017-10-24 19:42:01|调试:Ping Error
2017-10-24 19:42:01|调试:Ping Error
2017-10-24 19:42:01|调试:Ping Error
2017-10-24 19:42:01|调试:Ping Error
2017-10-24 19:42:02|调试:Ping Error
2017-10-24 19:42:02|调试:Ping Error
2017-10-24 19:42:22|调试:Ping Error
2017-10-24 19:42:22|调试:Ping Error
2017-10-24 19:42:22|调试:Ping Error
2017-10-24 19:42:22|调试:Ping Error
2017-10-24 19:42:23|调试:Ping Error
2017-10-24 19:42:23|调试:Ping Error
2017-10-24 19:42:43|调试:Ping Error
2017-10-24 19:42:43|调试:Ping Error
2017-10-24 19:42:43|调试:Ping Error
2017-10-24 19:42:43|调试:Ping Error
2017-10-24 19:42:44|调试:Ping Error
2017-10-24 19:42:44|调试:Ping Error
2017-10-24 19:43:04|调试:Ping Error
2017-10-24 19:43:04|调试:Ping Error
2017-10-24 19:43:04|调试:Ping Error
2017-10-24 19:43:04|调试:Ping Error
2017-10-24 19:43:05|调试:Ping Error
2017-10-24 19:43:05|调试:Ping Error
2017-10-24 19:43:25|调试:Ping Error
2017-10-24 19:43:25|调试:Ping Error
2017-10-24 19:43:25|调试:Ping Error
2017-10-24 19:43:25|调试:Ping Error
2017-10-24 19:43:26|调试:Ping Error
2017-10-24 19:43:26|调试:Ping Error
2017-10-24 19:43:46|调试:Ping Error
2017-10-24 19:43:46|调试:Ping Error
2017-10-24 19:43:46|调试:Ping Error
2017-10-24 19:43:46|调试:Ping Error
2017-10-24 19:43:47|调试:Ping Error
2017-10-24 19:43:47|调试:Ping Error
2017-10-24 19:44:07|调试:Ping Error
2017-10-24 19:44:07|调试:Ping Error
2017-10-24 19:44:07|调试:Ping Error
2017-10-24 19:44:07|调试:Ping Error
2017-10-24 19:44:08|调试:Ping Error
2017-10-24 19:44:08|调试:Ping Error
2017-10-24 19:44:28|调试:Ping Error
2017-10-24 19:44:28|调试:Ping Error
2017-10-24 19:44:28|调试:Ping Error
2017-10-24 19:44:28|调试:Ping Error
2017-10-24 19:44:29|调试:Ping Error
2017-10-24 19:44:29|调试:Ping Error
2017-10-24 19:44:49|调试:Ping Error
2017-10-24 19:44:49|调试:Ping Error
2017-10-24 19:44:49|调试:Ping Error
2017-10-24 19:44:49|调试:Ping Error
2017-10-24 19:44:50|调试:Ping Error
2017-10-24 19:44:50|调试:Ping Error
2017-10-24 19:45:10|调试:Ping Error
2017-10-24 19:45:10|调试:Ping Error
2017-10-24 19:45:10|调试:Ping Error
2017-10-24 19:45:10|调试:Ping Error
2017-10-24 19:45:11|调试:Ping Error
2017-10-24 19:45:11|调试:Ping Error
2017-10-24 19:45:31|调试:Ping Error
2017-10-24 19:45:31|调试:Ping Error
2017-10-24 19:45:31|调试:Ping Error
2017-10-24 19:45:31|调试:Ping Error
2017-10-24 19:45:32|调试:Ping Error
2017-10-24 19:45:32|调试:Ping Error
2017-10-24 19:45:52|调试:Ping Error
2017-10-24 19:45:52|调试:Ping Error
2017-10-24 19:45:52|调试:Ping Error
2017-10-24 19:45:52|调试:Ping Error
2017-10-24 19:45:53|调试:Ping Error
2017-10-24 19:45:53|调试:Ping Error
2017-10-24 19:46:13|调试:Ping Error
2017-10-24 19:46:13|调试:Ping Error
2017-10-24 19:46:13|调试:Ping Error
2017-10-24 19:46:13|调试:Ping Error
2017-10-24 19:46:14|调试:Ping Error
2017-10-24 19:46:14|调试:Ping Error
2017-10-24 19:46:34|调试:Ping Error
2017-10-24 19:46:34|调试:Ping Error
2017-10-24 19:46:34|调试:Ping Error
2017-10-24 19:46:34|调试:Ping Error
2017-10-24 19:46:35|调试:Ping Error
2017-10-24 19:46:35|调试:Ping Error
2017-10-24 19:46:55|调试:Ping Error
2017-10-24 19:46:55|调试:Ping Error
2017-10-24 19:46:55|调试:Ping Error
2017-10-24 19:46:55|调试:Ping Error
2017-10-24 19:46:56|调试:Ping Error
2017-10-24 19:46:56|调试:Ping Error
2017-10-24 19:47:16|调试:Ping Error
2017-10-24 19:47:16|调试:Ping Error
2017-10-24 19:47:16|调试:Ping Error
2017-10-24 19:47:16|调试:Ping Error
2017-10-24 19:47:17|调试:Ping Error
2017-10-24 19:47:17|调试:Ping Error
2017-10-24 19:47:37|调试:Ping Error
2017-10-24 19:47:37|调试:Ping Error
2017-10-24 19:47:37|调试:Ping Error
2017-10-24 19:47:37|调试:Ping Error
2017-10-24 19:47:38|调试:Ping Error
2017-10-24 19:47:38|调试:Ping Error
2017-10-24 19:47:58|调试:Ping Error
2017-10-24 19:47:58|调试:Ping Error
2017-10-24 19:47:58|调试:Ping Error
2017-10-24 19:47:58|调试:Ping Error
2017-10-24 19:47:59|调试:Ping Error
2017-10-24 19:47:59|调试:Ping Error
2017-10-24 19:48:19|调试:Ping Error
2017-10-24 19:48:19|调试:Ping Error
2017-10-24 19:48:19|调试:Ping Error
2017-10-24 19:48:19|调试:Ping Error
2017-10-24 19:48:20|调试:Ping Error
2017-10-24 19:48:20|调试:Ping Error
2017-10-24 19:48:40|调试:Ping Error
2017-10-24 19:48:40|调试:Ping Error
2017-10-24 19:48:40|调试:Ping Error
2017-10-24 19:48:40|调试:Ping Error
2017-10-24 19:48:41|调试:Ping Error
2017-10-24 19:48:41|调试:Ping Error
2017-10-24 19:49:01|调试:Ping Error
2017-10-24 19:49:01|调试:Ping Error
2017-10-24 19:49:01|调试:Ping Error
2017-10-24 19:49:01|调试:Ping Error
2017-10-24 19:49:02|调试:Ping Error
2017-10-24 19:49:02|调试:Ping Error
2017-10-24 19:49:22|调试:Ping Error
2017-10-24 19:49:22|调试:Ping Error
2017-10-24 19:49:22|调试:Ping Error
2017-10-24 19:49:22|调试:Ping Error
2017-10-24 19:49:23|调试:Ping Error
2017-10-24 19:49:23|调试:Ping Error
2017-10-24 19:49:43|调试:Ping Error
2017-10-26 08:54:07|调试:SqlSession wait_timeout 28800
2017-10-26 08:54:07|信息:连接到(DB：sgsverify)192.168.50.2:3306
2017-10-26 08:54:07|调试:SqlSession wait_timeout 28800
2017-10-26 08:54:07|信息:连接到(DB：sgs)192.168.50.2:3306
2017-10-26 08:54:08|调试:SqlSession wait_timeout 28800
2017-10-26 08:54:08|信息:连接到(DB：sgs_action)192.168.50.2:3306
2017-10-26 08:54:08|调试:SqlSession wait_timeout 28800
2017-10-26 08:54:08|信息:连接到(DB：sgsrecharge)192.168.50.2:3306
2017-10-26 08:54:08|调试:SqlSession wait_timeout 28800
2017-10-26 08:54:08|信息:连接到(DB：sgsinfo)192.168.50.2:3306
2017-10-26 08:54:08|调试:SqlSession wait_timeout 28800
2017-10-26 08:54:08|信息:连接到(DB：sgscash)192.168.50.2:3306
2017-10-26 08:54:08|信息:============数据服务器服务器启动成功===========!
2017-10-26 08:59:27|调试:New A Client Connect; Session Count 1
2017-10-26 08:59:27|调试:New A Client Connect; Session Count 2
2017-10-26 08:59:27|调试:New A Client Connect; Session Count 3
2017-10-26 08:59:27|调试:New A Client Connect; Session Count 4
2017-10-26 08:59:27|调试:New A Client Connect; Session Count 5
2017-10-26 08:59:27|调试:New A Client Connect; Session Count 6
2017-10-26 08:59:39|调试:New A Client Connect; Session Count 7
2017-10-26 08:59:39|调试:New A Client Connect; Session Count 8
2017-10-26 08:59:39|调试:New A Client Connect; Session Count 9
2017-10-26 08:59:39|调试:New A Client Connect; Session Count 10
2017-10-26 08:59:42|调试:New A Client Connect; Session Count 11
2017-10-27 00:00:30|调试:UPDATE competitive SET num=0,buyNum=0
2017-10-27 00:00:30|调试:mysql_query Error no=1054, Unknown column 'num' in 'field list'
2017-10-27 00:00:30|调试:UPDATE onevsone SET num=0,buyNum=0
2017-10-27 00:00:30|调试:mysql_query Error no=1146, Table 'sgs.onevsone' doesn't exist
2017-10-27 09:26:06|调试:Client Closed
2017-10-27 09:26:06|调试:Client Closed
2017-10-27 09:26:06|调试:Client Closed
2017-10-27 09:26:06|调试:Client Closed
