2017-05-19 13:43:59|调试:SqlSession wait_timeout 28800
2017-05-19 13:43:59|信息:连接到(DB：sgsverify)192.168.50.2:3306
2017-05-19 13:43:59|调试:SqlSession wait_timeout 28800
2017-05-19 13:43:59|信息:连接到(DB：sgs)192.168.50.2:3306
2017-05-19 13:43:59|调试:SqlSession wait_timeout 28800
2017-05-19 13:43:59|信息:连接到(DB：sgs_action)192.168.50.2:3306
2017-05-19 13:43:59|调试:SqlSession wait_timeout 28800
2017-05-19 13:43:59|信息:连接到(DB：sgsrecharge)192.168.50.2:3306
2017-05-19 13:43:59|调试:SqlSession wait_timeout 28800
2017-05-19 13:43:59|信息:连接到(DB：sgsinfo)192.168.50.2:3306
2017-05-19 13:43:59|调试:SqlSession wait_timeout 28800
2017-05-19 13:43:59|信息:连接到(DB：sgscash)192.168.50.2:3306
2017-05-19 13:44:08|调试:New A Client Connect; Session Count 1
2017-05-19 13:44:08|调试:New A Client Connect; Session Count 2
2017-05-19 13:44:08|调试:New A Client Connect; Session Count 3
2017-05-19 13:44:08|调试:New A Client Connect; Session Count 4
2017-05-19 13:44:08|调试:Client Closed
2017-05-19 13:44:08|调试:Client Closed
2017-05-19 13:44:08|调试:Client Closed
2017-05-19 13:44:08|调试:Client Closed
2017-05-19 13:54:01|调试:New A Client Connect; Session Count 1
2017-05-19 13:54:01|调试:New A Client Connect; Session Count 2
2017-05-19 13:54:01|调试:New A Client Connect; Session Count 3
2017-05-19 13:54:01|调试:New A Client Connect; Session Count 4
2017-05-19 13:54:01|调试:Client Closed
2017-05-19 13:54:01|调试:Client Closed
2017-05-19 13:54:01|调试:Client Closed
2017-05-19 13:54:01|调试:Client Closed
2017-05-19 13:56:20|调试:New A Client Connect; Session Count 1
2017-05-19 13:56:20|调试:New A Client Connect; Session Count 2
2017-05-19 13:56:20|调试:New A Client Connect; Session Count 3
2017-05-19 13:56:20|调试:New A Client Connect; Session Count 4
2017-05-19 13:56:20|调试:Client Closed
2017-05-19 13:56:20|调试:Client Closed
2017-05-19 13:56:20|调试:Client Closed
2017-05-19 13:56:20|调试:Client Closed
2017-05-19 13:57:14|调试:New A Client Connect; Session Count 1
2017-05-19 13:57:15|调试:New A Client Connect; Session Count 2
2017-05-19 13:57:15|调试:New A Client Connect; Session Count 3
2017-05-19 13:57:15|调试:New A Client Connect; Session Count 4
2017-05-19 13:59:16|调试:Client Closed
2017-05-19 13:59:17|调试:Client Closed
2017-05-19 13:59:17|调试:Client Closed
2017-05-19 13:59:17|调试:Client Closed
2017-05-19 14:00:18|调试:New A Client Connect; Session Count 1
2017-05-19 14:00:18|调试:New A Client Connect; Session Count 2
2017-05-19 14:00:18|调试:New A Client Connect; Session Count 3
2017-05-19 14:00:18|调试:New A Client Connect; Session Count 4
2017-05-19 14:02:43|调试:Client Closed
2017-05-19 14:02:43|调试:Client Closed
2017-05-19 14:02:43|调试:Client Closed
2017-05-19 14:02:43|调试:Client Closed
2017-05-19 14:03:47|调试:New A Client Connect; Session Count 1
2017-05-19 14:03:47|调试:New A Client Connect; Session Count 2
2017-05-19 14:03:47|调试:New A Client Connect; Session Count 3
2017-05-19 14:03:47|调试:New A Client Connect; Session Count 4
2017-05-19 14:03:50|调试:Client Closed
2017-05-19 14:03:50|调试:Client Closed
2017-05-19 14:03:50|调试:Client Closed
2017-05-19 14:03:50|调试:Client Closed
2017-05-19 14:09:56|调试:New A Client Connect; Session Count 1
2017-05-19 14:09:56|调试:New A Client Connect; Session Count 2
2017-05-19 14:09:56|调试:New A Client Connect; Session Count 3
2017-05-19 14:09:56|调试:New A Client Connect; Session Count 4
2017-05-19 14:10:40|调试:Client Closed
2017-05-19 14:10:40|调试:Client Closed
2017-05-19 14:10:40|调试:Client Closed
2017-05-19 14:10:40|调试:Client Closed
2017-05-19 14:13:27|调试:New A Client Connect; Session Count 1
2017-05-19 14:13:27|调试:New A Client Connect; Session Count 2
2017-05-19 14:13:28|调试:New A Client Connect; Session Count 3
2017-05-19 14:13:28|调试:New A Client Connect; Session Count 4
2017-05-19 14:13:41|调试:Client Closed
2017-05-19 14:13:41|调试:Client Closed
2017-05-19 14:13:41|调试:Client Closed
2017-05-19 14:13:41|调试:Client Closed
2017-05-19 14:15:51|调试:New A Client Connect; Session Count 1
2017-05-19 14:15:51|调试:New A Client Connect; Session Count 2
2017-05-19 14:15:51|调试:New A Client Connect; Session Count 3
2017-05-19 14:15:51|调试:New A Client Connect; Session Count 4
2017-05-19 14:16:52|调试:Client Closed
2017-05-19 14:16:52|调试:Client Closed
2017-05-19 14:16:52|调试:Client Closed
2017-05-19 14:16:52|调试:Client Closed
2017-05-19 14:21:13|调试:New A Client Connect; Session Count 1
2017-05-19 14:21:13|调试:New A Client Connect; Session Count 2
2017-05-19 14:21:13|调试:New A Client Connect; Session Count 3
2017-05-19 14:21:13|调试:New A Client Connect; Session Count 4
2017-05-19 14:23:47|调试:Client Closed
2017-05-19 14:23:47|调试:Client Closed
2017-05-19 14:23:47|调试:Client Closed
2017-05-19 14:23:47|调试:Client Closed
2017-05-19 14:31:57|调试:New A Client Connect; Session Count 1
2017-05-19 14:31:57|调试:New A Client Connect; Session Count 2
2017-05-19 14:31:57|调试:New A Client Connect; Session Count 3
2017-05-19 14:31:57|调试:New A Client Connect; Session Count 4
2017-05-19 14:32:09|调试:Client Closed
2017-05-19 14:32:09|调试:Client Closed
2017-05-19 14:32:09|调试:Client Closed
2017-05-19 14:32:09|调试:Client Closed
2017-05-19 14:36:36|调试:New A Client Connect; Session Count 1
2017-05-19 14:36:36|调试:New A Client Connect; Session Count 2
2017-05-19 14:36:36|调试:New A Client Connect; Session Count 3
2017-05-19 14:36:36|调试:New A Client Connect; Session Count 4
2017-05-19 14:37:49|调试:Client Closed
2017-05-19 14:37:49|调试:Client Closed
2017-05-19 14:37:49|调试:Client Closed
2017-05-19 14:37:49|调试:Client Closed
2017-05-19 14:41:32|调试:New A Client Connect; Session Count 1
2017-05-19 14:41:32|调试:New A Client Connect; Session Count 2
2017-05-19 14:41:32|调试:New A Client Connect; Session Count 3
2017-05-19 14:41:32|调试:New A Client Connect; Session Count 4
2017-05-19 14:41:47|调试:Client Closed
2017-05-19 14:41:47|调试:Client Closed
2017-05-19 14:41:47|调试:Client Closed
2017-05-19 14:41:47|调试:Client Closed
2017-05-19 14:49:45|调试:New A Client Connect; Session Count 1
2017-05-19 14:49:45|调试:New A Client Connect; Session Count 2
2017-05-19 14:49:45|调试:New A Client Connect; Session Count 3
2017-05-19 14:49:45|调试:New A Client Connect; Session Count 4
2017-05-19 14:49:56|调试:Client Closed
2017-05-19 14:49:56|调试:Client Closed
2017-05-19 14:49:56|调试:Client Closed
2017-05-19 14:49:56|调试:Client Closed
2017-05-19 14:50:17|调试:New A Client Connect; Session Count 1
2017-05-19 14:50:17|调试:New A Client Connect; Session Count 2
2017-05-19 14:50:17|调试:New A Client Connect; Session Count 3
2017-05-19 14:50:17|调试:New A Client Connect; Session Count 4
2017-05-19 14:54:32|调试:Client Closed
2017-05-19 14:54:32|调试:Client Closed
2017-05-19 14:54:32|调试:Client Closed
2017-05-19 14:54:32|调试:Client Closed
2017-05-19 14:56:04|调试:New A Client Connect; Session Count 1
2017-05-19 14:56:04|调试:New A Client Connect; Session Count 2
2017-05-19 14:56:04|调试:New A Client Connect; Session Count 3
2017-05-19 14:56:04|调试:New A Client Connect; Session Count 4
2017-05-19 14:57:18|调试:New A Client Connect; Session Count 5
2017-05-19 14:57:23|调试:Client Closed
2017-05-19 14:57:23|调试:Client Closed
2017-05-19 14:57:23|调试:Client Closed
2017-05-19 14:57:23|调试:Client Closed
2017-05-19 14:57:23|调试:Client Closed
2017-05-19 15:11:44|调试:New A Client Connect; Session Count 1
2017-05-19 15:11:44|调试:New A Client Connect; Session Count 2
2017-05-19 15:11:44|调试:New A Client Connect; Session Count 3
2017-05-19 15:11:44|调试:New A Client Connect; Session Count 4
2017-05-19 15:12:11|调试:New A Client Connect; Session Count 5
2017-05-19 15:13:02|调试:Client Closed
2017-05-19 15:13:03|调试:Client Closed
2017-05-19 15:13:03|调试:Client Closed
2017-05-19 15:13:03|调试:Client Closed
2017-05-19 15:13:03|调试:Client Closed
2017-05-19 15:14:07|调试:New A Client Connect; Session Count 1
2017-05-19 15:14:07|调试:New A Client Connect; Session Count 2
2017-05-19 15:14:07|调试:New A Client Connect; Session Count 3
2017-05-19 15:14:07|调试:New A Client Connect; Session Count 4
2017-05-19 15:15:59|调试:New A Client Connect; Session Count 5
2017-05-19 15:16:04|调试:Client Closed
2017-05-19 15:16:04|调试:Client Closed
2017-05-19 15:16:04|调试:Client Closed
2017-05-19 15:16:04|调试:Client Closed
2017-05-19 15:16:04|调试:Client Closed
2017-05-19 15:17:55|调试:New A Client Connect; Session Count 1
2017-05-19 15:17:55|调试:New A Client Connect; Session Count 2
2017-05-19 15:17:55|调试:New A Client Connect; Session Count 3
2017-05-19 15:17:55|调试:New A Client Connect; Session Count 4
2017-05-19 15:18:11|调试:New A Client Connect; Session Count 5
2017-05-19 15:18:37|调试:Client Closed
2017-05-19 15:18:37|调试:Client Closed
2017-05-19 15:18:37|调试:Client Closed
2017-05-19 15:18:37|调试:Client Closed
2017-05-19 15:18:37|调试:Client Closed
2017-05-19 15:20:03|调试:New A Client Connect; Session Count 1
2017-05-19 15:20:03|调试:New A Client Connect; Session Count 2
2017-05-19 15:20:03|调试:New A Client Connect; Session Count 3
2017-05-19 15:20:03|调试:New A Client Connect; Session Count 4
2017-05-19 15:20:15|调试:New A Client Connect; Session Count 5
2017-05-19 15:20:20|调试:Client Closed
2017-05-19 15:20:20|调试:Client Closed
2017-05-19 15:20:20|调试:Client Closed
2017-05-19 15:20:20|调试:Client Closed
2017-05-19 15:20:20|调试:Client Closed
2017-05-19 15:25:11|调试:New A Client Connect; Session Count 1
2017-05-19 15:25:11|调试:New A Client Connect; Session Count 2
2017-05-19 15:25:11|调试:New A Client Connect; Session Count 3
2017-05-19 15:25:11|调试:New A Client Connect; Session Count 4
2017-05-19 15:25:23|调试:New A Client Connect; Session Count 5
2017-05-19 15:26:08|调试:Client Closed
2017-05-19 15:26:08|调试:Client Closed
2017-05-19 15:26:08|调试:Client Closed
2017-05-19 15:26:08|调试:Client Closed
2017-05-19 15:26:08|调试:Client Closed
2017-05-19 15:48:31|调试:SqlSession wait_timeout 28800
2017-05-19 15:48:31|信息:连接到(DB：sgsverify)192.168.50.2:3306
2017-05-19 15:48:31|调试:SqlSession wait_timeout 28800
2017-05-19 15:48:31|信息:连接到(DB：sgs)192.168.50.2:3306
2017-05-19 15:48:31|调试:SqlSession wait_timeout 28800
2017-05-19 15:48:31|信息:连接到(DB：sgs_action)192.168.50.2:3306
2017-05-19 15:48:31|调试:SqlSession wait_timeout 28800
2017-05-19 15:48:31|信息:连接到(DB：sgsrecharge)192.168.50.2:3306
2017-05-19 15:48:31|调试:SqlSession wait_timeout 28800
2017-05-19 15:48:31|信息:连接到(DB：sgsinfo)192.168.50.2:3306
2017-05-19 15:48:31|调试:SqlSession wait_timeout 28800
2017-05-19 15:48:31|信息:连接到(DB：sgscash)192.168.50.2:3306
2017-05-19 15:48:31|信息:============数据服务器服务器启动成功===========!
2017-05-19 15:48:49|调试:New A Client Connect; Session Count 1
2017-05-19 15:48:49|调试:New A Client Connect; Session Count 2
2017-05-19 15:48:49|调试:New A Client Connect; Session Count 3
2017-05-19 15:48:49|调试:New A Client Connect; Session Count 4
2017-05-19 15:48:49|调试:New A Client Connect; Session Count 5
2017-05-19 15:48:49|调试:New A Client Connect; Session Count 6
2017-05-19 15:48:49|调试:New A Client Connect; Session Count 7
2017-05-19 15:48:49|调试:New A Client Connect; Session Count 8
2017-05-19 15:48:49|调试:New A Client Connect; Session Count 9
2017-05-19 15:48:49|调试:New A Client Connect; Session Count 10
2017-05-19 15:49:00|调试:New A Client Connect; Session Count 11
2017-05-19 15:49:00|调试:New A Client Connect; Session Count 12
2017-05-19 15:49:00|调试:New A Client Connect; Session Count 13
2017-05-19 15:49:00|调试:New A Client Connect; Session Count 14
2017-05-19 15:49:00|调试:New A Client Connect; Session Count 15
2017-05-19 15:49:00|调试:New A Client Connect; Session Count 16
2017-05-19 15:49:02|调试:New A Client Connect; Session Count 17
2017-05-19 15:49:02|调试:New A Client Connect; Session Count 18
2017-05-19 15:49:14|调试:New A Client Connect; Session Count 19
