e:\cyaserver\servicemodule\dbserver\debug\vc120.pdb
e:\cyaserver\servicemodule\dbserver\debug\vc120.idb
e:\cyaserver\servicemodule\dbserver\debug\appendprocess.obj
e:\cyaserver\servicemodule\dbserver\debug\dbconfig.obj
e:\cyaserver\servicemodule\dbserver\debug\dbserver.obj
e:\cyaserver\servicemodule\dbserver\debug\dbserverman.obj
e:\cyaserver\servicemodule\dbserver\debug\dbtable.obj
e:\cyaserver\servicemodule\dbserver\debug\getprocess.obj
e:\cyaserver\servicemodule\dbserver\debug\globalobj.obj
e:\cyaserver\servicemodule\dbserver\debug\loadprocess.obj
e:\cyaserver\servicemodule\dbserver\debug\msgprocess.obj
e:\cyaserver\servicemodule\dbserver\debug\queryprocess.obj
e:\cyaserver\servicemodule\dbserver\debug\removeprocess.obj
e:\cyaserver\servicemodule\dbserver\debug\setprocess.obj
e:\cyaserver\servicemodule\dbserver\debug\sqlman.obj
e:\cyaserver\servicemodule\dbserver\debug\sqlsingle.obj
e:\cyaserver\servicemodule\dbserver\debug\synchelper.obj
e:\cyaserver\servicemodule\dbserver\debug\syncserver.obj
e:\cyaserver\servicemodule\dbserver\debug\tcpsession.obj
e:\cyaserver\servicemodule\dbserver\debug\tcpsessionmaker.obj
e:\cyaserver\servicemodule\dbserver\debug\transporter.obj
e:\cyaserver\servicemodule\dbserver\debug\unloadprocess.obj
e:\cyaserver\debug\dbserver.ilk
e:\cyaserver\debug\dbserver.exe
e:\cyaserver\debug\dbserver.pdb
e:\cyaserver\servicemodule\dbserver\debug\dbserver.tlog\cl.command.1.tlog
e:\cyaserver\servicemodule\dbserver\debug\dbserver.tlog\cl.read.1.tlog
e:\cyaserver\servicemodule\dbserver\debug\dbserver.tlog\cl.write.1.tlog
e:\cyaserver\servicemodule\dbserver\debug\dbserver.tlog\link.command.1.tlog
e:\cyaserver\servicemodule\dbserver\debug\dbserver.tlog\link.read.1.tlog
e:\cyaserver\servicemodule\dbserver\debug\dbserver.tlog\link.write.1.tlog
