2017-12-04 14:14:41|信息:读取配置文件[./cyaLCServer.properties]成功!
2017-12-04 14:14:41|信息:连接数据服务器[192.168.50.2:9570]成功!
2017-12-04 14:14:41|信息:连接数据服务器[192.168.50.2:9570]成功!
2017-12-04 14:14:42|信息:连接数据服务器[192.168.50.2:9570]成功!
2017-12-04 14:14:42|信息:共载入3条分区信息!
2017-12-04 14:14:42|信息:启动对linker上报连接数的检测,时间间隔30秒
2017-12-04 14:14:42|信息:========验证服务器[1.0.0][10030]启动成功!========
2017-12-04 14:14:42|调试:OnProcessDataPacket cmdCode[30001], len[48]
2017-12-04 14:14:42|信息:LinkServer[1, 192.168.50.2:9528]登录!
2017-12-04 14:14:42|调试:OnProcessDataPacket cmdCode[30023], len[0]
2017-12-04 14:14:42|调试:linker[1]获取上报连接数时间间隔[30]秒!
2017-12-04 14:14:42|调试:OnProcessDataPacket cmdCode[30006], len[8]
2017-12-04 14:14:42|调试:OnProcessDataPacket cmdCode[30005], len[0]
2017-12-04 14:14:42|调试:查询分区1状态[0]!
2017-12-04 14:15:12|调试:OnProcessDataPacket cmdCode[30006], len[8]
2017-12-04 14:15:42|调试:OnProcessDataPacket cmdCode[30006], len[8]
2017-12-04 14:16:12|调试:OnProcessDataPacket cmdCode[30006], len[8]
2017-12-04 14:16:42|调试:OnProcessDataPacket cmdCode[30006], len[8]
2017-12-04 14:17:12|调试:OnProcessDataPacket cmdCode[30006], len[8]
2017-12-04 14:17:42|调试:OnProcessDataPacket cmdCode[30006], len[8]
2017-12-04 14:18:12|调试:OnProcessDataPacket cmdCode[30006], len[8]
2017-12-04 14:18:18|调试:OnProcessDataPacket cmdCode[30008], len[200]
2017-12-04 14:18:18|信息:用户[qwe]ID[30933],平台[win32],模式[1]登录!
2017-12-04 14:18:18|调试:OnProcessDataPacket cmdCode[30009], len[4]
2017-12-04 14:18:18|调试:用户[30933]查询分区信息!
2017-12-04 14:18:21|调试:OnProcessDataPacket cmdCode[30010], len[6]
2017-12-04 14:18:21|调试:用户[qwe]进入分区1
2017-12-04 14:18:21|调试:OnProcessCtrlPacket cmdCode[30004], len[47]
2017-12-04 14:18:21|调试:收到Linker[1]生成用户[30933]token[QDeVT79r1F0vzW2HsR1uTA3V4wNo17uA]
2017-12-04 14:18:21|信息:用户[30933]退出!
2017-12-04 14:18:21|调试:OnProcessDataPacket cmdCode[30020], len[4]
2017-12-04 14:18:42|调试:OnProcessDataPacket cmdCode[30006], len[8]
2017-12-04 14:19:12|调试:OnProcessDataPacket cmdCode[30006], len[8]
2017-12-04 14:19:42|调试:OnProcessDataPacket cmdCode[30021], len[5]
2017-12-04 14:19:42|调试:OnProcessDataPacket cmdCode[30006], len[8]
2017-12-04 14:20:12|调试:OnProcessDataPacket cmdCode[30006], len[8]
2017-12-04 14:20:42|调试:OnProcessDataPacket cmdCode[30006], len[8]
2017-12-04 14:21:12|调试:OnProcessDataPacket cmdCode[30006], len[8]
2017-12-04 14:21:42|调试:OnProcessDataPacket cmdCode[30006], len[8]
2017-12-04 14:22:12|调试:OnProcessDataPacket cmdCode[30006], len[8]
2017-12-04 14:22:42|调试:OnProcessDataPacket cmdCode[30006], len[8]
2017-12-04 14:23:12|调试:OnProcessDataPacket cmdCode[30006], len[8]
2017-12-04 14:23:42|调试:OnProcessDataPacket cmdCode[30006], len[8]
2017-12-04 14:24:12|调试:OnProcessDataPacket cmdCode[30006], len[8]
2017-12-04 14:24:42|调试:OnProcessDataPacket cmdCode[30006], len[8]
2017-12-04 14:25:12|调试:OnProcessDataPacket cmdCode[30006], len[8]
2017-12-04 14:25:42|调试:OnProcessDataPacket cmdCode[30006], len[8]
2017-12-04 14:26:12|调试:OnProcessDataPacket cmdCode[30006], len[8]
2017-12-04 14:26:42|调试:OnProcessDataPacket cmdCode[30006], len[8]
2017-12-04 14:27:12|调试:OnProcessDataPacket cmdCode[30006], len[8]
2017-12-04 14:27:42|调试:OnProcessDataPacket cmdCode[30006], len[8]
2017-12-04 14:28:12|调试:OnProcessDataPacket cmdCode[30006], len[8]
2017-12-04 14:28:42|调试:OnProcessDataPacket cmdCode[30006], len[8]
2017-12-04 14:29:12|调试:OnProcessDataPacket cmdCode[30006], len[8]
2017-12-04 14:29:42|调试:OnProcessDataPacket cmdCode[30006], len[8]
2017-12-04 14:30:12|调试:OnProcessDataPacket cmdCode[30006], len[8]
2017-12-04 14:30:42|调试:OnProcessDataPacket cmdCode[30006], len[8]
2017-12-04 14:31:12|调试:OnProcessDataPacket cmdCode[30006], len[8]
2017-12-04 14:31:42|调试:OnProcessDataPacket cmdCode[30006], len[8]
2017-12-04 14:32:12|调试:OnProcessDataPacket cmdCode[30006], len[8]
2017-12-04 14:32:42|调试:OnProcessDataPacket cmdCode[30006], len[8]
2017-12-04 14:33:12|调试:OnProcessDataPacket cmdCode[30006], len[8]
2017-12-04 14:33:42|调试:OnProcessDataPacket cmdCode[30006], len[8]
2017-12-04 14:34:12|调试:OnProcessDataPacket cmdCode[30006], len[8]
2017-12-04 14:34:42|调试:OnProcessDataPacket cmdCode[30006], len[8]
2017-12-04 14:35:12|调试:OnProcessDataPacket cmdCode[30006], len[8]
2017-12-04 14:35:42|调试:OnProcessDataPacket cmdCode[30006], len[8]
2017-12-04 14:36:12|调试:OnProcessDataPacket cmdCode[30006], len[8]
2017-12-04 14:36:42|调试:OnProcessDataPacket cmdCode[30006], len[8]
2017-12-04 14:37:12|调试:OnProcessDataPacket cmdCode[30006], len[8]
2017-12-04 14:37:42|调试:OnProcessDataPacket cmdCode[30006], len[8]
2017-12-04 14:38:05|调试:OnProcessDataPacket cmdCode[30008], len[200]
2017-12-04 14:38:05|信息:用户[qwe]ID[30933],平台[win32],模式[1]登录!
2017-12-04 14:38:05|调试:OnProcessDataPacket cmdCode[30009], len[4]
2017-12-04 14:38:05|调试:用户[30933]查询分区信息!
2017-12-04 14:38:07|调试:OnProcessDataPacket cmdCode[30010], len[6]
2017-12-04 14:38:07|调试:用户[qwe]进入分区1
2017-12-04 14:38:07|调试:OnProcessCtrlPacket cmdCode[30004], len[47]
2017-12-04 14:38:07|调试:收到Linker[1]生成用户[30933]token[QDeVT79r1F0vzW2HsR1uTA3V4wNo17uA]
2017-12-04 14:38:07|信息:用户[30933]退出!
2017-12-04 14:38:07|调试:OnProcessDataPacket cmdCode[30020], len[4]
2017-12-04 14:38:12|调试:OnProcessDataPacket cmdCode[30006], len[8]
2017-12-04 14:38:18|调试:OnProcessDataPacket cmdCode[30021], len[5]
2017-12-04 14:38:33|调试:OnProcessDataPacket cmdCode[30008], len[200]
2017-12-04 14:38:33|信息:用户[qwe]ID[30933],平台[win32],模式[1]登录!
2017-12-04 14:38:33|调试:OnProcessDataPacket cmdCode[30009], len[4]
2017-12-04 14:38:33|调试:用户[30933]查询分区信息!
2017-12-04 14:38:35|调试:OnProcessDataPacket cmdCode[30010], len[6]
2017-12-04 14:38:35|调试:用户[qwe]进入分区1
2017-12-04 14:38:35|调试:OnProcessCtrlPacket cmdCode[30004], len[47]
2017-12-04 14:38:35|调试:收到Linker[1]生成用户[30933]token[QDeVT79r1F0vzW2HsR1uTA3V4wNo17uA]
2017-12-04 14:38:35|信息:用户[30933]退出!
2017-12-04 14:38:35|调试:OnProcessDataPacket cmdCode[30020], len[4]
2017-12-04 14:38:42|调试:OnProcessDataPacket cmdCode[30006], len[8]
2017-12-04 14:39:02|调试:OnProcessDataPacket cmdCode[30021], len[5]
2017-12-04 14:39:12|调试:OnProcessDataPacket cmdCode[30006], len[8]
2017-12-04 14:39:42|调试:OnProcessDataPacket cmdCode[30006], len[8]
2017-12-04 14:40:09|调试:OnProcessDataPacket cmdCode[30008], len[200]
2017-12-04 14:40:09|信息:用户[qwe]ID[30933],平台[win32],模式[1]登录!
2017-12-04 14:40:09|调试:OnProcessDataPacket cmdCode[30009], len[4]
2017-12-04 14:40:09|调试:用户[30933]查询分区信息!
2017-12-04 14:40:12|调试:OnProcessDataPacket cmdCode[30010], len[6]
2017-12-04 14:40:12|调试:用户[qwe]进入分区1
2017-12-04 14:40:12|调试:OnProcessCtrlPacket cmdCode[30004], len[47]
2017-12-04 14:40:12|调试:收到Linker[1]生成用户[30933]token[QDeVT79r1F0vzW2HsR1uTA3V4wNo17uA]
2017-12-04 14:40:12|信息:用户[30933]退出!
2017-12-04 14:40:12|调试:OnProcessDataPacket cmdCode[30020], len[4]
2017-12-04 14:40:12|调试:OnProcessDataPacket cmdCode[30006], len[8]
2017-12-04 14:40:42|调试:OnProcessDataPacket cmdCode[30006], len[8]
2017-12-04 14:40:44|调试:OnProcessDataPacket cmdCode[30021], len[5]
2017-12-04 14:41:12|调试:OnProcessDataPacket cmdCode[30006], len[8]
2017-12-04 14:41:42|调试:OnProcessDataPacket cmdCode[30006], len[8]
2017-12-04 14:41:52|调试:OnProcessDataPacket cmdCode[30008], len[200]
2017-12-04 14:41:52|信息:用户[qwe]ID[30933],平台[win32],模式[1]登录!
2017-12-04 14:41:52|调试:OnProcessDataPacket cmdCode[30009], len[4]
2017-12-04 14:41:52|调试:用户[30933]查询分区信息!
2017-12-04 14:41:54|调试:OnProcessDataPacket cmdCode[30010], len[6]
2017-12-04 14:41:54|调试:用户[qwe]进入分区1
2017-12-04 14:41:54|调试:OnProcessCtrlPacket cmdCode[30004], len[47]
2017-12-04 14:41:54|调试:收到Linker[1]生成用户[30933]token[QDeVT79r1F0vzW2HsR1uTA3V4wNo17uA]
2017-12-04 14:41:54|信息:用户[30933]退出!
2017-12-04 14:41:54|调试:OnProcessDataPacket cmdCode[30020], len[4]
2017-12-04 14:42:12|调试:OnProcessDataPacket cmdCode[30006], len[8]
2017-12-04 14:42:23|调试:OnProcessDataPacket cmdCode[30021], len[5]
2017-12-04 14:42:42|调试:OnProcessDataPacket cmdCode[30006], len[8]
2017-12-04 14:43:12|调试:OnProcessDataPacket cmdCode[30006], len[8]
2017-12-04 14:43:39|调试:OnProcessDataPacket cmdCode[30008], len[200]
2017-12-04 14:43:39|信息:用户[qwe]ID[30933],平台[win32],模式[1]登录!
2017-12-04 14:43:39|调试:OnProcessDataPacket cmdCode[30009], len[4]
2017-12-04 14:43:39|调试:用户[30933]查询分区信息!
2017-12-04 14:43:42|调试:OnProcessDataPacket cmdCode[30010], len[6]
2017-12-04 14:43:42|调试:用户[qwe]进入分区1
2017-12-04 14:43:42|调试:OnProcessCtrlPacket cmdCode[30004], len[47]
2017-12-04 14:43:42|调试:收到Linker[1]生成用户[30933]token[QDeVT79r1F0vzW2HsR1uTA3V4wNo17uA]
2017-12-04 14:43:42|信息:用户[30933]退出!
2017-12-04 14:43:42|调试:OnProcessDataPacket cmdCode[30020], len[4]
2017-12-04 14:43:42|调试:OnProcessDataPacket cmdCode[30006], len[8]
2017-12-04 14:44:06|调试:OnProcessDataPacket cmdCode[30021], len[5]
2017-12-04 14:44:12|调试:OnProcessDataPacket cmdCode[30006], len[8]
2017-12-04 14:44:42|调试:OnProcessDataPacket cmdCode[30006], len[8]
2017-12-04 14:44:56|调试:OnProcessDataPacket cmdCode[30008], len[200]
2017-12-04 14:44:56|信息:用户[qwe]ID[30933],平台[win32],模式[1]登录!
2017-12-04 14:44:56|调试:OnProcessDataPacket cmdCode[30009], len[4]
2017-12-04 14:44:56|调试:用户[30933]查询分区信息!
2017-12-04 14:44:58|调试:OnProcessDataPacket cmdCode[30010], len[6]
2017-12-04 14:44:58|调试:用户[qwe]进入分区1
2017-12-04 14:44:58|调试:OnProcessCtrlPacket cmdCode[30004], len[47]
2017-12-04 14:44:58|调试:收到Linker[1]生成用户[30933]token[QDeVT79r1F0vzW2HsR1uTA3V4wNo17uA]
2017-12-04 14:44:58|信息:用户[30933]退出!
2017-12-04 14:44:58|调试:OnProcessDataPacket cmdCode[30020], len[4]
2017-12-04 14:45:12|调试:OnProcessDataPacket cmdCode[30006], len[8]
2017-12-04 14:45:42|调试:OnProcessDataPacket cmdCode[30006], len[8]
2017-12-04 14:46:12|调试:OnProcessDataPacket cmdCode[30006], len[8]
2017-12-04 14:46:35|调试:OnProcessDataPacket cmdCode[30021], len[5]
2017-12-04 14:46:42|调试:OnProcessDataPacket cmdCode[30006], len[8]
2017-12-04 14:47:12|调试:OnProcessDataPacket cmdCode[30006], len[8]
2017-12-04 14:47:40|调试:OnProcessDataPacket cmdCode[30008], len[200]
2017-12-04 14:47:40|信息:用户[qwe]ID[30933],平台[win32],模式[1]登录!
2017-12-04 14:47:40|调试:OnProcessDataPacket cmdCode[30009], len[4]
2017-12-04 14:47:40|调试:用户[30933]查询分区信息!
2017-12-04 14:47:42|调试:OnProcessDataPacket cmdCode[30006], len[8]
2017-12-04 14:47:43|调试:OnProcessDataPacket cmdCode[30010], len[6]
2017-12-04 14:47:43|调试:用户[qwe]进入分区1
2017-12-04 14:47:43|调试:OnProcessCtrlPacket cmdCode[30004], len[47]
2017-12-04 14:47:43|调试:收到Linker[1]生成用户[30933]token[QDeVT79r1F0vzW2HsR1uTA3V4wNo17uA]
2017-12-04 14:47:43|信息:用户[30933]退出!
2017-12-04 14:47:43|调试:OnProcessDataPacket cmdCode[30020], len[4]
2017-12-04 14:48:12|调试:OnProcessDataPacket cmdCode[30006], len[8]
2017-12-04 14:48:15|调试:OnProcessDataPacket cmdCode[30021], len[5]
2017-12-04 14:48:42|调试:OnProcessDataPacket cmdCode[30006], len[8]
2017-12-04 14:49:12|调试:OnProcessDataPacket cmdCode[30006], len[8]
2017-12-04 14:49:42|调试:OnProcessDataPacket cmdCode[30006], len[8]
2017-12-04 14:50:12|调试:OnProcessDataPacket cmdCode[30008], len[200]
2017-12-04 14:50:12|信息:用户[qwe]ID[30933],平台[win32],模式[1]登录!
2017-12-04 14:50:12|调试:OnProcessDataPacket cmdCode[30009], len[4]
2017-12-04 14:50:12|调试:用户[30933]查询分区信息!
2017-12-04 14:50:12|调试:OnProcessDataPacket cmdCode[30006], len[8]
2017-12-04 14:50:15|调试:OnProcessDataPacket cmdCode[30010], len[6]
2017-12-04 14:50:15|调试:用户[qwe]进入分区1
2017-12-04 14:50:15|调试:OnProcessCtrlPacket cmdCode[30004], len[47]
2017-12-04 14:50:15|调试:收到Linker[1]生成用户[30933]token[QDeVT79r1F0vzW2HsR1uTA3V4wNo17uA]
2017-12-04 14:50:15|信息:用户[30933]退出!
2017-12-04 14:50:15|调试:OnProcessDataPacket cmdCode[30020], len[4]
2017-12-04 14:50:42|调试:OnProcessDataPacket cmdCode[30006], len[8]
2017-12-04 14:50:50|调试:OnProcessDataPacket cmdCode[30021], len[5]
2017-12-04 14:51:12|调试:OnProcessDataPacket cmdCode[30006], len[8]
2017-12-04 14:51:42|调试:OnProcessDataPacket cmdCode[30006], len[8]
2017-12-04 14:52:12|调试:OnProcessDataPacket cmdCode[30006], len[8]
2017-12-04 14:52:42|调试:OnProcessDataPacket cmdCode[30006], len[8]
2017-12-04 14:53:12|调试:OnProcessDataPacket cmdCode[30006], len[8]
2017-12-04 14:53:42|调试:OnProcessDataPacket cmdCode[30006], len[8]
2017-12-04 14:54:12|调试:OnProcessDataPacket cmdCode[30006], len[8]
2017-12-04 14:54:43|调试:OnProcessDataPacket cmdCode[30006], len[8]
2017-12-04 14:55:12|调试:OnProcessDataPacket cmdCode[30006], len[8]
2017-12-04 14:55:42|调试:OnProcessDataPacket cmdCode[30006], len[8]
2017-12-04 14:56:13|调试:OnProcessDataPacket cmdCode[30006], len[8]
2017-12-04 14:56:15|调试:OnProcessDataPacket cmdCode[30008], len[200]
2017-12-04 14:56:15|信息:用户[qwe]ID[30933],平台[win32],模式[1]登录!
2017-12-04 14:56:15|调试:OnProcessDataPacket cmdCode[30009], len[4]
2017-12-04 14:56:15|调试:用户[30933]查询分区信息!
2017-12-04 14:56:18|调试:OnProcessDataPacket cmdCode[30010], len[6]
2017-12-04 14:56:18|调试:用户[qwe]进入分区1
2017-12-04 14:56:18|调试:OnProcessCtrlPacket cmdCode[30004], len[47]
2017-12-04 14:56:18|调试:收到Linker[1]生成用户[30933]token[QDeVT79r1F0vzW2HsR1uTA3V4wNo17uA]
2017-12-04 14:56:18|信息:用户[30933]退出!
2017-12-04 14:56:18|调试:OnProcessDataPacket cmdCode[30020], len[4]
2017-12-04 14:56:42|调试:OnProcessDataPacket cmdCode[30006], len[8]
2017-12-04 14:56:43|调试:OnProcessDataPacket cmdCode[30021], len[5]
2017-12-04 14:57:13|调试:OnProcessDataPacket cmdCode[30006], len[8]
2017-12-04 14:57:43|调试:OnProcessDataPacket cmdCode[30006], len[8]
2017-12-04 14:57:43|调试:OnProcessDataPacket cmdCode[30008], len[200]
2017-12-04 14:57:43|信息:用户[qwe]ID[30933],平台[win32],模式[1]登录!
2017-12-04 14:57:43|调试:OnProcessDataPacket cmdCode[30009], len[4]
2017-12-04 14:57:43|调试:用户[30933]查询分区信息!
2017-12-04 14:57:45|调试:OnProcessDataPacket cmdCode[30010], len[6]
2017-12-04 14:57:45|调试:用户[qwe]进入分区1
2017-12-04 14:57:45|调试:OnProcessCtrlPacket cmdCode[30004], len[47]
2017-12-04 14:57:45|调试:收到Linker[1]生成用户[30933]token[QDeVT79r1F0vzW2HsR1uTA3V4wNo17uA]
2017-12-04 14:57:45|信息:用户[30933]退出!
2017-12-04 14:57:46|调试:OnProcessDataPacket cmdCode[30020], len[4]
2017-12-04 14:58:12|调试:OnProcessDataPacket cmdCode[30006], len[8]
2017-12-04 14:58:43|调试:OnProcessDataPacket cmdCode[30006], len[8]
2017-12-04 14:58:47|调试:OnProcessDataPacket cmdCode[30021], len[5]
2017-12-04 14:59:12|调试:OnProcessDataPacket cmdCode[30006], len[8]
2017-12-04 14:59:26|调试:OnProcessDataPacket cmdCode[30008], len[200]
2017-12-04 14:59:26|信息:用户[qwe]ID[30933],平台[win32],模式[1]登录!
2017-12-04 14:59:26|调试:OnProcessDataPacket cmdCode[30009], len[4]
2017-12-04 14:59:26|调试:用户[30933]查询分区信息!
2017-12-04 14:59:30|调试:OnProcessDataPacket cmdCode[30010], len[6]
2017-12-04 14:59:30|调试:用户[qwe]进入分区1
2017-12-04 14:59:30|调试:OnProcessCtrlPacket cmdCode[30004], len[47]
2017-12-04 14:59:30|调试:收到Linker[1]生成用户[30933]token[QDeVT79r1F0vzW2HsR1uTA3V4wNo17uA]
2017-12-04 14:59:30|信息:用户[30933]退出!
2017-12-04 14:59:30|调试:OnProcessDataPacket cmdCode[30020], len[4]
2017-12-04 14:59:42|调试:OnProcessDataPacket cmdCode[30006], len[8]
2017-12-04 15:00:12|调试:OnProcessDataPacket cmdCode[30006], len[8]
2017-12-04 15:00:20|调试:OnProcessDataPacket cmdCode[30021], len[5]
2017-12-04 15:00:42|调试:OnProcessDataPacket cmdCode[30006], len[8]
2017-12-04 15:01:13|调试:OnProcessDataPacket cmdCode[30006], len[8]
2017-12-04 15:01:43|调试:OnProcessDataPacket cmdCode[30006], len[8]
2017-12-04 15:02:04|调试:OnProcessDataPacket cmdCode[30008], len[200]
2017-12-04 15:02:05|信息:用户[qwe]ID[30933],平台[win32],模式[1]登录!
2017-12-04 15:02:05|调试:OnProcessDataPacket cmdCode[30009], len[4]
2017-12-04 15:02:05|调试:用户[30933]查询分区信息!
2017-12-04 15:02:07|调试:OnProcessDataPacket cmdCode[30010], len[6]
2017-12-04 15:02:07|调试:用户[qwe]进入分区1
2017-12-04 15:02:07|调试:OnProcessCtrlPacket cmdCode[30004], len[47]
2017-12-04 15:02:07|调试:收到Linker[1]生成用户[30933]token[QDeVT79r1F0vzW2HsR1uTA3V4wNo17uA]
2017-12-04 15:02:07|信息:用户[30933]退出!
2017-12-04 15:02:07|调试:OnProcessDataPacket cmdCode[30020], len[4]
2017-12-04 15:02:13|调试:OnProcessDataPacket cmdCode[30006], len[8]
2017-12-04 15:02:27|调试:OnProcessDataPacket cmdCode[30008], len[200]
2017-12-04 15:02:27|信息:用户[hhy]ID[28409],平台[win32],模式[1]登录!
2017-12-04 15:02:27|调试:OnProcessDataPacket cmdCode[30009], len[4]
2017-12-04 15:02:27|调试:用户[28409]查询分区信息!
2017-12-04 15:02:30|调试:OnProcessDataPacket cmdCode[30010], len[6]
2017-12-04 15:02:30|调试:用户[hhy]进入分区1
2017-12-04 15:02:30|调试:OnProcessCtrlPacket cmdCode[30004], len[47]
2017-12-04 15:02:30|调试:收到Linker[1]生成用户[28409]token[U57lelpAVyIPOUEvaM4viNJxsv42xB46]
2017-12-04 15:02:30|信息:用户[28409]退出!
2017-12-04 15:02:30|调试:OnProcessDataPacket cmdCode[30020], len[4]
2017-12-04 15:02:43|调试:OnProcessDataPacket cmdCode[30006], len[8]
2017-12-04 15:03:13|调试:OnProcessDataPacket cmdCode[30006], len[8]
2017-12-04 15:03:14|调试:OnProcessDataPacket cmdCode[30021], len[5]
2017-12-04 15:03:42|调试:OnProcessDataPacket cmdCode[30006], len[8]
2017-12-04 15:04:13|调试:OnProcessDataPacket cmdCode[30006], len[8]
2017-12-04 15:04:43|调试:OnProcessDataPacket cmdCode[30006], len[8]
2017-12-04 15:05:13|调试:OnProcessDataPacket cmdCode[30006], len[8]
2017-12-04 15:05:42|调试:OnProcessDataPacket cmdCode[30006], len[8]
2017-12-04 15:06:13|调试:OnProcessDataPacket cmdCode[30006], len[8]
2017-12-04 15:06:43|调试:OnProcessDataPacket cmdCode[30006], len[8]
2017-12-04 15:07:13|调试:OnProcessDataPacket cmdCode[30006], len[8]
2017-12-04 15:07:43|调试:OnProcessDataPacket cmdCode[30006], len[8]
2017-12-04 15:08:13|调试:OnProcessDataPacket cmdCode[30006], len[8]
2017-12-04 15:08:43|调试:OnProcessDataPacket cmdCode[30006], len[8]
2017-12-04 15:09:13|调试:OnProcessDataPacket cmdCode[30006], len[8]
2017-12-04 15:09:43|调试:OnProcessDataPacket cmdCode[30006], len[8]
2017-12-04 15:10:13|调试:OnProcessDataPacket cmdCode[30006], len[8]
2017-12-04 15:10:42|调试:OnProcessDataPacket cmdCode[30006], len[8]
2017-12-04 15:11:13|调试:OnProcessDataPacket cmdCode[30006], len[8]
2017-12-04 15:11:42|调试:OnProcessDataPacket cmdCode[30006], len[8]
2017-12-04 15:12:13|调试:OnProcessDataPacket cmdCode[30006], len[8]
2017-12-04 15:12:43|调试:OnProcessDataPacket cmdCode[30006], len[8]
2017-12-04 15:13:13|调试:OnProcessDataPacket cmdCode[30006], len[8]
2017-12-04 15:13:43|调试:OnProcessDataPacket cmdCode[30006], len[8]
2017-12-04 15:14:13|调试:OnProcessDataPacket cmdCode[30006], len[8]
2017-12-04 15:14:43|调试:OnProcessDataPacket cmdCode[30006], len[8]
2017-12-04 15:15:13|调试:OnProcessDataPacket cmdCode[30006], len[8]
2017-12-04 15:15:43|调试:OnProcessDataPacket cmdCode[30006], len[8]
2017-12-04 15:16:13|调试:OnProcessDataPacket cmdCode[30006], len[8]
2017-12-04 15:16:43|调试:OnProcessDataPacket cmdCode[30006], len[8]
2017-12-04 15:17:13|调试:OnProcessDataPacket cmdCode[30006], len[8]
2017-12-04 15:17:43|调试:OnProcessDataPacket cmdCode[30006], len[8]
2017-12-04 15:18:13|调试:OnProcessDataPacket cmdCode[30006], len[8]
2017-12-04 15:18:43|调试:OnProcessDataPacket cmdCode[30006], len[8]
2017-12-04 15:19:13|调试:OnProcessDataPacket cmdCode[30006], len[8]
2017-12-04 15:19:43|调试:OnProcessDataPacket cmdCode[30006], len[8]
2017-12-04 15:20:13|调试:OnProcessDataPacket cmdCode[30006], len[8]
2017-12-04 15:20:43|调试:OnProcessDataPacket cmdCode[30006], len[8]
2017-12-04 15:21:13|调试:OnProcessDataPacket cmdCode[30006], len[8]
2017-12-04 15:21:43|调试:OnProcessDataPacket cmdCode[30006], len[8]
2017-12-04 15:22:13|调试:OnProcessDataPacket cmdCode[30006], len[8]
2017-12-04 15:22:43|调试:OnProcessDataPacket cmdCode[30006], len[8]
2017-12-04 15:23:13|调试:OnProcessDataPacket cmdCode[30006], len[8]
2017-12-04 15:23:43|调试:OnProcessDataPacket cmdCode[30006], len[8]
2017-12-04 15:24:13|调试:OnProcessDataPacket cmdCode[30006], len[8]
2017-12-04 15:24:43|调试:OnProcessDataPacket cmdCode[30006], len[8]
2017-12-04 15:25:13|调试:OnProcessDataPacket cmdCode[30006], len[8]
2017-12-04 15:25:43|调试:OnProcessDataPacket cmdCode[30006], len[8]
2017-12-04 15:26:13|调试:OnProcessDataPacket cmdCode[30006], len[8]
2017-12-04 15:26:43|调试:OnProcessDataPacket cmdCode[30006], len[8]
2017-12-04 15:27:13|调试:OnProcessDataPacket cmdCode[30006], len[8]
2017-12-04 15:27:43|调试:OnProcessDataPacket cmdCode[30006], len[8]
2017-12-04 15:28:13|调试:OnProcessDataPacket cmdCode[30006], len[8]
2017-12-04 15:28:43|调试:OnProcessDataPacket cmdCode[30006], len[8]
2017-12-04 15:29:13|调试:OnProcessDataPacket cmdCode[30006], len[8]
2017-12-04 15:29:43|调试:OnProcessDataPacket cmdCode[30006], len[8]
2017-12-04 15:30:13|调试:OnProcessDataPacket cmdCode[30006], len[8]
2017-12-04 15:30:43|调试:OnProcessDataPacket cmdCode[30006], len[8]
2017-12-04 15:31:13|调试:OnProcessDataPacket cmdCode[30006], len[8]
2017-12-04 15:31:43|调试:OnProcessDataPacket cmdCode[30006], len[8]
2017-12-04 15:32:13|调试:OnProcessDataPacket cmdCode[30006], len[8]
2017-12-04 15:32:43|调试:OnProcessDataPacket cmdCode[30006], len[8]
2017-12-04 15:33:13|调试:OnProcessDataPacket cmdCode[30006], len[8]
2017-12-04 15:33:43|调试:OnProcessDataPacket cmdCode[30006], len[8]
2017-12-04 15:34:13|调试:OnProcessDataPacket cmdCode[30006], len[8]
2017-12-04 15:34:43|调试:OnProcessDataPacket cmdCode[30006], len[8]
2017-12-04 15:35:13|调试:OnProcessDataPacket cmdCode[30006], len[8]
2017-12-04 15:35:43|调试:OnProcessDataPacket cmdCode[30006], len[8]
2017-12-04 15:36:13|调试:OnProcessDataPacket cmdCode[30006], len[8]
2017-12-04 15:36:43|调试:OnProcessDataPacket cmdCode[30006], len[8]
2017-12-04 15:37:13|调试:OnProcessDataPacket cmdCode[30006], len[8]
2017-12-04 15:37:43|调试:OnProcessDataPacket cmdCode[30006], len[8]
2017-12-04 15:38:13|调试:OnProcessDataPacket cmdCode[30006], len[8]
2017-12-04 15:38:43|调试:OnProcessDataPacket cmdCode[30006], len[8]
2017-12-04 15:39:13|调试:OnProcessDataPacket cmdCode[30006], len[8]
2017-12-04 15:39:43|调试:OnProcessDataPacket cmdCode[30006], len[8]
2017-12-04 15:40:13|调试:OnProcessDataPacket cmdCode[30006], len[8]
2017-12-04 15:40:43|调试:OnProcessDataPacket cmdCode[30006], len[8]
2017-12-04 15:41:13|调试:OnProcessDataPacket cmdCode[30006], len[8]
2017-12-04 15:41:43|调试:OnProcessDataPacket cmdCode[30006], len[8]
2017-12-04 15:42:13|调试:OnProcessDataPacket cmdCode[30006], len[8]
2017-12-04 15:42:29|调试:OnProcessDataPacket cmdCode[30021], len[5]
2017-12-04 15:42:43|调试:OnProcessDataPacket cmdCode[30006], len[8]
2017-12-04 15:42:46|调试:OnProcessDataPacket cmdCode[30008], len[200]
2017-12-04 15:42:46|信息:用户[hhy]ID[28409],平台[win32],模式[1]登录!
2017-12-04 15:42:46|调试:OnProcessDataPacket cmdCode[30009], len[4]
2017-12-04 15:42:46|调试:用户[28409]查询分区信息!
2017-12-04 15:42:48|调试:OnProcessDataPacket cmdCode[30010], len[6]
2017-12-04 15:42:48|调试:用户[hhy]进入分区1
2017-12-04 15:42:49|调试:OnProcessCtrlPacket cmdCode[30004], len[47]
2017-12-04 15:42:49|调试:收到Linker[1]生成用户[28409]token[U57lelpAVyIPOUEvaM4viNJxsv42xB46]
2017-12-04 15:42:49|信息:用户[28409]退出!
2017-12-04 15:42:49|调试:OnProcessDataPacket cmdCode[30020], len[4]
2017-12-04 15:43:05|调试:OnProcessDataPacket cmdCode[30008], len[200]
2017-12-04 15:43:05|信息:用户[qwe]ID[30933],平台[win32],模式[1]登录!
2017-12-04 15:43:05|调试:OnProcessDataPacket cmdCode[30009], len[4]
2017-12-04 15:43:05|调试:用户[30933]查询分区信息!
2017-12-04 15:43:07|调试:OnProcessDataPacket cmdCode[30010], len[6]
2017-12-04 15:43:07|调试:用户[qwe]进入分区1
2017-12-04 15:43:08|调试:OnProcessCtrlPacket cmdCode[30004], len[47]
2017-12-04 15:43:08|调试:收到Linker[1]生成用户[30933]token[QDeVT79r1F0vzW2HsR1uTA3V4wNo17uA]
2017-12-04 15:43:08|信息:用户[30933]退出!
2017-12-04 15:43:08|调试:OnProcessDataPacket cmdCode[30020], len[4]
2017-12-04 15:43:13|调试:OnProcessDataPacket cmdCode[30006], len[8]
2017-12-04 15:43:34|调试:OnProcessDataPacket cmdCode[30021], len[5]
2017-12-04 15:43:43|调试:OnProcessDataPacket cmdCode[30006], len[8]
2017-12-04 15:44:13|调试:OnProcessDataPacket cmdCode[30006], len[8]
2017-12-04 15:44:43|调试:OnProcessDataPacket cmdCode[30006], len[8]
2017-12-04 15:44:55|调试:OnProcessDataPacket cmdCode[30021], len[5]
2017-12-04 15:45:13|调试:OnProcessDataPacket cmdCode[30006], len[8]
2017-12-04 15:45:43|调试:OnProcessDataPacket cmdCode[30006], len[8]
2017-12-04 15:46:13|调试:OnProcessDataPacket cmdCode[30006], len[8]
2017-12-04 15:46:43|调试:OnProcessDataPacket cmdCode[30006], len[8]
2017-12-04 15:47:13|调试:OnProcessDataPacket cmdCode[30006], len[8]
2017-12-04 15:47:43|调试:OnProcessDataPacket cmdCode[30006], len[8]
2017-12-04 15:48:13|调试:OnProcessDataPacket cmdCode[30006], len[8]
2017-12-04 15:48:43|调试:OnProcessDataPacket cmdCode[30006], len[8]
2017-12-04 15:49:13|调试:OnProcessDataPacket cmdCode[30006], len[8]
2017-12-04 15:49:43|调试:OnProcessDataPacket cmdCode[30006], len[8]
2017-12-04 15:50:13|调试:OnProcessDataPacket cmdCode[30006], len[8]
2017-12-04 15:50:43|调试:OnProcessDataPacket cmdCode[30006], len[8]
2017-12-04 15:50:46|调试:OnProcessDataPacket cmdCode[30008], len[200]
2017-12-04 15:50:47|信息:用户[hhy]ID[28409],平台[win32],模式[1]登录!
2017-12-04 15:50:47|调试:OnProcessDataPacket cmdCode[30009], len[4]
2017-12-04 15:50:47|调试:用户[28409]查询分区信息!
2017-12-04 15:50:49|调试:OnProcessDataPacket cmdCode[30010], len[6]
2017-12-04 15:50:49|调试:用户[hhy]进入分区1
2017-12-04 15:50:49|调试:OnProcessCtrlPacket cmdCode[30004], len[47]
2017-12-04 15:50:49|调试:收到Linker[1]生成用户[28409]token[U57lelpAVyIPOUEvaM4viNJxsv42xB46]
2017-12-04 15:50:49|信息:用户[28409]退出!
2017-12-04 15:50:49|调试:OnProcessDataPacket cmdCode[30020], len[4]
2017-12-04 15:51:02|调试:OnProcessDataPacket cmdCode[30021], len[5]
2017-12-04 15:51:13|调试:OnProcessDataPacket cmdCode[30006], len[8]
2017-12-04 15:51:18|调试:OnProcessDataPacket cmdCode[30008], len[200]
2017-12-04 15:51:18|信息:用户[hhy]ID[28409],平台[win32],模式[1]登录!
2017-12-04 15:51:18|调试:OnProcessDataPacket cmdCode[30009], len[4]
2017-12-04 15:51:18|调试:用户[28409]查询分区信息!
2017-12-04 15:51:20|调试:OnProcessDataPacket cmdCode[30010], len[6]
2017-12-04 15:51:20|调试:用户[hhy]进入分区1
2017-12-04 15:51:20|调试:OnProcessCtrlPacket cmdCode[30004], len[47]
2017-12-04 15:51:20|调试:收到Linker[1]生成用户[28409]token[U57lelpAVyIPOUEvaM4viNJxsv42xB46]
2017-12-04 15:51:20|信息:用户[28409]退出!
2017-12-04 15:51:20|调试:OnProcessDataPacket cmdCode[30020], len[4]
2017-12-04 15:51:43|调试:OnProcessDataPacket cmdCode[30006], len[8]
2017-12-04 15:51:50|调试:OnProcessDataPacket cmdCode[30008], len[200]
2017-12-04 15:51:50|信息:用户[cya]ID[27377],平台[win32],模式[1]登录!
2017-12-04 15:51:50|调试:OnProcessDataPacket cmdCode[30009], len[4]
2017-12-04 15:51:50|调试:用户[27377]查询分区信息!
2017-12-04 15:51:52|调试:OnProcessDataPacket cmdCode[30010], len[6]
2017-12-04 15:51:52|调试:用户[cya]进入分区1
2017-12-04 15:51:52|调试:OnProcessCtrlPacket cmdCode[30004], len[47]
2017-12-04 15:51:52|调试:收到Linker[1]生成用户[27377]token[gRx1ldqnJP22F5TtbLz58t5cdebkBAOD]
2017-12-04 15:51:52|信息:用户[27377]退出!
2017-12-04 15:51:52|调试:OnProcessDataPacket cmdCode[30020], len[4]
2017-12-04 15:52:13|调试:OnProcessDataPacket cmdCode[30006], len[8]
2017-12-04 15:52:43|调试:OnProcessDataPacket cmdCode[30006], len[8]
2017-12-04 15:53:13|调试:OnProcessDataPacket cmdCode[30006], len[8]
2017-12-04 15:53:43|调试:OnProcessDataPacket cmdCode[30006], len[8]
2017-12-04 15:54:13|调试:OnProcessDataPacket cmdCode[30006], len[8]
2017-12-04 15:54:43|调试:OnProcessDataPacket cmdCode[30006], len[8]
2017-12-04 15:55:13|调试:OnProcessDataPacket cmdCode[30006], len[8]
2017-12-04 15:55:43|调试:OnProcessDataPacket cmdCode[30006], len[8]
2017-12-04 15:56:03|调试:OnProcessDataPacket cmdCode[30021], len[5]
2017-12-04 15:56:09|调试:OnProcessDataPacket cmdCode[30021], len[5]
2017-12-04 15:56:13|调试:OnProcessDataPacket cmdCode[30006], len[8]
2017-12-04 15:56:43|调试:OnProcessDataPacket cmdCode[30006], len[8]
2017-12-04 15:57:13|调试:OnProcessDataPacket cmdCode[30006], len[8]
2017-12-04 15:57:43|调试:OnProcessDataPacket cmdCode[30006], len[8]
2017-12-04 15:58:13|调试:OnProcessDataPacket cmdCode[30006], len[8]
2017-12-04 15:58:43|调试:OnProcessDataPacket cmdCode[30006], len[8]
2017-12-04 15:59:13|调试:OnProcessDataPacket cmdCode[30006], len[8]
2017-12-04 15:59:43|调试:OnProcessDataPacket cmdCode[30006], len[8]
2017-12-04 16:00:13|调试:OnProcessDataPacket cmdCode[30006], len[8]
2017-12-04 16:00:43|调试:OnProcessDataPacket cmdCode[30006], len[8]
2017-12-04 16:01:13|调试:OnProcessDataPacket cmdCode[30006], len[8]
2017-12-04 16:01:43|调试:OnProcessDataPacket cmdCode[30006], len[8]
2017-12-04 16:02:13|调试:OnProcessDataPacket cmdCode[30006], len[8]
2017-12-04 16:02:43|调试:OnProcessDataPacket cmdCode[30006], len[8]
2017-12-04 16:03:13|调试:OnProcessDataPacket cmdCode[30006], len[8]
2017-12-04 16:03:43|调试:OnProcessDataPacket cmdCode[30006], len[8]
2017-12-04 16:04:13|调试:OnProcessDataPacket cmdCode[30006], len[8]
2017-12-04 16:04:43|调试:OnProcessDataPacket cmdCode[30006], len[8]
2017-12-04 16:05:13|调试:OnProcessDataPacket cmdCode[30006], len[8]
2017-12-04 16:05:43|调试:OnProcessDataPacket cmdCode[30006], len[8]
2017-12-04 16:06:13|调试:OnProcessDataPacket cmdCode[30006], len[8]
2017-12-04 16:06:43|调试:OnProcessDataPacket cmdCode[30006], len[8]
2017-12-04 16:07:13|调试:OnProcessDataPacket cmdCode[30006], len[8]
2017-12-04 16:07:43|调试:OnProcessDataPacket cmdCode[30006], len[8]
2017-12-04 16:08:13|调试:OnProcessDataPacket cmdCode[30006], len[8]
2017-12-04 16:08:43|调试:OnProcessDataPacket cmdCode[30006], len[8]
2017-12-04 16:09:13|调试:OnProcessDataPacket cmdCode[30006], len[8]
2017-12-04 16:09:43|调试:OnProcessDataPacket cmdCode[30006], len[8]
2017-12-04 16:10:13|调试:OnProcessDataPacket cmdCode[30006], len[8]
2017-12-04 16:10:43|调试:OnProcessDataPacket cmdCode[30006], len[8]
2017-12-04 16:11:13|调试:OnProcessDataPacket cmdCode[30006], len[8]
2017-12-04 16:11:43|调试:OnProcessDataPacket cmdCode[30006], len[8]
2017-12-04 16:12:13|调试:OnProcessDataPacket cmdCode[30006], len[8]
2017-12-04 16:12:43|调试:OnProcessDataPacket cmdCode[30006], len[8]
2017-12-04 16:13:13|调试:OnProcessDataPacket cmdCode[30006], len[8]
2017-12-04 16:13:43|调试:OnProcessDataPacket cmdCode[30006], len[8]
2017-12-04 16:14:13|调试:OnProcessDataPacket cmdCode[30006], len[8]
2017-12-04 16:14:43|调试:OnProcessDataPacket cmdCode[30006], len[8]
2017-12-04 16:15:13|调试:OnProcessDataPacket cmdCode[30006], len[8]
2017-12-04 16:15:43|调试:OnProcessDataPacket cmdCode[30006], len[8]
2017-12-04 16:16:13|调试:OnProcessDataPacket cmdCode[30006], len[8]
2017-12-04 16:16:43|调试:OnProcessDataPacket cmdCode[30006], len[8]
2017-12-04 16:17:13|调试:OnProcessDataPacket cmdCode[30006], len[8]
2017-12-04 16:17:43|调试:OnProcessDataPacket cmdCode[30006], len[8]
2017-12-04 16:18:13|调试:OnProcessDataPacket cmdCode[30006], len[8]
2017-12-04 16:18:43|调试:OnProcessDataPacket cmdCode[30006], len[8]
2017-12-04 16:19:13|调试:OnProcessDataPacket cmdCode[30006], len[8]
2017-12-04 16:19:43|调试:OnProcessDataPacket cmdCode[30006], len[8]
2017-12-04 16:20:13|调试:OnProcessDataPacket cmdCode[30006], len[8]
2017-12-04 16:20:43|调试:OnProcessDataPacket cmdCode[30006], len[8]
2017-12-04 16:21:13|调试:OnProcessDataPacket cmdCode[30006], len[8]
2017-12-04 16:21:43|调试:OnProcessDataPacket cmdCode[30006], len[8]
2017-12-04 16:22:13|调试:OnProcessDataPacket cmdCode[30006], len[8]
2017-12-04 16:22:43|调试:OnProcessDataPacket cmdCode[30006], len[8]
2017-12-04 16:23:13|调试:OnProcessDataPacket cmdCode[30006], len[8]
2017-12-04 16:23:43|调试:OnProcessDataPacket cmdCode[30006], len[8]
2017-12-04 16:24:13|调试:OnProcessDataPacket cmdCode[30006], len[8]
2017-12-04 16:24:43|调试:OnProcessDataPacket cmdCode[30006], len[8]
2017-12-04 16:25:13|调试:OnProcessDataPacket cmdCode[30006], len[8]
2017-12-04 16:25:43|调试:OnProcessDataPacket cmdCode[30006], len[8]
2017-12-04 16:26:13|调试:OnProcessDataPacket cmdCode[30006], len[8]
2017-12-04 16:26:43|调试:OnProcessDataPacket cmdCode[30006], len[8]
2017-12-04 16:27:13|调试:OnProcessDataPacket cmdCode[30006], len[8]
2017-12-04 16:27:43|调试:OnProcessDataPacket cmdCode[30006], len[8]
2017-12-04 16:28:13|调试:OnProcessDataPacket cmdCode[30006], len[8]
2017-12-04 16:28:43|调试:OnProcessDataPacket cmdCode[30006], len[8]
2017-12-04 16:29:13|调试:OnProcessDataPacket cmdCode[30006], len[8]
2017-12-04 16:29:43|调试:OnProcessDataPacket cmdCode[30006], len[8]
2017-12-04 16:30:13|调试:OnProcessDataPacket cmdCode[30006], len[8]
2017-12-04 16:30:43|调试:OnProcessDataPacket cmdCode[30006], len[8]
2017-12-04 16:31:13|调试:OnProcessDataPacket cmdCode[30006], len[8]
2017-12-04 16:31:43|调试:OnProcessDataPacket cmdCode[30006], len[8]
2017-12-04 16:32:13|调试:OnProcessDataPacket cmdCode[30006], len[8]
2017-12-04 16:32:43|调试:OnProcessDataPacket cmdCode[30006], len[8]
2017-12-04 16:33:13|调试:OnProcessDataPacket cmdCode[30006], len[8]
2017-12-04 16:33:43|调试:OnProcessDataPacket cmdCode[30006], len[8]
2017-12-04 16:34:13|调试:OnProcessDataPacket cmdCode[30006], len[8]
2017-12-04 16:34:43|调试:OnProcessDataPacket cmdCode[30006], len[8]
2017-12-04 16:35:13|调试:OnProcessDataPacket cmdCode[30006], len[8]
2017-12-04 16:35:43|调试:OnProcessDataPacket cmdCode[30006], len[8]
2017-12-04 16:36:13|调试:OnProcessDataPacket cmdCode[30006], len[8]
2017-12-04 16:36:43|调试:OnProcessDataPacket cmdCode[30006], len[8]
2017-12-04 16:37:13|调试:OnProcessDataPacket cmdCode[30006], len[8]
2017-12-04 16:37:43|调试:OnProcessDataPacket cmdCode[30006], len[8]
2017-12-04 16:38:13|调试:OnProcessDataPacket cmdCode[30006], len[8]
2017-12-04 16:38:43|调试:OnProcessDataPacket cmdCode[30006], len[8]
2017-12-04 16:39:13|调试:OnProcessDataPacket cmdCode[30006], len[8]
2017-12-04 16:39:43|调试:OnProcessDataPacket cmdCode[30006], len[8]
2017-12-04 16:40:13|调试:OnProcessDataPacket cmdCode[30006], len[8]
2017-12-04 16:40:43|调试:OnProcessDataPacket cmdCode[30006], len[8]
2017-12-04 16:41:13|调试:OnProcessDataPacket cmdCode[30006], len[8]
2017-12-04 16:41:43|调试:OnProcessDataPacket cmdCode[30006], len[8]
2017-12-04 16:42:13|调试:OnProcessDataPacket cmdCode[30006], len[8]
2017-12-04 16:42:43|调试:OnProcessDataPacket cmdCode[30006], len[8]
2017-12-04 16:43:13|调试:OnProcessDataPacket cmdCode[30006], len[8]
2017-12-04 16:43:43|调试:OnProcessDataPacket cmdCode[30006], len[8]
2017-12-04 16:44:13|调试:OnProcessDataPacket cmdCode[30006], len[8]
2017-12-04 16:44:43|调试:OnProcessDataPacket cmdCode[30006], len[8]
2017-12-04 16:45:13|调试:OnProcessDataPacket cmdCode[30006], len[8]
2017-12-04 16:45:43|调试:OnProcessDataPacket cmdCode[30006], len[8]
2017-12-04 16:46:13|调试:OnProcessDataPacket cmdCode[30006], len[8]
2017-12-04 16:46:43|调试:OnProcessDataPacket cmdCode[30006], len[8]
2017-12-04 16:47:13|调试:OnProcessDataPacket cmdCode[30006], len[8]
2017-12-04 16:47:43|调试:OnProcessDataPacket cmdCode[30006], len[8]
2017-12-04 16:48:13|调试:OnProcessDataPacket cmdCode[30006], len[8]
2017-12-04 16:48:43|调试:OnProcessDataPacket cmdCode[30006], len[8]
2017-12-04 16:49:13|调试:OnProcessDataPacket cmdCode[30006], len[8]
2017-12-04 16:49:43|调试:OnProcessDataPacket cmdCode[30006], len[8]
2017-12-04 16:50:13|调试:OnProcessDataPacket cmdCode[30006], len[8]
2017-12-04 16:50:43|调试:OnProcessDataPacket cmdCode[30006], len[8]
2017-12-04 16:51:13|调试:OnProcessDataPacket cmdCode[30006], len[8]
2017-12-04 16:51:43|调试:OnProcessDataPacket cmdCode[30006], len[8]
2017-12-04 16:52:13|调试:OnProcessDataPacket cmdCode[30006], len[8]
2017-12-04 16:52:43|调试:OnProcessDataPacket cmdCode[30006], len[8]
2017-12-04 16:53:13|调试:OnProcessDataPacket cmdCode[30006], len[8]
2017-12-04 16:53:43|调试:OnProcessDataPacket cmdCode[30006], len[8]
2017-12-04 16:54:13|调试:OnProcessDataPacket cmdCode[30006], len[8]
2017-12-04 16:54:43|调试:OnProcessDataPacket cmdCode[30006], len[8]
2017-12-04 16:55:13|调试:OnProcessDataPacket cmdCode[30006], len[8]
2017-12-04 16:55:43|调试:OnProcessDataPacket cmdCode[30006], len[8]
2017-12-04 16:56:13|调试:OnProcessDataPacket cmdCode[30006], len[8]
2017-12-04 16:56:43|调试:OnProcessDataPacket cmdCode[30006], len[8]
2017-12-04 16:57:13|调试:OnProcessDataPacket cmdCode[30006], len[8]
2017-12-04 16:57:43|调试:OnProcessDataPacket cmdCode[30006], len[8]
2017-12-04 16:58:13|调试:OnProcessDataPacket cmdCode[30006], len[8]
2017-12-04 16:58:43|调试:OnProcessDataPacket cmdCode[30006], len[8]
2017-12-04 16:59:13|调试:OnProcessDataPacket cmdCode[30006], len[8]
2017-12-04 16:59:43|调试:OnProcessDataPacket cmdCode[30006], len[8]
2017-12-04 17:00:13|调试:OnProcessDataPacket cmdCode[30006], len[8]
2017-12-04 17:00:43|调试:OnProcessDataPacket cmdCode[30006], len[8]
2017-12-04 17:01:13|调试:OnProcessDataPacket cmdCode[30006], len[8]
2017-12-04 17:01:43|调试:OnProcessDataPacket cmdCode[30006], len[8]
2017-12-04 17:02:13|调试:OnProcessDataPacket cmdCode[30006], len[8]
2017-12-04 17:02:43|调试:OnProcessDataPacket cmdCode[30006], len[8]
2017-12-04 17:03:13|调试:OnProcessDataPacket cmdCode[30006], len[8]
2017-12-04 17:03:43|调试:OnProcessDataPacket cmdCode[30006], len[8]
2017-12-04 17:04:13|调试:OnProcessDataPacket cmdCode[30006], len[8]
2017-12-04 17:04:43|调试:OnProcessDataPacket cmdCode[30006], len[8]
2017-12-04 17:05:13|调试:OnProcessDataPacket cmdCode[30006], len[8]
2017-12-04 17:05:43|调试:OnProcessDataPacket cmdCode[30006], len[8]
2017-12-04 17:06:13|调试:OnProcessDataPacket cmdCode[30006], len[8]
2017-12-04 17:06:43|调试:OnProcessDataPacket cmdCode[30006], len[8]
2017-12-04 17:07:13|调试:OnProcessDataPacket cmdCode[30006], len[8]
2017-12-04 17:07:43|调试:OnProcessDataPacket cmdCode[30006], len[8]
2017-12-04 17:08:13|调试:OnProcessDataPacket cmdCode[30006], len[8]
2017-12-04 17:08:43|调试:OnProcessDataPacket cmdCode[30006], len[8]
2017-12-04 17:09:13|调试:OnProcessDataPacket cmdCode[30006], len[8]
2017-12-04 17:09:43|调试:OnProcessDataPacket cmdCode[30006], len[8]
2017-12-04 17:10:13|调试:OnProcessDataPacket cmdCode[30006], len[8]
2017-12-04 17:10:43|调试:OnProcessDataPacket cmdCode[30006], len[8]
2017-12-04 17:11:13|调试:OnProcessDataPacket cmdCode[30006], len[8]
2017-12-04 17:11:43|调试:OnProcessDataPacket cmdCode[30006], len[8]
2017-12-04 17:12:13|调试:OnProcessDataPacket cmdCode[30006], len[8]
2017-12-04 17:12:43|调试:OnProcessDataPacket cmdCode[30006], len[8]
2017-12-04 17:13:13|调试:OnProcessDataPacket cmdCode[30006], len[8]
2017-12-04 17:13:43|调试:OnProcessDataPacket cmdCode[30006], len[8]
2017-12-04 17:14:13|调试:OnProcessDataPacket cmdCode[30006], len[8]
2017-12-04 17:14:43|调试:OnProcessDataPacket cmdCode[30006], len[8]
2017-12-04 17:15:13|调试:OnProcessDataPacket cmdCode[30006], len[8]
2017-12-04 17:15:43|调试:OnProcessDataPacket cmdCode[30006], len[8]
2017-12-04 17:16:13|调试:OnProcessDataPacket cmdCode[30006], len[8]
2017-12-04 17:16:43|调试:OnProcessDataPacket cmdCode[30006], len[8]
2017-12-04 17:17:13|调试:OnProcessDataPacket cmdCode[30006], len[8]
2017-12-04 17:17:43|调试:OnProcessDataPacket cmdCode[30006], len[8]
2017-12-04 17:18:13|调试:OnProcessDataPacket cmdCode[30006], len[8]
2017-12-04 17:18:43|调试:OnProcessDataPacket cmdCode[30006], len[8]
2017-12-04 17:19:13|调试:OnProcessDataPacket cmdCode[30006], len[8]
2017-12-04 17:19:43|调试:OnProcessDataPacket cmdCode[30006], len[8]
2017-12-04 17:20:13|调试:OnProcessDataPacket cmdCode[30006], len[8]
2017-12-04 17:20:43|调试:OnProcessDataPacket cmdCode[30006], len[8]
2017-12-04 17:21:13|调试:OnProcessDataPacket cmdCode[30006], len[8]
2017-12-04 17:21:43|调试:OnProcessDataPacket cmdCode[30006], len[8]
2017-12-04 17:22:13|调试:OnProcessDataPacket cmdCode[30006], len[8]
2017-12-04 17:22:43|调试:OnProcessDataPacket cmdCode[30006], len[8]
2017-12-04 17:23:13|调试:OnProcessDataPacket cmdCode[30006], len[8]
2017-12-04 17:23:43|调试:OnProcessDataPacket cmdCode[30006], len[8]
2017-12-04 17:24:13|调试:OnProcessDataPacket cmdCode[30006], len[8]
2017-12-04 17:24:43|调试:OnProcessDataPacket cmdCode[30006], len[8]
2017-12-04 17:25:13|调试:OnProcessDataPacket cmdCode[30006], len[8]
2017-12-04 17:25:43|调试:OnProcessDataPacket cmdCode[30006], len[8]
2017-12-04 17:26:13|调试:OnProcessDataPacket cmdCode[30006], len[8]
2017-12-04 17:26:43|调试:OnProcessDataPacket cmdCode[30006], len[8]
2017-12-04 17:27:13|调试:OnProcessDataPacket cmdCode[30006], len[8]
2017-12-04 17:27:43|调试:OnProcessDataPacket cmdCode[30006], len[8]
2017-12-04 17:28:13|调试:OnProcessDataPacket cmdCode[30006], len[8]
2017-12-04 17:28:43|调试:OnProcessDataPacket cmdCode[30006], len[8]
2017-12-04 17:29:13|调试:OnProcessDataPacket cmdCode[30006], len[8]
2017-12-04 17:29:43|调试:OnProcessDataPacket cmdCode[30006], len[8]
2017-12-04 17:30:13|调试:OnProcessDataPacket cmdCode[30006], len[8]
2017-12-04 17:30:43|调试:OnProcessDataPacket cmdCode[30006], len[8]
2017-12-04 17:31:13|调试:OnProcessDataPacket cmdCode[30006], len[8]
2017-12-04 17:31:43|调试:OnProcessDataPacket cmdCode[30006], len[8]
2017-12-04 17:32:13|调试:OnProcessDataPacket cmdCode[30006], len[8]
2017-12-04 17:32:43|调试:OnProcessDataPacket cmdCode[30006], len[8]
2017-12-04 17:33:13|调试:OnProcessDataPacket cmdCode[30006], len[8]
2017-12-04 17:33:43|调试:OnProcessDataPacket cmdCode[30006], len[8]
2017-12-04 17:34:13|调试:OnProcessDataPacket cmdCode[30006], len[8]
2017-12-04 17:34:43|调试:OnProcessDataPacket cmdCode[30006], len[8]
2017-12-04 17:35:13|调试:OnProcessDataPacket cmdCode[30006], len[8]
2017-12-04 17:35:43|调试:OnProcessDataPacket cmdCode[30006], len[8]
2017-12-04 17:36:13|调试:OnProcessDataPacket cmdCode[30006], len[8]
2017-12-04 17:36:43|调试:OnProcessDataPacket cmdCode[30006], len[8]
2017-12-04 17:37:13|调试:OnProcessDataPacket cmdCode[30006], len[8]
2017-12-04 17:37:43|调试:OnProcessDataPacket cmdCode[30006], len[8]
2017-12-04 17:38:13|调试:OnProcessDataPacket cmdCode[30006], len[8]
2017-12-04 17:38:43|调试:OnProcessDataPacket cmdCode[30006], len[8]
2017-12-04 17:39:13|调试:OnProcessDataPacket cmdCode[30006], len[8]
2017-12-04 17:39:43|调试:OnProcessDataPacket cmdCode[30006], len[8]
2017-12-04 17:40:13|调试:OnProcessDataPacket cmdCode[30006], len[8]
2017-12-04 17:40:43|调试:OnProcessDataPacket cmdCode[30006], len[8]
2017-12-04 17:41:13|调试:OnProcessDataPacket cmdCode[30006], len[8]
2017-12-04 17:41:43|调试:OnProcessDataPacket cmdCode[30006], len[8]
2017-12-04 17:42:13|调试:OnProcessDataPacket cmdCode[30006], len[8]
2017-12-04 17:42:43|调试:OnProcessDataPacket cmdCode[30006], len[8]
2017-12-04 17:43:13|调试:OnProcessDataPacket cmdCode[30006], len[8]
2017-12-05 09:36:39|信息:读取配置文件[./cyaLCServer.properties]成功!
2017-12-05 09:36:40|信息:连接数据服务器[192.168.50.2:9570]成功!
2017-12-05 09:36:40|信息:连接数据服务器[192.168.50.2:9570]成功!
2017-12-05 09:36:40|信息:连接数据服务器[192.168.50.2:9570]成功!
2017-12-05 09:36:40|信息:共载入3条分区信息!
2017-12-05 09:36:40|信息:启动对linker上报连接数的检测,时间间隔30秒
2017-12-05 09:36:40|信息:========验证服务器[1.0.0][10030]启动成功!========
2017-12-05 09:36:41|调试:OnProcessDataPacket cmdCode[30001], len[48]
2017-12-05 09:36:41|信息:LinkServer[1, 192.168.50.2:9528]登录!
2017-12-05 09:36:41|调试:OnProcessDataPacket cmdCode[30023], len[0]
2017-12-05 09:36:41|调试:linker[1]获取上报连接数时间间隔[30]秒!
2017-12-05 09:36:41|调试:OnProcessDataPacket cmdCode[30006], len[8]
2017-12-05 09:36:41|调试:OnProcessDataPacket cmdCode[30005], len[0]
2017-12-05 09:36:41|调试:查询分区1状态[0]!
2017-12-05 09:37:11|调试:OnProcessDataPacket cmdCode[30006], len[8]
2017-12-05 09:37:41|调试:OnProcessDataPacket cmdCode[30006], len[8]
2017-12-05 09:38:05|调试:OnProcessDataPacket cmdCode[30008], len[200]
2017-12-05 09:38:06|信息:用户[hhy]ID[28409],平台[win32],模式[1]登录!
2017-12-05 09:38:06|调试:OnProcessDataPacket cmdCode[30009], len[4]
2017-12-05 09:38:06|调试:用户[28409]查询分区信息!
2017-12-05 09:38:11|调试:OnProcessDataPacket cmdCode[30006], len[8]
2017-12-05 09:38:25|调试:OnProcessDataPacket cmdCode[30010], len[6]
2017-12-05 09:38:25|调试:用户[hhy]进入分区1
2017-12-05 09:38:26|调试:OnProcessCtrlPacket cmdCode[30004], len[47]
2017-12-05 09:38:26|调试:收到Linker[1]生成用户[28409]token[uwR8nanK7hRyMH64Gm3JAa75PW4Od716]
2017-12-05 09:38:26|信息:用户[28409]退出!
2017-12-05 09:38:26|调试:OnProcessDataPacket cmdCode[30020], len[4]
2017-12-05 09:38:41|调试:OnProcessDataPacket cmdCode[30006], len[8]
2017-12-05 09:39:00|调试:OnProcessDataPacket cmdCode[30008], len[200]
2017-12-05 09:39:00|信息:用户[cya]ID[27377],平台[win32],模式[1]登录!
2017-12-05 09:39:00|调试:OnProcessDataPacket cmdCode[30009], len[4]
2017-12-05 09:39:00|调试:用户[27377]查询分区信息!
2017-12-05 09:39:02|调试:OnProcessDataPacket cmdCode[30010], len[6]
2017-12-05 09:39:02|调试:用户[cya]进入分区1
2017-12-05 09:39:02|调试:OnProcessCtrlPacket cmdCode[30004], len[47]
2017-12-05 09:39:02|调试:收到Linker[1]生成用户[27377]token[7H1m2z2DJ9p2YFSR43d63wKMs9fRRIBi]
2017-12-05 09:39:02|信息:用户[27377]退出!
2017-12-05 09:39:02|调试:OnProcessDataPacket cmdCode[30020], len[4]
2017-12-05 09:39:11|调试:OnProcessDataPacket cmdCode[30006], len[8]
2017-12-05 09:39:41|调试:OnProcessDataPacket cmdCode[30006], len[8]
2017-12-05 09:40:11|调试:OnProcessDataPacket cmdCode[30006], len[8]
2017-12-05 09:40:41|调试:OnProcessDataPacket cmdCode[30006], len[8]
2017-12-05 09:41:11|调试:OnProcessDataPacket cmdCode[30006], len[8]
2017-12-05 09:41:41|调试:OnProcessDataPacket cmdCode[30006], len[8]
2017-12-05 09:42:11|调试:OnProcessDataPacket cmdCode[30006], len[8]
2017-12-05 09:42:33|调试:OnProcessDataPacket cmdCode[30021], len[5]
2017-12-05 09:42:38|调试:OnProcessDataPacket cmdCode[30021], len[5]
2017-12-05 09:42:41|调试:OnProcessDataPacket cmdCode[30006], len[8]
2017-12-05 09:43:11|调试:OnProcessDataPacket cmdCode[30006], len[8]
2017-12-05 09:43:41|调试:OnProcessDataPacket cmdCode[30006], len[8]
2017-12-05 09:44:11|调试:OnProcessDataPacket cmdCode[30006], len[8]
2017-12-05 09:44:41|调试:OnProcessDataPacket cmdCode[30006], len[8]
2017-12-05 09:45:11|调试:OnProcessDataPacket cmdCode[30006], len[8]
2017-12-05 09:45:41|调试:OnProcessDataPacket cmdCode[30006], len[8]
2017-12-05 09:46:11|调试:OnProcessDataPacket cmdCode[30006], len[8]
2017-12-05 09:46:41|调试:OnProcessDataPacket cmdCode[30006], len[8]
2017-12-05 09:47:11|调试:OnProcessDataPacket cmdCode[30006], len[8]
2017-12-05 09:47:41|调试:OnProcessDataPacket cmdCode[30006], len[8]
2017-12-05 09:48:11|调试:OnProcessDataPacket cmdCode[30006], len[8]
2017-12-05 09:48:41|调试:OnProcessDataPacket cmdCode[30006], len[8]
2017-12-05 09:49:11|调试:OnProcessDataPacket cmdCode[30006], len[8]
2017-12-05 09:49:41|调试:OnProcessDataPacket cmdCode[30006], len[8]
2017-12-05 09:50:11|调试:OnProcessDataPacket cmdCode[30006], len[8]
2017-12-05 09:50:41|调试:OnProcessDataPacket cmdCode[30006], len[8]
2017-12-05 09:51:11|调试:OnProcessDataPacket cmdCode[30006], len[8]
2017-12-05 09:51:41|调试:OnProcessDataPacket cmdCode[30006], len[8]
2017-12-05 09:52:11|调试:OnProcessDataPacket cmdCode[30006], len[8]
2017-12-05 09:52:41|调试:OnProcessDataPacket cmdCode[30006], len[8]
2017-12-05 09:53:11|调试:OnProcessDataPacket cmdCode[30006], len[8]
2017-12-05 09:53:41|调试:OnProcessDataPacket cmdCode[30006], len[8]
2017-12-05 09:54:11|调试:OnProcessDataPacket cmdCode[30006], len[8]
2017-12-05 09:54:41|调试:OnProcessDataPacket cmdCode[30006], len[8]
2017-12-05 09:55:11|调试:OnProcessDataPacket cmdCode[30006], len[8]
2017-12-05 09:55:41|调试:OnProcessDataPacket cmdCode[30006], len[8]
2017-12-05 09:56:11|调试:OnProcessDataPacket cmdCode[30006], len[8]
2017-12-05 09:56:41|调试:OnProcessDataPacket cmdCode[30006], len[8]
2017-12-05 09:57:11|调试:OnProcessDataPacket cmdCode[30006], len[8]
2017-12-05 09:57:41|调试:OnProcessDataPacket cmdCode[30006], len[8]
2017-12-05 09:58:11|调试:OnProcessDataPacket cmdCode[30006], len[8]
2017-12-05 09:58:41|调试:OnProcessDataPacket cmdCode[30006], len[8]
2017-12-05 09:59:11|调试:OnProcessDataPacket cmdCode[30006], len[8]
2017-12-05 09:59:41|调试:OnProcessDataPacket cmdCode[30006], len[8]
2017-12-05 10:00:11|调试:OnProcessDataPacket cmdCode[30006], len[8]
2017-12-05 10:00:41|调试:OnProcessDataPacket cmdCode[30006], len[8]
2017-12-05 10:01:11|调试:OnProcessDataPacket cmdCode[30006], len[8]
2017-12-05 10:01:41|调试:OnProcessDataPacket cmdCode[30006], len[8]
2017-12-05 10:02:11|调试:OnProcessDataPacket cmdCode[30006], len[8]
2017-12-05 10:02:41|调试:OnProcessDataPacket cmdCode[30006], len[8]
2017-12-05 10:03:11|调试:OnProcessDataPacket cmdCode[30006], len[8]
2017-12-05 10:03:41|调试:OnProcessDataPacket cmdCode[30006], len[8]
2017-12-05 10:04:11|调试:OnProcessDataPacket cmdCode[30006], len[8]
2017-12-05 10:04:41|调试:OnProcessDataPacket cmdCode[30006], len[8]
2017-12-05 10:05:11|调试:OnProcessDataPacket cmdCode[30006], len[8]
2017-12-05 10:05:41|调试:OnProcessDataPacket cmdCode[30006], len[8]
2017-12-05 10:06:11|调试:OnProcessDataPacket cmdCode[30006], len[8]
2017-12-05 10:06:20|信息:分区[1], LinkServer[1]退出!
2017-12-05 10:07:11|信息:读取配置文件[./cyaLCServer.properties]成功!
2017-12-05 10:07:11|信息:连接数据服务器[192.168.50.2:9570]成功!
2017-12-05 10:07:11|信息:连接数据服务器[192.168.50.2:9570]成功!
2017-12-05 10:07:11|信息:连接数据服务器[192.168.50.2:9570]成功!
2017-12-05 10:07:11|信息:共载入3条分区信息!
2017-12-05 10:07:11|信息:启动对linker上报连接数的检测,时间间隔30秒
2017-12-05 10:07:11|信息:========验证服务器[1.0.0][10030]启动成功!========
2017-12-05 10:07:19|调试:OnProcessDataPacket cmdCode[30001], len[48]
2017-12-05 10:07:19|信息:LinkServer[1, 192.168.50.2:9528]登录!
2017-12-05 10:07:19|调试:OnProcessDataPacket cmdCode[30023], len[0]
2017-12-05 10:07:19|调试:linker[1]获取上报连接数时间间隔[30]秒!
2017-12-05 10:07:19|调试:OnProcessDataPacket cmdCode[30006], len[8]
2017-12-05 10:07:19|调试:OnProcessDataPacket cmdCode[30005], len[0]
2017-12-05 10:07:19|调试:查询分区1状态[0]!
2017-12-05 10:07:49|调试:OnProcessDataPacket cmdCode[30006], len[8]
2017-12-05 10:08:09|调试:OnProcessDataPacket cmdCode[30011], len[199]
2017-12-05 10:08:09|信息:注册账号[hhy]ID[28409]
2017-12-05 10:08:16|调试:OnProcessDataPacket cmdCode[30011], len[199]
2017-12-05 10:08:16|信息:注册账号[q1]ID[1857]
2017-12-05 10:08:19|调试:OnProcessDataPacket cmdCode[30006], len[8]
2017-12-05 10:08:19|调试:OnProcessDataPacket cmdCode[30008], len[200]
2017-12-05 10:08:19|信息:用户[q1]ID[1857],平台[win32],模式[1]登录!
2017-12-05 10:08:19|调试:OnProcessDataPacket cmdCode[30009], len[4]
2017-12-05 10:08:19|调试:用户[1857]查询分区信息!
2017-12-05 10:08:22|调试:OnProcessDataPacket cmdCode[30010], len[6]
2017-12-05 10:08:22|调试:用户[q1]进入分区1
2017-12-05 10:08:22|调试:OnProcessCtrlPacket cmdCode[30004], len[47]
2017-12-05 10:08:22|调试:收到Linker[1]生成用户[1857]token[69xU3A4t9fHpo69LYSnq91y9H3iIbRzq]
2017-12-05 10:08:22|信息:用户[1857]退出!
2017-12-05 10:08:22|调试:OnProcessDataPacket cmdCode[30020], len[4]
2017-12-05 10:08:31|调试:OnProcessDataPacket cmdCode[30007], len[5]
2017-12-05 10:08:48|调试:OnProcessDataPacket cmdCode[30021], len[5]
