2017-05-13 13:55:34|信息:读取配置文件[./cyaLCServer.properties]成功!
2017-05-13 13:55:34|信息:连接数据服务器[192.168.50.2:9570]成功!
2017-05-13 13:55:34|信息:连接数据服务器[192.168.50.2:9570]成功!
2017-05-13 13:55:34|信息:连接数据服务器[192.168.50.2:9570]成功!
2017-05-13 13:55:34|信息:共载入0条分区信息!
2017-05-13 13:55:34|信息:启动对linker上报连接数的检测,时间间隔30秒
2017-05-13 13:55:38|信息:读取配置文件[./cyaLCServer.properties]成功!
2017-05-13 13:55:38|信息:连接数据服务器[192.168.50.2:9570]成功!
2017-05-13 13:55:38|信息:连接数据服务器[192.168.50.2:9570]成功!
2017-05-13 13:55:38|信息:连接数据服务器[192.168.50.2:9570]成功!
2017-05-13 13:55:38|信息:共载入0条分区信息!
2017-05-13 13:55:38|信息:启动对linker上报连接数的检测,时间间隔30秒
2017-05-13 14:10:18|信息:读取配置文件[./cyaLCServer.properties]成功!
2017-05-13 14:10:18|信息:连接数据服务器[192.168.50.2:9570]成功!
2017-05-13 14:10:18|信息:连接数据服务器[192.168.50.2:9570]成功!
2017-05-13 14:10:18|信息:连接数据服务器[192.168.50.2:9570]成功!
2017-05-13 14:10:18|信息:共载入1条分区信息!
2017-05-13 14:10:18|信息:启动对linker上报连接数的检测,时间间隔30秒
2017-05-13 14:10:18|信息:========验证服务器[1.0.0][10030]启动成功!========
2017-05-13 14:10:21|调试:OnProcessDataPacket cmdCode[30001], len[48]
2017-05-13 14:10:21|信息:LinkServer[1, 0.0.0.0:9528]登录!
2017-05-13 14:10:21|调试:OnProcessDataPacket cmdCode[30023], len[0]
2017-05-13 14:10:21|调试:linker[1]获取上报连接数时间间隔[30]秒!
2017-05-13 14:10:21|调试:OnProcessDataPacket cmdCode[30006], len[8]
2017-05-13 14:10:51|调试:OnProcessDataPacket cmdCode[30006], len[8]
2017-05-13 14:11:21|调试:OnProcessDataPacket cmdCode[30006], len[8]
2017-05-13 14:11:51|调试:OnProcessDataPacket cmdCode[30006], len[8]
2017-05-13 14:12:21|调试:OnProcessDataPacket cmdCode[30006], len[8]
2017-05-13 14:12:51|调试:OnProcessDataPacket cmdCode[30006], len[8]
2017-05-13 14:13:21|调试:OnProcessDataPacket cmdCode[30006], len[8]
2017-05-13 14:13:51|调试:OnProcessDataPacket cmdCode[30006], len[8]
2017-05-13 14:14:21|调试:OnProcessDataPacket cmdCode[30006], len[8]
2017-05-13 14:14:51|调试:OnProcessDataPacket cmdCode[30006], len[8]
2017-05-13 14:15:21|调试:OnProcessDataPacket cmdCode[30006], len[8]
2017-05-13 14:15:51|调试:OnProcessDataPacket cmdCode[30006], len[8]
2017-05-13 14:16:21|调试:OnProcessDataPacket cmdCode[30006], len[8]
2017-05-13 14:16:52|调试:OnProcessDataPacket cmdCode[30006], len[8]
2017-05-13 14:17:22|调试:OnProcessDataPacket cmdCode[30006], len[8]
2017-05-13 14:17:52|调试:OnProcessDataPacket cmdCode[30006], len[8]
2017-05-13 14:18:22|调试:OnProcessDataPacket cmdCode[30006], len[8]
2017-05-13 14:18:52|调试:OnProcessDataPacket cmdCode[30006], len[8]
2017-05-13 14:19:22|调试:OnProcessDataPacket cmdCode[30006], len[8]
2017-05-13 14:19:52|调试:OnProcessDataPacket cmdCode[30006], len[8]
2017-05-13 14:20:22|调试:OnProcessDataPacket cmdCode[30006], len[8]
2017-05-13 14:20:52|调试:OnProcessDataPacket cmdCode[30006], len[8]
2017-05-13 14:21:22|调试:OnProcessDataPacket cmdCode[30006], len[8]
2017-05-13 14:21:52|调试:OnProcessDataPacket cmdCode[30006], len[8]
2017-05-13 14:22:22|调试:OnProcessDataPacket cmdCode[30006], len[8]
2017-05-13 14:22:52|调试:OnProcessDataPacket cmdCode[30006], len[8]
2017-05-13 14:23:22|调试:OnProcessDataPacket cmdCode[30006], len[8]
2017-05-13 14:23:52|调试:OnProcessDataPacket cmdCode[30006], len[8]
2017-05-13 14:24:22|调试:OnProcessDataPacket cmdCode[30006], len[8]
2017-05-13 14:24:52|调试:OnProcessDataPacket cmdCode[30006], len[8]
2017-05-13 14:25:22|调试:OnProcessDataPacket cmdCode[30006], len[8]
2017-05-13 14:25:52|调试:OnProcessDataPacket cmdCode[30006], len[8]
2017-05-13 14:26:22|调试:OnProcessDataPacket cmdCode[30006], len[8]
2017-05-13 14:26:52|调试:OnProcessDataPacket cmdCode[30006], len[8]
2017-05-13 14:27:22|调试:OnProcessDataPacket cmdCode[30006], len[8]
2017-05-13 14:27:52|调试:OnProcessDataPacket cmdCode[30006], len[8]
2017-05-13 14:28:22|调试:OnProcessDataPacket cmdCode[30006], len[8]
2017-05-13 14:28:52|调试:OnProcessDataPacket cmdCode[30006], len[8]
2017-05-13 14:29:22|调试:OnProcessDataPacket cmdCode[30006], len[8]
2017-05-13 14:29:52|调试:OnProcessDataPacket cmdCode[30006], len[8]
2017-05-13 14:30:22|调试:OnProcessDataPacket cmdCode[30006], len[8]
2017-05-13 14:30:52|调试:OnProcessDataPacket cmdCode[30006], len[8]
2017-05-13 14:31:22|调试:OnProcessDataPacket cmdCode[30006], len[8]
2017-05-13 14:31:52|调试:OnProcessDataPacket cmdCode[30006], len[8]
2017-05-13 14:32:22|调试:OnProcessDataPacket cmdCode[30006], len[8]
2017-05-13 14:32:52|调试:OnProcessDataPacket cmdCode[30006], len[8]
2017-05-13 14:33:22|调试:OnProcessDataPacket cmdCode[30006], len[8]
2017-05-13 14:33:52|调试:OnProcessDataPacket cmdCode[30006], len[8]
2017-05-13 14:34:22|调试:OnProcessDataPacket cmdCode[30006], len[8]
2017-05-13 14:34:52|调试:OnProcessDataPacket cmdCode[30006], len[8]
2017-05-13 14:35:22|调试:OnProcessDataPacket cmdCode[30006], len[8]
2017-05-13 14:35:52|调试:OnProcessDataPacket cmdCode[30006], len[8]
2017-05-13 14:36:22|调试:OnProcessDataPacket cmdCode[30006], len[8]
2017-05-13 14:36:52|调试:OnProcessDataPacket cmdCode[30006], len[8]
2017-05-13 14:37:22|调试:OnProcessDataPacket cmdCode[30006], len[8]
2017-05-13 14:37:52|调试:OnProcessDataPacket cmdCode[30006], len[8]
2017-05-13 14:38:22|调试:OnProcessDataPacket cmdCode[30006], len[8]
2017-05-13 14:38:52|调试:OnProcessDataPacket cmdCode[30006], len[8]
2017-05-13 14:39:22|调试:OnProcessDataPacket cmdCode[30006], len[8]
2017-05-13 14:39:52|调试:OnProcessDataPacket cmdCode[30006], len[8]
2017-05-13 14:40:22|调试:OnProcessDataPacket cmdCode[30006], len[8]
2017-05-13 14:40:52|调试:OnProcessDataPacket cmdCode[30006], len[8]
2017-05-13 14:41:22|调试:OnProcessDataPacket cmdCode[30006], len[8]
2017-05-13 14:41:52|调试:OnProcessDataPacket cmdCode[30006], len[8]
2017-05-13 14:42:22|调试:OnProcessDataPacket cmdCode[30006], len[8]
2017-05-13 14:42:52|调试:OnProcessDataPacket cmdCode[30006], len[8]
2017-05-13 14:43:22|调试:OnProcessDataPacket cmdCode[30006], len[8]
2017-05-13 14:43:52|调试:OnProcessDataPacket cmdCode[30006], len[8]
2017-05-13 14:44:22|调试:OnProcessDataPacket cmdCode[30006], len[8]
2017-05-13 14:44:52|调试:OnProcessDataPacket cmdCode[30006], len[8]
2017-05-13 14:45:22|调试:OnProcessDataPacket cmdCode[30006], len[8]
2017-05-13 14:45:52|调试:OnProcessDataPacket cmdCode[30006], len[8]
2017-05-13 14:46:22|调试:OnProcessDataPacket cmdCode[30006], len[8]
2017-05-13 14:46:52|调试:OnProcessDataPacket cmdCode[30006], len[8]
2017-05-13 14:47:22|调试:OnProcessDataPacket cmdCode[30006], len[8]
2017-05-13 14:47:52|调试:OnProcessDataPacket cmdCode[30006], len[8]
2017-05-13 14:48:23|调试:OnProcessDataPacket cmdCode[30006], len[8]
2017-05-13 14:48:53|调试:OnProcessDataPacket cmdCode[30006], len[8]
2017-05-13 14:49:23|调试:OnProcessDataPacket cmdCode[30006], len[8]
2017-05-13 14:49:53|调试:OnProcessDataPacket cmdCode[30006], len[8]
2017-05-13 14:50:23|调试:OnProcessDataPacket cmdCode[30006], len[8]
2017-05-13 14:50:53|调试:OnProcessDataPacket cmdCode[30006], len[8]
2017-05-13 14:51:23|调试:OnProcessDataPacket cmdCode[30006], len[8]
2017-05-13 14:51:53|调试:OnProcessDataPacket cmdCode[30006], len[8]
2017-05-13 14:52:23|调试:OnProcessDataPacket cmdCode[30006], len[8]
2017-05-13 14:52:53|调试:OnProcessDataPacket cmdCode[30006], len[8]
2017-05-13 14:53:23|调试:OnProcessDataPacket cmdCode[30006], len[8]
2017-05-13 14:53:53|调试:OnProcessDataPacket cmdCode[30006], len[8]
2017-05-13 14:54:23|调试:OnProcessDataPacket cmdCode[30006], len[8]
2017-05-13 14:54:53|调试:OnProcessDataPacket cmdCode[30006], len[8]
2017-05-13 14:55:23|调试:OnProcessDataPacket cmdCode[30006], len[8]
2017-05-13 14:55:53|调试:OnProcessDataPacket cmdCode[30006], len[8]
2017-05-13 14:56:23|调试:OnProcessDataPacket cmdCode[30006], len[8]
2017-05-13 14:56:53|调试:OnProcessDataPacket cmdCode[30006], len[8]
2017-05-13 14:57:23|调试:OnProcessDataPacket cmdCode[30006], len[8]
2017-05-13 14:57:53|调试:OnProcessDataPacket cmdCode[30006], len[8]
2017-05-13 14:58:23|调试:OnProcessDataPacket cmdCode[30006], len[8]
2017-05-13 14:58:53|调试:OnProcessDataPacket cmdCode[30006], len[8]
2017-05-13 14:59:23|调试:OnProcessDataPacket cmdCode[30006], len[8]
2017-05-13 14:59:53|调试:OnProcessDataPacket cmdCode[30006], len[8]
2017-05-13 15:00:23|调试:OnProcessDataPacket cmdCode[30006], len[8]
2017-05-13 15:00:53|调试:OnProcessDataPacket cmdCode[30006], len[8]
2017-05-13 15:01:23|调试:OnProcessDataPacket cmdCode[30006], len[8]
2017-05-13 15:01:53|调试:OnProcessDataPacket cmdCode[30006], len[8]
2017-05-13 15:02:23|调试:OnProcessDataPacket cmdCode[30006], len[8]
2017-05-13 15:02:53|调试:OnProcessDataPacket cmdCode[30006], len[8]
2017-05-13 15:03:23|调试:OnProcessDataPacket cmdCode[30006], len[8]
2017-05-13 15:03:53|调试:OnProcessDataPacket cmdCode[30006], len[8]
2017-05-13 15:04:23|调试:OnProcessDataPacket cmdCode[30006], len[8]
2017-05-13 15:04:53|调试:OnProcessDataPacket cmdCode[30006], len[8]
2017-05-13 15:05:23|调试:OnProcessDataPacket cmdCode[30006], len[8]
2017-05-13 15:05:53|调试:OnProcessDataPacket cmdCode[30006], len[8]
2017-05-13 15:06:23|调试:OnProcessDataPacket cmdCode[30006], len[8]
2017-05-13 15:06:53|调试:OnProcessDataPacket cmdCode[30006], len[8]
2017-05-13 15:07:23|调试:OnProcessDataPacket cmdCode[30006], len[8]
2017-05-13 15:07:53|调试:OnProcessDataPacket cmdCode[30006], len[8]
2017-05-13 15:08:23|调试:OnProcessDataPacket cmdCode[30006], len[8]
2017-05-13 15:08:53|调试:OnProcessDataPacket cmdCode[30006], len[8]
2017-05-13 15:09:23|调试:OnProcessDataPacket cmdCode[30006], len[8]
2017-05-13 15:09:53|调试:OnProcessDataPacket cmdCode[30006], len[8]
2017-05-13 15:10:23|调试:OnProcessDataPacket cmdCode[30006], len[8]
2017-05-13 15:10:53|调试:OnProcessDataPacket cmdCode[30006], len[8]
2017-05-13 15:11:23|调试:OnProcessDataPacket cmdCode[30006], len[8]
2017-05-13 15:11:53|调试:OnProcessDataPacket cmdCode[30006], len[8]
2017-05-13 15:12:23|调试:OnProcessDataPacket cmdCode[30006], len[8]
2017-05-13 15:12:53|调试:OnProcessDataPacket cmdCode[30006], len[8]
2017-05-13 15:13:23|调试:OnProcessDataPacket cmdCode[30006], len[8]
2017-05-13 15:13:53|调试:OnProcessDataPacket cmdCode[30006], len[8]
2017-05-13 15:14:23|调试:OnProcessDataPacket cmdCode[30006], len[8]
2017-05-13 15:14:53|调试:OnProcessDataPacket cmdCode[30006], len[8]
2017-05-13 15:15:23|调试:OnProcessDataPacket cmdCode[30006], len[8]
2017-05-13 15:15:53|调试:OnProcessDataPacket cmdCode[30006], len[8]
2017-05-13 15:16:23|调试:OnProcessDataPacket cmdCode[30006], len[8]
2017-05-13 15:16:53|调试:OnProcessDataPacket cmdCode[30006], len[8]
2017-05-13 15:17:23|调试:OnProcessDataPacket cmdCode[30006], len[8]
2017-05-13 15:17:53|调试:OnProcessDataPacket cmdCode[30006], len[8]
2017-05-13 15:18:23|调试:OnProcessDataPacket cmdCode[30006], len[8]
2017-05-13 15:18:53|调试:OnProcessDataPacket cmdCode[30006], len[8]
2017-05-13 15:19:23|调试:OnProcessDataPacket cmdCode[30006], len[8]
2017-05-13 15:19:53|调试:OnProcessDataPacket cmdCode[30006], len[8]
2017-05-13 15:20:23|调试:OnProcessDataPacket cmdCode[30006], len[8]
2017-05-13 15:20:53|调试:OnProcessDataPacket cmdCode[30006], len[8]
2017-05-13 15:21:23|调试:OnProcessDataPacket cmdCode[30006], len[8]
2017-05-13 15:21:53|调试:OnProcessDataPacket cmdCode[30006], len[8]
2017-05-13 15:22:24|调试:OnProcessDataPacket cmdCode[30006], len[8]
2017-05-13 15:22:54|调试:OnProcessDataPacket cmdCode[30006], len[8]
2017-05-13 15:23:24|调试:OnProcessDataPacket cmdCode[30006], len[8]
2017-05-13 15:23:54|调试:OnProcessDataPacket cmdCode[30006], len[8]
2017-05-13 15:24:24|调试:OnProcessDataPacket cmdCode[30006], len[8]
2017-05-13 15:45:59|信息:读取配置文件[./cyaLCServer.properties]成功!
