2017-07-29 09:46:59|信息:读取配置文件[./cyaLCServer.properties]成功!
2017-07-29 09:46:59|信息:连接数据服务器[192.168.50.2:9570]成功!
2017-07-29 09:46:59|信息:连接数据服务器[192.168.50.2:9570]成功!
2017-07-29 09:46:59|信息:连接数据服务器[192.168.50.2:9570]成功!
2017-07-29 09:46:59|信息:共载入3条分区信息!
2017-07-29 09:46:59|信息:启动对linker上报连接数的检测,时间间隔30秒
2017-07-29 09:46:59|信息:========验证服务器[1.0.0][10030]启动成功!========
2017-07-29 09:47:01|调试:OnProcessDataPacket cmdCode[30001], len[48]
2017-07-29 09:47:01|信息:LinkServer[1, 192.168.50.2:9528]登录!
2017-07-29 09:47:01|调试:OnProcessDataPacket cmdCode[30023], len[0]
2017-07-29 09:47:01|调试:linker[1]获取上报连接数时间间隔[30]秒!
2017-07-29 09:47:01|调试:OnProcessDataPacket cmdCode[30006], len[8]
2017-07-29 09:47:31|调试:OnProcessDataPacket cmdCode[30006], len[8]
2017-07-29 09:48:01|调试:OnProcessDataPacket cmdCode[30006], len[8]
2017-07-29 09:48:20|调试:OnProcessDataPacket cmdCode[30008], len[200]
2017-07-29 09:48:20|信息:用户[hhy]ID[28409],平台[win32],模式[1]登录!
2017-07-29 09:48:26|信息:用户[28409]退出!
2017-07-29 09:48:31|调试:OnProcessDataPacket cmdCode[30006], len[8]
2017-07-29 09:49:01|调试:OnProcessDataPacket cmdCode[30006], len[8]
2017-07-29 09:49:23|调试:OnProcessDataPacket cmdCode[30008], len[200]
2017-07-29 09:49:23|信息:用户[hhy]ID[28409],平台[win32],模式[1]登录!
2017-07-29 09:49:29|信息:用户[28409]退出!
2017-07-29 09:49:31|调试:OnProcessDataPacket cmdCode[30006], len[8]
2017-07-29 09:50:01|调试:OnProcessDataPacket cmdCode[30006], len[8]
2017-07-29 09:50:23|调试:OnProcessDataPacket cmdCode[30008], len[200]
2017-07-29 09:50:23|信息:用户[hhy]ID[28409],平台[win32],模式[1]登录!
2017-07-29 09:50:28|信息:用户[28409]退出!
2017-07-29 09:50:31|调试:OnProcessDataPacket cmdCode[30006], len[8]
2017-07-29 09:51:01|调试:OnProcessDataPacket cmdCode[30006], len[8]
2017-07-29 09:51:16|调试:OnProcessDataPacket cmdCode[30008], len[200]
2017-07-29 09:51:16|信息:用户[hhy]ID[28409],平台[win32],模式[1]登录!
2017-07-29 09:51:27|信息:用户[28409]退出!
2017-07-29 09:51:31|调试:OnProcessDataPacket cmdCode[30006], len[8]
2017-07-29 09:51:50|调试:OnProcessDataPacket cmdCode[30008], len[200]
2017-07-29 09:51:50|信息:用户[hhy]ID[28409],平台[win32],模式[1]登录!
2017-07-29 09:52:01|调试:OnProcessDataPacket cmdCode[30006], len[8]
2017-07-29 09:52:29|信息:用户[28409]退出!
2017-07-29 09:52:31|调试:OnProcessDataPacket cmdCode[30006], len[8]
2017-07-29 09:52:51|调试:OnProcessDataPacket cmdCode[30008], len[200]
2017-07-29 09:52:51|信息:用户[hhy]ID[28409],平台[win32],模式[1]登录!
2017-07-29 09:52:56|信息:用户[28409]退出!
2017-07-29 09:53:01|调试:OnProcessDataPacket cmdCode[30006], len[8]
2017-07-29 09:53:24|调试:OnProcessDataPacket cmdCode[30008], len[200]
2017-07-29 09:53:24|信息:用户[hhy]ID[28409],平台[win32],模式[1]登录!
2017-07-29 09:53:31|调试:OnProcessDataPacket cmdCode[30006], len[8]
2017-07-29 09:53:39|调试:OnProcessDataPacket cmdCode[30008], len[200]
2017-07-29 09:53:39|信息:用户[28409]在同一个连接中多次登录, 无动作
2017-07-29 09:53:39|信息:用户[hhy]ID[28409],平台[win32],模式[1]登录!
2017-07-29 09:54:01|调试:OnProcessDataPacket cmdCode[30006], len[8]
2017-07-29 09:54:31|调试:OnProcessDataPacket cmdCode[30006], len[8]
2017-07-29 09:55:01|调试:OnProcessDataPacket cmdCode[30006], len[8]
2017-07-29 09:55:09|信息:用户[28409]退出!
2017-07-29 09:55:31|调试:OnProcessDataPacket cmdCode[30006], len[8]
2017-07-29 09:56:01|调试:OnProcessDataPacket cmdCode[30006], len[8]
2017-07-29 09:56:31|调试:OnProcessDataPacket cmdCode[30006], len[8]
2017-07-29 09:57:01|调试:OnProcessDataPacket cmdCode[30006], len[8]
2017-07-29 09:57:31|调试:OnProcessDataPacket cmdCode[30006], len[8]
2017-07-29 09:57:43|调试:OnProcessDataPacket cmdCode[30008], len[200]
2017-07-29 09:57:43|信息:用户[hhy]ID[28409],平台[win32],模式[1]登录!
2017-07-29 09:58:00|信息:用户[28409]退出!
2017-07-29 09:58:01|调试:OnProcessDataPacket cmdCode[30006], len[8]
2017-07-29 09:58:31|调试:OnProcessDataPacket cmdCode[30006], len[8]
2017-07-29 09:59:01|调试:OnProcessDataPacket cmdCode[30006], len[8]
2017-07-29 09:59:31|调试:OnProcessDataPacket cmdCode[30006], len[8]
2017-07-29 10:00:01|调试:OnProcessDataPacket cmdCode[30006], len[8]
2017-07-29 10:00:31|调试:OnProcessDataPacket cmdCode[30006], len[8]
2017-07-29 10:01:01|调试:OnProcessDataPacket cmdCode[30006], len[8]
2017-07-29 10:01:31|调试:OnProcessDataPacket cmdCode[30006], len[8]
2017-07-29 10:02:00|调试:OnProcessDataPacket cmdCode[30008], len[200]
2017-07-29 10:02:00|信息:用户[hhy]ID[28409],平台[win32],模式[1]登录!
2017-07-29 10:02:01|调试:OnProcessDataPacket cmdCode[30006], len[8]
2017-07-29 10:02:05|信息:用户[28409]退出!
2017-07-29 10:02:31|调试:OnProcessDataPacket cmdCode[30006], len[8]
2017-07-29 10:02:48|调试:OnProcessDataPacket cmdCode[30008], len[200]
2017-07-29 10:02:48|信息:用户[hhy]ID[28409],平台[win32],模式[1]登录!
2017-07-29 10:02:49|调试:OnProcessDataPacket cmdCode[30009], len[4]
2017-07-29 10:02:49|调试:用户[28409]查询分区信息!
2017-07-29 10:02:58|信息:用户[28409]退出!
2017-07-29 10:03:01|调试:OnProcessDataPacket cmdCode[30006], len[8]
2017-07-29 10:03:31|调试:OnProcessDataPacket cmdCode[30006], len[8]
2017-07-29 10:04:01|调试:OnProcessDataPacket cmdCode[30006], len[8]
2017-07-29 10:04:31|调试:OnProcessDataPacket cmdCode[30006], len[8]
2017-07-29 10:04:31|调试:OnProcessDataPacket cmdCode[30008], len[200]
2017-07-29 10:04:31|信息:用户[hhy]ID[28409],平台[win32],模式[1]登录!
2017-07-29 10:04:32|调试:OnProcessDataPacket cmdCode[30009], len[4]
2017-07-29 10:04:32|调试:用户[28409]查询分区信息!
2017-07-29 10:04:37|信息:用户[28409]退出!
2017-07-29 10:04:53|调试:OnProcessDataPacket cmdCode[30008], len[200]
2017-07-29 10:04:53|信息:用户[hhy]ID[28409],平台[win32],模式[1]登录!
2017-07-29 10:04:53|调试:OnProcessDataPacket cmdCode[30009], len[4]
2017-07-29 10:04:53|调试:用户[28409]查询分区信息!
2017-07-29 10:05:01|调试:OnProcessDataPacket cmdCode[30006], len[8]
2017-07-29 10:05:04|信息:用户[28409]退出!
2017-07-29 10:05:31|调试:OnProcessDataPacket cmdCode[30006], len[8]
2017-07-29 10:06:01|调试:OnProcessDataPacket cmdCode[30006], len[8]
2017-07-29 10:06:31|调试:OnProcessDataPacket cmdCode[30006], len[8]
2017-07-29 10:07:01|调试:OnProcessDataPacket cmdCode[30006], len[8]
2017-07-29 10:07:31|调试:OnProcessDataPacket cmdCode[30006], len[8]
2017-07-29 10:08:01|调试:OnProcessDataPacket cmdCode[30006], len[8]
2017-07-29 10:08:31|调试:OnProcessDataPacket cmdCode[30006], len[8]
2017-07-29 10:09:01|调试:OnProcessDataPacket cmdCode[30006], len[8]
2017-07-29 10:09:31|调试:OnProcessDataPacket cmdCode[30006], len[8]
2017-07-29 10:10:01|调试:OnProcessDataPacket cmdCode[30006], len[8]
2017-07-29 10:10:31|调试:OnProcessDataPacket cmdCode[30006], len[8]
2017-07-29 10:11:01|调试:OnProcessDataPacket cmdCode[30006], len[8]
2017-07-29 10:11:31|调试:OnProcessDataPacket cmdCode[30006], len[8]
2017-07-29 10:12:01|调试:OnProcessDataPacket cmdCode[30006], len[8]
2017-07-29 10:12:31|调试:OnProcessDataPacket cmdCode[30006], len[8]
2017-07-29 10:13:01|调试:OnProcessDataPacket cmdCode[30006], len[8]
2017-07-29 10:13:31|调试:OnProcessDataPacket cmdCode[30006], len[8]
2017-07-29 10:14:01|调试:OnProcessDataPacket cmdCode[30006], len[8]
2017-07-29 10:14:31|调试:OnProcessDataPacket cmdCode[30006], len[8]
2017-07-29 10:15:01|调试:OnProcessDataPacket cmdCode[30006], len[8]
2017-07-29 10:15:31|调试:OnProcessDataPacket cmdCode[30006], len[8]
2017-07-29 10:16:01|调试:OnProcessDataPacket cmdCode[30006], len[8]
2017-07-29 10:16:31|调试:OnProcessDataPacket cmdCode[30006], len[8]
2017-07-29 10:17:01|调试:OnProcessDataPacket cmdCode[30006], len[8]
2017-07-29 10:17:31|调试:OnProcessDataPacket cmdCode[30006], len[8]
2017-07-29 10:18:01|调试:OnProcessDataPacket cmdCode[30006], len[8]
2017-07-29 10:18:31|调试:OnProcessDataPacket cmdCode[30006], len[8]
2017-07-29 10:19:01|调试:OnProcessDataPacket cmdCode[30006], len[8]
2017-07-29 10:19:31|调试:OnProcessDataPacket cmdCode[30006], len[8]
2017-07-29 10:20:01|调试:OnProcessDataPacket cmdCode[30006], len[8]
2017-07-29 10:20:31|调试:OnProcessDataPacket cmdCode[30006], len[8]
2017-07-29 10:21:01|调试:OnProcessDataPacket cmdCode[30006], len[8]
2017-07-29 10:21:31|调试:OnProcessDataPacket cmdCode[30006], len[8]
2017-07-29 10:22:01|调试:OnProcessDataPacket cmdCode[30006], len[8]
2017-07-29 10:22:31|调试:OnProcessDataPacket cmdCode[30006], len[8]
2017-07-29 10:23:01|调试:OnProcessDataPacket cmdCode[30006], len[8]
2017-07-29 10:23:31|调试:OnProcessDataPacket cmdCode[30006], len[8]
2017-07-29 10:24:01|调试:OnProcessDataPacket cmdCode[30006], len[8]
2017-07-29 10:24:31|调试:OnProcessDataPacket cmdCode[30006], len[8]
2017-07-29 10:25:01|调试:OnProcessDataPacket cmdCode[30006], len[8]
2017-07-29 10:25:31|调试:OnProcessDataPacket cmdCode[30006], len[8]
2017-07-29 10:26:01|调试:OnProcessDataPacket cmdCode[30006], len[8]
2017-07-29 10:26:31|调试:OnProcessDataPacket cmdCode[30006], len[8]
2017-07-29 10:27:01|调试:OnProcessDataPacket cmdCode[30006], len[8]
2017-07-29 10:27:31|调试:OnProcessDataPacket cmdCode[30006], len[8]
2017-07-29 10:28:01|调试:OnProcessDataPacket cmdCode[30006], len[8]
2017-07-29 10:28:31|调试:OnProcessDataPacket cmdCode[30006], len[8]
2017-07-29 10:29:01|调试:OnProcessDataPacket cmdCode[30006], len[8]
2017-07-29 10:29:31|调试:OnProcessDataPacket cmdCode[30006], len[8]
2017-07-29 10:30:01|调试:OnProcessDataPacket cmdCode[30006], len[8]
2017-07-29 10:30:31|调试:OnProcessDataPacket cmdCode[30006], len[8]
2017-07-29 10:31:01|调试:OnProcessDataPacket cmdCode[30006], len[8]
2017-07-29 10:31:31|调试:OnProcessDataPacket cmdCode[30006], len[8]
2017-07-29 10:32:01|调试:OnProcessDataPacket cmdCode[30006], len[8]
2017-07-29 10:32:31|调试:OnProcessDataPacket cmdCode[30006], len[8]
2017-07-29 10:33:01|调试:OnProcessDataPacket cmdCode[30006], len[8]
2017-07-29 10:33:31|调试:OnProcessDataPacket cmdCode[30006], len[8]
2017-07-29 10:34:01|调试:OnProcessDataPacket cmdCode[30006], len[8]
2017-07-29 10:34:31|调试:OnProcessDataPacket cmdCode[30006], len[8]
2017-07-29 10:35:01|调试:OnProcessDataPacket cmdCode[30006], len[8]
2017-07-29 10:35:31|调试:OnProcessDataPacket cmdCode[30006], len[8]
2017-07-29 10:36:01|调试:OnProcessDataPacket cmdCode[30006], len[8]
2017-07-29 10:36:31|调试:OnProcessDataPacket cmdCode[30006], len[8]
2017-07-29 10:37:01|调试:OnProcessDataPacket cmdCode[30006], len[8]
2017-07-29 10:37:31|调试:OnProcessDataPacket cmdCode[30006], len[8]
2017-07-29 10:38:01|调试:OnProcessDataPacket cmdCode[30006], len[8]
2017-07-29 10:38:31|调试:OnProcessDataPacket cmdCode[30006], len[8]
2017-07-29 10:39:01|调试:OnProcessDataPacket cmdCode[30006], len[8]
2017-07-29 10:39:31|调试:OnProcessDataPacket cmdCode[30006], len[8]
2017-07-29 10:40:01|调试:OnProcessDataPacket cmdCode[30006], len[8]
2017-07-29 10:40:31|调试:OnProcessDataPacket cmdCode[30006], len[8]
2017-07-29 10:41:01|调试:OnProcessDataPacket cmdCode[30006], len[8]
2017-07-29 10:41:31|调试:OnProcessDataPacket cmdCode[30006], len[8]
2017-07-29 10:42:01|调试:OnProcessDataPacket cmdCode[30006], len[8]
2017-07-29 10:42:31|调试:OnProcessDataPacket cmdCode[30006], len[8]
2017-07-29 10:43:01|调试:OnProcessDataPacket cmdCode[30006], len[8]
2017-07-29 10:43:31|调试:OnProcessDataPacket cmdCode[30006], len[8]
2017-07-29 10:44:01|调试:OnProcessDataPacket cmdCode[30006], len[8]
2017-07-29 10:44:31|调试:OnProcessDataPacket cmdCode[30006], len[8]
2017-07-29 10:45:01|调试:OnProcessDataPacket cmdCode[30006], len[8]
2017-07-29 10:45:31|调试:OnProcessDataPacket cmdCode[30006], len[8]
2017-07-29 10:46:01|调试:OnProcessDataPacket cmdCode[30006], len[8]
2017-07-29 10:46:31|调试:OnProcessDataPacket cmdCode[30006], len[8]
2017-07-29 10:47:01|调试:OnProcessDataPacket cmdCode[30006], len[8]
2017-07-29 10:47:31|调试:OnProcessDataPacket cmdCode[30006], len[8]
2017-07-29 10:48:01|调试:OnProcessDataPacket cmdCode[30006], len[8]
2017-07-29 10:48:31|调试:OnProcessDataPacket cmdCode[30006], len[8]
2017-07-29 10:49:01|调试:OnProcessDataPacket cmdCode[30006], len[8]
2017-07-29 10:49:31|调试:OnProcessDataPacket cmdCode[30006], len[8]
2017-07-29 10:50:01|调试:OnProcessDataPacket cmdCode[30006], len[8]
2017-07-29 10:50:31|调试:OnProcessDataPacket cmdCode[30006], len[8]
2017-07-29 10:51:01|调试:OnProcessDataPacket cmdCode[30006], len[8]
2017-07-29 10:51:31|调试:OnProcessDataPacket cmdCode[30006], len[8]
2017-07-29 10:52:01|调试:OnProcessDataPacket cmdCode[30006], len[8]
2017-07-29 10:52:31|调试:OnProcessDataPacket cmdCode[30006], len[8]
2017-07-29 10:53:01|调试:OnProcessDataPacket cmdCode[30006], len[8]
2017-07-29 10:53:31|调试:OnProcessDataPacket cmdCode[30006], len[8]
2017-07-29 10:54:01|调试:OnProcessDataPacket cmdCode[30006], len[8]
2017-07-29 10:54:31|调试:OnProcessDataPacket cmdCode[30006], len[8]
2017-07-29 10:55:01|调试:OnProcessDataPacket cmdCode[30006], len[8]
2017-07-29 10:55:31|调试:OnProcessDataPacket cmdCode[30006], len[8]
2017-07-29 10:56:01|调试:OnProcessDataPacket cmdCode[30006], len[8]
2017-07-29 10:56:31|调试:OnProcessDataPacket cmdCode[30006], len[8]
2017-07-29 10:57:01|调试:OnProcessDataPacket cmdCode[30006], len[8]
2017-07-29 10:57:31|调试:OnProcessDataPacket cmdCode[30006], len[8]
2017-07-29 10:58:01|调试:OnProcessDataPacket cmdCode[30006], len[8]
2017-07-29 10:58:31|调试:OnProcessDataPacket cmdCode[30006], len[8]
2017-07-29 10:59:01|调试:OnProcessDataPacket cmdCode[30006], len[8]
2017-07-29 10:59:31|调试:OnProcessDataPacket cmdCode[30006], len[8]
2017-07-29 11:00:01|调试:OnProcessDataPacket cmdCode[30006], len[8]
2017-07-29 11:00:31|调试:OnProcessDataPacket cmdCode[30006], len[8]
2017-07-29 11:01:01|调试:OnProcessDataPacket cmdCode[30006], len[8]
2017-07-29 11:01:31|调试:OnProcessDataPacket cmdCode[30006], len[8]
2017-07-29 11:02:01|调试:OnProcessDataPacket cmdCode[30006], len[8]
2017-07-29 11:02:31|调试:OnProcessDataPacket cmdCode[30006], len[8]
2017-07-29 11:03:01|调试:OnProcessDataPacket cmdCode[30006], len[8]
2017-07-29 11:03:31|调试:OnProcessDataPacket cmdCode[30006], len[8]
2017-07-29 11:04:01|调试:OnProcessDataPacket cmdCode[30006], len[8]
2017-07-29 11:04:31|调试:OnProcessDataPacket cmdCode[30006], len[8]
2017-07-29 11:05:01|调试:OnProcessDataPacket cmdCode[30006], len[8]
2017-07-29 11:05:31|调试:OnProcessDataPacket cmdCode[30006], len[8]
2017-07-29 11:06:01|调试:OnProcessDataPacket cmdCode[30006], len[8]
2017-07-29 11:06:31|调试:OnProcessDataPacket cmdCode[30006], len[8]
2017-07-29 11:07:01|调试:OnProcessDataPacket cmdCode[30006], len[8]
2017-07-29 11:07:31|调试:OnProcessDataPacket cmdCode[30006], len[8]
2017-07-29 11:08:01|调试:OnProcessDataPacket cmdCode[30006], len[8]
2017-07-29 11:08:31|调试:OnProcessDataPacket cmdCode[30006], len[8]
2017-07-29 11:09:01|调试:OnProcessDataPacket cmdCode[30006], len[8]
2017-07-29 11:09:31|调试:OnProcessDataPacket cmdCode[30006], len[8]
2017-07-29 11:10:01|调试:OnProcessDataPacket cmdCode[30006], len[8]
2017-07-29 11:10:31|调试:OnProcessDataPacket cmdCode[30006], len[8]
2017-07-29 11:11:01|调试:OnProcessDataPacket cmdCode[30006], len[8]
2017-07-29 11:11:31|调试:OnProcessDataPacket cmdCode[30006], len[8]
2017-07-29 11:12:01|调试:OnProcessDataPacket cmdCode[30006], len[8]
2017-07-29 11:12:31|调试:OnProcessDataPacket cmdCode[30006], len[8]
2017-07-29 11:13:01|调试:OnProcessDataPacket cmdCode[30006], len[8]
2017-07-29 11:13:31|调试:OnProcessDataPacket cmdCode[30006], len[8]
2017-07-29 11:14:01|调试:OnProcessDataPacket cmdCode[30006], len[8]
2017-07-29 11:14:31|调试:OnProcessDataPacket cmdCode[30006], len[8]
2017-07-29 11:15:01|调试:OnProcessDataPacket cmdCode[30006], len[8]
2017-07-29 11:15:31|调试:OnProcessDataPacket cmdCode[30006], len[8]
2017-07-29 11:16:01|调试:OnProcessDataPacket cmdCode[30006], len[8]
2017-07-29 11:16:31|调试:OnProcessDataPacket cmdCode[30006], len[8]
2017-07-29 11:17:01|调试:OnProcessDataPacket cmdCode[30006], len[8]
2017-07-29 11:17:31|调试:OnProcessDataPacket cmdCode[30006], len[8]
2017-07-29 11:18:01|调试:OnProcessDataPacket cmdCode[30006], len[8]
2017-07-29 11:18:31|调试:OnProcessDataPacket cmdCode[30006], len[8]
2017-07-29 11:19:01|调试:OnProcessDataPacket cmdCode[30006], len[8]
2017-07-29 11:19:31|调试:OnProcessDataPacket cmdCode[30006], len[8]
2017-07-29 11:20:01|调试:OnProcessDataPacket cmdCode[30006], len[8]
2017-07-29 11:20:31|调试:OnProcessDataPacket cmdCode[30006], len[8]
2017-07-29 11:21:01|调试:OnProcessDataPacket cmdCode[30006], len[8]
2017-07-29 11:21:31|调试:OnProcessDataPacket cmdCode[30006], len[8]
2017-07-29 11:22:01|调试:OnProcessDataPacket cmdCode[30006], len[8]
2017-07-29 11:22:31|调试:OnProcessDataPacket cmdCode[30006], len[8]
2017-07-29 11:23:01|调试:OnProcessDataPacket cmdCode[30006], len[8]
2017-07-29 11:23:31|调试:OnProcessDataPacket cmdCode[30006], len[8]
2017-07-29 11:24:01|调试:OnProcessDataPacket cmdCode[30006], len[8]
2017-07-29 11:24:31|调试:OnProcessDataPacket cmdCode[30006], len[8]
2017-07-29 11:25:01|调试:OnProcessDataPacket cmdCode[30006], len[8]
2017-07-29 11:25:31|调试:OnProcessDataPacket cmdCode[30006], len[8]
2017-07-29 11:26:01|调试:OnProcessDataPacket cmdCode[30006], len[8]
2017-07-29 11:26:31|调试:OnProcessDataPacket cmdCode[30006], len[8]
2017-07-29 11:27:01|调试:OnProcessDataPacket cmdCode[30006], len[8]
2017-07-29 11:27:31|调试:OnProcessDataPacket cmdCode[30006], len[8]
2017-07-29 11:28:01|调试:OnProcessDataPacket cmdCode[30006], len[8]
2017-07-29 11:28:31|调试:OnProcessDataPacket cmdCode[30006], len[8]
2017-07-29 11:29:01|调试:OnProcessDataPacket cmdCode[30006], len[8]
2017-07-29 11:29:31|调试:OnProcessDataPacket cmdCode[30006], len[8]
2017-07-29 11:30:01|调试:OnProcessDataPacket cmdCode[30006], len[8]
2017-07-29 11:30:31|调试:OnProcessDataPacket cmdCode[30006], len[8]
2017-07-29 11:31:01|调试:OnProcessDataPacket cmdCode[30006], len[8]
2017-07-29 11:31:31|调试:OnProcessDataPacket cmdCode[30006], len[8]
2017-07-29 11:32:01|调试:OnProcessDataPacket cmdCode[30006], len[8]
2017-07-29 11:32:31|调试:OnProcessDataPacket cmdCode[30006], len[8]
2017-07-29 11:33:01|调试:OnProcessDataPacket cmdCode[30006], len[8]
2017-07-29 11:33:31|调试:OnProcessDataPacket cmdCode[30006], len[8]
2017-07-29 11:34:01|调试:OnProcessDataPacket cmdCode[30006], len[8]
2017-07-29 11:34:31|调试:OnProcessDataPacket cmdCode[30006], len[8]
2017-07-29 11:35:01|调试:OnProcessDataPacket cmdCode[30006], len[8]
2017-07-29 11:35:31|调试:OnProcessDataPacket cmdCode[30006], len[8]
2017-07-29 11:36:01|调试:OnProcessDataPacket cmdCode[30006], len[8]
2017-07-29 11:36:31|调试:OnProcessDataPacket cmdCode[30006], len[8]
2017-07-29 11:37:01|调试:OnProcessDataPacket cmdCode[30006], len[8]
2017-07-29 11:37:31|调试:OnProcessDataPacket cmdCode[30006], len[8]
2017-07-29 11:38:01|调试:OnProcessDataPacket cmdCode[30006], len[8]
2017-07-29 11:38:31|调试:OnProcessDataPacket cmdCode[30006], len[8]
2017-07-29 11:39:01|调试:OnProcessDataPacket cmdCode[30006], len[8]
2017-07-29 11:39:31|调试:OnProcessDataPacket cmdCode[30006], len[8]
2017-07-29 11:40:01|调试:OnProcessDataPacket cmdCode[30006], len[8]
2017-07-29 11:40:31|调试:OnProcessDataPacket cmdCode[30006], len[8]
2017-07-29 11:41:01|调试:OnProcessDataPacket cmdCode[30006], len[8]
2017-07-29 11:41:31|调试:OnProcessDataPacket cmdCode[30006], len[8]
2017-07-29 11:42:01|调试:OnProcessDataPacket cmdCode[30006], len[8]
2017-07-29 11:42:31|调试:OnProcessDataPacket cmdCode[30006], len[8]
2017-07-29 11:43:01|调试:OnProcessDataPacket cmdCode[30006], len[8]
2017-07-29 11:43:31|调试:OnProcessDataPacket cmdCode[30006], len[8]
2017-07-29 11:44:01|调试:OnProcessDataPacket cmdCode[30006], len[8]
2017-07-29 11:44:31|调试:OnProcessDataPacket cmdCode[30006], len[8]
2017-07-29 11:45:01|调试:OnProcessDataPacket cmdCode[30006], len[8]
2017-07-29 11:45:31|调试:OnProcessDataPacket cmdCode[30006], len[8]
2017-07-29 11:46:01|调试:OnProcessDataPacket cmdCode[30006], len[8]
2017-07-29 11:46:31|调试:OnProcessDataPacket cmdCode[30006], len[8]
2017-07-29 11:47:01|调试:OnProcessDataPacket cmdCode[30006], len[8]
2017-07-29 11:47:31|调试:OnProcessDataPacket cmdCode[30006], len[8]
2017-07-29 11:48:01|调试:OnProcessDataPacket cmdCode[30006], len[8]
2017-07-29 11:48:31|调试:OnProcessDataPacket cmdCode[30006], len[8]
2017-07-29 11:49:01|调试:OnProcessDataPacket cmdCode[30006], len[8]
2017-07-29 11:49:31|调试:OnProcessDataPacket cmdCode[30006], len[8]
2017-07-29 11:50:01|调试:OnProcessDataPacket cmdCode[30006], len[8]
2017-07-29 11:50:31|调试:OnProcessDataPacket cmdCode[30006], len[8]
2017-07-29 11:51:01|调试:OnProcessDataPacket cmdCode[30006], len[8]
2017-07-29 11:51:31|调试:OnProcessDataPacket cmdCode[30006], len[8]
2017-07-29 11:52:01|调试:OnProcessDataPacket cmdCode[30006], len[8]
2017-07-29 11:52:31|调试:OnProcessDataPacket cmdCode[30006], len[8]
2017-07-29 11:53:01|调试:OnProcessDataPacket cmdCode[30006], len[8]
2017-07-29 11:53:31|调试:OnProcessDataPacket cmdCode[30006], len[8]
2017-07-29 11:54:01|调试:OnProcessDataPacket cmdCode[30006], len[8]
2017-07-29 11:54:31|调试:OnProcessDataPacket cmdCode[30006], len[8]
2017-07-29 11:55:01|调试:OnProcessDataPacket cmdCode[30006], len[8]
2017-07-29 11:55:31|调试:OnProcessDataPacket cmdCode[30006], len[8]
2017-07-29 11:56:01|调试:OnProcessDataPacket cmdCode[30006], len[8]
2017-07-29 11:56:31|调试:OnProcessDataPacket cmdCode[30006], len[8]
2017-07-29 11:57:01|调试:OnProcessDataPacket cmdCode[30006], len[8]
2017-07-29 11:57:31|调试:OnProcessDataPacket cmdCode[30006], len[8]
2017-07-29 11:58:01|调试:OnProcessDataPacket cmdCode[30006], len[8]
2017-07-29 11:58:31|调试:OnProcessDataPacket cmdCode[30006], len[8]
2017-07-29 11:59:01|调试:OnProcessDataPacket cmdCode[30006], len[8]
2017-07-29 11:59:31|调试:OnProcessDataPacket cmdCode[30006], len[8]
2017-07-29 12:00:01|调试:OnProcessDataPacket cmdCode[30006], len[8]
2017-07-29 12:00:31|调试:OnProcessDataPacket cmdCode[30006], len[8]
2017-07-29 12:01:01|调试:OnProcessDataPacket cmdCode[30006], len[8]
2017-07-29 12:01:31|调试:OnProcessDataPacket cmdCode[30006], len[8]
2017-07-29 12:02:01|调试:OnProcessDataPacket cmdCode[30006], len[8]
2017-07-29 12:02:31|调试:OnProcessDataPacket cmdCode[30006], len[8]
2017-07-29 12:03:01|调试:OnProcessDataPacket cmdCode[30006], len[8]
2017-07-29 12:03:31|调试:OnProcessDataPacket cmdCode[30006], len[8]
2017-07-29 12:04:01|调试:OnProcessDataPacket cmdCode[30006], len[8]
2017-07-29 12:04:31|调试:OnProcessDataPacket cmdCode[30006], len[8]
2017-07-29 12:05:01|调试:OnProcessDataPacket cmdCode[30006], len[8]
2017-07-29 12:05:31|调试:OnProcessDataPacket cmdCode[30006], len[8]
2017-07-29 12:06:01|调试:OnProcessDataPacket cmdCode[30006], len[8]
2017-07-29 12:06:31|调试:OnProcessDataPacket cmdCode[30006], len[8]
2017-07-29 12:07:01|调试:OnProcessDataPacket cmdCode[30006], len[8]
2017-07-29 12:07:31|调试:OnProcessDataPacket cmdCode[30006], len[8]
2017-07-29 12:08:01|调试:OnProcessDataPacket cmdCode[30006], len[8]
2017-07-29 12:08:31|调试:OnProcessDataPacket cmdCode[30006], len[8]
2017-07-29 12:09:01|调试:OnProcessDataPacket cmdCode[30006], len[8]
2017-07-29 12:09:31|调试:OnProcessDataPacket cmdCode[30006], len[8]
2017-07-29 12:10:01|调试:OnProcessDataPacket cmdCode[30006], len[8]
2017-07-29 12:10:31|调试:OnProcessDataPacket cmdCode[30006], len[8]
2017-07-29 12:11:01|调试:OnProcessDataPacket cmdCode[30006], len[8]
2017-07-29 12:11:31|调试:OnProcessDataPacket cmdCode[30006], len[8]
2017-07-29 12:12:01|调试:OnProcessDataPacket cmdCode[30006], len[8]
2017-07-29 12:12:31|调试:OnProcessDataPacket cmdCode[30006], len[8]
2017-07-29 12:13:01|调试:OnProcessDataPacket cmdCode[30006], len[8]
2017-07-29 12:13:31|调试:OnProcessDataPacket cmdCode[30006], len[8]
2017-07-29 12:14:01|调试:OnProcessDataPacket cmdCode[30006], len[8]
2017-07-29 12:14:31|调试:OnProcessDataPacket cmdCode[30006], len[8]
2017-07-29 12:15:01|调试:OnProcessDataPacket cmdCode[30006], len[8]
2017-07-29 12:15:31|调试:OnProcessDataPacket cmdCode[30006], len[8]
2017-07-29 12:16:01|调试:OnProcessDataPacket cmdCode[30006], len[8]
2017-07-29 12:16:31|调试:OnProcessDataPacket cmdCode[30006], len[8]
2017-07-29 12:17:01|调试:OnProcessDataPacket cmdCode[30006], len[8]
2017-07-29 12:17:31|调试:OnProcessDataPacket cmdCode[30006], len[8]
2017-07-29 12:18:01|调试:OnProcessDataPacket cmdCode[30006], len[8]
2017-07-29 12:18:31|调试:OnProcessDataPacket cmdCode[30006], len[8]
2017-07-29 12:19:01|调试:OnProcessDataPacket cmdCode[30006], len[8]
2017-07-29 12:19:31|调试:OnProcessDataPacket cmdCode[30006], len[8]
2017-07-29 12:20:01|调试:OnProcessDataPacket cmdCode[30006], len[8]
2017-07-29 12:20:31|调试:OnProcessDataPacket cmdCode[30006], len[8]
2017-07-29 12:21:01|调试:OnProcessDataPacket cmdCode[30006], len[8]
2017-07-29 12:21:31|调试:OnProcessDataPacket cmdCode[30006], len[8]
2017-07-29 12:22:01|调试:OnProcessDataPacket cmdCode[30006], len[8]
2017-07-29 12:22:31|调试:OnProcessDataPacket cmdCode[30006], len[8]
2017-07-29 12:23:01|调试:OnProcessDataPacket cmdCode[30006], len[8]
2017-07-29 12:23:31|调试:OnProcessDataPacket cmdCode[30006], len[8]
2017-07-29 12:24:01|调试:OnProcessDataPacket cmdCode[30006], len[8]
2017-07-29 12:24:31|调试:OnProcessDataPacket cmdCode[30006], len[8]
2017-07-29 12:25:01|调试:OnProcessDataPacket cmdCode[30006], len[8]
2017-07-29 12:25:31|调试:OnProcessDataPacket cmdCode[30006], len[8]
2017-07-29 12:26:01|调试:OnProcessDataPacket cmdCode[30006], len[8]
2017-07-29 12:26:31|调试:OnProcessDataPacket cmdCode[30006], len[8]
2017-07-29 12:27:01|调试:OnProcessDataPacket cmdCode[30006], len[8]
2017-07-29 12:27:31|调试:OnProcessDataPacket cmdCode[30006], len[8]
2017-07-29 12:28:01|调试:OnProcessDataPacket cmdCode[30006], len[8]
2017-07-29 12:28:31|调试:OnProcessDataPacket cmdCode[30006], len[8]
2017-07-29 12:29:01|调试:OnProcessDataPacket cmdCode[30006], len[8]
2017-07-29 12:29:31|调试:OnProcessDataPacket cmdCode[30006], len[8]
2017-07-29 12:30:01|调试:OnProcessDataPacket cmdCode[30006], len[8]
2017-07-29 12:30:31|调试:OnProcessDataPacket cmdCode[30006], len[8]
2017-07-29 12:31:01|调试:OnProcessDataPacket cmdCode[30006], len[8]
2017-07-29 12:31:31|调试:OnProcessDataPacket cmdCode[30006], len[8]
2017-07-29 12:32:01|调试:OnProcessDataPacket cmdCode[30006], len[8]
2017-07-29 12:32:31|调试:OnProcessDataPacket cmdCode[30006], len[8]
2017-07-29 12:33:01|调试:OnProcessDataPacket cmdCode[30006], len[8]
2017-07-29 12:33:31|调试:OnProcessDataPacket cmdCode[30006], len[8]
2017-07-29 12:34:01|调试:OnProcessDataPacket cmdCode[30006], len[8]
2017-07-29 12:34:31|调试:OnProcessDataPacket cmdCode[30006], len[8]
2017-07-29 12:35:01|调试:OnProcessDataPacket cmdCode[30006], len[8]
2017-07-29 12:35:31|调试:OnProcessDataPacket cmdCode[30006], len[8]
2017-07-29 12:36:01|调试:OnProcessDataPacket cmdCode[30006], len[8]
2017-07-29 12:36:31|调试:OnProcessDataPacket cmdCode[30006], len[8]
2017-07-29 12:37:01|调试:OnProcessDataPacket cmdCode[30006], len[8]
2017-07-29 12:37:31|调试:OnProcessDataPacket cmdCode[30006], len[8]
2017-07-29 12:38:01|调试:OnProcessDataPacket cmdCode[30006], len[8]
2017-07-29 12:38:31|调试:OnProcessDataPacket cmdCode[30006], len[8]
2017-07-29 12:39:01|调试:OnProcessDataPacket cmdCode[30006], len[8]
2017-07-29 12:39:31|调试:OnProcessDataPacket cmdCode[30006], len[8]
2017-07-29 12:40:01|调试:OnProcessDataPacket cmdCode[30006], len[8]
2017-07-29 12:40:31|调试:OnProcessDataPacket cmdCode[30006], len[8]
2017-07-29 12:41:01|调试:OnProcessDataPacket cmdCode[30006], len[8]
2017-07-29 12:41:31|调试:OnProcessDataPacket cmdCode[30006], len[8]
2017-07-29 12:42:01|调试:OnProcessDataPacket cmdCode[30006], len[8]
2017-07-29 12:42:31|调试:OnProcessDataPacket cmdCode[30006], len[8]
2017-07-29 12:43:01|调试:OnProcessDataPacket cmdCode[30006], len[8]
2017-07-29 12:43:31|调试:OnProcessDataPacket cmdCode[30006], len[8]
2017-07-29 12:44:01|调试:OnProcessDataPacket cmdCode[30006], len[8]
2017-07-29 12:44:31|调试:OnProcessDataPacket cmdCode[30006], len[8]
2017-07-29 12:45:01|调试:OnProcessDataPacket cmdCode[30006], len[8]
2017-07-29 12:45:31|调试:OnProcessDataPacket cmdCode[30006], len[8]
2017-07-29 12:46:01|调试:OnProcessDataPacket cmdCode[30006], len[8]
2017-07-29 12:46:31|调试:OnProcessDataPacket cmdCode[30006], len[8]
2017-07-29 12:47:01|调试:OnProcessDataPacket cmdCode[30006], len[8]
2017-07-29 12:47:31|调试:OnProcessDataPacket cmdCode[30006], len[8]
2017-07-29 12:48:01|调试:OnProcessDataPacket cmdCode[30006], len[8]
2017-07-29 12:48:31|调试:OnProcessDataPacket cmdCode[30006], len[8]
2017-07-29 12:49:01|调试:OnProcessDataPacket cmdCode[30006], len[8]
2017-07-29 12:49:31|调试:OnProcessDataPacket cmdCode[30006], len[8]
2017-07-29 12:50:01|调试:OnProcessDataPacket cmdCode[30006], len[8]
2017-07-29 12:50:31|调试:OnProcessDataPacket cmdCode[30006], len[8]
2017-07-29 12:51:01|调试:OnProcessDataPacket cmdCode[30006], len[8]
2017-07-29 12:51:31|调试:OnProcessDataPacket cmdCode[30006], len[8]
2017-07-29 12:52:01|调试:OnProcessDataPacket cmdCode[30006], len[8]
2017-07-29 12:52:31|调试:OnProcessDataPacket cmdCode[30006], len[8]
2017-07-29 12:53:01|调试:OnProcessDataPacket cmdCode[30006], len[8]
2017-07-29 12:53:31|调试:OnProcessDataPacket cmdCode[30006], len[8]
2017-07-29 12:54:01|调试:OnProcessDataPacket cmdCode[30006], len[8]
2017-07-29 12:54:31|调试:OnProcessDataPacket cmdCode[30006], len[8]
2017-07-29 12:55:01|调试:OnProcessDataPacket cmdCode[30006], len[8]
2017-07-29 12:55:31|调试:OnProcessDataPacket cmdCode[30006], len[8]
2017-07-29 12:56:01|调试:OnProcessDataPacket cmdCode[30006], len[8]
2017-07-29 12:56:31|调试:OnProcessDataPacket cmdCode[30006], len[8]
2017-07-29 12:57:01|调试:OnProcessDataPacket cmdCode[30006], len[8]
2017-07-29 12:57:31|调试:OnProcessDataPacket cmdCode[30006], len[8]
2017-07-29 12:58:01|调试:OnProcessDataPacket cmdCode[30006], len[8]
2017-07-29 12:58:31|调试:OnProcessDataPacket cmdCode[30006], len[8]
2017-07-29 12:59:01|调试:OnProcessDataPacket cmdCode[30006], len[8]
2017-07-29 12:59:31|调试:OnProcessDataPacket cmdCode[30006], len[8]
2017-07-29 13:00:01|调试:OnProcessDataPacket cmdCode[30006], len[8]
2017-07-29 13:00:31|调试:OnProcessDataPacket cmdCode[30006], len[8]
2017-07-29 13:01:01|调试:OnProcessDataPacket cmdCode[30006], len[8]
2017-07-29 13:01:31|调试:OnProcessDataPacket cmdCode[30006], len[8]
2017-07-29 13:02:01|调试:OnProcessDataPacket cmdCode[30006], len[8]
2017-07-29 13:02:31|调试:OnProcessDataPacket cmdCode[30006], len[8]
2017-07-29 13:03:01|调试:OnProcessDataPacket cmdCode[30006], len[8]
2017-07-29 13:03:31|调试:OnProcessDataPacket cmdCode[30006], len[8]
2017-07-29 13:04:01|调试:OnProcessDataPacket cmdCode[30006], len[8]
2017-07-29 13:04:31|调试:OnProcessDataPacket cmdCode[30006], len[8]
2017-07-29 13:05:01|调试:OnProcessDataPacket cmdCode[30006], len[8]
2017-07-29 13:05:31|调试:OnProcessDataPacket cmdCode[30006], len[8]
2017-07-29 13:06:01|调试:OnProcessDataPacket cmdCode[30006], len[8]
2017-07-29 13:06:31|调试:OnProcessDataPacket cmdCode[30006], len[8]
2017-07-29 13:07:01|调试:OnProcessDataPacket cmdCode[30006], len[8]
2017-07-29 13:07:31|调试:OnProcessDataPacket cmdCode[30006], len[8]
2017-07-29 13:08:01|调试:OnProcessDataPacket cmdCode[30006], len[8]
2017-07-29 13:08:31|调试:OnProcessDataPacket cmdCode[30006], len[8]
2017-07-29 13:09:01|调试:OnProcessDataPacket cmdCode[30006], len[8]
2017-07-29 13:09:31|调试:OnProcessDataPacket cmdCode[30006], len[8]
2017-07-29 13:10:01|调试:OnProcessDataPacket cmdCode[30006], len[8]
2017-07-29 13:10:31|调试:OnProcessDataPacket cmdCode[30006], len[8]
2017-07-29 13:11:01|调试:OnProcessDataPacket cmdCode[30006], len[8]
2017-07-29 13:11:31|调试:OnProcessDataPacket cmdCode[30006], len[8]
2017-07-29 13:12:01|调试:OnProcessDataPacket cmdCode[30006], len[8]
2017-07-29 13:12:31|调试:OnProcessDataPacket cmdCode[30006], len[8]
2017-07-29 13:13:01|调试:OnProcessDataPacket cmdCode[30006], len[8]
2017-07-29 13:13:31|调试:OnProcessDataPacket cmdCode[30006], len[8]
2017-07-29 13:14:01|调试:OnProcessDataPacket cmdCode[30006], len[8]
2017-07-29 13:14:31|调试:OnProcessDataPacket cmdCode[30006], len[8]
2017-07-29 13:15:01|调试:OnProcessDataPacket cmdCode[30006], len[8]
2017-07-29 13:15:31|调试:OnProcessDataPacket cmdCode[30006], len[8]
2017-07-29 13:16:01|调试:OnProcessDataPacket cmdCode[30006], len[8]
2017-07-29 13:16:31|调试:OnProcessDataPacket cmdCode[30006], len[8]
2017-07-29 13:17:01|调试:OnProcessDataPacket cmdCode[30006], len[8]
2017-07-29 13:17:31|调试:OnProcessDataPacket cmdCode[30006], len[8]
2017-07-29 13:18:01|调试:OnProcessDataPacket cmdCode[30006], len[8]
2017-07-29 13:18:31|调试:OnProcessDataPacket cmdCode[30006], len[8]
2017-07-29 13:19:01|调试:OnProcessDataPacket cmdCode[30006], len[8]
2017-07-29 13:19:31|调试:OnProcessDataPacket cmdCode[30006], len[8]
2017-07-29 13:20:01|调试:OnProcessDataPacket cmdCode[30006], len[8]
2017-07-29 13:20:31|调试:OnProcessDataPacket cmdCode[30006], len[8]
2017-07-29 13:21:01|调试:OnProcessDataPacket cmdCode[30006], len[8]
2017-07-29 13:21:31|调试:OnProcessDataPacket cmdCode[30006], len[8]
2017-07-29 13:22:01|调试:OnProcessDataPacket cmdCode[30006], len[8]
2017-07-29 13:22:31|调试:OnProcessDataPacket cmdCode[30006], len[8]
2017-07-29 13:23:01|调试:OnProcessDataPacket cmdCode[30006], len[8]
2017-07-29 13:23:31|调试:OnProcessDataPacket cmdCode[30006], len[8]
2017-07-29 13:24:01|调试:OnProcessDataPacket cmdCode[30006], len[8]
2017-07-29 13:24:31|调试:OnProcessDataPacket cmdCode[30006], len[8]
2017-07-29 13:25:01|调试:OnProcessDataPacket cmdCode[30006], len[8]
2017-07-29 13:25:31|调试:OnProcessDataPacket cmdCode[30006], len[8]
2017-07-29 13:26:01|调试:OnProcessDataPacket cmdCode[30006], len[8]
2017-07-29 13:26:31|调试:OnProcessDataPacket cmdCode[30006], len[8]
2017-07-29 13:27:01|调试:OnProcessDataPacket cmdCode[30006], len[8]
2017-07-29 13:27:31|调试:OnProcessDataPacket cmdCode[30006], len[8]
2017-07-29 13:28:01|调试:OnProcessDataPacket cmdCode[30006], len[8]
2017-07-29 13:28:31|调试:OnProcessDataPacket cmdCode[30006], len[8]
2017-07-29 13:29:01|调试:OnProcessDataPacket cmdCode[30006], len[8]
2017-07-29 13:29:31|调试:OnProcessDataPacket cmdCode[30006], len[8]
2017-07-29 13:30:01|调试:OnProcessDataPacket cmdCode[30006], len[8]
2017-07-29 13:30:31|调试:OnProcessDataPacket cmdCode[30006], len[8]
2017-07-29 13:31:01|调试:OnProcessDataPacket cmdCode[30006], len[8]
2017-07-29 13:31:31|调试:OnProcessDataPacket cmdCode[30006], len[8]
2017-07-29 13:32:01|调试:OnProcessDataPacket cmdCode[30006], len[8]
2017-07-29 13:32:31|调试:OnProcessDataPacket cmdCode[30006], len[8]
2017-07-29 13:33:01|调试:OnProcessDataPacket cmdCode[30006], len[8]
2017-07-29 13:33:31|调试:OnProcessDataPacket cmdCode[30006], len[8]
2017-07-29 13:34:01|调试:OnProcessDataPacket cmdCode[30006], len[8]
2017-07-29 13:34:31|调试:OnProcessDataPacket cmdCode[30006], len[8]
2017-07-29 13:35:01|调试:OnProcessDataPacket cmdCode[30006], len[8]
2017-07-29 13:35:31|调试:OnProcessDataPacket cmdCode[30006], len[8]
2017-07-29 13:36:01|调试:OnProcessDataPacket cmdCode[30006], len[8]
2017-07-29 13:36:31|调试:OnProcessDataPacket cmdCode[30006], len[8]
2017-07-29 13:37:01|调试:OnProcessDataPacket cmdCode[30006], len[8]
2017-07-29 13:37:31|调试:OnProcessDataPacket cmdCode[30006], len[8]
2017-07-29 13:38:01|调试:OnProcessDataPacket cmdCode[30006], len[8]
2017-07-29 13:38:31|调试:OnProcessDataPacket cmdCode[30006], len[8]
2017-07-29 13:39:01|调试:OnProcessDataPacket cmdCode[30006], len[8]
2017-07-29 13:39:31|调试:OnProcessDataPacket cmdCode[30006], len[8]
2017-07-29 13:40:01|调试:OnProcessDataPacket cmdCode[30006], len[8]
2017-07-29 13:40:31|调试:OnProcessDataPacket cmdCode[30006], len[8]
2017-07-29 13:41:01|调试:OnProcessDataPacket cmdCode[30006], len[8]
2017-07-29 13:41:31|调试:OnProcessDataPacket cmdCode[30006], len[8]
2017-07-29 13:42:01|调试:OnProcessDataPacket cmdCode[30006], len[8]
2017-07-29 13:42:31|调试:OnProcessDataPacket cmdCode[30006], len[8]
2017-07-29 13:43:01|调试:OnProcessDataPacket cmdCode[30006], len[8]
2017-07-29 13:43:31|调试:OnProcessDataPacket cmdCode[30006], len[8]
2017-07-29 13:44:01|调试:OnProcessDataPacket cmdCode[30006], len[8]
2017-07-29 13:44:31|调试:OnProcessDataPacket cmdCode[30006], len[8]
2017-07-29 13:45:01|调试:OnProcessDataPacket cmdCode[30006], len[8]
2017-07-29 13:45:31|调试:OnProcessDataPacket cmdCode[30006], len[8]
2017-07-29 13:46:01|调试:OnProcessDataPacket cmdCode[30006], len[8]
2017-07-29 13:46:31|调试:OnProcessDataPacket cmdCode[30006], len[8]
2017-07-29 13:47:01|调试:OnProcessDataPacket cmdCode[30006], len[8]
2017-07-29 13:47:31|调试:OnProcessDataPacket cmdCode[30006], len[8]
2017-07-29 13:48:01|调试:OnProcessDataPacket cmdCode[30006], len[8]
2017-07-29 13:48:31|调试:OnProcessDataPacket cmdCode[30006], len[8]
2017-07-29 13:49:01|调试:OnProcessDataPacket cmdCode[30006], len[8]
2017-07-29 13:49:31|调试:OnProcessDataPacket cmdCode[30006], len[8]
2017-07-29 13:50:01|调试:OnProcessDataPacket cmdCode[30006], len[8]
2017-07-29 13:50:31|调试:OnProcessDataPacket cmdCode[30006], len[8]
2017-07-29 13:51:01|调试:OnProcessDataPacket cmdCode[30006], len[8]
2017-07-29 13:51:31|调试:OnProcessDataPacket cmdCode[30006], len[8]
2017-07-29 13:52:01|调试:OnProcessDataPacket cmdCode[30006], len[8]
2017-07-29 13:52:31|调试:OnProcessDataPacket cmdCode[30006], len[8]
2017-07-29 13:53:01|调试:OnProcessDataPacket cmdCode[30006], len[8]
2017-07-29 13:53:31|调试:OnProcessDataPacket cmdCode[30006], len[8]
2017-07-29 13:54:01|调试:OnProcessDataPacket cmdCode[30006], len[8]
2017-07-29 13:54:31|调试:OnProcessDataPacket cmdCode[30006], len[8]
2017-07-29 13:55:01|调试:OnProcessDataPacket cmdCode[30006], len[8]
2017-07-29 13:55:31|调试:OnProcessDataPacket cmdCode[30006], len[8]
2017-07-29 13:56:01|调试:OnProcessDataPacket cmdCode[30006], len[8]
2017-07-29 13:56:31|调试:OnProcessDataPacket cmdCode[30006], len[8]
2017-07-29 13:57:01|调试:OnProcessDataPacket cmdCode[30006], len[8]
2017-07-29 13:57:31|调试:OnProcessDataPacket cmdCode[30006], len[8]
2017-07-29 13:58:01|调试:OnProcessDataPacket cmdCode[30006], len[8]
2017-07-29 13:58:31|调试:OnProcessDataPacket cmdCode[30006], len[8]
2017-07-29 13:59:01|调试:OnProcessDataPacket cmdCode[30006], len[8]
2017-07-29 13:59:31|调试:OnProcessDataPacket cmdCode[30006], len[8]
2017-07-29 14:00:01|调试:OnProcessDataPacket cmdCode[30006], len[8]
2017-07-29 14:00:31|调试:OnProcessDataPacket cmdCode[30006], len[8]
2017-07-29 14:01:01|调试:OnProcessDataPacket cmdCode[30006], len[8]
2017-07-29 14:01:31|调试:OnProcessDataPacket cmdCode[30006], len[8]
2017-07-29 14:02:01|调试:OnProcessDataPacket cmdCode[30006], len[8]
2017-07-29 14:02:31|调试:OnProcessDataPacket cmdCode[30006], len[8]
2017-07-29 14:03:01|调试:OnProcessDataPacket cmdCode[30006], len[8]
2017-07-29 14:03:31|调试:OnProcessDataPacket cmdCode[30006], len[8]
2017-07-29 14:04:01|调试:OnProcessDataPacket cmdCode[30006], len[8]
2017-07-29 14:04:31|调试:OnProcessDataPacket cmdCode[30006], len[8]
2017-07-29 14:05:01|调试:OnProcessDataPacket cmdCode[30006], len[8]
2017-07-29 14:05:31|调试:OnProcessDataPacket cmdCode[30006], len[8]
2017-07-29 14:06:01|调试:OnProcessDataPacket cmdCode[30006], len[8]
2017-07-29 14:06:31|调试:OnProcessDataPacket cmdCode[30006], len[8]
