2017-05-31 09:57:48|信息:读取配置文件[./cyaLCServer.properties]成功!
2017-05-31 09:57:48|信息:连接数据服务器[192.168.50.2:9570]成功!
2017-05-31 09:57:48|信息:连接数据服务器[192.168.50.2:9570]成功!
2017-05-31 09:57:48|信息:连接数据服务器[192.168.50.2:9570]成功!
2017-05-31 09:57:49|信息:共载入1条分区信息!
2017-05-31 09:57:49|信息:启动对linker上报连接数的检测,时间间隔30秒
2017-05-31 09:57:49|信息:========验证服务器[1.0.0][10030]启动成功!========
2017-05-31 09:57:50|调试:OnProcessDataPacket cmdCode[30001], len[48]
2017-05-31 09:57:50|信息:LinkServer[1, 0.0.0.0:9528]登录!
2017-05-31 09:57:50|调试:OnProcessDataPacket cmdCode[30023], len[0]
2017-05-31 09:57:50|调试:linker[1]获取上报连接数时间间隔[30]秒!
2017-05-31 09:57:50|调试:OnProcessDataPacket cmdCode[30006], len[8]
2017-05-31 09:57:50|调试:OnProcessDataPacket cmdCode[30005], len[0]
2017-05-31 09:57:50|调试:查询分区1状态[0]!
2017-05-31 09:58:03|信息:分区[1], LinkServer[1]退出!
2017-05-31 09:58:09|调试:OnProcessDataPacket cmdCode[30001], len[48]
2017-05-31 09:58:09|信息:LinkServer[1, 0.0.0.0:9528]登录!
2017-05-31 09:58:09|调试:OnProcessDataPacket cmdCode[30023], len[0]
2017-05-31 09:58:09|调试:linker[1]获取上报连接数时间间隔[30]秒!
2017-05-31 09:58:09|调试:OnProcessDataPacket cmdCode[30006], len[8]
2017-05-31 09:58:09|调试:OnProcessDataPacket cmdCode[30005], len[0]
2017-05-31 09:58:09|调试:查询分区1状态[0]!
2017-05-31 09:58:39|调试:OnProcessDataPacket cmdCode[30006], len[8]
2017-05-31 09:59:44|调试:OnProcessDataPacket cmdCode[30006], len[8]
2017-05-31 09:59:44|调试:OnProcessDataPacket cmdCode[30006], len[8]
2017-05-31 10:00:14|调试:OnProcessDataPacket cmdCode[30006], len[8]
2017-05-31 10:00:44|调试:OnProcessDataPacket cmdCode[30006], len[8]
2017-05-31 10:01:14|调试:OnProcessDataPacket cmdCode[30006], len[8]
2017-05-31 10:01:44|调试:OnProcessDataPacket cmdCode[30006], len[8]
2017-05-31 10:02:14|调试:OnProcessDataPacket cmdCode[30006], len[8]
2017-05-31 10:02:44|调试:OnProcessDataPacket cmdCode[30006], len[8]
2017-05-31 10:03:14|调试:OnProcessDataPacket cmdCode[30006], len[8]
2017-05-31 10:03:44|调试:OnProcessDataPacket cmdCode[30006], len[8]
2017-05-31 10:04:14|调试:OnProcessDataPacket cmdCode[30006], len[8]
2017-05-31 10:04:44|调试:OnProcessDataPacket cmdCode[30006], len[8]
2017-05-31 10:05:14|调试:OnProcessDataPacket cmdCode[30006], len[8]
2017-05-31 10:05:44|调试:OnProcessDataPacket cmdCode[30006], len[8]
2017-05-31 10:06:14|调试:OnProcessDataPacket cmdCode[30006], len[8]
2017-05-31 10:06:44|调试:OnProcessDataPacket cmdCode[30006], len[8]
2017-05-31 10:07:14|调试:OnProcessDataPacket cmdCode[30006], len[8]
2017-05-31 10:07:44|调试:OnProcessDataPacket cmdCode[30006], len[8]
2017-05-31 10:08:46|调试:OnProcessDataPacket cmdCode[30006], len[8]
2017-05-31 10:08:46|调试:OnProcessDataPacket cmdCode[30006], len[8]
2017-05-31 10:09:16|调试:OnProcessDataPacket cmdCode[30006], len[8]
2017-05-31 10:09:46|调试:OnProcessDataPacket cmdCode[30006], len[8]
2017-05-31 10:10:16|调试:OnProcessDataPacket cmdCode[30006], len[8]
2017-05-31 10:10:46|调试:OnProcessDataPacket cmdCode[30006], len[8]
2017-05-31 10:11:16|调试:OnProcessDataPacket cmdCode[30006], len[8]
2017-05-31 10:11:46|调试:OnProcessDataPacket cmdCode[30006], len[8]
2017-05-31 10:12:16|调试:OnProcessDataPacket cmdCode[30006], len[8]
2017-05-31 10:12:46|调试:OnProcessDataPacket cmdCode[30006], len[8]
2017-05-31 10:13:16|调试:OnProcessDataPacket cmdCode[30006], len[8]
2017-05-31 10:13:46|调试:OnProcessDataPacket cmdCode[30006], len[8]
2017-05-31 10:14:16|调试:OnProcessDataPacket cmdCode[30006], len[8]
2017-05-31 10:14:46|调试:OnProcessDataPacket cmdCode[30006], len[8]
2017-05-31 10:15:16|调试:OnProcessDataPacket cmdCode[30006], len[8]
2017-05-31 10:15:46|调试:OnProcessDataPacket cmdCode[30006], len[8]
2017-05-31 10:16:16|调试:OnProcessDataPacket cmdCode[30006], len[8]
2017-05-31 10:16:46|调试:OnProcessDataPacket cmdCode[30006], len[8]
2017-05-31 10:17:16|调试:OnProcessDataPacket cmdCode[30006], len[8]
2017-05-31 10:17:46|调试:OnProcessDataPacket cmdCode[30006], len[8]
2017-05-31 10:18:16|调试:OnProcessDataPacket cmdCode[30006], len[8]
2017-05-31 10:18:46|调试:OnProcessDataPacket cmdCode[30006], len[8]
2017-05-31 10:19:16|调试:OnProcessDataPacket cmdCode[30006], len[8]
2017-05-31 10:19:46|调试:OnProcessDataPacket cmdCode[30006], len[8]
2017-05-31 10:20:16|调试:OnProcessDataPacket cmdCode[30006], len[8]
2017-05-31 10:20:46|调试:OnProcessDataPacket cmdCode[30006], len[8]
2017-05-31 10:21:16|调试:OnProcessDataPacket cmdCode[30006], len[8]
2017-05-31 10:21:46|调试:OnProcessDataPacket cmdCode[30006], len[8]
2017-05-31 10:22:16|调试:OnProcessDataPacket cmdCode[30006], len[8]
2017-05-31 10:22:46|调试:OnProcessDataPacket cmdCode[30006], len[8]
2017-05-31 10:23:16|调试:OnProcessDataPacket cmdCode[30006], len[8]
2017-05-31 10:23:46|调试:OnProcessDataPacket cmdCode[30006], len[8]
2017-05-31 10:24:16|调试:OnProcessDataPacket cmdCode[30006], len[8]
2017-05-31 10:24:46|调试:OnProcessDataPacket cmdCode[30006], len[8]
2017-05-31 10:25:16|调试:OnProcessDataPacket cmdCode[30006], len[8]
2017-05-31 10:25:46|调试:OnProcessDataPacket cmdCode[30006], len[8]
2017-05-31 10:26:16|调试:OnProcessDataPacket cmdCode[30006], len[8]
2017-05-31 10:26:46|调试:OnProcessDataPacket cmdCode[30006], len[8]
2017-05-31 10:27:16|调试:OnProcessDataPacket cmdCode[30006], len[8]
2017-05-31 10:27:46|调试:OnProcessDataPacket cmdCode[30006], len[8]
2017-05-31 10:28:16|调试:OnProcessDataPacket cmdCode[30006], len[8]
2017-05-31 10:28:46|调试:OnProcessDataPacket cmdCode[30006], len[8]
2017-05-31 10:29:16|调试:OnProcessDataPacket cmdCode[30006], len[8]
2017-05-31 10:29:46|调试:OnProcessDataPacket cmdCode[30006], len[8]
2017-05-31 10:30:18|调试:OnProcessDataPacket cmdCode[30006], len[8]
2017-05-31 10:31:50|信息:90秒内未收到Linker[1]心跳信息,将其连接断开
2017-05-31 10:33:21|调试:OnProcessDataPacket cmdCode[30001], len[48]
2017-05-31 10:33:21|信息:LinkServer[1, 0.0.0.0:9528]登录!
2017-05-31 10:33:21|调试:OnProcessDataPacket cmdCode[30023], len[0]
2017-05-31 10:33:21|调试:linker[1]获取上报连接数时间间隔[30]秒!
2017-05-31 10:33:21|调试:OnProcessDataPacket cmdCode[30006], len[8]
2017-05-31 10:33:51|调试:OnProcessDataPacket cmdCode[30006], len[8]
2017-05-31 10:34:21|调试:OnProcessDataPacket cmdCode[30006], len[8]
2017-05-31 10:34:51|调试:OnProcessDataPacket cmdCode[30006], len[8]
2017-05-31 10:35:21|调试:OnProcessDataPacket cmdCode[30006], len[8]
2017-05-31 10:35:51|调试:OnProcessDataPacket cmdCode[30006], len[8]
2017-05-31 10:36:21|调试:OnProcessDataPacket cmdCode[30006], len[8]
2017-05-31 10:36:51|调试:OnProcessDataPacket cmdCode[30006], len[8]
2017-05-31 10:37:21|调试:OnProcessDataPacket cmdCode[30006], len[8]
2017-05-31 10:37:52|调试:OnProcessDataPacket cmdCode[30006], len[8]
2017-05-31 10:38:21|调试:OnProcessDataPacket cmdCode[30006], len[8]
2017-05-31 10:38:52|调试:OnProcessDataPacket cmdCode[30006], len[8]
2017-05-31 10:39:22|调试:OnProcessDataPacket cmdCode[30006], len[8]
2017-05-31 10:39:52|调试:OnProcessDataPacket cmdCode[30006], len[8]
2017-05-31 10:41:50|信息:90秒内未收到Linker[1]心跳信息,将其连接断开
2017-05-31 10:41:54|调试:OnProcessDataPacket cmdCode[30001], len[48]
2017-05-31 10:41:54|信息:LinkServer[1, 0.0.0.0:9528]登录!
2017-05-31 10:41:54|调试:OnProcessDataPacket cmdCode[30023], len[0]
2017-05-31 10:41:54|调试:linker[1]获取上报连接数时间间隔[30]秒!
2017-05-31 10:41:54|调试:OnProcessDataPacket cmdCode[30006], len[8]
2017-05-31 10:42:24|调试:OnProcessDataPacket cmdCode[30006], len[8]
2017-05-31 10:42:54|调试:OnProcessDataPacket cmdCode[30006], len[8]
2017-05-31 10:43:24|调试:OnProcessDataPacket cmdCode[30006], len[8]
2017-05-31 10:43:54|调试:OnProcessDataPacket cmdCode[30006], len[8]
2017-05-31 10:44:24|调试:OnProcessDataPacket cmdCode[30006], len[8]
2017-05-31 10:44:54|调试:OnProcessDataPacket cmdCode[30006], len[8]
2017-05-31 10:45:24|调试:OnProcessDataPacket cmdCode[30006], len[8]
2017-05-31 10:45:54|调试:OnProcessDataPacket cmdCode[30006], len[8]
2017-05-31 10:46:40|调试:OnProcessDataPacket cmdCode[30006], len[8]
2017-05-31 10:47:11|调试:OnProcessDataPacket cmdCode[30006], len[8]
2017-05-31 10:47:41|调试:OnProcessDataPacket cmdCode[30006], len[8]
2017-05-31 10:48:11|调试:OnProcessDataPacket cmdCode[30006], len[8]
2017-05-31 10:48:41|调试:OnProcessDataPacket cmdCode[30006], len[8]
2017-05-31 10:49:11|调试:OnProcessDataPacket cmdCode[30006], len[8]
2017-05-31 10:49:41|调试:OnProcessDataPacket cmdCode[30006], len[8]
2017-05-31 10:50:11|调试:OnProcessDataPacket cmdCode[30006], len[8]
2017-05-31 10:50:41|调试:OnProcessDataPacket cmdCode[30006], len[8]
2017-05-31 10:51:11|调试:OnProcessDataPacket cmdCode[30006], len[8]
2017-05-31 10:51:41|调试:OnProcessDataPacket cmdCode[30006], len[8]
2017-05-31 10:52:11|调试:OnProcessDataPacket cmdCode[30006], len[8]
2017-05-31 10:52:41|调试:OnProcessDataPacket cmdCode[30006], len[8]
2017-05-31 10:53:11|调试:OnProcessDataPacket cmdCode[30006], len[8]
2017-05-31 10:53:41|调试:OnProcessDataPacket cmdCode[30006], len[8]
2017-05-31 10:54:11|调试:OnProcessDataPacket cmdCode[30006], len[8]
2017-05-31 10:54:41|调试:OnProcessDataPacket cmdCode[30006], len[8]
2017-05-31 10:55:11|调试:OnProcessDataPacket cmdCode[30006], len[8]
2017-05-31 10:55:41|调试:OnProcessDataPacket cmdCode[30006], len[8]
2017-05-31 10:56:11|调试:OnProcessDataPacket cmdCode[30006], len[8]
2017-05-31 10:56:41|调试:OnProcessDataPacket cmdCode[30006], len[8]
2017-05-31 10:57:11|调试:OnProcessDataPacket cmdCode[30006], len[8]
2017-05-31 10:57:41|调试:OnProcessDataPacket cmdCode[30006], len[8]
2017-05-31 10:58:11|调试:OnProcessDataPacket cmdCode[30006], len[8]
2017-05-31 10:58:41|调试:OnProcessDataPacket cmdCode[30006], len[8]
2017-05-31 10:59:11|调试:OnProcessDataPacket cmdCode[30006], len[8]
2017-05-31 10:59:41|调试:OnProcessDataPacket cmdCode[30006], len[8]
2017-05-31 11:00:11|调试:OnProcessDataPacket cmdCode[30006], len[8]
2017-05-31 11:00:41|调试:OnProcessDataPacket cmdCode[30006], len[8]
2017-05-31 11:01:11|调试:OnProcessDataPacket cmdCode[30006], len[8]
2017-05-31 11:01:41|调试:OnProcessDataPacket cmdCode[30006], len[8]
2017-05-31 11:02:11|调试:OnProcessDataPacket cmdCode[30006], len[8]
2017-05-31 11:02:41|调试:OnProcessDataPacket cmdCode[30006], len[8]
2017-05-31 11:03:11|调试:OnProcessDataPacket cmdCode[30006], len[8]
2017-05-31 11:03:41|调试:OnProcessDataPacket cmdCode[30006], len[8]
2017-05-31 11:04:11|调试:OnProcessDataPacket cmdCode[30006], len[8]
2017-05-31 11:04:41|调试:OnProcessDataPacket cmdCode[30006], len[8]
2017-05-31 11:05:11|调试:OnProcessDataPacket cmdCode[30006], len[8]
2017-05-31 11:05:41|调试:OnProcessDataPacket cmdCode[30006], len[8]
2017-05-31 11:06:11|调试:OnProcessDataPacket cmdCode[30006], len[8]
2017-05-31 11:06:41|调试:OnProcessDataPacket cmdCode[30006], len[8]
2017-05-31 11:07:11|调试:OnProcessDataPacket cmdCode[30006], len[8]
2017-05-31 11:07:41|调试:OnProcessDataPacket cmdCode[30006], len[8]
2017-05-31 11:08:11|调试:OnProcessDataPacket cmdCode[30006], len[8]
2017-05-31 11:08:41|调试:OnProcessDataPacket cmdCode[30006], len[8]
2017-05-31 11:09:11|调试:OnProcessDataPacket cmdCode[30006], len[8]
2017-05-31 11:09:41|调试:OnProcessDataPacket cmdCode[30006], len[8]
2017-05-31 11:10:11|调试:OnProcessDataPacket cmdCode[30006], len[8]
2017-05-31 11:10:41|调试:OnProcessDataPacket cmdCode[30006], len[8]
2017-05-31 11:11:11|调试:OnProcessDataPacket cmdCode[30006], len[8]
2017-05-31 11:11:41|调试:OnProcessDataPacket cmdCode[30006], len[8]
2017-05-31 11:12:11|调试:OnProcessDataPacket cmdCode[30006], len[8]
2017-05-31 11:12:41|调试:OnProcessDataPacket cmdCode[30006], len[8]
2017-05-31 11:13:11|调试:OnProcessDataPacket cmdCode[30006], len[8]
2017-05-31 11:13:41|调试:OnProcessDataPacket cmdCode[30006], len[8]
2017-05-31 11:14:11|调试:OnProcessDataPacket cmdCode[30006], len[8]
2017-05-31 11:14:41|调试:OnProcessDataPacket cmdCode[30006], len[8]
2017-05-31 11:15:11|调试:OnProcessDataPacket cmdCode[30006], len[8]
2017-05-31 11:15:41|调试:OnProcessDataPacket cmdCode[30006], len[8]
2017-05-31 11:16:11|调试:OnProcessDataPacket cmdCode[30006], len[8]
2017-05-31 11:16:41|调试:OnProcessDataPacket cmdCode[30006], len[8]
2017-05-31 11:17:11|调试:OnProcessDataPacket cmdCode[30006], len[8]
2017-05-31 11:17:41|调试:OnProcessDataPacket cmdCode[30006], len[8]
2017-05-31 11:18:31|调试:OnProcessDataPacket cmdCode[30006], len[8]
2017-05-31 11:18:59|调试:OnProcessDataPacket cmdCode[30006], len[8]
2017-05-31 11:19:29|调试:OnProcessDataPacket cmdCode[30006], len[8]
2017-05-31 11:19:59|调试:OnProcessDataPacket cmdCode[30006], len[8]
2017-05-31 11:20:29|调试:OnProcessDataPacket cmdCode[30006], len[8]
2017-05-31 11:20:59|调试:OnProcessDataPacket cmdCode[30006], len[8]
2017-05-31 11:21:29|调试:OnProcessDataPacket cmdCode[30006], len[8]
2017-05-31 11:21:59|调试:OnProcessDataPacket cmdCode[30006], len[8]
2017-05-31 11:22:29|调试:OnProcessDataPacket cmdCode[30006], len[8]
2017-05-31 11:22:59|调试:OnProcessDataPacket cmdCode[30006], len[8]
2017-05-31 11:23:29|调试:OnProcessDataPacket cmdCode[30006], len[8]
2017-05-31 11:23:59|调试:OnProcessDataPacket cmdCode[30006], len[8]
2017-05-31 11:24:29|调试:OnProcessDataPacket cmdCode[30006], len[8]
2017-05-31 11:24:59|调试:OnProcessDataPacket cmdCode[30006], len[8]
2017-05-31 11:25:29|调试:OnProcessDataPacket cmdCode[30006], len[8]
2017-05-31 11:25:59|调试:OnProcessDataPacket cmdCode[30006], len[8]
2017-05-31 11:26:29|调试:OnProcessDataPacket cmdCode[30006], len[8]
2017-05-31 11:26:59|调试:OnProcessDataPacket cmdCode[30006], len[8]
2017-05-31 11:27:29|调试:OnProcessDataPacket cmdCode[30006], len[8]
2017-05-31 11:27:59|调试:OnProcessDataPacket cmdCode[30006], len[8]
2017-05-31 11:28:29|调试:OnProcessDataPacket cmdCode[30006], len[8]
2017-05-31 11:29:00|调试:OnProcessDataPacket cmdCode[30006], len[8]
2017-05-31 11:29:30|调试:OnProcessDataPacket cmdCode[30006], len[8]
2017-05-31 11:30:00|调试:OnProcessDataPacket cmdCode[30006], len[8]
2017-05-31 11:30:30|调试:OnProcessDataPacket cmdCode[30006], len[8]
2017-05-31 11:31:00|调试:OnProcessDataPacket cmdCode[30006], len[8]
2017-05-31 11:31:30|调试:OnProcessDataPacket cmdCode[30006], len[8]
2017-05-31 11:32:00|调试:OnProcessDataPacket cmdCode[30006], len[8]
2017-05-31 11:32:30|调试:OnProcessDataPacket cmdCode[30006], len[8]
2017-05-31 11:33:00|调试:OnProcessDataPacket cmdCode[30006], len[8]
2017-05-31 11:33:30|调试:OnProcessDataPacket cmdCode[30006], len[8]
2017-05-31 11:34:00|调试:OnProcessDataPacket cmdCode[30006], len[8]
2017-05-31 11:34:30|调试:OnProcessDataPacket cmdCode[30006], len[8]
2017-05-31 11:35:00|调试:OnProcessDataPacket cmdCode[30006], len[8]
2017-05-31 11:35:30|调试:OnProcessDataPacket cmdCode[30006], len[8]
2017-05-31 11:36:00|调试:OnProcessDataPacket cmdCode[30006], len[8]
2017-05-31 11:36:30|调试:OnProcessDataPacket cmdCode[30006], len[8]
2017-05-31 11:37:00|调试:OnProcessDataPacket cmdCode[30006], len[8]
2017-05-31 11:37:30|调试:OnProcessDataPacket cmdCode[30006], len[8]
2017-05-31 11:38:00|调试:OnProcessDataPacket cmdCode[30006], len[8]
2017-05-31 11:38:37|调试:OnProcessDataPacket cmdCode[30006], len[8]
2017-05-31 11:40:19|调试:OnProcessDataPacket cmdCode[30006], len[8]
2017-05-31 11:40:22|调试:OnProcessDataPacket cmdCode[30006], len[8]
2017-05-31 11:40:52|调试:OnProcessDataPacket cmdCode[30006], len[8]
2017-05-31 11:41:22|调试:OnProcessDataPacket cmdCode[30006], len[8]
2017-05-31 11:41:52|调试:OnProcessDataPacket cmdCode[30006], len[8]
2017-05-31 11:42:22|调试:OnProcessDataPacket cmdCode[30006], len[8]
2017-05-31 11:42:52|调试:OnProcessDataPacket cmdCode[30006], len[8]
2017-05-31 11:43:22|调试:OnProcessDataPacket cmdCode[30006], len[8]
2017-05-31 11:43:52|调试:OnProcessDataPacket cmdCode[30006], len[8]
2017-05-31 11:44:22|调试:OnProcessDataPacket cmdCode[30006], len[8]
2017-05-31 11:44:52|调试:OnProcessDataPacket cmdCode[30006], len[8]
2017-05-31 11:45:22|调试:OnProcessDataPacket cmdCode[30006], len[8]
2017-05-31 11:45:52|调试:OnProcessDataPacket cmdCode[30006], len[8]
2017-05-31 11:46:22|调试:OnProcessDataPacket cmdCode[30006], len[8]
2017-05-31 11:46:52|调试:OnProcessDataPacket cmdCode[30006], len[8]
2017-05-31 11:47:22|调试:OnProcessDataPacket cmdCode[30006], len[8]
2017-05-31 11:47:52|调试:OnProcessDataPacket cmdCode[30006], len[8]
2017-05-31 11:48:22|调试:OnProcessDataPacket cmdCode[30006], len[8]
2017-05-31 11:48:52|调试:OnProcessDataPacket cmdCode[30006], len[8]
2017-05-31 11:49:22|调试:OnProcessDataPacket cmdCode[30006], len[8]
2017-05-31 11:49:52|调试:OnProcessDataPacket cmdCode[30006], len[8]
2017-05-31 11:50:22|调试:OnProcessDataPacket cmdCode[30006], len[8]
2017-05-31 11:50:52|调试:OnProcessDataPacket cmdCode[30006], len[8]
2017-05-31 11:51:22|调试:OnProcessDataPacket cmdCode[30006], len[8]
2017-05-31 11:51:52|调试:OnProcessDataPacket cmdCode[30006], len[8]
2017-05-31 11:52:22|调试:OnProcessDataPacket cmdCode[30006], len[8]
2017-05-31 11:52:52|调试:OnProcessDataPacket cmdCode[30006], len[8]
2017-05-31 11:53:22|调试:OnProcessDataPacket cmdCode[30006], len[8]
2017-05-31 11:53:52|调试:OnProcessDataPacket cmdCode[30006], len[8]
2017-05-31 11:54:22|调试:OnProcessDataPacket cmdCode[30006], len[8]
2017-05-31 11:54:52|调试:OnProcessDataPacket cmdCode[30006], len[8]
2017-05-31 11:55:22|调试:OnProcessDataPacket cmdCode[30006], len[8]
2017-05-31 11:55:52|调试:OnProcessDataPacket cmdCode[30006], len[8]
2017-05-31 11:56:22|调试:OnProcessDataPacket cmdCode[30006], len[8]
2017-05-31 11:56:52|调试:OnProcessDataPacket cmdCode[30006], len[8]
2017-05-31 11:57:22|调试:OnProcessDataPacket cmdCode[30006], len[8]
2017-05-31 11:57:52|调试:OnProcessDataPacket cmdCode[30006], len[8]
2017-05-31 11:58:22|调试:OnProcessDataPacket cmdCode[30006], len[8]
2017-05-31 11:58:52|调试:OnProcessDataPacket cmdCode[30006], len[8]
2017-05-31 11:59:22|调试:OnProcessDataPacket cmdCode[30006], len[8]
2017-05-31 11:59:52|调试:OnProcessDataPacket cmdCode[30006], len[8]
2017-05-31 12:00:23|调试:OnProcessDataPacket cmdCode[30006], len[8]
2017-05-31 12:00:53|调试:OnProcessDataPacket cmdCode[30006], len[8]
2017-05-31 12:01:23|调试:OnProcessDataPacket cmdCode[30006], len[8]
2017-05-31 12:01:53|调试:OnProcessDataPacket cmdCode[30006], len[8]
2017-05-31 12:02:23|调试:OnProcessDataPacket cmdCode[30006], len[8]
2017-05-31 12:02:53|调试:OnProcessDataPacket cmdCode[30006], len[8]
2017-05-31 12:03:23|调试:OnProcessDataPacket cmdCode[30006], len[8]
2017-05-31 12:03:53|调试:OnProcessDataPacket cmdCode[30006], len[8]
2017-05-31 12:04:23|调试:OnProcessDataPacket cmdCode[30006], len[8]
2017-05-31 12:04:53|调试:OnProcessDataPacket cmdCode[30006], len[8]
2017-05-31 12:05:23|调试:OnProcessDataPacket cmdCode[30006], len[8]
2017-05-31 12:05:53|调试:OnProcessDataPacket cmdCode[30006], len[8]
2017-05-31 12:06:23|调试:OnProcessDataPacket cmdCode[30006], len[8]
2017-05-31 12:06:53|调试:OnProcessDataPacket cmdCode[30006], len[8]
2017-05-31 12:07:23|调试:OnProcessDataPacket cmdCode[30006], len[8]
2017-05-31 12:07:53|调试:OnProcessDataPacket cmdCode[30006], len[8]
2017-05-31 12:08:23|调试:OnProcessDataPacket cmdCode[30006], len[8]
2017-05-31 12:08:53|调试:OnProcessDataPacket cmdCode[30006], len[8]
2017-05-31 12:09:23|调试:OnProcessDataPacket cmdCode[30006], len[8]
2017-05-31 12:09:53|调试:OnProcessDataPacket cmdCode[30006], len[8]
2017-05-31 12:10:23|调试:OnProcessDataPacket cmdCode[30006], len[8]
2017-05-31 12:10:53|调试:OnProcessDataPacket cmdCode[30006], len[8]
2017-05-31 12:11:23|调试:OnProcessDataPacket cmdCode[30006], len[8]
2017-05-31 12:11:53|调试:OnProcessDataPacket cmdCode[30006], len[8]
2017-05-31 12:12:23|调试:OnProcessDataPacket cmdCode[30006], len[8]
2017-05-31 12:12:53|调试:OnProcessDataPacket cmdCode[30006], len[8]
2017-05-31 12:13:23|调试:OnProcessDataPacket cmdCode[30006], len[8]
2017-05-31 13:42:11|信息:90秒内未收到Linker[1]心跳信息,将其连接断开
2017-05-31 13:42:14|调试:OnProcessDataPacket cmdCode[30006], len[8]
2017-05-31 13:42:17|调试:OnProcessDataPacket cmdCode[30001], len[48]
2017-05-31 13:42:17|信息:LinkServer[1, 0.0.0.0:9528]登录!
2017-05-31 13:42:17|调试:OnProcessDataPacket cmdCode[30023], len[0]
2017-05-31 13:42:17|调试:linker[1]获取上报连接数时间间隔[30]秒!
2017-05-31 13:42:18|调试:OnProcessDataPacket cmdCode[30006], len[8]
2017-05-31 13:42:47|调试:OnProcessDataPacket cmdCode[30006], len[8]
2017-05-31 13:43:17|调试:OnProcessDataPacket cmdCode[30006], len[8]
2017-05-31 13:43:47|调试:OnProcessDataPacket cmdCode[30006], len[8]
2017-05-31 13:44:17|调试:OnProcessDataPacket cmdCode[30006], len[8]
2017-05-31 13:44:47|调试:OnProcessDataPacket cmdCode[30006], len[8]
2017-05-31 13:45:18|调试:OnProcessDataPacket cmdCode[30006], len[8]
2017-05-31 13:45:48|调试:OnProcessDataPacket cmdCode[30006], len[8]
2017-05-31 13:46:18|调试:OnProcessDataPacket cmdCode[30006], len[8]
2017-05-31 13:46:48|调试:OnProcessDataPacket cmdCode[30006], len[8]
2017-05-31 13:47:18|调试:OnProcessDataPacket cmdCode[30006], len[8]
2017-05-31 13:47:48|调试:OnProcessDataPacket cmdCode[30006], len[8]
2017-05-31 13:48:18|调试:OnProcessDataPacket cmdCode[30006], len[8]
2017-05-31 13:48:48|调试:OnProcessDataPacket cmdCode[30006], len[8]
2017-05-31 13:49:18|调试:OnProcessDataPacket cmdCode[30006], len[8]
2017-05-31 13:49:48|调试:OnProcessDataPacket cmdCode[30006], len[8]
2017-05-31 13:50:18|调试:OnProcessDataPacket cmdCode[30006], len[8]
2017-05-31 13:50:48|调试:OnProcessDataPacket cmdCode[30006], len[8]
2017-05-31 13:51:18|调试:OnProcessDataPacket cmdCode[30006], len[8]
2017-05-31 13:51:48|调试:OnProcessDataPacket cmdCode[30006], len[8]
2017-05-31 13:52:18|调试:OnProcessDataPacket cmdCode[30006], len[8]
2017-05-31 13:52:48|调试:OnProcessDataPacket cmdCode[30006], len[8]
2017-05-31 13:53:18|调试:OnProcessDataPacket cmdCode[30006], len[8]
2017-05-31 13:53:48|调试:OnProcessDataPacket cmdCode[30006], len[8]
2017-05-31 13:54:18|调试:OnProcessDataPacket cmdCode[30006], len[8]
2017-05-31 13:54:48|调试:OnProcessDataPacket cmdCode[30006], len[8]
2017-05-31 13:55:18|调试:OnProcessDataPacket cmdCode[30006], len[8]
2017-05-31 13:55:48|调试:OnProcessDataPacket cmdCode[30006], len[8]
2017-05-31 13:56:18|调试:OnProcessDataPacket cmdCode[30006], len[8]
2017-05-31 13:56:48|调试:OnProcessDataPacket cmdCode[30006], len[8]
2017-05-31 13:57:18|调试:OnProcessDataPacket cmdCode[30006], len[8]
2017-05-31 13:57:48|调试:OnProcessDataPacket cmdCode[30006], len[8]
2017-05-31 13:58:18|调试:OnProcessDataPacket cmdCode[30006], len[8]
2017-05-31 13:58:48|调试:OnProcessDataPacket cmdCode[30006], len[8]
2017-05-31 13:59:18|调试:OnProcessDataPacket cmdCode[30006], len[8]
2017-05-31 13:59:48|调试:OnProcessDataPacket cmdCode[30006], len[8]
2017-05-31 14:00:18|调试:OnProcessDataPacket cmdCode[30006], len[8]
2017-05-31 14:00:48|调试:OnProcessDataPacket cmdCode[30006], len[8]
2017-05-31 14:01:18|调试:OnProcessDataPacket cmdCode[30006], len[8]
2017-05-31 14:01:48|调试:OnProcessDataPacket cmdCode[30006], len[8]
2017-05-31 14:02:18|调试:OnProcessDataPacket cmdCode[30006], len[8]
2017-05-31 14:02:48|调试:OnProcessDataPacket cmdCode[30006], len[8]
2017-05-31 14:03:18|调试:OnProcessDataPacket cmdCode[30006], len[8]
2017-05-31 14:03:48|调试:OnProcessDataPacket cmdCode[30006], len[8]
2017-05-31 14:04:18|调试:OnProcessDataPacket cmdCode[30006], len[8]
2017-05-31 14:04:48|调试:OnProcessDataPacket cmdCode[30006], len[8]
2017-05-31 14:05:18|调试:OnProcessDataPacket cmdCode[30006], len[8]
2017-05-31 14:05:48|调试:OnProcessDataPacket cmdCode[30006], len[8]
2017-05-31 14:06:18|调试:OnProcessDataPacket cmdCode[30006], len[8]
2017-05-31 14:06:48|调试:OnProcessDataPacket cmdCode[30006], len[8]
2017-05-31 14:07:18|调试:OnProcessDataPacket cmdCode[30006], len[8]
2017-05-31 14:07:48|调试:OnProcessDataPacket cmdCode[30006], len[8]
2017-05-31 14:08:18|调试:OnProcessDataPacket cmdCode[30006], len[8]
2017-05-31 14:08:48|调试:OnProcessDataPacket cmdCode[30006], len[8]
2017-05-31 14:09:18|调试:OnProcessDataPacket cmdCode[30006], len[8]
2017-05-31 14:09:48|调试:OnProcessDataPacket cmdCode[30006], len[8]
2017-05-31 14:10:18|调试:OnProcessDataPacket cmdCode[30006], len[8]
2017-05-31 14:10:48|调试:OnProcessDataPacket cmdCode[30006], len[8]
2017-05-31 14:11:18|调试:OnProcessDataPacket cmdCode[30006], len[8]
2017-05-31 14:11:48|调试:OnProcessDataPacket cmdCode[30006], len[8]
2017-05-31 14:12:18|调试:OnProcessDataPacket cmdCode[30006], len[8]
2017-05-31 14:12:48|调试:OnProcessDataPacket cmdCode[30006], len[8]
2017-05-31 14:13:18|调试:OnProcessDataPacket cmdCode[30006], len[8]
2017-05-31 14:13:48|调试:OnProcessDataPacket cmdCode[30006], len[8]
2017-05-31 14:14:18|调试:OnProcessDataPacket cmdCode[30006], len[8]
2017-05-31 14:14:48|调试:OnProcessDataPacket cmdCode[30006], len[8]
2017-05-31 14:15:18|调试:OnProcessDataPacket cmdCode[30006], len[8]
2017-05-31 14:15:48|调试:OnProcessDataPacket cmdCode[30006], len[8]
2017-05-31 14:16:18|调试:OnProcessDataPacket cmdCode[30006], len[8]
2017-05-31 14:16:48|调试:OnProcessDataPacket cmdCode[30006], len[8]
2017-05-31 14:17:18|调试:OnProcessDataPacket cmdCode[30006], len[8]
2017-05-31 14:17:48|调试:OnProcessDataPacket cmdCode[30006], len[8]
2017-05-31 14:18:18|调试:OnProcessDataPacket cmdCode[30006], len[8]
2017-05-31 14:18:48|调试:OnProcessDataPacket cmdCode[30006], len[8]
2017-05-31 14:19:18|调试:OnProcessDataPacket cmdCode[30006], len[8]
2017-05-31 14:19:49|调试:OnProcessDataPacket cmdCode[30006], len[8]
2017-05-31 14:20:19|调试:OnProcessDataPacket cmdCode[30006], len[8]
2017-05-31 14:20:49|调试:OnProcessDataPacket cmdCode[30006], len[8]
2017-05-31 14:21:19|调试:OnProcessDataPacket cmdCode[30006], len[8]
2017-05-31 14:21:49|调试:OnProcessDataPacket cmdCode[30006], len[8]
2017-05-31 14:22:19|调试:OnProcessDataPacket cmdCode[30006], len[8]
2017-05-31 14:22:49|调试:OnProcessDataPacket cmdCode[30006], len[8]
2017-05-31 14:23:19|调试:OnProcessDataPacket cmdCode[30006], len[8]
2017-05-31 14:23:49|调试:OnProcessDataPacket cmdCode[30006], len[8]
2017-05-31 14:24:19|调试:OnProcessDataPacket cmdCode[30006], len[8]
2017-05-31 14:24:49|调试:OnProcessDataPacket cmdCode[30006], len[8]
2017-05-31 14:25:19|调试:OnProcessDataPacket cmdCode[30006], len[8]
2017-05-31 14:25:49|调试:OnProcessDataPacket cmdCode[30006], len[8]
2017-05-31 14:26:19|调试:OnProcessDataPacket cmdCode[30006], len[8]
2017-05-31 14:26:49|调试:OnProcessDataPacket cmdCode[30006], len[8]
2017-05-31 14:27:19|调试:OnProcessDataPacket cmdCode[30006], len[8]
2017-05-31 14:27:49|调试:OnProcessDataPacket cmdCode[30006], len[8]
2017-05-31 14:28:19|调试:OnProcessDataPacket cmdCode[30006], len[8]
2017-05-31 14:28:49|调试:OnProcessDataPacket cmdCode[30006], len[8]
2017-05-31 14:29:19|调试:OnProcessDataPacket cmdCode[30006], len[8]
2017-05-31 14:29:49|调试:OnProcessDataPacket cmdCode[30006], len[8]
2017-05-31 14:30:19|调试:OnProcessDataPacket cmdCode[30006], len[8]
2017-05-31 14:30:49|调试:OnProcessDataPacket cmdCode[30006], len[8]
2017-05-31 14:31:19|调试:OnProcessDataPacket cmdCode[30006], len[8]
2017-05-31 14:31:49|调试:OnProcessDataPacket cmdCode[30006], len[8]
2017-05-31 14:32:19|调试:OnProcessDataPacket cmdCode[30006], len[8]
2017-05-31 14:32:51|调试:OnProcessDataPacket cmdCode[30006], len[8]
2017-05-31 14:34:35|信息:90秒内未收到Linker[1]心跳信息,将其连接断开
2017-05-31 14:35:00|调试:OnProcessDataPacket cmdCode[30001], len[48]
2017-05-31 14:35:00|信息:LinkServer[1, 0.0.0.0:9528]登录!
2017-05-31 14:35:00|调试:OnProcessDataPacket cmdCode[30023], len[0]
2017-05-31 14:35:00|调试:linker[1]获取上报连接数时间间隔[30]秒!
2017-05-31 14:35:00|调试:OnProcessDataPacket cmdCode[30006], len[8]
2017-05-31 14:36:25|调试:OnProcessDataPacket cmdCode[30006], len[8]
2017-05-31 14:36:55|调试:OnProcessDataPacket cmdCode[30006], len[8]
2017-05-31 14:37:28|调试:OnProcessDataPacket cmdCode[30006], len[8]
2017-05-31 14:39:02|调试:OnProcessDataPacket cmdCode[30006], len[8]
2017-05-31 14:39:02|调试:OnProcessDataPacket cmdCode[30006], len[8]
2017-05-31 14:39:11|调试:OnProcessDataPacket cmdCode[30006], len[8]
2017-05-31 14:39:41|调试:OnProcessDataPacket cmdCode[30006], len[8]
2017-05-31 14:40:11|调试:OnProcessDataPacket cmdCode[30006], len[8]
2017-05-31 14:40:41|调试:OnProcessDataPacket cmdCode[30006], len[8]
2017-05-31 14:41:11|调试:OnProcessDataPacket cmdCode[30006], len[8]
2017-05-31 14:41:48|调试:OnProcessDataPacket cmdCode[30006], len[8]
2017-05-31 14:42:18|调试:OnProcessDataPacket cmdCode[30006], len[8]
2017-05-31 14:44:05|信息:90秒内未收到Linker[1]心跳信息,将其连接断开
2017-05-31 14:45:01|调试:OnProcessDataPacket cmdCode[30001], len[48]
2017-05-31 14:45:01|信息:LinkServer[1, 0.0.0.0:9528]登录!
2017-05-31 14:45:01|调试:OnProcessDataPacket cmdCode[30023], len[0]
2017-05-31 14:45:01|调试:linker[1]获取上报连接数时间间隔[30]秒!
2017-05-31 14:45:01|调试:OnProcessDataPacket cmdCode[30006], len[8]
2017-05-31 14:45:31|调试:OnProcessDataPacket cmdCode[30006], len[8]
2017-05-31 14:46:01|调试:OnProcessDataPacket cmdCode[30006], len[8]
2017-05-31 14:46:31|调试:OnProcessDataPacket cmdCode[30006], len[8]
2017-05-31 14:47:01|调试:OnProcessDataPacket cmdCode[30006], len[8]
2017-05-31 14:47:31|调试:OnProcessDataPacket cmdCode[30006], len[8]
2017-05-31 14:48:01|调试:OnProcessDataPacket cmdCode[30006], len[8]
2017-05-31 14:48:31|调试:OnProcessDataPacket cmdCode[30006], len[8]
2017-05-31 14:49:01|调试:OnProcessDataPacket cmdCode[30006], len[8]
2017-05-31 14:49:31|调试:OnProcessDataPacket cmdCode[30006], len[8]
2017-05-31 14:50:01|调试:OnProcessDataPacket cmdCode[30006], len[8]
2017-05-31 14:50:31|调试:OnProcessDataPacket cmdCode[30006], len[8]
2017-05-31 14:51:01|调试:OnProcessDataPacket cmdCode[30006], len[8]
2017-05-31 14:51:31|调试:OnProcessDataPacket cmdCode[30006], len[8]
2017-05-31 14:52:01|调试:OnProcessDataPacket cmdCode[30006], len[8]
2017-05-31 14:52:31|调试:OnProcessDataPacket cmdCode[30006], len[8]
2017-05-31 14:53:01|调试:OnProcessDataPacket cmdCode[30006], len[8]
2017-05-31 14:53:31|调试:OnProcessDataPacket cmdCode[30006], len[8]
2017-05-31 14:54:01|调试:OnProcessDataPacket cmdCode[30006], len[8]
2017-05-31 14:54:31|调试:OnProcessDataPacket cmdCode[30006], len[8]
2017-05-31 14:55:01|调试:OnProcessDataPacket cmdCode[30006], len[8]
2017-05-31 14:55:31|调试:OnProcessDataPacket cmdCode[30006], len[8]
2017-05-31 14:56:01|调试:OnProcessDataPacket cmdCode[30006], len[8]
2017-05-31 14:56:31|调试:OnProcessDataPacket cmdCode[30006], len[8]
2017-05-31 14:57:01|调试:OnProcessDataPacket cmdCode[30006], len[8]
2017-05-31 14:57:31|调试:OnProcessDataPacket cmdCode[30006], len[8]
2017-05-31 14:58:01|调试:OnProcessDataPacket cmdCode[30006], len[8]
2017-05-31 14:58:31|调试:OnProcessDataPacket cmdCode[30006], len[8]
2017-05-31 14:59:01|调试:OnProcessDataPacket cmdCode[30006], len[8]
2017-05-31 14:59:31|调试:OnProcessDataPacket cmdCode[30006], len[8]
2017-05-31 15:00:01|调试:OnProcessDataPacket cmdCode[30006], len[8]
2017-05-31 15:00:31|调试:OnProcessDataPacket cmdCode[30006], len[8]
2017-05-31 15:01:01|调试:OnProcessDataPacket cmdCode[30006], len[8]
2017-05-31 15:01:31|调试:OnProcessDataPacket cmdCode[30006], len[8]
2017-05-31 15:02:01|调试:OnProcessDataPacket cmdCode[30006], len[8]
2017-05-31 15:02:31|调试:OnProcessDataPacket cmdCode[30006], len[8]
2017-05-31 15:03:01|调试:OnProcessDataPacket cmdCode[30006], len[8]
2017-05-31 15:03:31|调试:OnProcessDataPacket cmdCode[30006], len[8]
2017-05-31 15:04:01|调试:OnProcessDataPacket cmdCode[30006], len[8]
2017-05-31 15:04:31|调试:OnProcessDataPacket cmdCode[30006], len[8]
2017-05-31 15:05:01|调试:OnProcessDataPacket cmdCode[30006], len[8]
2017-05-31 15:05:31|调试:OnProcessDataPacket cmdCode[30006], len[8]
2017-05-31 15:06:01|调试:OnProcessDataPacket cmdCode[30006], len[8]
2017-05-31 15:06:31|调试:OnProcessDataPacket cmdCode[30006], len[8]
2017-05-31 15:07:01|调试:OnProcessDataPacket cmdCode[30006], len[8]
2017-05-31 15:07:31|调试:OnProcessDataPacket cmdCode[30006], len[8]
2017-05-31 15:08:01|调试:OnProcessDataPacket cmdCode[30006], len[8]
2017-05-31 15:08:31|调试:OnProcessDataPacket cmdCode[30006], len[8]
2017-05-31 15:09:01|调试:OnProcessDataPacket cmdCode[30006], len[8]
2017-05-31 15:09:31|调试:OnProcessDataPacket cmdCode[30006], len[8]
2017-05-31 15:10:01|调试:OnProcessDataPacket cmdCode[30006], len[8]
2017-05-31 15:10:31|调试:OnProcessDataPacket cmdCode[30006], len[8]
2017-05-31 15:11:01|调试:OnProcessDataPacket cmdCode[30006], len[8]
2017-05-31 15:11:31|调试:OnProcessDataPacket cmdCode[30006], len[8]
2017-05-31 15:12:01|调试:OnProcessDataPacket cmdCode[30006], len[8]
2017-05-31 15:12:31|调试:OnProcessDataPacket cmdCode[30006], len[8]
2017-05-31 15:13:01|调试:OnProcessDataPacket cmdCode[30006], len[8]
2017-05-31 15:13:32|调试:OnProcessDataPacket cmdCode[30006], len[8]
2017-05-31 15:14:09|调试:OnProcessDataPacket cmdCode[30006], len[8]
2017-05-31 15:14:39|调试:OnProcessDataPacket cmdCode[30006], len[8]
2017-05-31 15:15:09|调试:OnProcessDataPacket cmdCode[30006], len[8]
2017-05-31 15:16:01|调试:OnProcessDataPacket cmdCode[30006], len[8]
2017-05-31 15:16:13|调试:OnProcessDataPacket cmdCode[30006], len[8]
2017-05-31 15:16:43|调试:OnProcessDataPacket cmdCode[30006], len[8]
2017-05-31 15:17:13|调试:OnProcessDataPacket cmdCode[30006], len[8]
2017-05-31 15:17:43|调试:OnProcessDataPacket cmdCode[30006], len[8]
2017-05-31 15:18:25|调试:OnProcessDataPacket cmdCode[30006], len[8]
2017-05-31 15:18:53|调试:OnProcessDataPacket cmdCode[30006], len[8]
2017-05-31 15:19:23|调试:OnProcessDataPacket cmdCode[30006], len[8]
2017-05-31 15:19:53|调试:OnProcessDataPacket cmdCode[30006], len[8]
2017-05-31 15:20:23|调试:OnProcessDataPacket cmdCode[30006], len[8]
2017-05-31 15:20:53|调试:OnProcessDataPacket cmdCode[30006], len[8]
2017-05-31 15:21:23|调试:OnProcessDataPacket cmdCode[30006], len[8]
2017-05-31 15:21:53|调试:OnProcessDataPacket cmdCode[30006], len[8]
2017-05-31 15:22:23|调试:OnProcessDataPacket cmdCode[30006], len[8]
2017-05-31 15:22:53|调试:OnProcessDataPacket cmdCode[30006], len[8]
2017-05-31 15:23:23|调试:OnProcessDataPacket cmdCode[30006], len[8]
2017-05-31 15:23:53|调试:OnProcessDataPacket cmdCode[30006], len[8]
2017-05-31 15:24:23|调试:OnProcessDataPacket cmdCode[30006], len[8]
2017-05-31 15:24:53|调试:OnProcessDataPacket cmdCode[30006], len[8]
2017-05-31 15:25:23|调试:OnProcessDataPacket cmdCode[30006], len[8]
2017-05-31 15:25:53|调试:OnProcessDataPacket cmdCode[30006], len[8]
2017-05-31 15:26:23|调试:OnProcessDataPacket cmdCode[30006], len[8]
2017-05-31 15:26:53|调试:OnProcessDataPacket cmdCode[30006], len[8]
2017-05-31 15:27:23|调试:OnProcessDataPacket cmdCode[30006], len[8]
2017-05-31 15:27:53|调试:OnProcessDataPacket cmdCode[30006], len[8]
2017-05-31 15:28:23|调试:OnProcessDataPacket cmdCode[30006], len[8]
2017-05-31 15:28:53|调试:OnProcessDataPacket cmdCode[30006], len[8]
2017-05-31 15:29:23|调试:OnProcessDataPacket cmdCode[30006], len[8]
2017-05-31 15:29:53|调试:OnProcessDataPacket cmdCode[30006], len[8]
2017-05-31 15:30:23|调试:OnProcessDataPacket cmdCode[30006], len[8]
2017-05-31 15:30:53|调试:OnProcessDataPacket cmdCode[30006], len[8]
2017-05-31 15:31:23|调试:OnProcessDataPacket cmdCode[30006], len[8]
2017-05-31 15:31:53|调试:OnProcessDataPacket cmdCode[30006], len[8]
2017-05-31 15:32:23|调试:OnProcessDataPacket cmdCode[30006], len[8]
2017-05-31 15:32:53|调试:OnProcessDataPacket cmdCode[30006], len[8]
2017-05-31 15:33:23|调试:OnProcessDataPacket cmdCode[30006], len[8]
2017-05-31 15:33:53|调试:OnProcessDataPacket cmdCode[30006], len[8]
2017-05-31 15:34:23|调试:OnProcessDataPacket cmdCode[30006], len[8]
2017-05-31 15:34:53|调试:OnProcessDataPacket cmdCode[30006], len[8]
2017-05-31 15:35:23|调试:OnProcessDataPacket cmdCode[30006], len[8]
2017-05-31 15:35:53|调试:OnProcessDataPacket cmdCode[30006], len[8]
2017-05-31 15:36:23|调试:OnProcessDataPacket cmdCode[30006], len[8]
2017-05-31 15:36:53|调试:OnProcessDataPacket cmdCode[30006], len[8]
2017-05-31 15:37:23|调试:OnProcessDataPacket cmdCode[30006], len[8]
2017-05-31 15:37:53|调试:OnProcessDataPacket cmdCode[30006], len[8]
2017-05-31 15:38:23|调试:OnProcessDataPacket cmdCode[30006], len[8]
2017-05-31 15:38:53|调试:OnProcessDataPacket cmdCode[30006], len[8]
2017-05-31 15:39:23|调试:OnProcessDataPacket cmdCode[30006], len[8]
2017-05-31 15:39:53|调试:OnProcessDataPacket cmdCode[30006], len[8]
2017-05-31 15:40:23|调试:OnProcessDataPacket cmdCode[30006], len[8]
2017-05-31 15:40:53|调试:OnProcessDataPacket cmdCode[30006], len[8]
2017-05-31 15:41:23|调试:OnProcessDataPacket cmdCode[30006], len[8]
2017-05-31 15:41:53|调试:OnProcessDataPacket cmdCode[30006], len[8]
2017-05-31 15:42:23|调试:OnProcessDataPacket cmdCode[30006], len[8]
2017-05-31 15:42:53|调试:OnProcessDataPacket cmdCode[30006], len[8]
2017-05-31 15:43:23|调试:OnProcessDataPacket cmdCode[30006], len[8]
2017-05-31 15:43:53|调试:OnProcessDataPacket cmdCode[30006], len[8]
2017-05-31 15:44:23|调试:OnProcessDataPacket cmdCode[30006], len[8]
2017-05-31 15:44:53|调试:OnProcessDataPacket cmdCode[30006], len[8]
2017-05-31 15:45:23|调试:OnProcessDataPacket cmdCode[30006], len[8]
2017-05-31 15:45:53|调试:OnProcessDataPacket cmdCode[30006], len[8]
2017-05-31 15:46:23|调试:OnProcessDataPacket cmdCode[30006], len[8]
2017-05-31 15:46:53|调试:OnProcessDataPacket cmdCode[30006], len[8]
2017-05-31 15:47:23|调试:OnProcessDataPacket cmdCode[30006], len[8]
2017-05-31 15:47:53|调试:OnProcessDataPacket cmdCode[30006], len[8]
2017-05-31 15:48:23|调试:OnProcessDataPacket cmdCode[30006], len[8]
2017-05-31 15:48:53|调试:OnProcessDataPacket cmdCode[30006], len[8]
2017-05-31 15:49:24|调试:OnProcessDataPacket cmdCode[30006], len[8]
2017-05-31 15:49:54|调试:OnProcessDataPacket cmdCode[30006], len[8]
2017-05-31 15:50:24|调试:OnProcessDataPacket cmdCode[30006], len[8]
2017-05-31 15:50:54|调试:OnProcessDataPacket cmdCode[30006], len[8]
2017-05-31 15:51:24|调试:OnProcessDataPacket cmdCode[30006], len[8]
2017-05-31 15:51:54|调试:OnProcessDataPacket cmdCode[30006], len[8]
2017-05-31 15:52:24|调试:OnProcessDataPacket cmdCode[30006], len[8]
2017-05-31 15:52:54|调试:OnProcessDataPacket cmdCode[30006], len[8]
2017-05-31 15:53:24|调试:OnProcessDataPacket cmdCode[30006], len[8]
2017-05-31 15:53:54|调试:OnProcessDataPacket cmdCode[30006], len[8]
2017-05-31 15:54:24|调试:OnProcessDataPacket cmdCode[30006], len[8]
2017-05-31 15:54:54|调试:OnProcessDataPacket cmdCode[30006], len[8]
2017-05-31 15:55:24|调试:OnProcessDataPacket cmdCode[30006], len[8]
2017-05-31 15:55:54|调试:OnProcessDataPacket cmdCode[30006], len[8]
2017-05-31 15:56:24|调试:OnProcessDataPacket cmdCode[30006], len[8]
2017-05-31 15:56:54|调试:OnProcessDataPacket cmdCode[30006], len[8]
2017-05-31 15:57:24|调试:OnProcessDataPacket cmdCode[30006], len[8]
2017-05-31 15:57:54|调试:OnProcessDataPacket cmdCode[30006], len[8]
2017-05-31 15:58:24|调试:OnProcessDataPacket cmdCode[30006], len[8]
2017-05-31 15:58:54|调试:OnProcessDataPacket cmdCode[30006], len[8]
2017-05-31 15:59:24|调试:OnProcessDataPacket cmdCode[30006], len[8]
2017-05-31 15:59:54|调试:OnProcessDataPacket cmdCode[30006], len[8]
2017-05-31 16:00:24|调试:OnProcessDataPacket cmdCode[30006], len[8]
2017-05-31 16:00:54|调试:OnProcessDataPacket cmdCode[30006], len[8]
2017-05-31 16:01:24|调试:OnProcessDataPacket cmdCode[30006], len[8]
2017-05-31 16:01:54|调试:OnProcessDataPacket cmdCode[30006], len[8]
2017-05-31 16:02:24|调试:OnProcessDataPacket cmdCode[30006], len[8]
2017-05-31 16:02:54|调试:OnProcessDataPacket cmdCode[30006], len[8]
2017-05-31 16:03:24|调试:OnProcessDataPacket cmdCode[30006], len[8]
2017-05-31 16:03:54|调试:OnProcessDataPacket cmdCode[30006], len[8]
2017-05-31 16:04:24|调试:OnProcessDataPacket cmdCode[30006], len[8]
2017-05-31 16:04:54|调试:OnProcessDataPacket cmdCode[30006], len[8]
2017-05-31 16:05:24|调试:OnProcessDataPacket cmdCode[30006], len[8]
2017-05-31 16:05:54|调试:OnProcessDataPacket cmdCode[30006], len[8]
2017-05-31 16:06:24|调试:OnProcessDataPacket cmdCode[30006], len[8]
2017-05-31 16:06:54|调试:OnProcessDataPacket cmdCode[30006], len[8]
2017-05-31 16:07:24|调试:OnProcessDataPacket cmdCode[30006], len[8]
2017-05-31 16:07:54|调试:OnProcessDataPacket cmdCode[30006], len[8]
2017-05-31 16:08:24|调试:OnProcessDataPacket cmdCode[30006], len[8]
2017-05-31 16:08:54|调试:OnProcessDataPacket cmdCode[30006], len[8]
2017-05-31 16:09:24|调试:OnProcessDataPacket cmdCode[30006], len[8]
2017-05-31 16:09:54|调试:OnProcessDataPacket cmdCode[30006], len[8]
2017-05-31 16:10:24|调试:OnProcessDataPacket cmdCode[30006], len[8]
2017-05-31 16:10:54|调试:OnProcessDataPacket cmdCode[30006], len[8]
2017-05-31 16:11:24|调试:OnProcessDataPacket cmdCode[30006], len[8]
2017-05-31 16:11:54|调试:OnProcessDataPacket cmdCode[30006], len[8]
2017-05-31 16:12:24|调试:OnProcessDataPacket cmdCode[30006], len[8]
2017-05-31 16:12:54|调试:OnProcessDataPacket cmdCode[30006], len[8]
2017-05-31 16:13:24|调试:OnProcessDataPacket cmdCode[30006], len[8]
2017-05-31 16:13:54|调试:OnProcessDataPacket cmdCode[30006], len[8]
2017-05-31 16:14:24|调试:OnProcessDataPacket cmdCode[30006], len[8]
2017-05-31 16:14:54|调试:OnProcessDataPacket cmdCode[30006], len[8]
2017-05-31 16:15:24|调试:OnProcessDataPacket cmdCode[30006], len[8]
2017-05-31 16:15:54|调试:OnProcessDataPacket cmdCode[30006], len[8]
2017-05-31 16:16:24|调试:OnProcessDataPacket cmdCode[30006], len[8]
2017-05-31 16:16:54|调试:OnProcessDataPacket cmdCode[30006], len[8]
2017-05-31 16:17:24|调试:OnProcessDataPacket cmdCode[30006], len[8]
2017-05-31 16:17:54|调试:OnProcessDataPacket cmdCode[30006], len[8]
2017-05-31 16:18:24|调试:OnProcessDataPacket cmdCode[30006], len[8]
2017-05-31 16:18:54|调试:OnProcessDataPacket cmdCode[30006], len[8]
2017-05-31 16:19:24|调试:OnProcessDataPacket cmdCode[30006], len[8]
2017-05-31 16:21:08|信息:90秒内未收到Linker[1]心跳信息,将其连接断开
2017-05-31 16:21:32|调试:OnProcessDataPacket cmdCode[30001], len[48]
2017-05-31 16:21:32|信息:LinkServer[1, 0.0.0.0:9528]登录!
2017-05-31 16:21:32|调试:OnProcessDataPacket cmdCode[30023], len[0]
2017-05-31 16:21:32|调试:linker[1]获取上报连接数时间间隔[30]秒!
2017-05-31 16:21:32|调试:OnProcessDataPacket cmdCode[30006], len[8]
2017-05-31 16:22:02|调试:OnProcessDataPacket cmdCode[30006], len[8]
2017-05-31 16:22:32|调试:OnProcessDataPacket cmdCode[30006], len[8]
2017-05-31 16:23:02|调试:OnProcessDataPacket cmdCode[30006], len[8]
2017-05-31 16:23:32|调试:OnProcessDataPacket cmdCode[30006], len[8]
2017-05-31 16:24:02|调试:OnProcessDataPacket cmdCode[30006], len[8]
2017-05-31 16:24:32|调试:OnProcessDataPacket cmdCode[30006], len[8]
2017-05-31 16:25:02|调试:OnProcessDataPacket cmdCode[30006], len[8]
2017-05-31 16:25:32|调试:OnProcessDataPacket cmdCode[30006], len[8]
2017-05-31 16:26:02|调试:OnProcessDataPacket cmdCode[30006], len[8]
2017-05-31 16:26:32|调试:OnProcessDataPacket cmdCode[30006], len[8]
2017-05-31 16:27:02|调试:OnProcessDataPacket cmdCode[30006], len[8]
2017-05-31 16:27:32|调试:OnProcessDataPacket cmdCode[30006], len[8]
2017-05-31 16:28:02|调试:OnProcessDataPacket cmdCode[30006], len[8]
2017-05-31 16:28:32|调试:OnProcessDataPacket cmdCode[30006], len[8]
2017-05-31 16:29:02|调试:OnProcessDataPacket cmdCode[30006], len[8]
2017-05-31 16:29:32|调试:OnProcessDataPacket cmdCode[30006], len[8]
2017-05-31 16:30:02|调试:OnProcessDataPacket cmdCode[30006], len[8]
2017-05-31 16:30:32|调试:OnProcessDataPacket cmdCode[30006], len[8]
2017-05-31 16:31:02|调试:OnProcessDataPacket cmdCode[30006], len[8]
2017-05-31 16:31:32|调试:OnProcessDataPacket cmdCode[30006], len[8]
2017-05-31 16:32:02|调试:OnProcessDataPacket cmdCode[30006], len[8]
2017-05-31 16:32:32|调试:OnProcessDataPacket cmdCode[30006], len[8]
2017-05-31 16:33:02|调试:OnProcessDataPacket cmdCode[30006], len[8]
2017-05-31 16:33:32|调试:OnProcessDataPacket cmdCode[30006], len[8]
2017-05-31 16:34:02|调试:OnProcessDataPacket cmdCode[30006], len[8]
2017-05-31 16:34:32|调试:OnProcessDataPacket cmdCode[30006], len[8]
2017-05-31 16:35:02|调试:OnProcessDataPacket cmdCode[30006], len[8]
2017-05-31 16:35:32|调试:OnProcessDataPacket cmdCode[30006], len[8]
2017-05-31 16:36:02|调试:OnProcessDataPacket cmdCode[30006], len[8]
2017-05-31 16:36:32|调试:OnProcessDataPacket cmdCode[30006], len[8]
2017-05-31 16:37:02|调试:OnProcessDataPacket cmdCode[30006], len[8]
2017-05-31 16:37:32|调试:OnProcessDataPacket cmdCode[30006], len[8]
2017-05-31 16:38:02|调试:OnProcessDataPacket cmdCode[30006], len[8]
2017-05-31 16:38:33|调试:OnProcessDataPacket cmdCode[30006], len[8]
2017-05-31 16:40:07|调试:OnProcessDataPacket cmdCode[30006], len[8]
2017-05-31 16:40:38|调试:OnProcessDataPacket cmdCode[30006], len[8]
2017-05-31 16:41:08|调试:OnProcessDataPacket cmdCode[30006], len[8]
2017-05-31 16:41:38|调试:OnProcessDataPacket cmdCode[30006], len[8]
2017-05-31 16:42:08|调试:OnProcessDataPacket cmdCode[30006], len[8]
2017-05-31 16:42:38|调试:OnProcessDataPacket cmdCode[30006], len[8]
2017-05-31 16:43:08|调试:OnProcessDataPacket cmdCode[30006], len[8]
2017-05-31 16:43:38|调试:OnProcessDataPacket cmdCode[30006], len[8]
2017-05-31 16:44:08|调试:OnProcessDataPacket cmdCode[30006], len[8]
2017-05-31 16:44:38|调试:OnProcessDataPacket cmdCode[30006], len[8]
2017-05-31 16:45:08|调试:OnProcessDataPacket cmdCode[30006], len[8]
2017-05-31 16:45:38|调试:OnProcessDataPacket cmdCode[30006], len[8]
2017-05-31 16:46:08|调试:OnProcessDataPacket cmdCode[30006], len[8]
2017-05-31 16:46:38|调试:OnProcessDataPacket cmdCode[30006], len[8]
2017-05-31 16:47:08|调试:OnProcessDataPacket cmdCode[30006], len[8]
2017-05-31 16:47:38|调试:OnProcessDataPacket cmdCode[30006], len[8]
2017-05-31 16:48:08|调试:OnProcessDataPacket cmdCode[30006], len[8]
2017-05-31 16:48:38|调试:OnProcessDataPacket cmdCode[30006], len[8]
2017-05-31 16:49:08|调试:OnProcessDataPacket cmdCode[30006], len[8]
2017-05-31 16:49:38|调试:OnProcessDataPacket cmdCode[30006], len[8]
2017-05-31 16:50:08|调试:OnProcessDataPacket cmdCode[30006], len[8]
2017-05-31 16:58:20|信息:读取配置文件[./cyaLCServer.properties]成功!
2017-05-31 16:58:20|信息:连接数据服务器[192.168.50.2:9570]成功!
2017-05-31 16:58:20|信息:连接数据服务器[192.168.50.2:9570]成功!
2017-05-31 16:58:20|信息:连接数据服务器[192.168.50.2:9570]成功!
2017-05-31 16:58:20|信息:共载入1条分区信息!
2017-05-31 16:58:20|信息:启动对linker上报连接数的检测,时间间隔30秒
2017-05-31 16:58:20|信息:========验证服务器[1.0.0][10030]启动成功!========
2017-05-31 16:58:22|调试:OnProcessDataPacket cmdCode[30001], len[48]
2017-05-31 16:58:22|信息:LinkServer[1, 0.0.0.0:9528]登录!
2017-05-31 16:58:22|调试:OnProcessDataPacket cmdCode[30023], len[0]
2017-05-31 16:58:22|调试:linker[1]获取上报连接数时间间隔[30]秒!
2017-05-31 16:58:22|调试:OnProcessDataPacket cmdCode[30006], len[8]
2017-05-31 16:58:52|调试:OnProcessDataPacket cmdCode[30006], len[8]
2017-05-31 16:59:22|调试:OnProcessDataPacket cmdCode[30006], len[8]
2017-05-31 16:59:48|信息:分区[1], LinkServer[1]退出!
2017-05-31 16:59:53|调试:OnProcessDataPacket cmdCode[30001], len[48]
2017-05-31 16:59:53|信息:LinkServer[1, 0.0.0.0:9528]登录!
2017-05-31 16:59:53|调试:OnProcessDataPacket cmdCode[30023], len[0]
2017-05-31 16:59:53|调试:linker[1]获取上报连接数时间间隔[30]秒!
2017-05-31 16:59:53|调试:OnProcessDataPacket cmdCode[30006], len[8]
2017-05-31 16:59:53|调试:OnProcessDataPacket cmdCode[30005], len[0]
2017-05-31 16:59:53|调试:查询分区1状态[0]!
2017-05-31 17:00:26|调试:OnProcessDataPacket cmdCode[30006], len[8]
2017-05-31 17:00:56|调试:OnProcessDataPacket cmdCode[30006], len[8]
2017-05-31 17:01:26|调试:OnProcessDataPacket cmdCode[30006], len[8]
2017-05-31 17:02:32|调试:OnProcessDataPacket cmdCode[30006], len[8]
2017-05-31 17:02:56|调试:OnProcessDataPacket cmdCode[30006], len[8]
2017-05-31 17:03:26|调试:OnProcessDataPacket cmdCode[30006], len[8]
2017-05-31 17:03:56|调试:OnProcessDataPacket cmdCode[30006], len[8]
2017-05-31 17:04:26|调试:OnProcessDataPacket cmdCode[30006], len[8]
2017-05-31 17:04:56|调试:OnProcessDataPacket cmdCode[30006], len[8]
2017-05-31 17:05:26|调试:OnProcessDataPacket cmdCode[30006], len[8]
2017-05-31 17:05:56|调试:OnProcessDataPacket cmdCode[30006], len[8]
2017-05-31 17:06:26|调试:OnProcessDataPacket cmdCode[30006], len[8]
2017-05-31 17:06:56|调试:OnProcessDataPacket cmdCode[30006], len[8]
2017-05-31 17:07:26|调试:OnProcessDataPacket cmdCode[30006], len[8]
2017-05-31 17:07:56|调试:OnProcessDataPacket cmdCode[30006], len[8]
2017-05-31 17:08:26|调试:OnProcessDataPacket cmdCode[30006], len[8]
2017-05-31 17:08:56|调试:OnProcessDataPacket cmdCode[30006], len[8]
2017-05-31 17:09:26|调试:OnProcessDataPacket cmdCode[30006], len[8]
2017-05-31 17:09:56|调试:OnProcessDataPacket cmdCode[30006], len[8]
2017-05-31 17:10:26|调试:OnProcessDataPacket cmdCode[30006], len[8]
2017-05-31 17:10:56|调试:OnProcessDataPacket cmdCode[30006], len[8]
2017-05-31 17:11:26|调试:OnProcessDataPacket cmdCode[30006], len[8]
2017-05-31 17:11:56|调试:OnProcessDataPacket cmdCode[30006], len[8]
2017-05-31 17:12:26|调试:OnProcessDataPacket cmdCode[30006], len[8]
2017-05-31 17:12:56|调试:OnProcessDataPacket cmdCode[30006], len[8]
2017-05-31 17:13:26|调试:OnProcessDataPacket cmdCode[30006], len[8]
2017-05-31 17:13:56|调试:OnProcessDataPacket cmdCode[30006], len[8]
2017-05-31 17:14:26|调试:OnProcessDataPacket cmdCode[30006], len[8]
2017-05-31 17:15:42|调试:OnProcessDataPacket cmdCode[30006], len[8]
2017-05-31 17:16:01|调试:OnProcessDataPacket cmdCode[30006], len[8]
2017-05-31 17:16:31|调试:OnProcessDataPacket cmdCode[30006], len[8]
2017-05-31 17:17:01|调试:OnProcessDataPacket cmdCode[30006], len[8]
2017-05-31 17:17:31|调试:OnProcessDataPacket cmdCode[30006], len[8]
2017-05-31 17:18:01|调试:OnProcessDataPacket cmdCode[30006], len[8]
2017-05-31 17:18:31|调试:OnProcessDataPacket cmdCode[30006], len[8]
2017-05-31 17:19:01|调试:OnProcessDataPacket cmdCode[30006], len[8]
2017-05-31 17:19:31|调试:OnProcessDataPacket cmdCode[30006], len[8]
2017-05-31 17:20:01|调试:OnProcessDataPacket cmdCode[30006], len[8]
2017-05-31 17:20:31|调试:OnProcessDataPacket cmdCode[30006], len[8]
2017-05-31 17:21:01|调试:OnProcessDataPacket cmdCode[30006], len[8]
2017-05-31 17:21:31|调试:OnProcessDataPacket cmdCode[30006], len[8]
2017-05-31 17:22:01|调试:OnProcessDataPacket cmdCode[30006], len[8]
