e:\cyaserver\servicemodule\linkserver\debug\vc120.pdb
e:\cyaserver\servicemodule\linkserver\debug\vc120.idb
e:\cyaserver\servicemodule\linkserver\debug\lscsessionmaker.obj
e:\cyaserver\servicemodule\linkserver\debug\mlogicclient.obj
e:\cyaserver\servicemodule\linkserver\debug\mlogiccommon.obj
e:\cyaserver\servicemodule\linkserver\debug\mlogiccommoncmd.obj
e:\cyaserver\servicemodule\linkserver\debug\mlogiccommonex.obj
e:\cyaserver\servicemodule\linkserver\debug\mlogiccommonexpart.obj
e:\cyaserver\servicemodule\linkserver\debug\mlogiccommonrole.obj
e:\cyaserver\servicemodule\linkserver\debug\mlogiccommonuser.obj
e:\cyaserver\servicemodule\linkserver\debug\mlogicenterrole.obj
e:\cyaserver\servicemodule\linkserver\debug\mlogicfactory.obj
e:\cyaserver\servicemodule\linkserver\debug\mlogicqueryfinishhelp.obj
e:\cyaserver\servicemodule\linkserver\debug\mlogicqueryrole.obj
e:\cyaserver\servicemodule\linkserver\debug\mlogicroleexit.obj
e:\cyaserver\servicemodule\linkserver\debug\mlogicuserexit.obj
e:\cyaserver\servicemodule\linkserver\debug\msgprocess.obj
e:\cyaserver\servicemodule\linkserver\debug\pubfunction.obj
e:\cyaserver\servicemodule\linkserver\debug\randomstring.obj
e:\cyaserver\servicemodule\linkserver\debug\rankclient.obj
e:\cyaserver\servicemodule\linkserver\debug\sessionmaker.obj
e:\cyaserver\servicemodule\linkserver\debug\tokenman.obj
e:\cyaserver\servicemodule\linkserver\debug\chatclient.obj
e:\cyaserver\servicemodule\linkserver\debug\licenceclient.obj
e:\cyaserver\servicemodule\linkserver\debug\linkconfig.obj
e:\cyaserver\servicemodule\linkserver\debug\linkglobalobj.obj
e:\cyaserver\servicemodule\linkserver\debug\linkmain.obj
e:\cyaserver\servicemodule\linkserver\debug\linkserver.obj
e:\cyaserver\servicemodule\linkserver\debug\linksession.obj
e:\cyaserver\servicemodule\linkserver\debug\lscsession.obj
e:\cyaserver\debug\linkserver.ilk
e:\cyaserver\debug\linkserver.exe
e:\cyaserver\debug\linkserver.pdb
e:\cyaserver\servicemodule\linkserver\debug\linkserver.tlog\cl.command.1.tlog
e:\cyaserver\servicemodule\linkserver\debug\linkserver.tlog\cl.read.1.tlog
e:\cyaserver\servicemodule\linkserver\debug\linkserver.tlog\cl.write.1.tlog
e:\cyaserver\servicemodule\linkserver\debug\linkserver.tlog\link.command.1.tlog
e:\cyaserver\servicemodule\linkserver\debug\linkserver.tlog\link.read.1.tlog
e:\cyaserver\servicemodule\linkserver\debug\linkserver.tlog\link.write.1.tlog
