生成启动时间为 2017/5/26 11:51:21。
     1>项目“E:\cyaServer\ServiceModule\LinkServer\LinkServer.vcxproj”在节点 2 上(Build 个目标)。
     1>ClCompile:
         D:\VS2013\VC\bin\CL.exe /c /I./include /I../../cyaPub/cyaLib/include /I../../cyaPub/cyaTcp/include /I../../cyaPub/cyaCore/include /I../ServiceHeader /I../../cyaPub/extra/aes/include /I../../cyaSSdk/GWSSDK/include /I../../cyaPub/extra/jsoncpp/include /I../../cyaPub/cyaLog/include /ZI /nologo /W3 /WX- /sdl /Od /Oy- /D WIN32 /D _DEBUG /D _CONSOLE /D _MBCS /Gm /EHsc /RTC1 /MDd /GS /fp:precise /Zc:wchar_t /Zc:forScope /Fo"Debug\\" /Fd"Debug\vc120.pdb" /Gd /TP /analyze- /errorReport:prompt source\LinkSession.cpp
         LinkSession.cpp
     1>e:\cyaserver\servicemodule\linkserver\source\linksession.cpp(42): warning C4100: “param”: 未引用的形参
     1>e:\cyaserver\servicemodule\linkserver\source\linksession.cpp(42): warning C4100: “peerIPP”: 未引用的形参
     1>e:\cyaserver\servicemodule\linkserver\source\linksession.cpp(114): warning C4100: “callbackByTask”: 未引用的形参
       Link:
         D:\VS2013\VC\bin\link.exe /ERRORREPORT:PROMPT /OUT:"E:\cyaServer\Debug\LinkServer.exe" /INCREMENTAL /NOLOGO ../../Debug/cyaLib.lib ../../Debug/cyaCore.lib ../../Debug/cyaTcp.lib ../../Debug/aes.lib ../../Debug/GWSSDK.lib ../../Debug/jsoncpp.lib ../../Debug/cyaLog.lib kernel32.lib user32.lib gdi32.lib winspool.lib comdlg32.lib advapi32.lib shell32.lib ole32.lib oleaut32.lib uuid.lib odbc32.lib odbccp32.lib /MANIFEST /MANIFESTUAC:"level='asInvoker' uiAccess='false'" /manifest:embed /DEBUG /PDB:"E:\cyaServer\Debug\LinkServer.pdb" /SUBSYSTEM:CONSOLE /TLBID:1 /DYNAMICBASE /NXCOMPAT /IMPLIB:"E:\cyaServer\Debug\LinkServer.lib" /MACHINE:X86 Debug\ChatClient.obj
         Debug\LicenceClient.obj
         Debug\LinkConfig.obj
         Debug\LinkGlobalObj.obj
         Debug\LinkMain.obj
         Debug\LinkServer.obj
         Debug\LinkSession.obj
         Debug\LscSession.obj
         Debug\LscSessionMaker.obj
         Debug\MLogicClient.obj
         Debug\MLogicCommon.obj
         Debug\MLogicCommonCmd.obj
         Debug\MLogicCommonEx.obj
         Debug\MLogicCommonExPart.obj
         Debug\MLogicCommonRole.obj
         Debug\MLogicCommonUser.obj
         Debug\MLogicEnterRole.obj
         Debug\MLogicFactory.obj
         Debug\MLogicQueryFinishHelp.obj
         Debug\MLogicQueryRole.obj
         Debug\MLogicRoleExit.obj
         Debug\MLogicUserExit.obj
         Debug\MsgProcess.obj
         Debug\PubFunction.obj
         Debug\RandomString.obj
         Debug\RankClient.obj
         Debug\SessionMaker.obj
         Debug\TokenMan.obj
         LinkServer.vcxproj -> E:\cyaServer\Debug\LinkServer.exe
     1>已完成生成项目“E:\cyaServer\ServiceModule\LinkServer\LinkServer.vcxproj”(Build 个目标)的操作。

生成成功。

已用时间 00:00:11.46
