生成启动时间为 2017/5/13 11:43:30。
     1>项目“E:\cyaServer\ServiceModule\GWServer\GWServer.vcxproj”在节点 2 上(Rebuild 个目标)。
     1>ClCompile:
         D:\VS2013\VC\bin\CL.exe /c /I./include /I../../cyaPub/cyaLib/include /I../../cyaPub/extra/jsoncpp/include /I../../cyaPub/cyaLog/include /I../../cyaPub/cyaCore/include /I../../cyaPub/cyaTcp/include /I../ServiceHeader /ZI /nologo /W3 /WX- /sdl /Od /Oy- /D WIN32 /D _DEBUG /D _CONSOLE /D _MBCS /Gm /EHsc /RTC1 /MDd /GS /fp:precise /Zc:wchar_t /Zc:forScope /Fo"Debug\\" /Fd"Debug\vc120.pdb" /Gd /TP /analyze- /errorReport:prompt source\ConfigFileMan.cpp source\GWServeMan.cpp source\GWSession.cpp source\main.cpp source\RelaySessionMan.cpp
         RelaySessionMan.cpp
     1>e:\cyaserver\servicemodule\gwserver\source\relaysessionman.cpp(106): warning C4100: “id”: 未引用的形参
         main.cpp
     1>e:\cyaserver\servicemodule\gwserver\source\main.cpp(15): warning C4100: “argv”: 未引用的形参
     1>e:\cyaserver\servicemodule\gwserver\source\main.cpp(15): warning C4100: “argc”: 未引用的形参
         GWSession.cpp
     1>e:\cyaserver\servicemodule\gwserver\source\gwsession.cpp(40): warning C4100: “param”: 未引用的形参
     1>e:\cyaserver\servicemodule\gwserver\source\gwsession.cpp(40): warning C4100: “sessionCount”: 未引用的形参
     1>e:\cyaserver\servicemodule\gwserver\source\gwsession.cpp(40): warning C4100: “peerIPP”: 未引用的形参
     1>e:\cyaserver\servicemodule\gwserver\source\gwsession.cpp(40): warning C4100: “sock”: 未引用的形参
     1>e:\cyaserver\servicemodule\gwserver\source\gwsession.cpp(90): warning C4100: “callbackByTask”: 未引用的形参
         GWServeMan.cpp
         ConfigFileMan.cpp
         正在生成代码...
       Link:
         D:\VS2013\VC\bin\link.exe /ERRORREPORT:PROMPT /OUT:"E:\cyaServer\Debug\GWServer.exe" /INCREMENTAL /NOLOGO ../../Debug/cyaLib.lib ../../Debug/jsoncpp.lib ../../Debug/cyaLog.lib ../../Debug/cyaCore.lib ../../Debug/cyaTcp.lib kernel32.lib user32.lib gdi32.lib winspool.lib comdlg32.lib advapi32.lib shell32.lib ole32.lib oleaut32.lib uuid.lib odbc32.lib odbccp32.lib /MANIFEST /MANIFESTUAC:"level='asInvoker' uiAccess='false'" /manifest:embed /DEBUG /PDB:"E:\cyaServer\Debug\GWServer.pdb" /SUBSYSTEM:CONSOLE /TLBID:1 /DYNAMICBASE /NXCOMPAT /IMPLIB:"E:\cyaServer\Debug\GWServer.lib" /MACHINE:X86 Debug\ConfigFileMan.obj
         Debug\GWServeMan.obj
         Debug\GWSession.obj
         Debug\main.obj
         Debug\RelaySessionMan.obj
         GWServer.vcxproj -> E:\cyaServer\Debug\GWServer.exe
     1>已完成生成项目“E:\cyaServer\ServiceModule\GWServer\GWServer.vcxproj”(Rebuild 个目标)的操作。

生成成功。

已用时间 00:00:10.57
