2017-12-04 14:14:49|信息:登陆网关服务器[192.168.50.2:10020]成功!
2017-12-04 14:14:49|信息:===========变色龙棋牌服务器[1.0.0]启动成功!===========
2017-12-04 14:18:34|调试:用户[30933]角色[126732690]创建牌桌[131159], 返回码[0]
2017-12-04 14:18:41|调试:用户[30933]角色[126732690]准备牌桌[131159],牌桌id[3], 返回码[0]
2017-12-04 14:38:14|调试:用户[30933]角色[126732690]创建牌桌[102244], 返回码[0]
2017-12-04 14:38:45|调试:用户[30933]角色[126732690]创建牌桌[102346], 返回码[0]
2017-12-04 14:38:50|调试:用户[30933]角色[126732690]准备牌桌[102346],牌桌id[1], 返回码[0]
2017-12-04 14:40:19|调试:用户[30933]角色[126732690]创建牌桌[102654], 返回码[0]
2017-12-04 14:40:27|调试:用户[30933]角色[126732690]准备牌桌[102654],牌桌id[0], 返回码[0]
2017-12-04 14:42:01|调试:用户[30933]角色[126732690]创建牌桌[102988], 返回码[0]
2017-12-04 14:42:09|调试:用户[30933]角色[126732690]准备牌桌[102988],牌桌id[1], 返回码[0]
2017-12-04 14:43:49|调试:用户[30933]角色[126732690]创建牌桌[103342], 返回码[0]
2017-12-04 14:43:58|调试:用户[30933]角色[126732690]准备牌桌[103342],牌桌id[2], 返回码[0]
2017-12-04 14:45:05|调试:用户[30933]角色[126732690]创建牌桌[103591], 返回码[0]
2017-12-04 14:45:11|调试:用户[30933]角色[126732690]准备牌桌[103591],牌桌id[2], 返回码[0]
2017-12-04 14:47:50|调试:用户[30933]角色[126732690]创建牌桌[104131], 返回码[0]
2017-12-04 14:48:04|调试:用户[30933]角色[126732690]准备牌桌[104131],牌桌id[1], 返回码[0]
2017-12-04 14:50:22|调试:用户[30933]角色[126732690]创建牌桌[104629], 返回码[0]
2017-12-04 14:50:27|调试:用户[30933]角色[126732690]准备牌桌[104629],牌桌id[2], 返回码[0]
2017-12-04 14:56:25|调试:用户[30933]角色[126732690]创建牌桌[105815], 返回码[0]
2017-12-04 14:56:31|调试:用户[30933]角色[126732690]准备牌桌[105815],牌桌id[3], 返回码[0]
2017-12-04 14:57:51|调试:用户[30933]角色[126732690]创建牌桌[106097], 返回码[0]
2017-12-04 14:57:57|调试:用户[30933]角色[126732690]准备牌桌[106097],牌桌id[0], 返回码[0]
2017-12-04 14:59:36|调试:用户[30933]角色[126732690]创建牌桌[106441], 返回码[0]
2017-12-04 14:59:42|调试:用户[30933]角色[126732690]准备牌桌[106441],牌桌id[3], 返回码[0]
2017-12-04 15:00:00|调试:用户[30933]角色[126732690]准备牌桌[106441],牌桌id[3], 返回码[0]
2017-12-04 15:00:05|调试:用户[30933]角色[126732690]准备牌桌[106441],牌桌id[3], 返回码[0]
2017-12-04 15:00:08|调试:用户[30933]角色[126732690]准备牌桌[106441],牌桌id[3], 返回码[0]
2017-12-04 15:00:11|调试:用户[30933]角色[126732690]准备牌桌[106441],牌桌id[3], 返回码[0]
2017-12-04 15:00:12|调试:用户[30933]角色[126732690]准备牌桌[106441],牌桌id[3], 返回码[0]
2017-12-04 15:00:12|调试:用户[30933]角色[126732690]准备牌桌[106441],牌桌id[3], 返回码[0]
2017-12-04 15:00:13|调试:用户[30933]角色[126732690]准备牌桌[106441],牌桌id[3], 返回码[0]
2017-12-04 15:00:14|调试:用户[30933]角色[126732690]准备牌桌[106441],牌桌id[3], 返回码[0]
2017-12-04 15:02:13|调试:用户[30933]角色[126732690]创建牌桌[106954], 返回码[0]
2017-12-04 15:02:50|调试:用户[28409]角色[116932180]加入牌桌[106954], 返回码[0]
2017-12-04 15:03:05|调试:用户[28409]角色[116932180]准备牌桌[106954],牌桌id[2], 返回码[0]
2017-12-04 15:03:18|调试:用户[28409]角色[116932180]准备牌桌[106954],牌桌id[2], 返回码[0]
2017-12-04 15:03:19|调试:用户[28409]角色[116932180]准备牌桌[106954],牌桌id[2], 返回码[0]
2017-12-04 15:42:57|调试:用户[28409]角色[116932180]创建牌桌[114936], 返回码[0]
2017-12-04 15:43:17|调试:用户[30933]角色[126732690]加入牌桌[114936], 返回码[0]
2017-12-04 15:43:27|调试:用户[30933]角色[126732690]准备牌桌[114936],牌桌id[3], 返回码[0]
2017-12-04 15:50:56|调试:用户[28409]角色[116932180]创建牌桌[116502], 返回码[0]
2017-12-04 15:51:29|调试:用户[28409]角色[116932180]创建牌桌[116610], 返回码[0]
2017-12-04 15:52:09|调试:用户[27377]角色[1880]加入牌桌[116610], 返回码[0]
2017-12-04 15:52:43|调试:用户[27377]角色[1880]准备牌桌[116610],牌桌id[3], 返回码[0]
2017-12-04 15:53:28|调试:用户[27377]角色[1880]准备牌桌[116610],牌桌id[3], 返回码[0]
2017-12-04 15:53:30|调试:用户[27377]角色[1880]准备牌桌[116610],牌桌id[3], 返回码[0]
2017-12-04 15:53:31|调试:用户[27377]角色[1880]准备牌桌[116610],牌桌id[3], 返回码[0]
2017-12-04 15:53:32|调试:用户[27377]角色[1880]准备牌桌[116610],牌桌id[3], 返回码[0]
2017-12-04 15:53:33|调试:用户[27377]角色[1880]准备牌桌[116610],牌桌id[3], 返回码[0]
2017-12-04 15:53:34|调试:用户[27377]角色[1880]准备牌桌[116610],牌桌id[3], 返回码[0]
2017-12-04 15:53:36|调试:用户[27377]角色[1880]准备牌桌[116610],牌桌id[3], 返回码[0]
2017-12-04 15:53:36|调试:用户[27377]角色[1880]准备牌桌[116610],牌桌id[3], 返回码[0]
2017-12-04 15:53:50|调试:用户[27377]角色[1880]准备牌桌[116610],牌桌id[3], 返回码[0]
2017-12-04 15:53:50|调试:用户[27377]角色[1880]准备牌桌[116610],牌桌id[3], 返回码[0]
2017-12-04 15:55:45|调试:用户[27377]角色[1880]准备牌桌[116610],牌桌id[3], 返回码[0]
2017-12-04 15:55:47|调试:用户[28409]角色[116932180]准备牌桌[116610],牌桌id[0], 返回码[0]
2017-12-04 15:55:48|调试:用户[28409]角色[116932180]准备牌桌[116610],牌桌id[0], 返回码[0]
2017-12-04 15:55:49|调试:用户[28409]角色[116932180]准备牌桌[116610],牌桌id[0], 返回码[0]
2017-12-04 15:55:50|调试:用户[28409]角色[116932180]准备牌桌[116610],牌桌id[0], 返回码[0]
2017-12-04 15:55:51|调试:用户[28409]角色[116932180]准备牌桌[116610],牌桌id[0], 返回码[0]
2017-12-04 15:55:52|调试:用户[28409]角色[116932180]准备牌桌[116610],牌桌id[0], 返回码[0]
2017-12-04 15:55:53|调试:用户[27377]角色[1880]准备牌桌[116610],牌桌id[3], 返回码[0]
2017-12-04 15:55:54|调试:用户[28409]角色[116932180]准备牌桌[116610],牌桌id[0], 返回码[0]
