生成启动时间为 2017/5/9 21:59:00。
     1>项目“E:\cyaServer\ServiceModule\ExtServer\ExtServer.vcxproj”在节点 2 上(Rebuild 个目标)。
     1>ClCompile:
         D:\VS2013\VC\bin\CL.exe /c /I./include /I../../cyaPub/cyaLib/include /I../../cyaPub/cyaTcp/include /I../../cyaPub/extra/jsoncpp/include /I../../cyaPub/cyaLog/include /I../../cyaSSDK/GWSSDK/include /I../ServiceHeader /I../LinkServer/include /I../../cyaPub/extra/aes/include /ZI /nologo /W3 /WX- /sdl /Od /Oy- /D WIN32 /D _DEBUG /D _CONSOLE /D _MBCS /Gm /EHsc /RTC1 /MDd /GS /fp:precise /Zc:wchar_t /Zc:forScope /Fo"Debug\\" /Fd"Debug\vc120.pdb" /Gd /TP /analyze- /errorReport:prompt source\ConfigReader.cpp source\DelegetMsg.cpp source\ExtServer.cpp source\ExtServerMan.cpp source\ExtServerTcpSession.cpp source\GenerateString.cpp source\PubFunction.cpp
         PubFunction.cpp
         GenerateString.cpp
         ExtServerTcpSession.cpp
     1>e:\cyaserver\servicemodule\extserver\source\extservertcpsession.cpp(20): warning C4100: “param”: 未引用的形参
     1>e:\cyaserver\servicemodule\extserver\source\extservertcpsession.cpp(20): warning C4100: “peerIPP”: 未引用的形参
     1>e:\cyaserver\servicemodule\extserver\source\extservertcpsession.cpp(31): warning C4100: “cause”: 未引用的形参
     1>e:\cyaserver\servicemodule\extserver\source\extservertcpsession.cpp(58): warning C4100: “callbackByTask”: 未引用的形参
         ExtServerMan.cpp
     1>e:\cyaserver\servicemodule\extserver\source\extserverman.cpp(217): warning C4100: “nDataLen”: 未引用的形参
     1>e:\cyaserver\servicemodule\extserver\source\extserverman.cpp(217): warning C4100: “data”: 未引用的形参
         ExtServer.cpp
     1>e:\cyaserver\servicemodule\extserver\source\extserver.cpp(4): warning C4100: “argv”: 未引用的形参
     1>e:\cyaserver\servicemodule\extserver\source\extserver.cpp(4): warning C4100: “argc”: 未引用的形参
         DelegetMsg.cpp
         ConfigReader.cpp
         正在生成代码...
       Link:
         D:\VS2013\VC\bin\link.exe /ERRORREPORT:PROMPT /OUT:"E:\cyaServer\Debug\ExtServer.exe" /INCREMENTAL /NOLOGO ../../Debug/cyaLib.lib ../../Debug/cyaCore.lib ../../Debug/cyaTcp.lib ../../Debug/aes.lib ../../Debug/GWSSDK.lib ../../Debug/jsoncpp.lib ../../Debug/cyaLog.lib kernel32.lib user32.lib gdi32.lib winspool.lib comdlg32.lib advapi32.lib shell32.lib ole32.lib oleaut32.lib uuid.lib odbc32.lib odbccp32.lib /MANIFEST /MANIFESTUAC:"level='asInvoker' uiAccess='false'" /manifest:embed /DEBUG /PDB:"E:\cyaServer\Debug\ExtServer.pdb" /SUBSYSTEM:CONSOLE /TLBID:1 /DYNAMICBASE /NXCOMPAT /IMPLIB:"E:\cyaServer\Debug\ExtServer.lib" /MACHINE:X86 Debug\ConfigReader.obj
         Debug\DelegetMsg.obj
         Debug\ExtServer.obj
         Debug\ExtServerMan.obj
         Debug\ExtServerTcpSession.obj
         Debug\GenerateString.obj
         Debug\PubFunction.obj
         ExtServer.vcxproj -> E:\cyaServer\Debug\ExtServer.exe
     1>已完成生成项目“E:\cyaServer\ServiceModule\ExtServer\ExtServer.vcxproj”(Rebuild 个目标)的操作。

生成成功。

已用时间 00:00:19.14
