2017-11-22 11:43:12|信息:连接验证服务器( 192.168.50.2:10030 )成功
2017-11-22 11:43:12|信息:登录验证服务器( 192.168.50.2:10030 )成功(0)
2017-11-22 11:43:12|信息:上报连接数时间间隔: 30 秒
2017-11-22 11:43:12|信息:登录网关服务器( 192.168.50.2:10020 )成功
2017-11-22 11:43:12|信息:初始化LinkServer成功
2017-11-22 11:43:12|信息:Link服务器状态: 开启
2017-11-22 11:43:12|信息:LinkServer( 192.168.50.2:9528 )启动成功
2017-11-22 11:43:17|调试:收到需要组播的回复 10099
2017-11-22 11:43:17|调试:收到需要组播的回复 10099
2017-11-22 11:43:17|调试:收到需要组播的回复 10099
2017-11-22 11:43:17|调试:收到需要组播的回复 10099
2017-11-22 11:53:17|调试:收到需要组播的回复 10099
2017-11-22 11:53:17|调试:收到需要组播的回复 10099
2017-11-22 11:53:17|调试:收到需要组播的回复 10099
2017-11-22 11:53:17|调试:收到需要组播的回复 10099
2017-11-22 12:03:17|调试:收到需要组播的回复 10099
2017-11-22 12:03:17|调试:收到需要组播的回复 10099
2017-11-22 12:03:17|调试:收到需要组播的回复 10099
2017-11-22 12:03:17|调试:收到需要组播的回复 10099
2017-11-22 12:13:17|调试:收到需要组播的回复 10099
2017-11-22 12:13:17|调试:收到需要组播的回复 10099
2017-11-22 12:13:17|调试:收到需要组播的回复 10099
2017-11-22 12:13:17|调试:收到需要组播的回复 10099
2017-11-22 12:23:17|调试:收到需要组播的回复 10099
2017-11-22 12:23:17|调试:收到需要组播的回复 10099
2017-11-22 12:23:17|调试:收到需要组播的回复 10099
2017-11-22 12:23:17|调试:收到需要组播的回复 10099
2017-11-22 12:33:17|调试:收到需要组播的回复 10099
2017-11-22 12:33:17|调试:收到需要组播的回复 10099
2017-11-22 12:33:17|调试:收到需要组播的回复 10099
2017-11-22 12:33:17|调试:收到需要组播的回复 10099
2017-11-22 12:43:17|调试:收到需要组播的回复 10099
2017-11-22 12:43:17|调试:收到需要组播的回复 10099
2017-11-22 12:43:17|调试:收到需要组播的回复 10099
2017-11-22 12:43:17|调试:收到需要组播的回复 10099
2017-11-22 12:53:17|调试:收到需要组播的回复 10099
2017-11-22 12:53:17|调试:收到需要组播的回复 10099
2017-11-22 12:53:17|调试:收到需要组播的回复 10099
2017-11-22 12:53:17|调试:收到需要组播的回复 10099
2017-11-22 13:03:17|调试:收到需要组播的回复 10099
2017-11-22 13:03:17|调试:收到需要组播的回复 10099
2017-11-22 13:03:17|调试:收到需要组播的回复 10099
2017-11-22 13:03:17|调试:收到需要组播的回复 10099
2017-11-22 13:13:17|调试:收到需要组播的回复 10099
2017-11-22 13:13:17|调试:收到需要组播的回复 10099
2017-11-22 13:13:17|调试:收到需要组播的回复 10099
2017-11-22 13:13:17|调试:收到需要组播的回复 10099
2017-11-22 13:23:17|调试:收到需要组播的回复 10099
2017-11-22 13:23:17|调试:收到需要组播的回复 10099
2017-11-22 13:23:17|调试:收到需要组播的回复 10099
2017-11-22 13:23:17|调试:收到需要组播的回复 10099
2017-11-22 13:33:17|调试:收到需要组播的回复 10099
2017-11-22 13:33:17|调试:收到需要组播的回复 10099
2017-11-22 13:33:17|调试:收到需要组播的回复 10099
2017-11-22 13:33:17|调试:收到需要组播的回复 10099
2017-11-22 13:43:17|调试:收到需要组播的回复 10099
2017-11-22 13:43:17|调试:收到需要组播的回复 10099
2017-11-22 13:43:17|调试:收到需要组播的回复 10099
2017-11-22 13:43:17|调试:收到需要组播的回复 10099
2017-11-22 13:53:17|调试:收到需要组播的回复 10099
2017-11-22 13:53:17|调试:收到需要组播的回复 10099
2017-11-22 13:53:17|调试:收到需要组播的回复 10099
2017-11-22 13:53:17|调试:收到需要组播的回复 10099
2017-11-22 14:03:17|调试:收到需要组播的回复 10099
2017-11-22 14:03:17|调试:收到需要组播的回复 10099
2017-11-22 14:03:17|调试:收到需要组播的回复 10099
2017-11-22 14:03:17|调试:收到需要组播的回复 10099
2017-11-22 14:13:17|调试:收到需要组播的回复 10099
2017-11-22 14:13:17|调试:收到需要组播的回复 10099
2017-11-22 14:13:17|调试:收到需要组播的回复 10099
2017-11-22 14:13:17|调试:收到需要组播的回复 10099
2017-11-22 14:23:17|调试:收到需要组播的回复 10099
2017-11-22 14:23:17|调试:收到需要组播的回复 10099
2017-11-22 14:23:17|调试:收到需要组播的回复 10099
2017-11-22 14:23:17|调试:收到需要组播的回复 10099
2017-11-22 14:33:17|调试:收到需要组播的回复 10099
2017-11-22 14:33:17|调试:收到需要组播的回复 10099
2017-11-22 14:33:17|调试:收到需要组播的回复 10099
2017-11-22 14:33:17|调试:收到需要组播的回复 10099
2017-11-22 14:43:17|调试:收到需要组播的回复 10099
2017-11-22 14:43:17|调试:收到需要组播的回复 10099
2017-11-22 14:43:17|调试:收到需要组播的回复 10099
2017-11-22 14:43:17|调试:收到需要组播的回复 10099
2017-11-22 14:53:17|调试:收到需要组播的回复 10099
2017-11-22 14:53:17|调试:收到需要组播的回复 10099
2017-11-22 14:53:17|调试:收到需要组播的回复 10099
2017-11-22 14:53:17|调试:收到需要组播的回复 10099
2017-11-22 15:03:17|调试:收到需要组播的回复 10099
2017-11-22 15:03:17|调试:收到需要组播的回复 10099
2017-11-22 15:03:17|调试:收到需要组播的回复 10099
2017-11-22 15:03:17|调试:收到需要组播的回复 10099
2017-11-22 15:13:17|调试:收到需要组播的回复 10099
2017-11-22 15:13:17|调试:收到需要组播的回复 10099
2017-11-22 15:13:17|调试:收到需要组播的回复 10099
2017-11-22 15:13:17|调试:收到需要组播的回复 10099
2017-11-22 15:23:17|调试:收到需要组播的回复 10099
2017-11-22 15:23:17|调试:收到需要组播的回复 10099
2017-11-22 15:23:17|调试:收到需要组播的回复 10099
2017-11-22 15:23:17|调试:收到需要组播的回复 10099
2017-11-22 15:33:17|调试:收到需要组播的回复 10099
2017-11-22 15:33:17|调试:收到需要组播的回复 10099
2017-11-22 15:33:17|调试:收到需要组播的回复 10099
2017-11-22 15:33:17|调试:收到需要组播的回复 10099
2017-11-22 15:43:17|调试:收到需要组播的回复 10099
2017-11-22 15:43:17|调试:收到需要组播的回复 10099
2017-11-22 15:43:17|调试:收到需要组播的回复 10099
2017-11-22 15:43:17|调试:收到需要组播的回复 10099
2017-11-22 15:53:17|调试:收到需要组播的回复 10099
2017-11-22 15:53:17|调试:收到需要组播的回复 10099
2017-11-22 15:53:17|调试:收到需要组播的回复 10099
2017-11-22 15:53:17|调试:收到需要组播的回复 10099
2017-11-22 16:03:17|调试:收到需要组播的回复 10099
2017-11-22 16:03:17|调试:收到需要组播的回复 10099
2017-11-22 16:03:17|调试:收到需要组播的回复 10099
2017-11-22 16:03:17|调试:收到需要组播的回复 10099
2017-11-22 16:13:17|调试:收到需要组播的回复 10099
2017-11-22 16:13:17|调试:收到需要组播的回复 10099
2017-11-22 16:13:17|调试:收到需要组播的回复 10099
2017-11-22 16:13:17|调试:收到需要组播的回复 10099
2017-11-22 16:23:17|调试:收到需要组播的回复 10099
2017-11-22 16:23:17|调试:收到需要组播的回复 10099
2017-11-22 16:23:17|调试:收到需要组播的回复 10099
2017-11-22 16:23:17|调试:收到需要组播的回复 10099
2017-11-22 16:33:17|调试:收到需要组播的回复 10099
2017-11-22 16:33:17|调试:收到需要组播的回复 10099
2017-11-22 16:33:17|调试:收到需要组播的回复 10099
2017-11-22 16:33:17|调试:收到需要组播的回复 10099
2017-11-22 16:43:17|调试:收到需要组播的回复 10099
2017-11-22 16:43:17|调试:收到需要组播的回复 10099
2017-11-22 16:43:17|调试:收到需要组播的回复 10099
2017-11-22 16:43:17|调试:收到需要组播的回复 10099
2017-11-22 16:53:17|调试:收到需要组播的回复 10099
2017-11-22 16:53:17|调试:收到需要组播的回复 10099
2017-11-22 16:53:17|调试:收到需要组播的回复 10099
2017-11-22 16:53:17|调试:收到需要组播的回复 10099
2017-11-22 16:56:47|调试:验证服务器获取验证Token为kMJIO0qND08D0yIAMnWdzTm7Cc90uKfG
2017-11-22 16:56:47|调试:New Session Client Arrived !!  Key(kMJIO0qND08D0yIAMnWdzTm7Cc90uKfG)
2017-11-22 16:56:47|调试:User[30933] 登陆
2017-11-22 16:56:47|信息:User[30933] login OK!
2017-11-22 16:56:47|调试:回复命令(20000)错误码(0)
2017-11-22 16:56:47|调试:收到回复 10000
2017-11-22 16:56:50|调试:30933进入角色126732690
2017-11-22 16:56:50|调试:收到回复 10001
2017-11-22 16:57:01|调试:验证服务器获取验证Token为0HD9zab20v5h38dPvr32DjgzdT6gz710
2017-11-22 16:57:01|调试:New Session Client Arrived !!  Key(0HD9zab20v5h38dPvr32DjgzdT6gz710)
2017-11-22 16:57:01|调试:User[54880134] 登陆
2017-11-22 16:57:01|信息:User[54880134] login OK!
2017-11-22 16:57:01|调试:回复命令(20000)错误码(0)
2017-11-22 16:57:01|调试:收到回复 10000
2017-11-22 16:57:04|调试:54880134进入角色1762
2017-11-22 16:57:04|调试:收到回复 10001
2017-11-22 16:57:26|调试:Session Client Leaved!! -10013
2017-11-22 16:57:26|信息:User[54880134] session closed!
2017-11-22 16:57:26|调试:准备注销用户(54880134)
2017-11-22 16:57:26|信息:User[54880134] logout OK!
2017-11-22 16:57:26|调试:54880134退出角色
2017-11-22 16:57:26|调试:54880134退出角色
2017-11-22 16:57:27|调试:Session Client Leaved!! -10013
2017-11-22 16:57:27|信息:User[30933] session closed!
2017-11-22 16:57:27|调试:准备注销用户(30933)
2017-11-28 10:35:35|信息:连接验证服务器( 192.168.50.2:10030 )成功
2017-11-28 10:35:35|信息:登录验证服务器( 192.168.50.2:10030 )成功(0)
2017-11-28 10:35:35|信息:上报连接数时间间隔: 30 秒
2017-11-28 10:35:35|信息:登录网关服务器( 192.168.50.2:10020 )成功
2017-11-28 10:35:35|信息:初始化LinkServer成功
2017-11-28 10:35:35|信息:Link服务器状态: 开启
2017-11-28 10:35:35|信息:LinkServer( 192.168.50.2:9528 )启动成功
2017-11-28 10:35:40|调试:收到需要组播的回复 10099
2017-11-28 10:35:40|调试:收到需要组播的回复 10099
2017-11-28 10:35:40|调试:收到需要组播的回复 10099
2017-11-28 10:35:40|调试:收到需要组播的回复 10099
2017-11-28 10:45:40|调试:收到需要组播的回复 10099
2017-11-28 10:45:40|调试:收到需要组播的回复 10099
2017-11-28 10:45:40|调试:收到需要组播的回复 10099
2017-11-28 10:45:40|调试:收到需要组播的回复 10099
2017-11-28 10:54:34|调试:验证服务器获取验证Token为no9qrF461FZGnPpMyn5F29VlI74H24wD
2017-11-28 10:54:34|调试:New Session Client Arrived !!  Key(no9qrF461FZGnPpMyn5F29VlI74H24wD)
2017-11-28 10:54:34|调试:User[30933] 登陆
2017-11-28 10:54:34|信息:User[30933] login OK!
2017-11-28 10:54:34|调试:回复命令(20000)错误码(0)
2017-11-28 10:54:34|调试:收到回复 10000
2017-11-28 10:54:37|调试:30933进入角色126732690
2017-11-28 10:54:37|调试:收到回复 10001
2017-11-28 10:54:46|调试:验证服务器获取验证Token为cxq94o2T89mV4x2lf8E4txYEvN6muR7n
2017-11-28 10:54:46|调试:New Session Client Arrived !!  Key(cxq94o2T89mV4x2lf8E4txYEvN6muR7n)
2017-11-28 10:54:46|调试:User[27377] 登陆
2017-11-28 10:54:46|信息:User[27377] login OK!
2017-11-28 10:54:46|调试:回复命令(20000)错误码(0)
2017-11-28 10:54:46|调试:收到回复 10000
2017-11-28 10:54:49|调试:27377进入角色1880
2017-11-28 10:54:49|调试:收到回复 10001
2017-11-28 10:55:40|调试:收到需要组播的回复 10099
2017-11-28 11:01:38|信息:连接验证服务器( 192.168.50.2:10030 )成功
2017-11-28 11:01:38|信息:登录验证服务器( 192.168.50.2:10030 )成功(0)
2017-11-28 11:01:38|信息:上报连接数时间间隔: 30 秒
2017-11-28 11:01:38|信息:登录网关服务器( 192.168.50.2:10020 )成功
2017-11-28 11:01:38|信息:初始化LinkServer成功
2017-11-28 11:01:38|信息:Link服务器状态: 开启
2017-11-28 11:01:38|信息:LinkServer( 192.168.50.2:9528 )启动成功
2017-11-28 11:01:42|调试:收到需要组播的回复 10099
2017-11-28 11:01:42|调试:收到需要组播的回复 10099
2017-11-28 11:01:42|调试:收到需要组播的回复 10099
2017-11-28 11:01:42|调试:收到需要组播的回复 10099
2017-11-28 11:01:50|调试:验证服务器获取验证Token为BiVM38eB9nz431t83467615Tjf80sM1W
2017-11-28 11:01:50|调试:New Session Client Arrived !!  Key(BiVM38eB9nz431t83467615Tjf80sM1W)
2017-11-28 11:01:50|调试:User[27377] 登陆
2017-11-28 11:01:50|信息:User[27377] login OK!
2017-11-28 11:01:50|调试:回复命令(20000)错误码(0)
2017-11-28 11:01:50|调试:收到回复 10000
2017-11-28 11:01:53|调试:27377进入角色1880
2017-11-28 11:01:53|调试:收到回复 10001
2017-11-28 11:08:06|信息:连接验证服务器( 192.168.50.2:10030 )成功
2017-11-28 11:08:06|信息:登录验证服务器( 192.168.50.2:10030 )成功(0)
2017-11-28 11:08:06|信息:上报连接数时间间隔: 30 秒
2017-11-28 11:08:06|信息:登录网关服务器( 192.168.50.2:10020 )成功
2017-11-28 11:08:06|信息:初始化LinkServer成功
2017-11-28 11:08:06|信息:Link服务器状态: 开启
2017-11-28 11:08:06|信息:LinkServer( 192.168.50.2:9528 )启动成功
2017-11-28 11:08:10|调试:收到需要组播的回复 10099
2017-11-28 11:08:10|调试:收到需要组播的回复 10099
2017-11-28 11:08:10|调试:收到需要组播的回复 10099
2017-11-28 11:08:10|调试:收到需要组播的回复 10099
2017-11-28 11:08:44|调试:验证服务器获取验证Token为1U149XhL7gE5HBq52g2k9LAX4524wwk4
2017-11-28 11:08:44|调试:New Session Client Arrived !!  Key(1U149XhL7gE5HBq52g2k9LAX4524wwk4)
2017-11-28 11:08:44|调试:User[27377] 登陆
2017-11-28 11:08:44|信息:User[27377] login OK!
2017-11-28 11:08:44|调试:回复命令(20000)错误码(0)
2017-11-28 11:08:44|调试:收到回复 10000
2017-11-28 11:08:46|调试:27377进入角色1880
2017-11-28 11:08:46|调试:收到回复 10001
2017-11-28 11:10:45|调试:Session Client Leaved!! -10013
2017-11-28 11:10:45|信息:User[27377] session closed!
2017-11-28 11:10:45|调试:准备注销用户(27377)
2017-11-28 11:10:45|信息:User[27377] logout OK!
2017-11-28 11:10:45|调试:27377退出角色
2017-11-28 11:10:45|调试:27377退出角色
2017-11-28 11:13:18|调试:验证服务器获取验证Token为1U149XhL7gE5HBq52g2k9LAX4524wwk4
2017-11-28 11:13:18|调试:New Session Client Arrived !!  Key(2g11xCqQnMLN1g8cwK15IL6624wWOn2O)
2017-11-28 11:13:18|调试:User[27377] 登陆
2017-11-28 11:13:18|信息:User[27377] login OK!
2017-11-28 11:13:18|调试:回复命令(20000)错误码(0)
2017-11-28 11:13:18|调试:收到回复 10000
2017-11-28 11:13:21|调试:27377进入角色1880
2017-11-28 11:13:21|调试:收到回复 10001
2017-11-28 11:13:41|调试:验证服务器获取验证Token为2U20LTCMTn4Nv9XkW09zoJ1zn4uypfVY
2017-11-28 11:13:41|调试:New Session Client Arrived !!  Key(2U20LTCMTn4Nv9XkW09zoJ1zn4uypfVY)
2017-11-28 11:13:41|调试:User[30933] 登陆
2017-11-28 11:13:41|信息:User[30933] login OK!
2017-11-28 11:13:41|调试:回复命令(20000)错误码(0)
2017-11-28 11:13:41|调试:收到回复 10000
2017-11-28 11:13:43|调试:30933进入角色126732690
2017-11-28 11:13:43|调试:收到回复 10001
2017-11-28 11:14:03|调试:Session Client Leaved!! -10013
2017-11-28 11:14:03|信息:User[27377] session closed!
2017-11-28 11:14:03|调试:准备注销用户(27377)
2017-11-28 11:14:03|信息:User[27377] logout OK!
2017-11-28 11:14:03|调试:27377退出角色
2017-11-28 11:14:03|调试:27377退出角色
2017-11-28 11:14:18|调试:Session Client Leaved!! -10013
2017-11-28 11:14:18|信息:User[30933] session closed!
2017-11-28 11:14:18|调试:准备注销用户(30933)
2017-11-28 11:14:18|信息:User[30933] logout OK!
2017-11-28 11:14:18|调试:30933退出角色
2017-11-28 11:14:18|调试:30933退出角色
2017-11-28 11:16:01|调试:验证服务器获取验证Token为2U20LTCMTn4Nv9XkW09zoJ1zn4uypfVY
2017-11-28 11:16:01|调试:New Session Client Arrived !!  Key(uUI5mxeI0bIEiXw6M341dtONs7sZ66GG)
2017-11-28 11:16:01|调试:User[30933] 登陆
2017-11-28 11:16:01|信息:User[30933] login OK!
2017-11-28 11:16:01|调试:回复命令(20000)错误码(0)
2017-11-28 11:16:01|调试:收到回复 10000
2017-11-28 11:16:04|调试:30933进入角色126732690
2017-11-28 11:16:04|调试:收到回复 10001
2017-11-28 11:16:18|调试:Session Client Leaved!! -10013
2017-11-28 11:16:18|信息:User[30933] session closed!
2017-11-28 11:16:18|调试:准备注销用户(30933)
2017-11-28 11:16:18|信息:User[30933] logout OK!
2017-11-28 11:16:18|调试:30933退出角色
2017-11-28 11:16:18|调试:30933退出角色
2017-11-28 11:18:10|调试:收到需要组播的回复 10099
2017-11-28 11:18:10|调试:收到需要组播的回复 10099
2017-11-28 11:18:10|调试:收到需要组播的回复 10099
2017-11-28 11:18:10|调试:收到需要组播的回复 10099
2017-11-28 11:28:10|调试:收到需要组播的回复 10099
2017-11-28 11:28:10|调试:收到需要组播的回复 10099
2017-11-28 11:28:10|调试:收到需要组播的回复 10099
2017-11-28 11:28:10|调试:收到需要组播的回复 10099
2017-11-28 11:38:10|调试:收到需要组播的回复 10099
2017-11-28 11:38:10|调试:收到需要组播的回复 10099
2017-11-28 11:38:10|调试:收到需要组播的回复 10099
2017-11-28 11:38:10|调试:收到需要组播的回复 10099
2017-11-28 11:48:10|调试:收到需要组播的回复 10099
2017-11-28 11:48:10|调试:收到需要组播的回复 10099
2017-11-28 11:48:10|调试:收到需要组播的回复 10099
2017-11-28 11:48:10|调试:收到需要组播的回复 10099
2017-11-28 11:58:10|调试:收到需要组播的回复 10099
2017-11-28 11:58:10|调试:收到需要组播的回复 10099
2017-11-28 11:58:10|调试:收到需要组播的回复 10099
2017-11-28 11:58:10|调试:收到需要组播的回复 10099
2017-11-28 12:08:10|调试:收到需要组播的回复 10099
2017-11-28 12:08:10|调试:收到需要组播的回复 10099
2017-11-28 12:08:10|调试:收到需要组播的回复 10099
2017-11-28 12:08:10|调试:收到需要组播的回复 10099
2017-11-28 12:18:10|调试:收到需要组播的回复 10099
2017-11-28 12:18:10|调试:收到需要组播的回复 10099
2017-11-28 12:18:10|调试:收到需要组播的回复 10099
2017-11-28 12:18:10|调试:收到需要组播的回复 10099
2017-11-28 12:28:10|调试:收到需要组播的回复 10099
2017-11-28 12:28:10|调试:收到需要组播的回复 10099
2017-11-28 12:28:10|调试:收到需要组播的回复 10099
2017-11-28 12:28:10|调试:收到需要组播的回复 10099
2017-11-28 12:38:10|调试:收到需要组播的回复 10099
2017-11-28 12:38:10|调试:收到需要组播的回复 10099
2017-11-28 12:38:10|调试:收到需要组播的回复 10099
2017-11-28 12:38:10|调试:收到需要组播的回复 10099
2017-11-28 12:48:10|调试:收到需要组播的回复 10099
2017-11-28 12:48:10|调试:收到需要组播的回复 10099
2017-11-28 12:48:10|调试:收到需要组播的回复 10099
2017-11-28 12:48:10|调试:收到需要组播的回复 10099
2017-11-28 12:58:10|调试:收到需要组播的回复 10099
2017-11-28 12:58:10|调试:收到需要组播的回复 10099
2017-11-28 12:58:10|调试:收到需要组播的回复 10099
2017-11-28 12:58:10|调试:收到需要组播的回复 10099
2017-11-28 13:08:10|调试:收到需要组播的回复 10099
2017-11-28 13:08:10|调试:收到需要组播的回复 10099
2017-11-28 13:08:10|调试:收到需要组播的回复 10099
2017-11-28 13:08:10|调试:收到需要组播的回复 10099
2017-11-28 13:18:10|调试:收到需要组播的回复 10099
2017-11-28 13:18:10|调试:收到需要组播的回复 10099
2017-11-28 13:18:10|调试:收到需要组播的回复 10099
2017-11-28 13:18:10|调试:收到需要组播的回复 10099
2017-11-28 13:28:10|调试:收到需要组播的回复 10099
2017-11-28 13:28:10|调试:收到需要组播的回复 10099
2017-11-28 13:28:10|调试:收到需要组播的回复 10099
2017-11-28 13:28:10|调试:收到需要组播的回复 10099
2017-11-28 13:38:10|调试:收到需要组播的回复 10099
2017-11-28 13:38:10|调试:收到需要组播的回复 10099
2017-11-28 13:38:10|调试:收到需要组播的回复 10099
2017-11-28 13:38:10|调试:收到需要组播的回复 10099
2017-11-28 13:48:10|调试:收到需要组播的回复 10099
2017-11-28 13:48:10|调试:收到需要组播的回复 10099
2017-11-28 13:48:10|调试:收到需要组播的回复 10099
2017-11-28 13:48:10|调试:收到需要组播的回复 10099
2017-11-28 13:58:10|调试:收到需要组播的回复 10099
2017-11-28 13:58:10|调试:收到需要组播的回复 10099
2017-11-28 13:58:10|调试:收到需要组播的回复 10099
2017-11-28 13:58:10|调试:收到需要组播的回复 10099
2017-11-28 14:08:10|调试:收到需要组播的回复 10099
2017-11-28 14:08:10|调试:收到需要组播的回复 10099
2017-11-28 14:08:10|调试:收到需要组播的回复 10099
2017-11-28 14:08:10|调试:收到需要组播的回复 10099
2017-11-28 14:18:10|调试:收到需要组播的回复 10099
2017-11-28 14:18:10|调试:收到需要组播的回复 10099
2017-11-28 14:18:10|调试:收到需要组播的回复 10099
2017-11-28 14:18:10|调试:收到需要组播的回复 10099
2017-11-28 14:28:10|调试:收到需要组播的回复 10099
2017-11-28 14:28:10|调试:收到需要组播的回复 10099
2017-11-28 14:28:10|调试:收到需要组播的回复 10099
2017-11-28 14:28:10|调试:收到需要组播的回复 10099
2017-11-28 14:38:10|调试:收到需要组播的回复 10099
2017-11-28 14:38:10|调试:收到需要组播的回复 10099
2017-11-28 14:38:10|调试:收到需要组播的回复 10099
2017-11-28 14:38:10|调试:收到需要组播的回复 10099
2017-11-28 14:48:10|调试:收到需要组播的回复 10099
2017-11-28 14:48:10|调试:收到需要组播的回复 10099
2017-11-28 14:48:10|调试:收到需要组播的回复 10099
2017-11-28 14:48:10|调试:收到需要组播的回复 10099
2017-11-28 14:58:10|调试:收到需要组播的回复 10099
2017-11-28 14:58:10|调试:收到需要组播的回复 10099
2017-11-28 14:58:10|调试:收到需要组播的回复 10099
2017-11-28 14:58:10|调试:收到需要组播的回复 10099
2017-11-28 15:08:10|调试:收到需要组播的回复 10099
2017-11-28 15:08:10|调试:收到需要组播的回复 10099
2017-11-28 15:08:10|调试:收到需要组播的回复 10099
2017-11-28 15:08:10|调试:收到需要组播的回复 10099
2017-11-28 15:18:10|调试:收到需要组播的回复 10099
2017-11-28 15:18:10|调试:收到需要组播的回复 10099
2017-11-28 15:18:10|调试:收到需要组播的回复 10099
2017-11-28 15:18:10|调试:收到需要组播的回复 10099
2017-11-28 15:28:10|调试:收到需要组播的回复 10099
2017-11-28 15:28:10|调试:收到需要组播的回复 10099
2017-11-28 15:28:10|调试:收到需要组播的回复 10099
2017-11-28 15:28:10|调试:收到需要组播的回复 10099
2017-11-28 15:38:10|调试:收到需要组播的回复 10099
2017-11-28 15:38:10|调试:收到需要组播的回复 10099
2017-11-28 15:38:10|调试:收到需要组播的回复 10099
2017-11-28 15:38:10|调试:收到需要组播的回复 10099
2017-11-28 15:48:10|调试:收到需要组播的回复 10099
2017-11-28 15:48:10|调试:收到需要组播的回复 10099
2017-11-28 15:48:10|调试:收到需要组播的回复 10099
2017-11-28 15:48:10|调试:收到需要组播的回复 10099
2017-11-28 15:58:10|调试:收到需要组播的回复 10099
2017-11-28 15:58:10|调试:收到需要组播的回复 10099
2017-11-28 15:58:10|调试:收到需要组播的回复 10099
2017-11-28 15:58:10|调试:收到需要组播的回复 10099
2017-11-28 16:08:10|调试:收到需要组播的回复 10099
2017-11-28 16:08:10|调试:收到需要组播的回复 10099
2017-11-28 16:08:10|调试:收到需要组播的回复 10099
2017-11-28 16:08:10|调试:收到需要组播的回复 10099
2017-11-28 16:18:10|调试:收到需要组播的回复 10099
2017-11-28 16:18:10|调试:收到需要组播的回复 10099
2017-11-28 16:18:10|调试:收到需要组播的回复 10099
2017-11-28 16:18:10|调试:收到需要组播的回复 10099
2017-11-28 16:28:10|调试:收到需要组播的回复 10099
2017-11-28 16:28:10|调试:收到需要组播的回复 10099
2017-11-28 16:28:10|调试:收到需要组播的回复 10099
2017-11-28 16:28:10|调试:收到需要组播的回复 10099
2017-11-28 16:38:10|调试:收到需要组播的回复 10099
2017-11-28 16:38:10|调试:收到需要组播的回复 10099
2017-11-28 16:38:10|调试:收到需要组播的回复 10099
2017-11-28 16:38:10|调试:收到需要组播的回复 10099
2017-11-28 16:48:10|调试:收到需要组播的回复 10099
2017-11-28 16:48:10|调试:收到需要组播的回复 10099
2017-11-28 16:48:10|调试:收到需要组播的回复 10099
2017-11-28 16:48:10|调试:收到需要组播的回复 10099
2017-11-28 16:58:10|调试:收到需要组播的回复 10099
2017-11-28 16:58:10|调试:收到需要组播的回复 10099
2017-11-28 16:58:10|调试:收到需要组播的回复 10099
2017-11-28 16:58:10|调试:收到需要组播的回复 10099
2017-11-28 17:08:10|调试:收到需要组播的回复 10099
2017-11-28 17:08:10|调试:收到需要组播的回复 10099
2017-11-28 17:08:10|调试:收到需要组播的回复 10099
2017-11-28 17:08:10|调试:收到需要组播的回复 10099
2017-11-28 17:18:10|调试:收到需要组播的回复 10099
2017-11-28 17:18:10|调试:收到需要组播的回复 10099
2017-11-28 17:18:10|调试:收到需要组播的回复 10099
2017-11-28 17:18:10|调试:收到需要组播的回复 10099
2017-11-28 17:28:10|调试:收到需要组播的回复 10099
2017-11-28 17:28:10|调试:收到需要组播的回复 10099
2017-11-28 17:28:10|调试:收到需要组播的回复 10099
2017-11-28 17:28:10|调试:收到需要组播的回复 10099
2017-11-28 17:38:10|调试:收到需要组播的回复 10099
2017-11-28 17:38:10|调试:收到需要组播的回复 10099
2017-11-28 17:38:10|调试:收到需要组播的回复 10099
2017-11-28 17:38:10|调试:收到需要组播的回复 10099
2017-11-28 17:48:10|调试:收到需要组播的回复 10099
2017-11-28 17:48:10|调试:收到需要组播的回复 10099
2017-11-28 17:48:10|调试:收到需要组播的回复 10099
2017-11-28 17:48:10|调试:收到需要组播的回复 10099
2017-11-28 17:58:10|调试:收到需要组播的回复 10099
2017-11-28 17:58:10|调试:收到需要组播的回复 10099
2017-11-28 17:58:10|调试:收到需要组播的回复 10099
2017-11-28 17:58:10|调试:收到需要组播的回复 10099
2017-11-28 18:08:10|调试:收到需要组播的回复 10099
2017-11-28 18:08:10|调试:收到需要组播的回复 10099
2017-11-28 18:08:10|调试:收到需要组播的回复 10099
2017-11-28 18:08:10|调试:收到需要组播的回复 10099
2017-11-28 18:18:10|调试:收到需要组播的回复 10099
2017-11-28 18:18:10|调试:收到需要组播的回复 10099
2017-11-28 18:18:10|调试:收到需要组播的回复 10099
2017-11-28 18:18:10|调试:收到需要组播的回复 10099
2017-11-28 18:28:10|调试:收到需要组播的回复 10099
2017-11-28 18:28:10|调试:收到需要组播的回复 10099
2017-11-28 18:28:10|调试:收到需要组播的回复 10099
2017-11-28 18:28:10|调试:收到需要组播的回复 10099
2017-11-28 18:38:10|调试:收到需要组播的回复 10099
2017-11-28 18:38:10|调试:收到需要组播的回复 10099
2017-11-28 18:38:10|调试:收到需要组播的回复 10099
2017-11-28 18:38:10|调试:收到需要组播的回复 10099
2017-11-28 18:48:10|调试:收到需要组播的回复 10099
2017-11-28 18:48:10|调试:收到需要组播的回复 10099
2017-11-28 18:48:10|调试:收到需要组播的回复 10099
2017-11-28 18:48:10|调试:收到需要组播的回复 10099
2017-11-28 18:58:10|调试:收到需要组播的回复 10099
2017-11-28 18:58:10|调试:收到需要组播的回复 10099
2017-11-28 18:58:10|调试:收到需要组播的回复 10099
2017-11-28 18:58:10|调试:收到需要组播的回复 10099
2017-11-28 19:08:10|调试:收到需要组播的回复 10099
