2017-05-19 15:49:02|信息:连接验证服务器( 192.168.50.2:10030 )成功
2017-05-19 15:49:02|信息:登录验证服务器( 192.168.50.2:10030 )成功(0)
2017-05-19 15:49:02|信息:上报连接数时间间隔: 30 秒
2017-05-19 15:49:02|信息:登录网关服务器( 192.168.50.2:10020 )成功
2017-05-19 15:49:02|信息:初始化LinkServer成功
2017-05-19 15:49:02|信息:Link服务器状态: 开启
2017-05-19 15:49:02|信息:LinkServer( 0.0.0.0:9528 )启动成功
2017-05-19 15:49:02|调试:New Session Client Arrived !!  Key(nDl9yGVRVPo1EgT0iSiS0sLiaZ4L234z)
2017-05-19 15:49:02|调试:New Session Client Arrived !!  Key(nDl9yGVRVPo1EgT0iSiS0sLiaZ4L234z)
2017-05-19 15:49:02|调试:New Session Client Arrived !!  Key(nDl9yGVRVPo1EgT0iSiS0sLiaZ4L234z)
2017-05-19 15:49:02|调试:New Session Client Arrived !!  Key(nDl9yGVRVPo1EgT0iSiS0sLiaZ4L234z)
2017-05-19 15:49:02|调试:New Session Client Arrived !!  Key(nDl9yGVRVPo1EgT0iSiS0sLiaZ4L234z)
2017-05-19 15:49:02|调试:New Session Client Arrived !!  Key(nDl9yGVRVPo1EgT0iSiS0sLiaZ4L234z)
2017-05-19 15:52:56|调试:收到需要组播的回复 10099
2017-05-19 15:52:56|调试:收到需要组播的回复 10099
2017-05-19 15:52:56|调试:收到需要组播的回复 10099
2017-05-19 15:52:56|调试:收到需要组播的回复 10099
2017-05-19 16:02:56|调试:收到需要组播的回复 10099
2017-05-19 16:02:56|调试:收到需要组播的回复 10099
2017-05-19 16:02:56|调试:收到需要组播的回复 10099
2017-05-19 16:02:56|调试:收到需要组播的回复 10099
2017-05-19 16:12:56|调试:收到需要组播的回复 10099
2017-05-19 16:12:56|调试:收到需要组播的回复 10099
2017-05-19 16:12:56|调试:收到需要组播的回复 10099
2017-05-19 16:12:56|调试:收到需要组播的回复 10099
2017-05-19 16:19:15|调试:Session Client Leaved!! -10013
2017-05-19 16:19:15|调试:Session Client Leaved!! -10013
2017-05-19 16:19:15|调试:Session Client Leaved!! -10013
2017-05-19 16:19:15|调试:Session Client Leaved!! -10013
2017-05-19 16:19:15|调试:Session Client Leaved!! -10013
2017-05-19 16:19:15|调试:Session Client Leaved!! -10013
2017-05-19 16:19:17|调试:LsClient掉线
