2017-05-31 09:58:09|信息:连接验证服务器( 192.168.50.2:10030 )成功
2017-05-31 09:58:09|信息:登录验证服务器( 192.168.50.2:10030 )成功(0)
2017-05-31 09:58:09|信息:上报连接数时间间隔: 30 秒
2017-05-31 09:58:09|信息:登录网关服务器( 192.168.50.2:10020 )成功
2017-05-31 09:58:09|信息:初始化LinkServer成功
2017-05-31 09:58:09|信息:Link服务器状态: 开启
2017-05-31 09:58:09|信息:LinkServer( 0.0.0.0:9528 )启动成功
2017-05-31 09:58:53|调试:New Session Client Arrived !!  Key(yWi63P93cZ46Y74M8tPg1i7H95qK3KD3)
2017-05-31 10:00:31|调试:Session Client Leaved!! -10013
2017-05-31 10:06:02|调试:New Session Client Arrived !!  Key(gprVS77qd821NFJO8NL60u2Ujf3zZBdB)
2017-05-31 10:07:13|调试:Session Client Leaved!! -10013
2017-05-31 10:08:11|调试:New Session Client Arrived !!  Key(ZlKkNpn8DNb04152u6Rv9kHWDdkA0mZ1)
2017-05-31 10:09:20|调试:Session Client Leaved!! -10013
2017-05-31 10:27:35|调试:New Session Client Arrived !!  Key(IS5o4XWuZ37f17z4B76IXV4Cy36Wd10W)
2017-05-31 10:29:09|调试:Session Client Leaved!! -10013
2017-05-31 10:30:18|调试:New Session Client Arrived !!  Key(g6slFb7uqGJOwiHH9i9AAe47I6tzfXU3)
2017-05-31 10:33:21|调试:LsClient掉线
2017-05-31 10:33:21|调试:LsClient启动重连
2017-05-31 10:33:21|信息:连接验证服务器( 192.168.50.2:10030 )成功
2017-05-31 10:33:21|调试:LSCSession::OnClosed(-10013)
2017-05-31 10:33:21|信息:登录验证服务器( 192.168.50.2:10030 )成功(0)
2017-05-31 10:33:21|信息:上报连接数时间间隔: 30 秒
2017-05-31 10:35:00|调试:Session Client Leaved!! -10013
2017-05-31 10:35:46|调试:New Session Client Arrived !!  Key(hByqTS2000rW4QyFzSpvDG36959gb8D2)
2017-05-31 10:39:46|调试:Session Client Leaved!! -10013
2017-05-31 10:39:59|调试:New Session Client Arrived !!  Key(0K06ca93yWmJUq320g52GlRIyBlz0Y27)
2017-05-31 10:41:54|调试:LsClient掉线
2017-05-31 10:41:54|调试:LsClient启动重连
2017-05-31 10:41:54|信息:连接验证服务器( 192.168.50.2:10030 )成功
2017-05-31 10:41:54|调试:LSCSession::OnClosed(-10013)
2017-05-31 10:41:54|信息:登录验证服务器( 192.168.50.2:10030 )成功(0)
2017-05-31 10:41:54|信息:上报连接数时间间隔: 30 秒
2017-05-31 10:44:32|调试:Session Client Leaved!! -10013
2017-05-31 10:44:48|调试:收到需要组播的回复 10099
2017-05-31 10:44:48|调试:收到需要组播的回复 10099
2017-05-31 10:44:48|调试:收到需要组播的回复 10099
2017-05-31 10:44:48|调试:收到需要组播的回复 10099
2017-05-31 10:45:57|调试:New Session Client Arrived !!  Key(iUqponmS01cP2t3mF9n5mQFoD2Twlg60)
2017-05-31 10:54:48|调试:收到需要组播的回复 10099
2017-05-31 10:54:48|调试:收到需要组播的回复 10099
2017-05-31 10:54:48|调试:收到需要组播的回复 10099
2017-05-31 10:54:48|调试:收到需要组播的回复 10099
2017-05-31 11:04:48|调试:收到需要组播的回复 10099
2017-05-31 11:04:48|调试:收到需要组播的回复 10099
2017-05-31 11:04:48|调试:收到需要组播的回复 10099
2017-05-31 11:04:48|调试:收到需要组播的回复 10099
2017-05-31 11:14:48|调试:收到需要组播的回复 10099
2017-05-31 11:14:48|调试:收到需要组播的回复 10099
2017-05-31 11:14:48|调试:收到需要组播的回复 10099
2017-05-31 11:14:48|调试:收到需要组播的回复 10099
2017-05-31 11:16:56|调试:Session Client Leaved!! -10013
2017-05-31 11:17:15|调试:New Session Client Arrived !!  Key(39CZE0q22Qx4qiqD6pnLBZ2G1bZY9QoI)
2017-05-31 11:24:48|调试:收到需要组播的回复 10099
2017-05-31 11:24:48|调试:收到需要组播的回复 10099
2017-05-31 11:24:48|调试:收到需要组播的回复 10099
2017-05-31 11:24:48|调试:收到需要组播的回复 10099
2017-05-31 11:34:48|调试:收到需要组播的回复 10099
2017-05-31 11:34:48|调试:收到需要组播的回复 10099
2017-05-31 11:34:48|调试:收到需要组播的回复 10099
2017-05-31 11:34:48|调试:收到需要组播的回复 10099
2017-05-31 11:37:06|调试:Session Client Leaved!! -10013
2017-05-31 11:38:18|调试:New Session Client Arrived !!  Key(08u7XLybpq4VCA1j6m5Un4g60A0YxWTy)
2017-05-31 11:44:48|调试:收到需要组播的回复 10099
2017-05-31 11:44:48|调试:收到需要组播的回复 10099
2017-05-31 11:44:48|调试:收到需要组播的回复 10099
2017-05-31 11:44:48|调试:收到需要组播的回复 10099
2017-05-31 11:54:48|调试:收到需要组播的回复 10099
2017-05-31 11:54:48|调试:收到需要组播的回复 10099
2017-05-31 11:54:48|调试:收到需要组播的回复 10099
2017-05-31 11:54:48|调试:收到需要组播的回复 10099
2017-05-31 12:04:48|调试:收到需要组播的回复 10099
2017-05-31 12:04:48|调试:收到需要组播的回复 10099
2017-05-31 12:04:48|调试:收到需要组播的回复 10099
2017-05-31 12:04:48|调试:收到需要组播的回复 10099
2017-05-31 13:42:15|调试:LsClient掉线
2017-05-31 13:42:15|调试:LsClient启动重连
2017-05-31 13:42:15|调试:LSCSession::OnClosed(-10013)
2017-05-31 13:42:17|信息:连接验证服务器( 192.168.50.2:10030 )成功
2017-05-31 13:42:17|信息:登录验证服务器( 192.168.50.2:10030 )成功(0)
2017-05-31 13:42:18|信息:上报连接数时间间隔: 30 秒
2017-05-31 13:43:47|调试:Session Client Leaved!! -10013
2017-05-31 13:52:03|调试:收到需要组播的回复 10099
2017-05-31 13:52:03|调试:收到需要组播的回复 10099
2017-05-31 13:52:03|调试:收到需要组播的回复 10099
2017-05-31 13:52:03|调试:收到需要组播的回复 10099
2017-05-31 14:02:03|调试:收到需要组播的回复 10099
2017-05-31 14:02:03|调试:收到需要组播的回复 10099
2017-05-31 14:02:03|调试:收到需要组播的回复 10099
2017-05-31 14:02:03|调试:收到需要组播的回复 10099
2017-05-31 14:12:03|调试:收到需要组播的回复 10099
2017-05-31 14:12:03|调试:收到需要组播的回复 10099
2017-05-31 14:12:03|调试:收到需要组播的回复 10099
2017-05-31 14:12:03|调试:收到需要组播的回复 10099
2017-05-31 14:22:03|调试:收到需要组播的回复 10099
2017-05-31 14:22:03|调试:收到需要组播的回复 10099
2017-05-31 14:22:03|调试:收到需要组播的回复 10099
2017-05-31 14:22:03|调试:收到需要组播的回复 10099
2017-05-31 14:32:03|调试:收到需要组播的回复 10099
2017-05-31 14:32:03|调试:收到需要组播的回复 10099
2017-05-31 14:32:03|调试:收到需要组播的回复 10099
2017-05-31 14:32:03|调试:收到需要组播的回复 10099
2017-05-31 14:32:46|调试:New Session Client Arrived !!  Key(43UN0z10cM4IjptF51kO3m5tb1TKjtHI)
2017-05-31 14:34:59|调试:LsClient掉线
2017-05-31 14:35:00|调试:LsClient启动重连
2017-05-31 14:35:00|调试:LSCSession::OnClosed(-10013)
2017-05-31 14:35:00|信息:连接验证服务器( 192.168.50.2:10030 )成功
2017-05-31 14:35:00|信息:登录验证服务器( 192.168.50.2:10030 )成功(0)
2017-05-31 14:35:00|信息:上报连接数时间间隔: 30 秒
2017-05-31 14:36:25|调试:Session Client Leaved!! -10013
2017-05-31 14:36:26|调试:New Session Client Arrived !!  Key(Q4z3b4D2rTIV7CPXBrE7cS1sQ2kQHgo5)
2017-05-31 14:36:38|调试:Session Client Leaved!! -10013
2017-05-31 14:37:25|调试:New Session Client Arrived !!  Key(cnMIb2I15lNxr9QjnEQw3758QNDWDPJ3)
2017-05-31 14:41:48|调试:Session Client Leaved!! -10013
2017-05-31 14:42:03|调试:收到需要组播的回复 10099
2017-05-31 14:42:03|调试:收到需要组播的回复 10099
2017-05-31 14:42:03|调试:收到需要组播的回复 10099
2017-05-31 14:42:03|调试:收到需要组播的回复 10099
2017-05-31 14:42:29|调试:New Session Client Arrived !!  Key(h0Q68j7lj91s8Zyj8mL0RYL2G0aFIcPg)
2017-05-31 14:45:01|调试:LsClient掉线
2017-05-31 14:45:01|调试:LsClient启动重连
2017-05-31 14:45:01|调试:LSCSession::OnClosed(-10013)
2017-05-31 14:45:01|信息:连接验证服务器( 192.168.50.2:10030 )成功
2017-05-31 14:45:01|信息:登录验证服务器( 192.168.50.2:10030 )成功(0)
2017-05-31 14:45:01|信息:上报连接数时间间隔: 30 秒
2017-05-31 14:52:03|调试:收到需要组播的回复 10099
2017-05-31 14:52:03|调试:收到需要组播的回复 10099
2017-05-31 14:52:03|调试:收到需要组播的回复 10099
2017-05-31 14:52:03|调试:收到需要组播的回复 10099
2017-05-31 14:53:08|调试:Session Client Leaved!! -10013
2017-05-31 15:02:03|调试:收到需要组播的回复 10099
2017-05-31 15:02:03|调试:收到需要组播的回复 10099
2017-05-31 15:02:03|调试:收到需要组播的回复 10099
2017-05-31 15:02:03|调试:收到需要组播的回复 10099
2017-05-31 15:12:03|调试:收到需要组播的回复 10099
2017-05-31 15:12:03|调试:收到需要组播的回复 10099
2017-05-31 15:12:03|调试:收到需要组播的回复 10099
2017-05-31 15:12:03|调试:收到需要组播的回复 10099
2017-05-31 15:13:42|调试:New Session Client Arrived !!  Key(s7HA3M89dOb9b4f7z8a2xgorTg7Ps3Jx)
2017-05-31 15:16:54|调试:Session Client Leaved!! -10013
2017-05-31 15:17:30|调试:New Session Client Arrived !!  Key(xj1g81y6V7tRJ84QRAMih00mjsYDbNUi)
2017-05-31 15:22:03|调试:收到需要组播的回复 10099
2017-05-31 15:22:03|调试:收到需要组播的回复 10099
2017-05-31 15:22:03|调试:收到需要组播的回复 10099
2017-05-31 15:22:03|调试:收到需要组播的回复 10099
2017-05-31 15:32:03|调试:收到需要组播的回复 10099
2017-05-31 15:32:03|调试:收到需要组播的回复 10099
2017-05-31 15:32:03|调试:收到需要组播的回复 10099
2017-05-31 15:32:03|调试:收到需要组播的回复 10099
2017-05-31 15:42:03|调试:收到需要组播的回复 10099
2017-05-31 15:42:03|调试:收到需要组播的回复 10099
2017-05-31 15:42:03|调试:收到需要组播的回复 10099
2017-05-31 15:42:03|调试:收到需要组播的回复 10099
2017-05-31 15:52:03|调试:收到需要组播的回复 10099
2017-05-31 15:52:03|调试:收到需要组播的回复 10099
2017-05-31 15:52:03|调试:收到需要组播的回复 10099
2017-05-31 15:52:03|调试:收到需要组播的回复 10099
2017-05-31 16:02:03|调试:收到需要组播的回复 10099
2017-05-31 16:02:03|调试:收到需要组播的回复 10099
2017-05-31 16:02:03|调试:收到需要组播的回复 10099
2017-05-31 16:02:03|调试:收到需要组播的回复 10099
2017-05-31 16:12:03|调试:收到需要组播的回复 10099
2017-05-31 16:12:03|调试:收到需要组播的回复 10099
2017-05-31 16:12:03|调试:收到需要组播的回复 10099
2017-05-31 16:12:03|调试:收到需要组播的回复 10099
2017-05-31 16:18:50|调试:Session Client Leaved!! -10013
2017-05-31 16:19:16|调试:New Session Client Arrived !!  Key(3VMVP7vuQW5ob2mg98O3y0hx0IxQwH4q)
2017-05-31 16:21:32|调试:LsClient掉线
2017-05-31 16:21:32|调试:LsClient启动重连
2017-05-31 16:21:32|调试:LSCSession::OnClosed(-10013)
2017-05-31 16:21:32|信息:连接验证服务器( 192.168.50.2:10030 )成功
2017-05-31 16:21:32|信息:登录验证服务器( 192.168.50.2:10030 )成功(0)
2017-05-31 16:21:32|信息:上报连接数时间间隔: 30 秒
2017-05-31 16:21:53|调试:Session Client Leaved!! -10013
2017-05-31 16:22:03|调试:收到需要组播的回复 10099
2017-05-31 16:22:03|调试:收到需要组播的回复 10099
2017-05-31 16:22:03|调试:收到需要组播的回复 10099
2017-05-31 16:22:03|调试:收到需要组播的回复 10099
2017-05-31 16:22:13|调试:New Session Client Arrived !!  Key(j83t5K604NZCjhXqAr648x062iMzVRqI)
2017-05-31 16:32:03|调试:收到需要组播的回复 10099
2017-05-31 16:32:03|调试:收到需要组播的回复 10099
2017-05-31 16:32:03|调试:收到需要组播的回复 10099
2017-05-31 16:32:03|调试:收到需要组播的回复 10099
2017-05-31 16:38:33|调试:Session Client Leaved!! -10013
2017-05-31 16:38:33|调试:New Session Client Arrived !!  Key(NTncjzQ7ui2vmd7VUOslSx7hhNorH7iz)
2017-05-31 16:41:51|调试:Session Client Leaved!! -10013
2017-05-31 16:42:03|调试:收到需要组播的回复 10099
2017-05-31 16:42:03|调试:收到需要组播的回复 10099
2017-05-31 16:42:03|调试:收到需要组播的回复 10099
2017-05-31 16:42:03|调试:收到需要组播的回复 10099
2017-05-31 16:51:25|调试:New Session Client Arrived !!  Key(rPOu2N9X65g2FwhiwPhiymf2qc4q51Rh)
2017-05-31 16:52:03|调试:收到需要组播的回复 10099
2017-05-31 16:52:03|调试:收到需要组播的回复 10099
