2017-12-04 14:14:42|信息:连接验证服务器( 192.168.50.2:10030 )成功
2017-12-04 14:14:42|信息:登录验证服务器( 192.168.50.2:10030 )成功(0)
2017-12-04 14:14:42|信息:上报连接数时间间隔: 30 秒
2017-12-04 14:14:42|信息:登录网关服务器( 192.168.50.2:10020 )成功
2017-12-04 14:14:42|信息:初始化LinkServer成功
2017-12-04 14:14:43|信息:Link服务器状态: 开启
2017-12-04 14:14:43|信息:LinkServer( 192.168.50.2:9528 )启动成功
2017-12-04 14:14:47|调试:收到需要组播的回复 10099
2017-12-04 14:14:47|调试:收到需要组播的回复 10099
2017-12-04 14:14:47|调试:收到需要组播的回复 10099
2017-12-04 14:14:47|调试:收到需要组播的回复 10099
2017-12-04 14:18:21|调试:验证服务器获取验证Token为QDeVT79r1F0vzW2HsR1uTA3V4wNo17uA
2017-12-04 14:18:21|调试:New Session Client Arrived !!  Key(QDeVT79r1F0vzW2HsR1uTA3V4wNo17uA)
2017-12-04 14:18:21|调试:User[30933] 登陆
2017-12-04 14:18:21|信息:User[30933] login OK!
2017-12-04 14:18:21|调试:回复命令(20000)错误码(0)
2017-12-04 14:18:22|调试:收到回复 10000
2017-12-04 14:18:26|调试:30933进入角色126732690
2017-12-04 14:18:26|调试:收到回复 10001
2017-12-04 14:19:42|调试:Session Client Leaved!! -10013
2017-12-04 14:19:42|信息:User[30933] session closed!
2017-12-04 14:19:42|调试:准备注销用户(30933)
2017-12-04 14:19:42|信息:User[30933] logout OK!
2017-12-04 14:19:42|调试:30933退出角色
2017-12-04 14:19:42|调试:30933退出角色
2017-12-04 14:24:47|调试:收到需要组播的回复 10099
2017-12-04 14:24:47|调试:收到需要组播的回复 10099
2017-12-04 14:24:47|调试:收到需要组播的回复 10099
2017-12-04 14:24:47|调试:收到需要组播的回复 10099
2017-12-04 14:34:47|调试:收到需要组播的回复 10099
2017-12-04 14:34:47|调试:收到需要组播的回复 10099
2017-12-04 14:34:47|调试:收到需要组播的回复 10099
2017-12-04 14:34:47|调试:收到需要组播的回复 10099
2017-12-04 14:38:07|调试:验证服务器获取验证Token为QDeVT79r1F0vzW2HsR1uTA3V4wNo17uA
2017-12-04 14:38:07|调试:New Session Client Arrived !!  Key(p91rx0Q9O2MGLwfQ34eRkz3QTkvG6BWD)
2017-12-04 14:38:07|调试:User[30933] 登陆
2017-12-04 14:38:07|信息:User[30933] login OK!
2017-12-04 14:38:07|调试:回复命令(20000)错误码(0)
2017-12-04 14:38:07|调试:收到回复 10000
2017-12-04 14:38:10|调试:30933进入角色126732690
2017-12-04 14:38:10|调试:收到回复 10001
2017-12-04 14:38:18|调试:Session Client Leaved!! -10013
2017-12-04 14:38:18|信息:User[30933] session closed!
2017-12-04 14:38:18|调试:准备注销用户(30933)
2017-12-04 14:38:18|信息:User[30933] logout OK!
2017-12-04 14:38:18|调试:30933退出角色
2017-12-04 14:38:18|调试:30933退出角色
2017-12-04 14:38:35|调试:验证服务器获取验证Token为QDeVT79r1F0vzW2HsR1uTA3V4wNo17uA
2017-12-04 14:38:35|调试:New Session Client Arrived !!  Key(BQQDlaL463443PD5cy247Y3SCsatRp6U)
2017-12-04 14:38:35|调试:User[30933] 登陆
2017-12-04 14:38:35|信息:User[30933] login OK!
2017-12-04 14:38:35|调试:回复命令(20000)错误码(0)
2017-12-04 14:38:36|调试:收到回复 10000
2017-12-04 14:38:39|调试:30933进入角色126732690
2017-12-04 14:38:39|调试:收到回复 10001
2017-12-04 14:39:02|调试:Session Client Leaved!! -10013
2017-12-04 14:39:02|信息:User[30933] session closed!
2017-12-04 14:39:02|调试:准备注销用户(30933)
2017-12-04 14:39:02|信息:User[30933] logout OK!
2017-12-04 14:39:03|调试:30933退出角色
2017-12-04 14:39:03|调试:30933退出角色
2017-12-04 14:40:12|调试:验证服务器获取验证Token为QDeVT79r1F0vzW2HsR1uTA3V4wNo17uA
2017-12-04 14:40:12|调试:New Session Client Arrived !!  Key(2ER1z66av6x2983ZLCFK8ax9D69edfHr)
2017-12-04 14:40:12|调试:User[30933] 登陆
2017-12-04 14:40:12|信息:User[30933] login OK!
2017-12-04 14:40:12|调试:回复命令(20000)错误码(0)
2017-12-04 14:40:12|调试:收到回复 10000
2017-12-04 14:40:16|调试:30933进入角色126732690
2017-12-04 14:40:16|调试:收到回复 10001
2017-12-04 14:40:44|调试:Session Client Leaved!! -10013
2017-12-04 14:40:44|信息:User[30933] session closed!
2017-12-04 14:40:44|调试:准备注销用户(30933)
2017-12-04 14:40:44|信息:User[30933] logout OK!
2017-12-04 14:40:44|调试:30933退出角色
2017-12-04 14:40:44|调试:30933退出角色
2017-12-04 14:41:54|调试:验证服务器获取验证Token为QDeVT79r1F0vzW2HsR1uTA3V4wNo17uA
2017-12-04 14:41:54|调试:New Session Client Arrived !!  Key(6ivLu9SCWO95KE7tv49N7cbCpWJz87yc)
2017-12-04 14:41:54|调试:User[30933] 登陆
2017-12-04 14:41:54|信息:User[30933] login OK!
2017-12-04 14:41:54|调试:回复命令(20000)错误码(0)
2017-12-04 14:41:54|调试:收到回复 10000
2017-12-04 14:41:58|调试:30933进入角色126732690
2017-12-04 14:41:58|调试:收到回复 10001
2017-12-04 14:42:23|调试:Session Client Leaved!! -10013
2017-12-04 14:42:23|信息:User[30933] session closed!
2017-12-04 14:42:23|调试:准备注销用户(30933)
2017-12-04 14:42:23|信息:User[30933] logout OK!
2017-12-04 14:42:23|调试:30933退出角色
2017-12-04 14:42:23|调试:30933退出角色
2017-12-04 14:43:42|调试:验证服务器获取验证Token为QDeVT79r1F0vzW2HsR1uTA3V4wNo17uA
2017-12-04 14:43:42|调试:New Session Client Arrived !!  Key(EiwBUCRIQKUMV2y1F0F1KXPQaXxaw9B0)
2017-12-04 14:43:42|调试:User[30933] 登陆
2017-12-04 14:43:42|信息:User[30933] login OK!
2017-12-04 14:43:42|调试:回复命令(20000)错误码(0)
2017-12-04 14:43:42|调试:收到回复 10000
2017-12-04 14:43:46|调试:30933进入角色126732690
2017-12-04 14:43:46|调试:收到回复 10001
2017-12-04 14:44:06|调试:Session Client Leaved!! -10013
2017-12-04 14:44:06|信息:User[30933] session closed!
2017-12-04 14:44:06|调试:准备注销用户(30933)
2017-12-04 14:44:06|信息:User[30933] logout OK!
2017-12-04 14:44:06|调试:30933退出角色
2017-12-04 14:44:06|调试:30933退出角色
2017-12-04 14:44:47|调试:收到需要组播的回复 10099
2017-12-04 14:44:47|调试:收到需要组播的回复 10099
2017-12-04 14:44:47|调试:收到需要组播的回复 10099
2017-12-04 14:44:47|调试:收到需要组播的回复 10099
2017-12-04 14:44:58|调试:验证服务器获取验证Token为QDeVT79r1F0vzW2HsR1uTA3V4wNo17uA
2017-12-04 14:44:58|调试:New Session Client Arrived !!  Key(3Z5PvV4OTfSTmapGRhpL4N9dABuC90EY)
2017-12-04 14:44:58|调试:User[30933] 登陆
2017-12-04 14:44:58|信息:User[30933] login OK!
2017-12-04 14:44:58|调试:回复命令(20000)错误码(0)
2017-12-04 14:44:59|调试:收到回复 10000
2017-12-04 14:45:02|调试:30933进入角色126732690
2017-12-04 14:45:02|调试:收到回复 10001
2017-12-04 14:46:35|调试:Session Client Leaved!! -10013
2017-12-04 14:46:35|信息:User[30933] session closed!
2017-12-04 14:46:35|调试:准备注销用户(30933)
2017-12-04 14:46:35|信息:User[30933] logout OK!
2017-12-04 14:46:35|调试:30933退出角色
2017-12-04 14:46:35|调试:30933退出角色
2017-12-04 14:47:43|调试:验证服务器获取验证Token为QDeVT79r1F0vzW2HsR1uTA3V4wNo17uA
2017-12-04 14:47:43|调试:New Session Client Arrived !!  Key(ag6gu3D75u605s9Qj7K0ZZf6x0F1Ug9f)
2017-12-04 14:47:43|调试:User[30933] 登陆
2017-12-04 14:47:43|信息:User[30933] login OK!
2017-12-04 14:47:43|调试:回复命令(20000)错误码(0)
2017-12-04 14:47:43|调试:收到回复 10000
2017-12-04 14:47:47|调试:30933进入角色126732690
2017-12-04 14:47:47|调试:收到回复 10001
2017-12-04 14:48:15|调试:Session Client Leaved!! -10013
2017-12-04 14:48:15|信息:User[30933] session closed!
2017-12-04 14:48:15|调试:准备注销用户(30933)
2017-12-04 14:48:15|信息:User[30933] logout OK!
2017-12-04 14:48:16|调试:30933退出角色
2017-12-04 14:48:16|调试:30933退出角色
2017-12-04 14:50:15|调试:验证服务器获取验证Token为QDeVT79r1F0vzW2HsR1uTA3V4wNo17uA
2017-12-04 14:50:15|调试:New Session Client Arrived !!  Key(TYlyeovF1cXyqkreGiMAcN8mw3HT5q45)
2017-12-04 14:50:15|调试:User[30933] 登陆
2017-12-04 14:50:15|信息:User[30933] login OK!
2017-12-04 14:50:15|调试:回复命令(20000)错误码(0)
2017-12-04 14:50:15|调试:收到回复 10000
2017-12-04 14:50:18|调试:30933进入角色126732690
2017-12-04 14:50:18|调试:收到回复 10001
2017-12-04 14:50:50|调试:Session Client Leaved!! -10013
2017-12-04 14:50:50|信息:User[30933] session closed!
2017-12-04 14:50:50|调试:准备注销用户(30933)
2017-12-04 14:50:50|信息:User[30933] logout OK!
2017-12-04 14:50:50|调试:30933退出角色
2017-12-04 14:50:50|调试:30933退出角色
2017-12-04 14:54:47|调试:收到需要组播的回复 10099
2017-12-04 14:54:47|调试:收到需要组播的回复 10099
2017-12-04 14:54:47|调试:收到需要组播的回复 10099
2017-12-04 14:54:47|调试:收到需要组播的回复 10099
2017-12-04 14:56:18|调试:验证服务器获取验证Token为QDeVT79r1F0vzW2HsR1uTA3V4wNo17uA
2017-12-04 14:56:18|调试:New Session Client Arrived !!  Key(L7c057R05Jz73h86vDLNrsAQnFWI02ci)
2017-12-04 14:56:18|调试:User[30933] 登陆
2017-12-04 14:56:18|信息:User[30933] login OK!
2017-12-04 14:56:18|调试:回复命令(20000)错误码(0)
2017-12-04 14:56:18|调试:收到回复 10000
2017-12-04 14:56:22|调试:30933进入角色126732690
2017-12-04 14:56:22|调试:收到回复 10001
2017-12-04 14:56:43|调试:Session Client Leaved!! -10013
2017-12-04 14:56:43|信息:User[30933] session closed!
2017-12-04 14:56:43|调试:准备注销用户(30933)
2017-12-04 14:56:43|信息:User[30933] logout OK!
2017-12-04 14:56:43|调试:30933退出角色
2017-12-04 14:56:43|调试:30933退出角色
2017-12-04 14:57:45|调试:验证服务器获取验证Token为QDeVT79r1F0vzW2HsR1uTA3V4wNo17uA
2017-12-04 14:57:45|调试:New Session Client Arrived !!  Key(4nLxdXSIG5ZPVy6W7S2zf7to9t92JRTZ)
2017-12-04 14:57:46|调试:User[30933] 登陆
2017-12-04 14:57:46|信息:User[30933] login OK!
2017-12-04 14:57:46|调试:回复命令(20000)错误码(0)
2017-12-04 14:57:46|调试:收到回复 10000
2017-12-04 14:57:49|调试:30933进入角色126732690
2017-12-04 14:57:49|调试:收到回复 10001
2017-12-04 14:58:47|调试:Session Client Leaved!! -10013
2017-12-04 14:58:47|信息:User[30933] session closed!
2017-12-04 14:58:47|调试:准备注销用户(30933)
2017-12-04 14:58:47|信息:User[30933] logout OK!
2017-12-04 14:58:48|调试:30933退出角色
2017-12-04 14:58:48|调试:30933退出角色
2017-12-04 14:59:30|调试:验证服务器获取验证Token为QDeVT79r1F0vzW2HsR1uTA3V4wNo17uA
2017-12-04 14:59:30|调试:New Session Client Arrived !!  Key(X5K94mcq4WTA9BGf7IHJ2sPm0wI3XKmL)
2017-12-04 14:59:30|调试:User[30933] 登陆
2017-12-04 14:59:30|信息:User[30933] login OK!
2017-12-04 14:59:30|调试:回复命令(20000)错误码(0)
2017-12-04 14:59:31|调试:收到回复 10000
2017-12-04 14:59:33|调试:30933进入角色126732690
2017-12-04 14:59:33|调试:收到回复 10001
2017-12-04 15:00:20|调试:Session Client Leaved!! -10013
2017-12-04 15:00:20|信息:User[30933] session closed!
2017-12-04 15:00:20|调试:准备注销用户(30933)
2017-12-04 15:00:20|信息:User[30933] logout OK!
2017-12-04 15:00:20|调试:30933退出角色
2017-12-04 15:00:20|调试:30933退出角色
2017-12-04 15:02:07|调试:验证服务器获取验证Token为QDeVT79r1F0vzW2HsR1uTA3V4wNo17uA
2017-12-04 15:02:07|调试:New Session Client Arrived !!  Key(T5yj0l3E0xbYgnWfau6f7PwSVJSQXJNk)
2017-12-04 15:02:07|调试:User[30933] 登陆
2017-12-04 15:02:07|信息:User[30933] login OK!
2017-12-04 15:02:07|调试:回复命令(20000)错误码(0)
2017-12-04 15:02:07|调试:收到回复 10000
2017-12-04 15:02:10|调试:30933进入角色126732690
2017-12-04 15:02:10|调试:收到回复 10001
2017-12-04 15:02:30|调试:验证服务器获取验证Token为U57lelpAVyIPOUEvaM4viNJxsv42xB46
2017-12-04 15:02:30|调试:New Session Client Arrived !!  Key(U57lelpAVyIPOUEvaM4viNJxsv42xB46)
2017-12-04 15:02:30|调试:User[28409] 登陆
2017-12-04 15:02:30|信息:User[28409] login OK!
2017-12-04 15:02:30|调试:回复命令(20000)错误码(0)
2017-12-04 15:02:31|调试:收到回复 10000
2017-12-04 15:02:34|调试:28409进入角色116932180
2017-12-04 15:02:34|调试:收到回复 10001
2017-12-04 15:03:14|调试:Session Client Leaved!! -10013
2017-12-04 15:03:14|信息:User[30933] session closed!
2017-12-04 15:03:14|调试:准备注销用户(30933)
2017-12-04 15:03:14|信息:User[30933] logout OK!
2017-12-04 15:03:14|调试:30933退出角色
2017-12-04 15:03:14|调试:30933退出角色
2017-12-04 15:04:47|调试:收到需要组播的回复 10099
2017-12-04 15:04:47|调试:收到需要组播的回复 10099
2017-12-04 15:04:47|调试:收到需要组播的回复 10099
2017-12-04 15:04:47|调试:收到需要组播的回复 10099
2017-12-04 15:14:47|调试:收到需要组播的回复 10099
2017-12-04 15:14:47|调试:收到需要组播的回复 10099
2017-12-04 15:14:47|调试:收到需要组播的回复 10099
2017-12-04 15:14:47|调试:收到需要组播的回复 10099
2017-12-04 15:24:47|调试:收到需要组播的回复 10099
2017-12-04 15:24:47|调试:收到需要组播的回复 10099
2017-12-04 15:24:47|调试:收到需要组播的回复 10099
2017-12-04 15:24:47|调试:收到需要组播的回复 10099
2017-12-04 15:34:47|调试:收到需要组播的回复 10099
2017-12-04 15:34:47|调试:收到需要组播的回复 10099
2017-12-04 15:34:47|调试:收到需要组播的回复 10099
2017-12-04 15:34:47|调试:收到需要组播的回复 10099
2017-12-04 15:42:29|调试:Session Client Leaved!! -10013
2017-12-04 15:42:29|信息:User[28409] session closed!
2017-12-04 15:42:29|调试:准备注销用户(28409)
2017-12-04 15:42:29|信息:User[28409] logout OK!
2017-12-04 15:42:29|调试:28409退出角色
2017-12-04 15:42:29|调试:28409退出角色
2017-12-04 15:42:49|调试:验证服务器获取验证Token为U57lelpAVyIPOUEvaM4viNJxsv42xB46
2017-12-04 15:42:49|调试:New Session Client Arrived !!  Key(RbrTcN7MVyhWL29Rv7764Tf2m84oIg5Z)
2017-12-04 15:42:49|调试:User[28409] 登陆
2017-12-04 15:42:49|信息:User[28409] login OK!
2017-12-04 15:42:49|调试:回复命令(20000)错误码(0)
2017-12-04 15:42:49|调试:收到回复 10000
2017-12-04 15:42:52|调试:28409进入角色116932180
2017-12-04 15:42:52|调试:收到回复 10001
2017-12-04 15:43:07|调试:验证服务器获取验证Token为QDeVT79r1F0vzW2HsR1uTA3V4wNo17uA
2017-12-04 15:43:08|调试:New Session Client Arrived !!  Key(1mHf1s6N4s7RsupbY16WeK5VYxGn01Bg)
2017-12-04 15:43:08|调试:User[30933] 登陆
2017-12-04 15:43:08|信息:User[30933] login OK!
2017-12-04 15:43:08|调试:回复命令(20000)错误码(0)
2017-12-04 15:43:08|调试:收到回复 10000
2017-12-04 15:43:11|调试:30933进入角色126732690
2017-12-04 15:43:11|调试:收到回复 10001
2017-12-04 15:43:34|调试:Session Client Leaved!! -10013
2017-12-04 15:43:34|信息:User[30933] session closed!
2017-12-04 15:43:34|调试:准备注销用户(30933)
2017-12-04 15:43:34|信息:User[30933] logout OK!
2017-12-04 15:43:34|调试:30933退出角色
2017-12-04 15:43:34|调试:30933退出角色
2017-12-04 15:44:47|调试:收到需要组播的回复 10099
2017-12-04 15:44:47|调试:收到需要组播的回复 10099
2017-12-04 15:44:47|调试:收到需要组播的回复 10099
2017-12-04 15:44:47|调试:收到需要组播的回复 10099
2017-12-04 15:44:55|调试:Session Client Leaved!! -10013
2017-12-04 15:44:55|信息:User[28409] session closed!
2017-12-04 15:44:55|调试:准备注销用户(28409)
2017-12-04 15:44:55|信息:User[28409] logout OK!
2017-12-04 15:44:55|调试:28409退出角色
2017-12-04 15:44:55|调试:28409退出角色
2017-12-04 15:50:49|调试:验证服务器获取验证Token为U57lelpAVyIPOUEvaM4viNJxsv42xB46
2017-12-04 15:50:49|调试:New Session Client Arrived !!  Key(803Aak8dSj55Sz641RraPjtjSr80Uc0i)
2017-12-04 15:50:49|调试:User[28409] 登陆
2017-12-04 15:50:49|信息:User[28409] login OK!
2017-12-04 15:50:49|调试:回复命令(20000)错误码(0)
2017-12-04 15:50:50|调试:收到回复 10000
2017-12-04 15:50:52|调试:28409进入角色116932180
2017-12-04 15:50:52|调试:收到回复 10001
2017-12-04 15:51:02|调试:Session Client Leaved!! -10013
2017-12-04 15:51:02|信息:User[28409] session closed!
2017-12-04 15:51:02|调试:准备注销用户(28409)
2017-12-04 15:51:02|信息:User[28409] logout OK!
2017-12-04 15:51:02|调试:28409退出角色
2017-12-04 15:51:02|调试:28409退出角色
2017-12-04 15:51:20|调试:验证服务器获取验证Token为U57lelpAVyIPOUEvaM4viNJxsv42xB46
2017-12-04 15:51:20|调试:New Session Client Arrived !!  Key(nJGSmXWos621u1htTx12Q3RCJq2lg1GA)
2017-12-04 15:51:20|调试:User[28409] 登陆
2017-12-04 15:51:20|信息:User[28409] login OK!
2017-12-04 15:51:20|调试:回复命令(20000)错误码(0)
2017-12-04 15:51:21|调试:收到回复 10000
2017-12-04 15:51:26|调试:28409进入角色116932180
2017-12-04 15:51:26|调试:收到回复 10001
2017-12-04 15:51:52|调试:验证服务器获取验证Token为gRx1ldqnJP22F5TtbLz58t5cdebkBAOD
2017-12-04 15:51:52|调试:New Session Client Arrived !!  Key(gRx1ldqnJP22F5TtbLz58t5cdebkBAOD)
2017-12-04 15:51:52|调试:User[27377] 登陆
2017-12-04 15:51:52|信息:User[27377] login OK!
2017-12-04 15:51:52|调试:回复命令(20000)错误码(0)
2017-12-04 15:51:54|调试:收到回复 10000
2017-12-04 15:51:57|调试:27377进入角色1880
2017-12-04 15:51:57|调试:收到回复 10001
2017-12-04 15:54:47|调试:收到需要组播的回复 10099
2017-12-04 15:54:47|调试:收到需要组播的回复 10099
2017-12-04 15:54:47|调试:收到需要组播的回复 10099
2017-12-04 15:54:47|调试:收到需要组播的回复 10099
2017-12-04 15:56:03|调试:Session Client Leaved!! -10013
2017-12-04 15:56:03|信息:User[27377] session closed!
2017-12-04 15:56:03|调试:准备注销用户(27377)
2017-12-04 15:56:03|信息:User[27377] logout OK!
2017-12-04 15:56:03|调试:27377退出角色
2017-12-04 15:56:03|调试:27377退出角色
2017-12-04 15:56:09|调试:Session Client Leaved!! -10013
2017-12-04 15:56:09|信息:User[28409] session closed!
2017-12-04 15:56:09|调试:准备注销用户(28409)
2017-12-04 15:56:09|信息:User[28409] logout OK!
2017-12-04 15:56:09|调试:28409退出角色
2017-12-04 15:56:09|调试:28409退出角色
2017-12-04 16:04:47|调试:收到需要组播的回复 10099
2017-12-04 16:04:47|调试:收到需要组播的回复 10099
2017-12-04 16:04:47|调试:收到需要组播的回复 10099
2017-12-04 16:04:47|调试:收到需要组播的回复 10099
2017-12-04 16:14:47|调试:收到需要组播的回复 10099
2017-12-04 16:14:47|调试:收到需要组播的回复 10099
2017-12-04 16:14:47|调试:收到需要组播的回复 10099
2017-12-04 16:14:47|调试:收到需要组播的回复 10099
2017-12-04 16:24:47|调试:收到需要组播的回复 10099
2017-12-04 16:24:47|调试:收到需要组播的回复 10099
2017-12-04 16:24:47|调试:收到需要组播的回复 10099
2017-12-04 16:24:47|调试:收到需要组播的回复 10099
2017-12-04 16:34:47|调试:收到需要组播的回复 10099
2017-12-04 16:34:47|调试:收到需要组播的回复 10099
2017-12-04 16:34:47|调试:收到需要组播的回复 10099
2017-12-04 16:34:47|调试:收到需要组播的回复 10099
2017-12-04 16:44:47|调试:收到需要组播的回复 10099
2017-12-04 16:44:47|调试:收到需要组播的回复 10099
2017-12-04 16:44:47|调试:收到需要组播的回复 10099
2017-12-04 16:44:47|调试:收到需要组播的回复 10099
2017-12-04 16:54:47|调试:收到需要组播的回复 10099
2017-12-04 16:54:47|调试:收到需要组播的回复 10099
2017-12-04 16:54:47|调试:收到需要组播的回复 10099
2017-12-04 16:54:47|调试:收到需要组播的回复 10099
2017-12-04 17:04:47|调试:收到需要组播的回复 10099
2017-12-04 17:04:47|调试:收到需要组播的回复 10099
2017-12-04 17:04:47|调试:收到需要组播的回复 10099
2017-12-04 17:04:47|调试:收到需要组播的回复 10099
2017-12-04 17:14:47|调试:收到需要组播的回复 10099
2017-12-04 17:14:47|调试:收到需要组播的回复 10099
2017-12-04 17:14:47|调试:收到需要组播的回复 10099
2017-12-04 17:14:47|调试:收到需要组播的回复 10099
2017-12-04 17:24:47|调试:收到需要组播的回复 10099
2017-12-04 17:24:47|调试:收到需要组播的回复 10099
2017-12-04 17:24:47|调试:收到需要组播的回复 10099
2017-12-05 09:36:41|信息:连接验证服务器( 192.168.50.2:10030 )成功
2017-12-05 09:36:41|信息:登录验证服务器( 192.168.50.2:10030 )成功(0)
2017-12-05 09:36:41|信息:上报连接数时间间隔: 30 秒
2017-12-05 09:36:41|信息:登录网关服务器( 192.168.50.2:10020 )成功
2017-12-05 09:36:41|信息:初始化LinkServer成功
2017-12-05 09:36:41|信息:Link服务器状态: 开启
2017-12-05 09:36:41|信息:LinkServer( 192.168.50.2:9528 )启动成功
2017-12-05 09:36:46|调试:收到需要组播的回复 10099
2017-12-05 09:36:46|调试:收到需要组播的回复 10099
2017-12-05 09:36:46|调试:收到需要组播的回复 10099
2017-12-05 09:36:46|调试:收到需要组播的回复 10099
2017-12-05 09:38:26|调试:验证服务器获取验证Token为uwR8nanK7hRyMH64Gm3JAa75PW4Od716
2017-12-05 09:38:26|调试:New Session Client Arrived !!  Key(uwR8nanK7hRyMH64Gm3JAa75PW4Od716)
2017-12-05 09:38:26|调试:User[28409] 登陆
2017-12-05 09:38:26|信息:User[28409] login OK!
2017-12-05 09:38:26|调试:回复命令(20000)错误码(0)
2017-12-05 09:38:27|调试:收到回复 10000
2017-12-05 09:38:31|调试:28409进入角色116932180
2017-12-05 09:38:31|调试:收到回复 10001
2017-12-05 09:39:02|调试:验证服务器获取验证Token为7H1m2z2DJ9p2YFSR43d63wKMs9fRRIBi
2017-12-05 09:39:02|调试:New Session Client Arrived !!  Key(7H1m2z2DJ9p2YFSR43d63wKMs9fRRIBi)
2017-12-05 09:39:02|调试:User[27377] 登陆
2017-12-05 09:39:02|信息:User[27377] login OK!
2017-12-05 09:39:02|调试:回复命令(20000)错误码(0)
2017-12-05 09:39:03|调试:收到回复 10000
2017-12-05 09:39:06|调试:27377进入角色1880
2017-12-05 09:39:06|调试:收到回复 10001
2017-12-05 09:42:33|调试:Session Client Leaved!! -10013
2017-12-05 09:42:33|信息:User[27377] session closed!
2017-12-05 09:42:33|调试:准备注销用户(27377)
2017-12-05 09:42:33|信息:User[27377] logout OK!
2017-12-05 09:42:34|调试:27377退出角色
