e:\cyaserver\servicemodule\licenceserver\debug\vc120.pdb
e:\cyaserver\servicemodule\licenceserver\debug\vc120.idb
e:\cyaserver\servicemodule\licenceserver\debug\configfileman.obj
e:\cyaserver\servicemodule\licenceserver\debug\dbsclient.obj
e:\cyaserver\servicemodule\licenceserver\debug\dbsclientman.obj
e:\cyaserver\servicemodule\licenceserver\debug\extservelogicman.obj
e:\cyaserver\servicemodule\licenceserver\debug\licencecommon.obj
e:\cyaserver\servicemodule\licenceserver\debug\licencelogicprocman.obj
e:\cyaserver\servicemodule\licenceserver\debug\licenceserveman.obj
e:\cyaserver\servicemodule\licenceserver\debug\licencesession.obj
e:\cyaserver\servicemodule\licenceserver\debug\main.obj
e:\cyaserver\servicemodule\licenceserver\debug\partitioninfoman.obj
e:\cyaserver\servicemodule\licenceserver\debug\userinfoman.obj
e:\cyaserver\debug\licenceserver.ilk
e:\cyaserver\debug\licenceserver.exe
e:\cyaserver\debug\licenceserver.pdb
e:\cyaserver\servicemodule\licenceserver\debug\licenceserver.tlog\cl.command.1.tlog
e:\cyaserver\servicemodule\licenceserver\debug\licenceserver.tlog\cl.read.1.tlog
e:\cyaserver\servicemodule\licenceserver\debug\licenceserver.tlog\cl.write.1.tlog
e:\cyaserver\servicemodule\licenceserver\debug\licenceserver.tlog\link.command.1.tlog
e:\cyaserver\servicemodule\licenceserver\debug\licenceserver.tlog\link.read.1.tlog
e:\cyaserver\servicemodule\licenceserver\debug\licenceserver.tlog\link.write.1.tlog
