e:\cyaserver\cyapub\cyalib\debug\vc120.pdb
e:\cyaserver\cyapub\cyalib\debug\vc120.idb
e:\cyaserver\cyapub\cyalib\debug\cyaifcfg.obj
e:\cyaserver\cyapub\cyalib\debug\cyaipcvt.obj
e:\cyaserver\cyapub\cyalib\debug\cyamempool.obj
e:\cyaserver\cyapub\cyalib\debug\cyaos_opt.obj
e:\cyaserver\cyapub\cyalib\debug\cyapc_com.obj
e:\cyaserver\cyapub\cyalib\debug\cyaping.obj
e:\cyaserver\cyapub\cyalib\debug\cyaprocess.obj
e:\cyaserver\cyapub\cyalib\debug\cyastrcodec.obj
e:\cyaserver\cyapub\cyalib\debug\cyastrdk.obj
e:\cyaserver\cyapub\cyalib\debug\cyataskpool.obj
e:\cyaserver\cyapub\cyalib\debug\mappingfile.obj
e:\cyaserver\cyapub\cyalib\debug\moduleinfo.obj
e:\cyaserver\cyapub\cyalib\debug\natchecker.obj
e:\cyaserver\cyapub\cyalib\debug\performance.obj
e:\cyaserver\cyapub\cyalib\debug\ssmempool.obj
e:\cyaserver\cyapub\cyalib\debug\stringhash.obj
e:\cyaserver\cyapub\cyalib\debug\stunserve.obj
e:\cyaserver\cyapub\cyalib\debug\win_dll_inject.obj
e:\cyaserver\cyapub\cyalib\debug\win_regedit.obj
e:\cyaserver\cyapub\cyalib\debug\win_service.obj
e:\cyaserver\cyapub\cyalib\debug\cyaatomic.obj
e:\cyaserver\cyapub\cyalib\debug\cyafdk.obj
e:\cyaserver\debug\cyalib.lib
e:\cyaserver\cyapub\cyalib\debug\cyalib.tlog\cl.command.1.tlog
e:\cyaserver\cyapub\cyalib\debug\cyalib.tlog\cl.read.1.tlog
e:\cyaserver\cyapub\cyalib\debug\cyalib.tlog\cl.write.1.tlog
e:\cyaserver\cyapub\cyalib\debug\cyalib.tlog\lib-link.read.1.tlog
e:\cyaserver\cyapub\cyalib\debug\cyalib.tlog\lib-link.write.1.tlog
e:\cyaserver\cyapub\cyalib\debug\cyalib.tlog\lib.command.1.tlog
