生成启动时间为 2017/5/11 10:18:31。
     1>项目“E:\cyaServer\cyaPub\extra\libiconv\libiconv.vcxproj”在节点 3 上(Rebuild 个目标)。
     1>ClCompile:
         D:\VS2013\VC\bin\CL.exe /c /I./include /I./lib /ZI /nologo /W3 /WX- /Od /Oy- /D WIN32 /D _DEBUG /D _LIB /D _MBCS /Gm /EHsc /RTC1 /MDd /GS /fp:precise /Zc:wchar_t /Zc:forScope /Fo"Debug\\" /Fd"Debug\vc120.pdb" /Gd /TP /analyze- /errorReport:prompt source\gb_utf8.cpp
         gb_utf8.cpp
         D:\VS2013\VC\bin\CL.exe /c /I./include /I./lib /ZI /nologo /W3 /WX- /Od /Oy- /D WIN32 /D _DEBUG /D _LIB /D _MBCS /Gm /EHsc /RTC1 /MDd /GS /fp:precise /Zc:wchar_t /Zc:forScope /Fo"Debug\\" /Fd"Debug\vc120.pdb" /Gd /TC /analyze- /errorReport:prompt source\iconv.c source\localcharset.c source\rolecatable.c
         rolecatable.c
         localcharset.c
     1>e:\cyaserver\cyapub\extra\libiconv\source\localcharset.c(468): warning C4996: 'sprintf': This function or variable may be unsafe. Consider using sprintf_s instead. To disable deprecation, use _CRT_SECURE_NO_WARNINGS. See online help for details.
                 d:\vs2013\vc\include\stdio.h(356) : 参见“sprintf”的声明
         iconv.c
     1>e:\cyaserver\cyapub\extra\libiconv\lib\utf7.h(162): warning C4018: “<”: 有符号/无符号不匹配
     1>e:\cyaserver\cyapub\extra\libiconv\lib\utf7.h(331): warning C4018: “<”: 有符号/无符号不匹配
     1>e:\cyaserver\cyapub\extra\libiconv\lib\hz.h(39): warning C4018: “<”: 有符号/无符号不匹配
     1>e:\cyaserver\cyapub\extra\libiconv\lib\hz.h(51): warning C4018: “<”: 有符号/无符号不匹配
     1>e:\cyaserver\cyapub\extra\libiconv\lib\hz.h(57): warning C4018: “<”: 有符号/无符号不匹配
     1>e:\cyaserver\cyapub\extra\libiconv\lib\hz.h(65): warning C4018: “<”: 有符号/无符号不匹配
     1>e:\cyaserver\cyapub\extra\libiconv\lib\hz.h(80): warning C4018: “<”: 有符号/无符号不匹配
     1>e:\cyaserver\cyapub\extra\libiconv\lib\loop_unicode.h(47): warning C4018: “<=”: 有符号/无符号不匹配
     1>e:\cyaserver\cyapub\extra\libiconv\lib\loop_unicode.h(91): warning C4018: “<=”: 有符号/无符号不匹配
     1>e:\cyaserver\cyapub\extra\libiconv\lib\loop_unicode.h(142): warning C4018: “<=”: 有符号/无符号不匹配
     1>e:\cyaserver\cyapub\extra\libiconv\lib\loop_unicode.h(258): warning C4018: “<=”: 有符号/无符号不匹配
     1>e:\cyaserver\cyapub\extra\libiconv\lib\loop_unicode.h(418): warning C4018: “<=”: 有符号/无符号不匹配
     1>e:\cyaserver\cyapub\extra\libiconv\lib\loop_unicode.h(422): warning C4018: “<=”: 有符号/无符号不匹配
     1>e:\cyaserver\cyapub\extra\libiconv\lib\loop_unicode.h(503): warning C4018: “<=”: 有符号/无符号不匹配
     1>e:\cyaserver\cyapub\extra\libiconv\lib\loop_unicode.h(519): warning C4018: “<=”: 有符号/无符号不匹配
     1>e:\cyaserver\cyapub\extra\libiconv\lib\loop_wchar.h(40): warning C4273: “mbrtowc”: dll 链接不一致
                 d:\vs2013\vc\include\wchar.h(1225) : 参见“mbrtowc”的前一个定义
     1>e:\cyaserver\cyapub\extra\libiconv\lib\loop_wchar.h(155): warning C4996: 'wcrtomb': This function or variable may be unsafe. Consider using wcrtomb_s instead. To disable deprecation, use _CRT_SECURE_NO_WARNINGS. See online help for details.
                 d:\vs2013\vc\include\wchar.h(1234) : 参见“wcrtomb”的声明
     1>e:\cyaserver\cyapub\extra\libiconv\lib\loop_wchar.h(254): warning C4996: 'wcrtomb': This function or variable may be unsafe. Consider using wcrtomb_s instead. To disable deprecation, use _CRT_SECURE_NO_WARNINGS. See online help for details.
                 d:\vs2013\vc\include\wchar.h(1234) : 参见“wcrtomb”的声明
     1>e:\cyaserver\cyapub\extra\libiconv\source\iconv.c(429): warning C4090: “函数”: 不同的“const”限定符
         正在生成代码...
       Lib:
         D:\VS2013\VC\bin\Lib.exe /OUT:"E:\cyaServer\Debug\libiconv.lib" /NOLOGO Debug\gb_utf8.obj
         Debug\iconv.obj
         Debug\localcharset.obj
         Debug\rolecatable.obj
         libiconv.vcxproj -> E:\cyaServer\Debug\libiconv.lib
     1>已完成生成项目“E:\cyaServer\cyaPub\extra\libiconv\libiconv.vcxproj”(Rebuild 个目标)的操作。

生成成功。

已用时间 00:00:06.50
