2017-05-31 09:57:46|信息:读取配置文件[./cyaGWServer.properties]成功!
2017-05-31 09:57:46|信息:========网关服务器[1.0.0][10020]启动成功!========
2017-05-31 09:57:50|信息:[1:192->LinkServer] Login Ok!
2017-05-31 09:58:03|信息:[1:192->LinkServer] Closed!
2017-05-31 09:58:09|信息:[1:180->LinkServer] Login Ok!
2017-05-31 10:31:27|信息:60秒内未收到[1:180->LinkServer]心跳信息,将其连接断开
2017-05-31 10:33:21|信息:[1:272->LinkServer] Login Ok!
2017-05-31 10:41:08|信息:60秒内未收到[1:272->LinkServer]心跳信息,将其连接断开
2017-05-31 10:41:43|信息:[1:276->LinkServer] Login Ok!
2017-05-31 10:44:48|信息:[5:280->MLogicServer] Login Ok!
2017-05-31 10:44:48|信息:[5:288->MLogicServer] Login Ok!
2017-05-31 10:44:48|信息:[5:320->MLogicServer] Login Ok!
2017-05-31 10:44:48|信息:[5:328->MLogicServer] Login Ok!
2017-05-31 11:39:50|信息:60秒内未收到[1:276->LinkServer]心跳信息,将其连接断开
2017-05-31 11:40:19|信息:[1:276->LinkServer] Login Ok!
2017-05-31 13:42:11|信息:60秒内未收到[1:276->LinkServer]心跳信息,将其连接断开
2017-05-31 13:42:11|信息:60秒内未收到[5:280->MLogicServer]心跳信息,将其连接断开
2017-05-31 13:42:11|信息:60秒内未收到[5:288->MLogicServer]心跳信息,将其连接断开
2017-05-31 13:42:11|信息:60秒内未收到[5:320->MLogicServer]心跳信息,将其连接断开
2017-05-31 13:42:11|信息:60秒内未收到[5:328->MLogicServer]心跳信息,将其连接断开
2017-05-31 13:42:12|信息:[0:0->UnknownServer] Closed!
2017-05-31 13:42:12|信息:[1:288->LinkServer] Login Ok!
2017-05-31 13:42:17|信息:[5:344->MLogicServer] Login Ok!
2017-05-31 13:42:17|信息:[5:364->MLogicServer] Login Ok!
2017-05-31 13:42:17|信息:[5:368->MLogicServer] Login Ok!
2017-05-31 13:42:19|信息:[5:380->MLogicServer] Login Ok!
2017-05-31 14:34:00|信息:[1:288->LinkServer] Closed!
2017-05-31 14:34:44|信息:[1:304->LinkServer] Login Ok!
2017-05-31 16:20:49|信息:60秒内未收到[1:304->LinkServer]心跳信息,将其连接断开
2017-05-31 16:21:30|信息:[1:304->LinkServer] Login Ok!
2017-05-31 16:40:09|信息:[1:304->LinkServer] Closed!
2017-05-31 16:40:10|信息:[1:308->LinkServer] Login Ok!
