2017-11-28 10:35:30|信息:读取配置文件[./cyaGWServer.properties]成功!
2017-11-28 10:35:30|信息:========网关服务器[1.0.0][10020]启动成功!========
2017-11-28 10:35:35|信息:[1:500->LinkServer] Login Ok!
2017-11-28 10:35:40|信息:[5:588->MLogicServer] Login Ok!
2017-11-28 10:35:40|信息:[5:612->MLogicServer] Login Ok!
2017-11-28 10:35:40|信息:[5:620->MLogicServer] Login Ok!
2017-11-28 10:35:40|信息:[5:628->MLogicServer] Login Ok!
2017-11-28 10:35:41|信息:[8:168->ChatServer] Login Ok!
2017-11-28 10:35:41|信息:[8:472->ChatServer] Login Ok!
2017-11-28 10:35:45|信息:[10:408->MauServer] Login Ok!
2017-11-28 10:35:45|信息:[10:476->MauServer] Login Ok!
2017-11-28 10:55:42|信息:[10:408->MauServer] Closed!
2017-11-28 10:55:42|信息:[10:476->MauServer] Closed!
2017-11-28 10:59:20|信息:[8:168->ChatServer] Closed!
2017-11-28 10:59:20|信息:[8:472->ChatServer] Closed!
2017-11-28 10:59:21|信息:[5:612->MLogicServer] Closed!
2017-11-28 10:59:21|信息:[5:588->MLogicServer] Closed!
2017-11-28 10:59:21|信息:[5:620->MLogicServer] Closed!
2017-11-28 10:59:21|信息:[5:628->MLogicServer] Closed!
2017-11-28 10:59:22|信息:[1:500->LinkServer] Closed!
2017-11-28 10:59:41|信息:[1:516->LinkServer] Login Ok!
2017-11-28 10:59:47|信息:[8:304->ChatServer] Login Ok!
2017-11-28 10:59:47|信息:[8:504->ChatServer] Login Ok!
2017-11-28 10:59:48|信息:[5:596->MLogicServer] Login Ok!
2017-11-28 10:59:48|信息:[5:624->MLogicServer] Login Ok!
2017-11-28 10:59:48|信息:[5:632->MLogicServer] Login Ok!
2017-11-28 10:59:48|信息:[5:640->MLogicServer] Login Ok!
2017-11-28 10:59:49|信息:[10:396->MauServer] Login Ok!
2017-11-28 10:59:49|信息:[10:476->MauServer] Login Ok!
2017-11-28 11:00:57|信息:[1:516->LinkServer] Closed!
2017-11-28 11:01:00|信息:[10:396->MauServer] Closed!
2017-11-28 11:01:00|信息:[10:476->MauServer] Closed!
2017-11-28 11:01:01|信息:[8:304->ChatServer] Closed!
2017-11-28 11:01:01|信息:[8:504->ChatServer] Closed!
2017-11-28 11:01:03|信息:[5:596->MLogicServer] Closed!
2017-11-28 11:01:03|信息:[5:624->MLogicServer] Closed!
2017-11-28 11:01:03|信息:[5:632->MLogicServer] Closed!
2017-11-28 11:01:03|信息:[5:640->MLogicServer] Closed!
2017-11-28 11:01:38|信息:[1:496->LinkServer] Login Ok!
2017-11-28 11:01:41|信息:[8:392->ChatServer] Login Ok!
2017-11-28 11:01:41|信息:[8:476->ChatServer] Login Ok!
2017-11-28 11:01:42|信息:[5:600->MLogicServer] Login Ok!
2017-11-28 11:01:42|信息:[5:628->MLogicServer] Login Ok!
2017-11-28 11:01:42|信息:[5:632->MLogicServer] Login Ok!
2017-11-28 11:01:42|信息:[5:492->MLogicServer] Login Ok!
2017-11-28 11:01:43|信息:[10:408->MauServer] Login Ok!
2017-11-28 11:01:43|信息:[10:472->MauServer] Login Ok!
2017-11-28 11:03:00|信息:[10:408->MauServer] Closed!
2017-11-28 11:03:00|信息:[10:472->MauServer] Closed!
2017-11-28 11:03:01|信息:[8:392->ChatServer] Closed!
2017-11-28 11:03:01|信息:[8:476->ChatServer] Closed!
2017-11-28 11:03:02|信息:[5:632->MLogicServer] Closed!
2017-11-28 11:03:02|信息:[5:628->MLogicServer] Closed!
2017-11-28 11:03:02|信息:[5:600->MLogicServer] Closed!
2017-11-28 11:03:02|信息:[5:492->MLogicServer] Closed!
2017-11-28 11:03:03|信息:[1:496->LinkServer] Closed!
2017-11-28 11:08:06|信息:[1:528->LinkServer] Login Ok!
2017-11-28 11:08:08|信息:[8:404->ChatServer] Login Ok!
2017-11-28 11:08:08|信息:[8:476->ChatServer] Login Ok!
2017-11-28 11:08:10|信息:[5:580->MLogicServer] Login Ok!
2017-11-28 11:08:10|信息:[5:612->MLogicServer] Login Ok!
2017-11-28 11:08:10|信息:[5:620->MLogicServer] Login Ok!
2017-11-28 11:08:10|信息:[5:628->MLogicServer] Login Ok!
2017-11-28 11:08:10|信息:[10:392->MauServer] Login Ok!
