e:\cyaserver\servicemodule\gmserver\debug\vc120.pdb
e:\cyaserver\servicemodule\gmserver\debug\vc120.idb
e:\cyaserver\servicemodule\gmserver\debug\gmcfgman.obj
e:\cyaserver\servicemodule\gmserver\debug\gmserveman.obj
e:\cyaserver\servicemodule\gmserver\debug\gmsession.obj
e:\cyaserver\servicemodule\gmserver\debug\main.obj
e:\cyaserver\servicemodule\gmserver\debug\otherserveconnman.obj
e:\cyaserver\servicemodule\gmserver\debug\randwords.obj
e:\cyaserver\servicemodule\gmserver\debug\gmprocessdataman.obj
e:\cyaserver\servicemodule\gmserver\debug\serveconnman.obj
e:\cyaserver\servicemodule\gmserver\debug\stdafx.obj
e:\cyaserver\servicemodule\gmserver\debug\strhahs.obj
e:\cyaserver\servicemodule\gmserver\debug\updatedataman.obj
e:\cyaserver\debug\gmserver.ilk
e:\cyaserver\debug\gmserver.exe
e:\cyaserver\debug\gmserver.pdb
e:\cyaserver\servicemodule\gmserver\debug\gmserver.tlog\cl.command.1.tlog
e:\cyaserver\servicemodule\gmserver\debug\gmserver.tlog\cl.read.1.tlog
e:\cyaserver\servicemodule\gmserver\debug\gmserver.tlog\cl.write.1.tlog
e:\cyaserver\servicemodule\gmserver\debug\gmserver.tlog\link.command.1.tlog
e:\cyaserver\servicemodule\gmserver\debug\gmserver.tlog\link.read.1.tlog
e:\cyaserver\servicemodule\gmserver\debug\gmserver.tlog\link.write.1.tlog
