2017-12-04 14:14:44|信息:读取系统配置文件[./cyaMLServer.properties]成功!
2017-12-04 14:14:44|信息:连接数据服务器[192.168.50.2:9570]成功!
2017-12-04 14:14:44|信息:连接充值数据服务器[192.168.50.2:9570]成功!
2017-12-04 14:14:44|信息:连接代币数据服务器[192.168.50.2:9570]成功!
2017-12-04 14:14:44|信息:载入游戏全局配置成功!
2017-12-04 14:14:44|信息:载入游戏公告配置成功!
2017-12-04 14:14:44|信息:载入游戏章节配置成功!
2017-12-04 14:14:44|信息:载入角色配置成功!
2017-12-04 14:14:44|信息:载入技能配置成功!
2017-12-04 14:14:44|信息:载入游戏落配置成功!
2017-12-04 14:14:44|信息:载入装备合成配置成功!
2017-12-04 14:14:44|信息:载入怪配置成功!
2017-12-04 14:14:46|信息:载入副本配置成功!
2017-12-04 14:14:46|信息:载入单人随机副本配置成功!
2017-12-04 14:14:46|信息:载入任务配置成功!
2017-12-04 14:14:46|信息:载入职业装备配置成功!
2017-12-04 14:14:46|信息:载入装备强化配置成功!
2017-12-04 14:14:46|信息:载入装备升星配置成功!
2017-12-04 14:14:46|信息:载入装备品质配置成功!
2017-12-04 14:14:46|信息:载入宝石配置成功!
2017-12-04 14:14:46|信息:载入材料配置成功!
2017-12-04 14:14:46|信息:载入碎片配置成功!
2017-12-04 14:14:46|信息:载入商城配置成功!
2017-12-04 14:14:46|信息:载入时装配置成功!
2017-12-04 14:14:46|信息:载入充值配置成功!
2017-12-04 14:14:46|信息:载入称号配置成功!
2017-12-04 14:14:46|信息:载入套装配置成功!
2017-12-04 14:14:46|信息:载入复活配置成功!
2017-12-04 14:14:46|信息:载入金币兑换配置成功!
2017-12-04 14:14:46|信息:载入VIP配置成功!
2017-12-04 14:14:46|信息:载入签到配置成功!
2017-12-04 14:14:46|信息:载入活动配置成功!
2017-12-04 14:14:46|信息:载入解锁配置成功!
2017-12-04 14:14:46|信息:载入礼包配置成功!
2017-12-04 14:14:46|信息:载入成就配置成功!
2017-12-04 14:14:46|信息:载入体力兑换配置成功!
2017-12-04 14:14:46|信息:载入每日签到配置成功!
2017-12-04 14:14:46|信息:载入炼魂碎片配置成功!
2017-12-04 14:14:46|信息:载入炼魂系统配置成功!
2017-12-04 14:14:46|信息:载入排行奖励配置成功!
2017-12-04 14:14:46|信息:载入限时活动配置成功!
2017-12-04 14:14:46|信息:载入关卡玩法配置成功!
2017-12-04 14:14:47|信息:载入怪物属性配置成功!
2017-12-04 14:14:47|信息:载入怪物类型配置成功!
2017-12-04 14:14:47|信息:载入装备位属性配置成功!
2017-12-04 14:14:47|信息:载入角色属性配置成功!
2017-12-04 14:14:47|信息:载入活动副本配置成功!
2017-12-04 14:14:47|信息:该分区共有6个角色
2017-12-04 14:14:47|信息:载入0条副本完成排行榜信息!
2017-12-04 14:14:47|信息:登陆网关服务器[192.168.50.2:10020]成功!
2017-12-04 14:14:47|信息:=========主逻辑服务器[1.0.0]启动成功!=========
2017-12-04 14:18:22|信息:查询用户[30933]角色信息, 返回码[0]!
2017-12-04 14:18:26|信息:用户[30933]角色[126732690]进入游戏, 返回码[0]!
2017-12-04 14:19:42|信息:用户[30933]角色[126732690]离开游戏!
2017-12-04 14:19:42|信息:用户[30933]角色[126732690]离开游戏!
2017-12-04 14:38:07|信息:查询用户[30933]角色信息, 返回码[0]!
2017-12-04 14:38:10|信息:用户[30933]角色[126732690]进入游戏, 返回码[0]!
2017-12-04 14:38:18|信息:用户[30933]角色[126732690]离开游戏!
2017-12-04 14:38:18|信息:用户[30933]角色[126732690]离开游戏!
2017-12-04 14:38:35|信息:查询用户[30933]角色信息, 返回码[0]!
2017-12-04 14:38:39|信息:用户[30933]角色[126732690]进入游戏, 返回码[0]!
2017-12-04 14:39:03|信息:用户[30933]角色[126732690]离开游戏!
2017-12-04 14:39:03|信息:用户[30933]角色[126732690]离开游戏!
2017-12-04 14:40:12|信息:查询用户[30933]角色信息, 返回码[0]!
2017-12-04 14:40:16|信息:用户[30933]角色[126732690]进入游戏, 返回码[0]!
2017-12-04 14:40:44|信息:用户[30933]角色[126732690]离开游戏!
2017-12-04 14:40:44|信息:用户[30933]角色[126732690]离开游戏!
2017-12-04 14:41:54|信息:查询用户[30933]角色信息, 返回码[0]!
2017-12-04 14:41:57|信息:用户[30933]角色[126732690]进入游戏, 返回码[0]!
2017-12-04 14:42:23|信息:用户[30933]角色[126732690]离开游戏!
2017-12-04 14:42:23|信息:用户[30933]角色[126732690]离开游戏!
2017-12-04 14:43:42|信息:查询用户[30933]角色信息, 返回码[0]!
2017-12-04 14:43:46|信息:用户[30933]角色[126732690]进入游戏, 返回码[0]!
2017-12-04 14:44:06|信息:用户[30933]角色[126732690]离开游戏!
2017-12-04 14:44:06|信息:用户[30933]角色[126732690]离开游戏!
2017-12-04 14:44:59|信息:查询用户[30933]角色信息, 返回码[0]!
2017-12-04 14:45:02|信息:用户[30933]角色[126732690]进入游戏, 返回码[0]!
2017-12-04 14:46:35|信息:用户[30933]角色[126732690]离开游戏!
2017-12-04 14:46:35|信息:用户[30933]角色[126732690]离开游戏!
2017-12-04 14:47:43|信息:查询用户[30933]角色信息, 返回码[0]!
2017-12-04 14:47:47|信息:用户[30933]角色[126732690]进入游戏, 返回码[0]!
2017-12-04 14:48:16|信息:用户[30933]角色[126732690]离开游戏!
2017-12-04 14:48:16|信息:用户[30933]角色[126732690]离开游戏!
2017-12-04 14:50:15|信息:查询用户[30933]角色信息, 返回码[0]!
2017-12-04 14:50:18|信息:用户[30933]角色[126732690]进入游戏, 返回码[0]!
2017-12-04 14:50:50|信息:用户[30933]角色[126732690]离开游戏!
2017-12-04 14:50:50|信息:用户[30933]角色[126732690]离开游戏!
2017-12-04 14:56:18|信息:查询用户[30933]角色信息, 返回码[0]!
2017-12-04 14:56:22|信息:用户[30933]角色[126732690]进入游戏, 返回码[0]!
2017-12-04 14:56:43|信息:用户[30933]角色[126732690]离开游戏!
2017-12-04 14:56:43|信息:用户[30933]角色[126732690]离开游戏!
2017-12-04 14:57:46|信息:查询用户[30933]角色信息, 返回码[0]!
2017-12-04 14:57:48|信息:用户[30933]角色[126732690]进入游戏, 返回码[0]!
2017-12-04 14:58:47|信息:用户[30933]角色[126732690]离开游戏!
2017-12-04 14:58:47|信息:用户[30933]角色[126732690]离开游戏!
2017-12-04 14:59:30|信息:查询用户[30933]角色信息, 返回码[0]!
2017-12-05 09:36:42|信息:读取系统配置文件[./cyaMLServer.properties]成功!
2017-12-05 09:36:42|信息:连接数据服务器[192.168.50.2:9570]成功!
2017-12-05 09:36:43|信息:连接充值数据服务器[192.168.50.2:9570]成功!
2017-12-05 09:36:43|信息:连接代币数据服务器[192.168.50.2:9570]成功!
2017-12-05 09:36:43|信息:载入游戏全局配置成功!
2017-12-05 09:36:43|信息:载入游戏公告配置成功!
2017-12-05 09:36:43|信息:载入游戏章节配置成功!
2017-12-05 09:36:43|信息:载入角色配置成功!
2017-12-05 09:36:43|信息:载入技能配置成功!
2017-12-05 09:36:43|信息:载入游戏落配置成功!
2017-12-05 09:36:43|信息:载入装备合成配置成功!
2017-12-05 09:36:43|信息:载入怪配置成功!
2017-12-05 09:36:44|信息:载入副本配置成功!
2017-12-05 09:36:44|信息:载入单人随机副本配置成功!
2017-12-05 09:36:44|信息:载入任务配置成功!
2017-12-05 09:36:44|信息:载入职业装备配置成功!
2017-12-05 09:36:44|信息:载入装备强化配置成功!
2017-12-05 09:36:44|信息:载入装备升星配置成功!
2017-12-05 09:36:44|信息:载入装备品质配置成功!
2017-12-05 09:36:44|信息:载入宝石配置成功!
2017-12-05 09:36:44|信息:载入材料配置成功!
2017-12-05 09:36:44|信息:载入碎片配置成功!
2017-12-05 09:36:45|信息:载入商城配置成功!
2017-12-05 09:36:45|信息:载入时装配置成功!
2017-12-05 09:36:45|信息:载入充值配置成功!
2017-12-05 09:36:45|信息:载入称号配置成功!
2017-12-05 09:36:45|信息:载入套装配置成功!
2017-12-05 09:36:45|信息:载入复活配置成功!
2017-12-05 09:36:45|信息:载入金币兑换配置成功!
2017-12-05 09:36:45|信息:载入VIP配置成功!
2017-12-05 09:36:45|信息:载入签到配置成功!
2017-12-05 09:36:45|信息:载入活动配置成功!
2017-12-05 10:07:48|信息:读取系统配置文件[./cyaMLServer.properties]成功!
2017-12-05 10:07:48|信息:连接数据服务器[192.168.50.2:9570]成功!
2017-12-05 10:07:48|信息:连接充值数据服务器[192.168.50.2:9570]成功!
2017-12-05 10:07:48|信息:连接代币数据服务器[192.168.50.2:9570]成功!
2017-12-05 10:07:48|信息:载入游戏全局配置成功!
2017-12-05 10:07:48|信息:载入游戏公告配置成功!
2017-12-05 10:07:48|信息:载入游戏章节配置成功!
2017-12-05 10:07:48|信息:载入角色配置成功!
2017-12-05 10:07:48|信息:载入技能配置成功!
2017-12-05 10:07:48|信息:载入游戏落配置成功!
2017-12-05 10:07:49|信息:载入装备合成配置成功!
2017-12-05 10:07:49|信息:载入怪配置成功!
2017-12-05 10:07:50|信息:载入副本配置成功!
2017-12-05 10:07:50|信息:载入单人随机副本配置成功!
2017-12-05 10:07:50|信息:载入任务配置成功!
2017-12-05 10:07:50|信息:载入职业装备配置成功!
2017-12-05 10:07:50|信息:载入装备强化配置成功!
2017-12-05 10:07:50|信息:载入装备升星配置成功!
2017-12-05 10:07:50|信息:载入装备品质配置成功!
2017-12-05 10:07:50|信息:载入宝石配置成功!
2017-12-05 10:07:50|信息:载入材料配置成功!
2017-12-05 10:07:50|信息:载入碎片配置成功!
2017-12-05 10:07:50|信息:载入商城配置成功!
2017-12-05 10:07:50|信息:载入时装配置成功!
2017-12-05 10:07:50|信息:载入充值配置成功!
2017-12-05 10:07:50|信息:载入称号配置成功!
2017-12-05 10:07:50|信息:载入套装配置成功!
2017-12-05 10:07:50|信息:载入复活配置成功!
2017-12-05 10:07:50|信息:载入金币兑换配置成功!
2017-12-05 10:07:50|信息:载入VIP配置成功!
2017-12-05 10:07:50|信息:载入签到配置成功!
2017-12-05 10:07:50|信息:载入活动配置成功!
